--------------------------------------------------------------------------------
Release 14.7 Trace  (nt64)
Copyright (c) 1995-2013 Xilinx, Inc.  All rights reserved.

C:\Xilinx\14.7\ISE_DS\ISE\bin\nt64\unwrapped\trce.exe -intstyle ise -v 3 -s 2
-n 3 -fastpaths -xml catrinaTOP.twx catrinaTOP.ncd -o catrinaTOP.twr
catrinaTOP.pcf -ucf AMIIBA2_RevA.ucf

Design file:              catrinaTOP.ncd
Physical constraint file: catrinaTOP.pcf
Device,package,speed:     xc6slx9,csg225,C,-2 (PRODUCTION 1.23 2013-10-13)
Report level:             verbose report

Environment Variable      Effect 
--------------------      ------ 
NONE                      No environment variables were set
--------------------------------------------------------------------------------

INFO:Timing:2698 - No timing constraints found, doing default enumeration.
INFO:Timing:3412 - To improve timing, see the Timing Closure User Guide (UG612).
INFO:Timing:2752 - To get complete path coverage, use the unconstrained paths 
   option. All paths that are not constrained will be reported in the 
   unconstrained paths section(s) of the report.
INFO:Timing:3339 - The clock-to-out numbers in this timing report are based on 
   a 50 Ohm transmission line loading model.  For the details of this model, 
   and for more information on accounting for different loading conditions, 
   please see the device datasheet.



Data Sheet report:
-----------------
All values displayed in nanoseconds (ns)

Setup/Hold to clock clk
------------+------------+------------+------------+------------+------------------+--------+
            |Max Setup to|  Process   |Max Hold to |  Process   |                  | Clock  |
Source      | clk (edge) |   Corner   | clk (edge) |   Corner   |Internal Clock(s) | Phase  |
------------+------------+------------+------------+------------+------------------+--------+
sensBOCA    |    3.013(R)|      SLOW  |   -0.004(R)|      SLOW  |clk_BUFGP         |   0.000|
sensDER     |    1.877(R)|      SLOW  |    0.246(R)|      SLOW  |clk_BUFGP         |   0.000|
sensFRENTE  |    1.717(R)|      SLOW  |    0.154(R)|      SLOW  |clk_BUFGP         |   0.000|
sensIZQ     |    1.703(R)|      SLOW  |    0.613(R)|      SLOW  |clk_BUFGP         |   0.000|
------------+------------+------------+------------+------------+------------------+--------+

Clock clk to Pad
------------+-----------------+------------+-----------------+------------+------------------+--------+
            |Max (slowest) clk|  Process   |Min (fastest) clk|  Process   |                  | Clock  |
Destination |  (edge) to PAD  |   Corner   |  (edge) to PAD  |   Corner   |Internal Clock(s) | Phase  |
------------+-----------------+------------+-----------------+------------+------------------+--------+
audio       |         9.986(R)|      SLOW  |         4.309(R)|      FAST  |clk_BUFGP         |   0.000|
servoCUELLO |         9.146(R)|      SLOW  |         3.710(R)|      FAST  |clk_BUFGP         |   0.000|
servoMAND   |         9.345(R)|      SLOW  |         3.857(R)|      FAST  |clk_BUFGP         |   0.000|
servoOJOSH  |         9.668(R)|      SLOW  |         3.971(R)|      FAST  |clk_BUFGP         |   0.000|
servoOJOSV  |         9.770(R)|      SLOW  |         4.118(R)|      FAST  |clk_BUFGP         |   0.000|
------------+-----------------+------------+-----------------+------------+------------------+--------+

Clock to Setup on destination clock clk
---------------+---------+---------+---------+---------+
               | Src:Rise| Src:Fall| Src:Rise| Src:Fall|
Source Clock   |Dest:Rise|Dest:Rise|Dest:Fall|Dest:Fall|
---------------+---------+---------+---------+---------+
clk            |    4.669|         |         |         |
---------------+---------+---------+---------+---------+


Analysis completed Thu Dec 16 14:11:58 2021 
--------------------------------------------------------------------------------

Trace Settings:
-------------------------
Trace Settings 

Peak Memory Usage: 4572 MB



