Release 14.7 - xst P.20131013 (nt64)
Copyright (c) 1995-2013 Xilinx, Inc.  All rights reserved.
--> Parameter TMPDIR set to xst/projnav.tmp


Total REAL time to Xst completion: 1.00 secs
Total CPU time to Xst completion: 0.11 secs
 
--> Parameter xsthdpdir set to xst


Total REAL time to Xst completion: 1.00 secs
Total CPU time to Xst completion: 0.11 secs
 
--> Reading design: servoPWM.prj

TABLE OF CONTENTS
  1) Synthesis Options Summary
  2) HDL Parsing
  3) HDL Elaboration
  4) HDL Synthesis
       4.1) HDL Synthesis Report
  5) Advanced HDL Synthesis
       5.1) Advanced HDL Synthesis Report
  6) Low Level Synthesis
  7) Partition Report
  8) Design Summary
       8.1) Primitive and Black Box Usage
       8.2) Device utilization summary
       8.3) Partition Resource Summary
       8.4) Timing Report
            8.4.1) Clock Information
            8.4.2) Asynchronous Control Signals Information
            8.4.3) Timing Summary
            8.4.4) Timing Details
            8.4.5) Cross Clock Domains Report


=========================================================================
*                      Synthesis Options Summary                        *
=========================================================================
---- Source Parameters
Input File Name                    : "servoPWM.prj"
Ignore Synthesis Constraint File   : NO

---- Target Parameters
Output File Name                   : "servoPWM"
Output Format                      : NGC
Target Device                      : xc6slx9-2-csg225

---- Source Options
Top Module Name                    : servoPWM
Automatic FSM Extraction           : YES
FSM Encoding Algorithm             : Auto
Safe Implementation                : No
FSM Style                          : LUT
RAM Extraction                     : Yes
RAM Style                          : Auto
ROM Extraction                     : Yes
Shift Register Extraction          : YES
ROM Style                          : Auto
Resource Sharing                   : YES
Asynchronous To Synchronous        : NO
Shift Register Minimum Size        : 2
Use DSP Block                      : Auto
Automatic Register Balancing       : No

---- Target Options
LUT Combining                      : Auto
Reduce Control Sets                : Auto
Add IO Buffers                     : YES
Global Maximum Fanout              : 100000
Add Generic Clock Buffer(BUFG)     : 16
Register Duplication               : YES
Optimize Instantiated Primitives   : NO
Use Clock Enable                   : Auto
Use Synchronous Set                : Auto
Use Synchronous Reset              : Auto
Pack IO Registers into IOBs        : Auto
Equivalent register Removal        : YES

---- General Options
Optimization Goal                  : Speed
Optimization Effort                : 1
Power Reduction                    : NO
Keep Hierarchy                     : No
Netlist Hierarchy                  : As_Optimized
RTL Output                         : Yes
Global Optimization                : AllClockNets
Read Cores                         : YES
Write Timing Constraints           : NO
Cross Clock Analysis               : NO
Hierarchy Separator                : /
Bus Delimiter                      : <>
Case Specifier                     : Maintain
Slice Utilization Ratio            : 100
BRAM Utilization Ratio             : 100
DSP48 Utilization Ratio            : 100
Auto BRAM Packing                  : NO
Slice Utilization Ratio Delta      : 5

=========================================================================


=========================================================================
*                          HDL Parsing                                  *
=========================================================================
Analyzing Verilog file "C:\Users\saulc\Documents\DispLogicosISE\Tarea1\Catrina\PruebaServo.v" into library work
Parsing module <servoPWM>.

=========================================================================
*                            HDL Elaboration                            *
=========================================================================

Elaborating module <servoPWM>.

=========================================================================
*                           HDL Synthesis                               *
=========================================================================

Synthesizing Unit <servoPWM>.
    Related source file is "C:\Users\saulc\Documents\DispLogicosISE\Tarea1\Catrina\PruebaServo.v".
        CONT_CICLO = 27'b001011111010111100001000000
    Found 5-bit register for signal <BOTON_PRES>.
    Found 22-bit register for signal <sclk>.
    Found 1-bit register for signal <PWM>.
    Found 21-bit register for signal <CONT_FREC>.
    Found 1-bit register for signal <FREC>.
    Found 27-bit register for signal <CONT_FREC_CICLO>.
    Found 3-bit register for signal <CICLO>.
    Found 3-bit register for signal <CICLOB>.
    Found 20-bit register for signal <CONT_PWM>.
    Found 3-bit register for signal <posi>.
    Found 5-bit register for signal <sampled_BOTONES>.
    Found 22-bit adder for signal <sclk[21]_GND_1_o_add_4_OUT> created at line 25.
    Found 21-bit adder for signal <CONT_FREC[20]_GND_1_o_add_13_OUT> created at line 38.
    Found 27-bit adder for signal <CONT_FREC_CICLO[26]_GND_1_o_add_19_OUT> created at line 55.
    Found 3-bit adder for signal <CICLO[2]_GND_1_o_add_34_OUT> created at line 78.
    Found 5-bit comparator not equal for signal <sampled_BOTONES[4]_pos_sel[4]_equal_3_o> created at line 22
    Found 21-bit comparator equal for signal <CONT_FREC[20]_GND_1_o_equal_12_o> created at line 32
    Summary:
	inferred   4 Adder/Subtractor(s).
	inferred 111 D-type flip-flop(s).
	inferred   2 Comparator(s).
	inferred   3 Multiplexer(s).
Unit <servoPWM> synthesized.

=========================================================================
HDL Synthesis Report

Macro Statistics
# Adders/Subtractors                                   : 4
 21-bit adder                                          : 1
 22-bit adder                                          : 1
 27-bit adder                                          : 1
 3-bit adder                                           : 1
# Registers                                            : 11
 1-bit register                                        : 2
 20-bit register                                       : 1
 21-bit register                                       : 1
 22-bit register                                       : 1
 27-bit register                                       : 1
 3-bit register                                        : 3
 5-bit register                                        : 2
# Comparators                                          : 2
 21-bit comparator equal                               : 1
 5-bit comparator not equal                            : 1
# Multiplexers                                         : 3
 20-bit 2-to-1 multiplexer                             : 2
 3-bit 2-to-1 multiplexer                              : 1

=========================================================================

=========================================================================
*                       Advanced HDL Synthesis                          *
=========================================================================


Synthesizing (advanced) Unit <servoPWM>.
The following registers are absorbed into counter <sclk>: 1 register on signal <sclk>.
The following registers are absorbed into counter <CONT_FREC>: 1 register on signal <CONT_FREC>.
The following registers are absorbed into counter <CONT_FREC_CICLO>: 1 register on signal <CONT_FREC_CICLO>.
Unit <servoPWM> synthesized (advanced).

=========================================================================
Advanced HDL Synthesis Report

Macro Statistics
# Adders/Subtractors                                   : 1
 3-bit adder                                           : 1
# Counters                                             : 3
 21-bit up counter                                     : 1
 22-bit up counter                                     : 1
 27-bit up counter                                     : 1
# Registers                                            : 41
 Flip-Flops                                            : 41
# Comparators                                          : 2
 21-bit comparator equal                               : 1
 5-bit comparator not equal                            : 1
# Multiplexers                                         : 3
 20-bit 2-to-1 multiplexer                             : 2
 3-bit 2-to-1 multiplexer                              : 1

=========================================================================

=========================================================================
*                         Low Level Synthesis                           *
=========================================================================
WARNING:Xst:1293 - FF/Latch <CONT_PWM_0> has a constant value of 0 in block <servoPWM>. This FF/Latch will be trimmed during the optimization process.
WARNING:Xst:1896 - Due to other FF/Latch trimming, FF/Latch <CONT_PWM_1> has a constant value of 0 in block <servoPWM>. This FF/Latch will be trimmed during the optimization process.
WARNING:Xst:1896 - Due to other FF/Latch trimming, FF/Latch <CONT_PWM_2> has a constant value of 0 in block <servoPWM>. This FF/Latch will be trimmed during the optimization process.
WARNING:Xst:1896 - Due to other FF/Latch trimming, FF/Latch <CONT_PWM_12> has a constant value of 0 in block <servoPWM>. This FF/Latch will be trimmed during the optimization process.
WARNING:Xst:1896 - Due to other FF/Latch trimming, FF/Latch <CONT_PWM_17> has a constant value of 0 in block <servoPWM>. This FF/Latch will be trimmed during the optimization process.
WARNING:Xst:1896 - Due to other FF/Latch trimming, FF/Latch <CONT_PWM_18> has a constant value of 0 in block <servoPWM>. This FF/Latch will be trimmed during the optimization process.
WARNING:Xst:1896 - Due to other FF/Latch trimming, FF/Latch <CONT_PWM_19> has a constant value of 0 in block <servoPWM>. This FF/Latch will be trimmed during the optimization process.
INFO:Xst:2261 - The FF/Latch <CONT_PWM_5> in Unit <servoPWM> is equivalent to the following FF/Latch, which will be removed : <CONT_PWM_7> 
INFO:Xst:2261 - The FF/Latch <CONT_PWM_3> in Unit <servoPWM> is equivalent to the following FF/Latch, which will be removed : <CONT_PWM_13> 

Optimizing unit <servoPWM> ...
WARNING:Xst:1293 - FF/Latch <CONT_FREC_20> has a constant value of 0 in block <servoPWM>. This FF/Latch will be trimmed during the optimization process.

Mapping all equations...
Building and optimizing final netlist ...
Found area constraint ratio of 100 (+ 5) on block servoPWM, actual ratio is 2.

Final Macro Processing ...

=========================================================================
Final Register Report

Macro Statistics
# Registers                                            : 101
 Flip-Flops                                            : 101

=========================================================================

=========================================================================
*                           Partition Report                            *
=========================================================================

Partition Implementation Status
-------------------------------

  No Partitions were found in this design.

-------------------------------

=========================================================================
*                            Design Summary                             *
=========================================================================

Top Level Output File Name         : servoPWM.ngc

Primitive and Black Box Usage:
------------------------------
# BELS                             : 349
#      GND                         : 1
#      INV                         : 4
#      LUT1                        : 67
#      LUT2                        : 59
#      LUT3                        : 11
#      LUT4                        : 3
#      LUT5                        : 31
#      LUT6                        : 28
#      MUXCY                       : 75
#      VCC                         : 1
#      XORCY                       : 69
# FlipFlops/Latches                : 101
#      FD                          : 81
#      FDE                         : 16
#      FDR                         : 3
#      FDS                         : 1
# Clock Buffers                    : 1
#      BUFGP                       : 1
# IO Buffers                       : 10
#      IBUF                        : 6
#      OBUF                        : 4

Device utilization summary:
---------------------------

Selected Device : 6slx9csg225-2 


Slice Logic Utilization: 
 Number of Slice Registers:             101  out of  11440     0%  
 Number of Slice LUTs:                  203  out of   5720     3%  
    Number used as Logic:               203  out of   5720     3%  

Slice Logic Distribution: 
 Number of LUT Flip Flop pairs used:    212
   Number with an unused Flip Flop:     111  out of    212    52%  
   Number with an unused LUT:             9  out of    212     4%  
   Number of fully used LUT-FF pairs:    92  out of    212    43%  
   Number of unique control sets:         5

IO Utilization: 
 Number of IOs:                          11
 Number of bonded IOBs:                  11  out of    160     6%  

Specific Feature Utilization:
 Number of BUFG/BUFGCTRLs:                1  out of     16     6%  

---------------------------
Partition Resource Summary:
---------------------------

  No Partitions were found in this design.

---------------------------


=========================================================================
Timing Report

NOTE: THESE TIMING NUMBERS ARE ONLY A SYNTHESIS ESTIMATE.
      FOR ACCURATE TIMING INFORMATION PLEASE REFER TO THE TRACE REPORT
      GENERATED AFTER PLACE-and-ROUTE.

Clock Information:
------------------
-----------------------------------+------------------------+-------+
Clock Signal                       | Clock buffer(FF name)  | Load  |
-----------------------------------+------------------------+-------+
CLK                                | BUFGP                  | 98    |
FREC                               | NONE(CICLOB_0)         | 3     |
-----------------------------------+------------------------+-------+
INFO:Xst:2169 - HDL ADVISOR - Some clock signals were not automatically buffered by XST with BUFG/BUFR resources. Please use the buffer_type constraint in order to insert these buffers to the clock signals to help prevent skew problems.

Asynchronous Control Signals Information:
----------------------------------------
No asynchronous control signals found in this design

Timing Summary:
---------------
Speed Grade: -2

   Minimum period: 4.686ns (Maximum Frequency: 213.402MHz)
   Minimum input arrival time before clock: 4.908ns
   Maximum output required time after clock: 4.202ns
   Maximum combinational path delay: No path found

Timing Details:
---------------
All values displayed in nanoseconds (ns)

=========================================================================
Timing constraint: Default period analysis for Clock 'CLK'
  Clock period: 4.686ns (frequency: 213.402MHz)
  Total number of paths / destination ports: 2790 / 110
-------------------------------------------------------------------------
Delay:               4.686ns (Levels of Logic = 3)
  Source:            CONT_FREC_CICLO_8 (FF)
  Destination:       CONT_FREC_CICLO_0 (FF)
  Source Clock:      CLK rising
  Destination Clock: CLK rising

  Data Path: CONT_FREC_CICLO_8 to CONT_FREC_CICLO_0
                                Gate     Net
    Cell:in->out      fanout   Delay   Delay  Logical Name (Net Name)
    ----------------------------------------  ------------
     FD:C->Q               2   0.525   1.002  CONT_FREC_CICLO_8 (CONT_FREC_CICLO_8)
     LUT4:I0->O            3   0.254   1.196  CONT_FREC_CICLO[26]_GND_1_o_equal_19_o<26>13 (CONT_FREC_CICLO[26]_GND_1_o_equal_19_o<26>13)
     LUT6:I1->O           14   0.254   1.127  CONT_FREC_CICLO[26]_GND_1_o_equal_19_o<26> (CONT_FREC_CICLO[26]_GND_1_o_equal_19_o)
     LUT2:I1->O            1   0.254   0.000  CONT_FREC_CICLO_0_rstpot (CONT_FREC_CICLO_0_rstpot)
     FD:D                      0.074          CONT_FREC_CICLO_0
    ----------------------------------------
    Total                      4.686ns (1.361ns logic, 3.325ns route)
                                       (29.0% logic, 71.0% route)

=========================================================================
Timing constraint: Default OFFSET IN BEFORE for Clock 'CLK'
  Total number of paths / destination ports: 36 / 13
-------------------------------------------------------------------------
Offset:              4.908ns (Levels of Logic = 4)
  Source:            pos_sel<0> (PAD)
  Destination:       BOTON_PRES_0 (FF)
  Destination Clock: CLK rising

  Data Path: pos_sel<0> to BOTON_PRES_0
                                Gate     Net
    Cell:in->out      fanout   Delay   Delay  Logical Name (Net Name)
    ----------------------------------------  ------------
     IBUF:I->O             3   1.328   1.221  pos_sel_0_IBUF (pos_sel_0_IBUF)
     LUT6:I0->O            5   0.254   0.841  _n0083_inv_SW0 (N10)
     LUT6:I5->O            1   0.254   0.682  BOTON_PRES_3_dpot (BOTON_PRES_3_dpot)
     LUT5:I4->O            1   0.254   0.000  BOTON_PRES_3_dpot1 (BOTON_PRES_3_dpot1)
     FDE:D                     0.074          BOTON_PRES_3
    ----------------------------------------
    Total                      4.908ns (2.164ns logic, 2.744ns route)
                                       (44.1% logic, 55.9% route)

=========================================================================
Timing constraint: Default OFFSET OUT AFTER for Clock 'CLK'
  Total number of paths / destination ports: 4 / 4
-------------------------------------------------------------------------
Offset:              4.202ns (Levels of Logic = 1)
  Source:            PWM (FF)
  Destination:       PWM (PAD)
  Source Clock:      CLK rising

  Data Path: PWM to PWM
                                Gate     Net
    Cell:in->out      fanout   Delay   Delay  Logical Name (Net Name)
    ----------------------------------------  ------------
     FDS:C->Q              3   0.525   0.765  PWM (PWM_OBUF)
     OBUF:I->O                 2.912          PWM_OBUF (PWM)
    ----------------------------------------
    Total                      4.202ns (3.437ns logic, 0.765ns route)
                                       (81.8% logic, 18.2% route)

=========================================================================

Cross Clock Domains Report:
--------------------------

Clock to Setup on destination clock CLK
---------------+---------+---------+---------+---------+
               | Src:Rise| Src:Fall| Src:Rise| Src:Fall|
Source Clock   |Dest:Rise|Dest:Rise|Dest:Fall|Dest:Fall|
---------------+---------+---------+---------+---------+
CLK            |    4.686|         |         |         |
FREC           |    1.535|         |         |         |
---------------+---------+---------+---------+---------+

Clock to Setup on destination clock FREC
---------------+---------+---------+---------+---------+
               | Src:Rise| Src:Fall| Src:Rise| Src:Fall|
Source Clock   |Dest:Rise|Dest:Rise|Dest:Fall|Dest:Fall|
---------------+---------+---------+---------+---------+
CLK            |    3.394|         |         |         |
---------------+---------+---------+---------+---------+

=========================================================================


Total REAL time to Xst completion: 5.00 secs
Total CPU time to Xst completion: 4.98 secs
 
--> 

Total memory usage is 4486252 kilobytes

Number of errors   :    0 (   0 filtered)
Number of warnings :    8 (   0 filtered)
Number of infos    :    3 (   0 filtered)

