--------------------------------------------------------------------------------
Release 14.7 Trace  (nt64)
Copyright (c) 1995-2013 Xilinx, Inc.  All rights reserved.

C:\Xilinx\14.7\ISE_DS\ISE\bin\nt64\unwrapped\trce.exe -intstyle ise -v 3 -s 2
-n 3 -fastpaths -xml servoPWM.twx servoPWM.ncd -o servoPWM.twr servoPWM.pcf
-ucf AMIIBA2_RevA.ucf

Design file:              servoPWM.ncd
Physical constraint file: servoPWM.pcf
Device,package,speed:     xc6slx9,csg225,C,-2 (PRODUCTION 1.23 2013-10-13)
Report level:             verbose report

Environment Variable      Effect 
--------------------      ------ 
NONE                      No environment variables were set
--------------------------------------------------------------------------------

INFO:Timing:2698 - No timing constraints found, doing default enumeration.
INFO:Timing:3412 - To improve timing, see the Timing Closure User Guide (UG612).
INFO:Timing:2752 - To get complete path coverage, use the unconstrained paths 
   option. All paths that are not constrained will be reported in the 
   unconstrained paths section(s) of the report.
INFO:Timing:3339 - The clock-to-out numbers in this timing report are based on 
   a 50 Ohm transmission line loading model.  For the details of this model, 
   and for more information on accounting for different loading conditions, 
   please see the device datasheet.



Data Sheet report:
-----------------
All values displayed in nanoseconds (ns)

Setup/Hold to clock CLK
------------+------------+------------+------------+------------+------------------+--------+
            |Max Setup to|  Process   |Max Hold to |  Process   |                  | Clock  |
Source      | clk (edge) |   Corner   | clk (edge) |   Corner   |Internal Clock(s) | Phase  |
------------+------------+------------+------------+------------+------------------+--------+
modo        |    1.937(R)|      SLOW  |   -0.540(R)|      SLOW  |CLK_BUFGP         |   0.000|
pos_sel<0>  |    3.360(R)|      SLOW  |    0.261(R)|      SLOW  |CLK_BUFGP         |   0.000|
pos_sel<1>  |    3.805(R)|      SLOW  |    0.089(R)|      SLOW  |CLK_BUFGP         |   0.000|
pos_sel<2>  |    3.258(R)|      SLOW  |   -0.195(R)|      SLOW  |CLK_BUFGP         |   0.000|
pos_sel<3>  |    3.607(R)|      SLOW  |    0.055(R)|      SLOW  |CLK_BUFGP         |   0.000|
pos_sel<4>  |    2.056(R)|      SLOW  |    0.252(R)|      SLOW  |CLK_BUFGP         |   0.000|
------------+------------+------------+------------+------------+------------------+--------+

Clock CLK to Pad
------------+-----------------+------------+-----------------+------------+------------------+--------+
            |Max (slowest) clk|  Process   |Min (fastest) clk|  Process   |                  | Clock  |
Destination |  (edge) to PAD  |   Corner   |  (edge) to PAD  |   Corner   |Internal Clock(s) | Phase  |
------------+-----------------+------------+-----------------+------------+------------------+--------+
PWM         |         9.019(R)|      SLOW  |         3.598(R)|      FAST  |CLK_BUFGP         |   0.000|
posi<0>     |         8.422(R)|      SLOW  |         3.234(R)|      FAST  |CLK_BUFGP         |   0.000|
posi<1>     |         8.596(R)|      SLOW  |         3.337(R)|      FAST  |CLK_BUFGP         |   0.000|
posi<2>     |         8.574(R)|      SLOW  |         3.305(R)|      FAST  |CLK_BUFGP         |   0.000|
------------+-----------------+------------+-----------------+------------+------------------+--------+

Clock to Setup on destination clock CLK
---------------+---------+---------+---------+---------+
               | Src:Rise| Src:Fall| Src:Rise| Src:Fall|
Source Clock   |Dest:Rise|Dest:Rise|Dest:Fall|Dest:Fall|
---------------+---------+---------+---------+---------+
CLK            |    4.368|         |         |         |
---------------+---------+---------+---------+---------+


Analysis completed Mon Nov 08 14:43:56 2021 
--------------------------------------------------------------------------------

Trace Settings:
-------------------------
Trace Settings 

Peak Memory Usage: 4571 MB



