--------------------------------------------------------------------------------
Release 14.7 Trace  (nt64)
Copyright (c) 1995-2013 Xilinx, Inc.  All rights reserved.

C:\Xilinx\14.7\ISE_DS\ISE\bin\nt64\unwrapped\trce.exe -intstyle ise -v 3 -s 2
-n 3 -fastpaths -xml ADS1115.twx ADS1115.ncd -o ADS1115.twr ADS1115.pcf -ucf
AMIIBA2_RevA.ucf

Design file:              ADS1115.ncd
Physical constraint file: ADS1115.pcf
Device,package,speed:     xc6slx9,csg225,C,-2 (PRODUCTION 1.23 2013-10-13)
Report level:             verbose report

Environment Variable      Effect 
--------------------      ------ 
NONE                      No environment variables were set
--------------------------------------------------------------------------------

INFO:Timing:2698 - No timing constraints found, doing default enumeration.
INFO:Timing:3412 - To improve timing, see the Timing Closure User Guide (UG612).
INFO:Timing:2752 - To get complete path coverage, use the unconstrained paths 
   option. All paths that are not constrained will be reported in the 
   unconstrained paths section(s) of the report.
INFO:Timing:3339 - The clock-to-out numbers in this timing report are based on 
   a 50 Ohm transmission line loading model.  For the details of this model, 
   and for more information on accounting for different loading conditions, 
   please see the device datasheet.



Data Sheet report:
-----------------
All values displayed in nanoseconds (ns)

Setup/Hold to clock clk
------------+------------+------------+------------+------------+------------------+--------+
            |Max Setup to|  Process   |Max Hold to |  Process   |                  | Clock  |
Source      | clk (edge) |   Corner   | clk (edge) |   Corner   |Internal Clock(s) | Phase  |
------------+------------+------------+------------+------------+------------------+--------+
SDA         |    2.954(R)|      SLOW  |   -0.516(R)|      SLOW  |clk_BUFGP         |   0.000|
boton_stop  |    1.911(R)|      SLOW  |   -0.372(R)|      SLOW  |clk_BUFGP         |   0.000|
------------+------------+------------+------------+------------+------------------+--------+

Clock clk to Pad
------------+-----------------+------------+-----------------+------------+------------------+--------+
            |Max (slowest) clk|  Process   |Min (fastest) clk|  Process   |                  | Clock  |
Destination |  (edge) to PAD  |   Corner   |  (edge) to PAD  |   Corner   |Internal Clock(s) | Phase  |
------------+-----------------+------------+-----------------+------------+------------------+--------+
DATA_LCD<0> |         9.616(R)|      SLOW  |         4.131(R)|      FAST  |clk_BUFGP         |   0.000|
DATA_LCD<1> |         9.408(R)|      SLOW  |         3.952(R)|      FAST  |clk_BUFGP         |   0.000|
DATA_LCD<2> |         9.032(R)|      SLOW  |         3.721(R)|      FAST  |clk_BUFGP         |   0.000|
DATA_LCD<3> |         8.802(R)|      SLOW  |         3.498(R)|      FAST  |clk_BUFGP         |   0.000|
DATA_LCD<4> |         9.095(R)|      SLOW  |         3.675(R)|      FAST  |clk_BUFGP         |   0.000|
DATA_LCD<5> |         9.134(R)|      SLOW  |         3.713(R)|      FAST  |clk_BUFGP         |   0.000|
DATA_LCD<6> |         9.348(R)|      SLOW  |         3.841(R)|      FAST  |clk_BUFGP         |   0.000|
DATA_LCD<7> |         9.312(R)|      SLOW  |         3.798(R)|      FAST  |clk_BUFGP         |   0.000|
ENA         |        13.012(R)|      SLOW  |         4.278(R)|      FAST  |clk_BUFGP         |   0.000|
RS          |         9.931(R)|      SLOW  |         4.216(R)|      FAST  |clk_BUFGP         |   0.000|
SCL         |         9.410(R)|      SLOW  |         3.846(R)|      FAST  |clk_BUFGP         |   0.000|
SDA         |        10.320(R)|      SLOW  |         3.821(R)|      FAST  |clk_BUFGP         |   0.000|
------------+-----------------+------------+-----------------+------------+------------------+--------+

Clock to Setup on destination clock clk
---------------+---------+---------+---------+---------+
               | Src:Rise| Src:Fall| Src:Rise| Src:Fall|
Source Clock   |Dest:Rise|Dest:Rise|Dest:Fall|Dest:Fall|
---------------+---------+---------+---------+---------+
clk            |    6.126|         |         |         |
---------------+---------+---------+---------+---------+


Analysis completed Sat Dec 11 19:22:38 2021 
--------------------------------------------------------------------------------

Trace Settings:
-------------------------
Trace Settings 

Peak Memory Usage: 4571 MB



