ISim log file
Running: /home/ise/DispLogicosISE/P1/P1_1/funciones_isim_beh.exe -intstyle ise -gui -tclbatch isim.cmd -wdb /home/ise/DispLogicosISE/P1/P1_1/funciones_isim_beh.wdb 
ISim P.20131013 (signature 0xfbc00daa)
----------------------------------------------------------------------
WARNING:Security:42 - Your software subscription period has lapsed. Your current version of Xilinx tools will continue to function, but you no longer qualify for Xilinx software updates or new releases.


----------------------------------------------------------------------
This is a Full version of ISim.
Time resolution is 1 ps
# onerror resume
# wave add /
# run 1000 ns
Simulator is doing circuit initialization process.
Finished circuit initialization process.
# restart
# isim force add /funciones/c 0 -radix bin -value 1 -radix bin -time 1 ps -repeat 2 ps
# isim force add /funciones/b 0 -radix bin -value 1 -radix bin -time 2 ps -repeat 4 ps
# isim force add /funciones/a 0 -radix bin -value 1 -radix bin -time 1 ps -repeat 2 ps
# run 8ps
Simulator is doing circuit initialization process.
Finished circuit initialization process.
# exit 0
