Release 14.7 - xst P.20131013 (nt64)
Copyright (c) 1995-2013 Xilinx, Inc.  All rights reserved.
--> Parameter TMPDIR set to xst/projnav.tmp


Total REAL time to Xst completion: 1.00 secs
Total CPU time to Xst completion: 0.40 secs
 
--> Parameter xsthdpdir set to xst


Total REAL time to Xst completion: 1.00 secs
Total CPU time to Xst completion: 0.40 secs
 
--> Reading design: TOP.prj

TABLE OF CONTENTS
  1) Synthesis Options Summary
  2) HDL Parsing
  3) HDL Elaboration
  4) HDL Synthesis
       4.1) HDL Synthesis Report
  5) Advanced HDL Synthesis
       5.1) Advanced HDL Synthesis Report
  6) Low Level Synthesis
  7) Partition Report
  8) Design Summary
       8.1) Primitive and Black Box Usage
       8.2) Device utilization summary
       8.3) Partition Resource Summary
       8.4) Timing Report
            8.4.1) Clock Information
            8.4.2) Asynchronous Control Signals Information
            8.4.3) Timing Summary
            8.4.4) Timing Details
            8.4.5) Cross Clock Domains Report


=========================================================================
*                      Synthesis Options Summary                        *
=========================================================================
---- Source Parameters
Input File Name                    : "TOP.prj"
Ignore Synthesis Constraint File   : NO

---- Target Parameters
Output File Name                   : "TOP"
Output Format                      : NGC
Target Device                      : xc6slx9-2-csg225

---- Source Options
Top Module Name                    : TOP
Automatic FSM Extraction           : YES
FSM Encoding Algorithm             : Auto
Safe Implementation                : No
FSM Style                          : LUT
RAM Extraction                     : Yes
RAM Style                          : Auto
ROM Extraction                     : Yes
Shift Register Extraction          : YES
ROM Style                          : Auto
Resource Sharing                   : YES
Asynchronous To Synchronous        : NO
Shift Register Minimum Size        : 2
Use DSP Block                      : Auto
Automatic Register Balancing       : No

---- Target Options
LUT Combining                      : Auto
Reduce Control Sets                : Auto
Add IO Buffers                     : YES
Global Maximum Fanout              : 100000
Add Generic Clock Buffer(BUFG)     : 16
Register Duplication               : YES
Optimize Instantiated Primitives   : NO
Use Clock Enable                   : Auto
Use Synchronous Set                : Auto
Use Synchronous Reset              : Auto
Pack IO Registers into IOBs        : Auto
Equivalent register Removal        : YES

---- General Options
Optimization Goal                  : Speed
Optimization Effort                : 1
Power Reduction                    : NO
Keep Hierarchy                     : No
Netlist Hierarchy                  : As_Optimized
RTL Output                         : Yes
Global Optimization                : AllClockNets
Read Cores                         : YES
Write Timing Constraints           : NO
Cross Clock Analysis               : NO
Hierarchy Separator                : /
Bus Delimiter                      : <>
Case Specifier                     : Maintain
Slice Utilization Ratio            : 100
BRAM Utilization Ratio             : 100
DSP48 Utilization Ratio            : 100
Auto BRAM Packing                  : NO
Slice Utilization Ratio Delta      : 5

=========================================================================


=========================================================================
*                          HDL Parsing                                  *
=========================================================================
Analyzing Verilog file "C:\Users\saulc\Documents\DispLogicosISE\P3\Encoders_PAP_UNI\Motor.v" into library work
Parsing module <Motor>.
Analyzing Verilog file "C:\Users\saulc\Documents\DispLogicosISE\P3\Encoders_PAP_UNI\Encoder.v" into library work
Parsing module <Encoder>.
Analyzing Verilog file "C:\Users\saulc\Documents\DispLogicosISE\P3\Encoders_PAP_UNI\Display7SEG.v" into library work
Parsing module <Display7SEG>.
Analyzing Verilog file "C:\Users\saulc\Documents\DispLogicosISE\P3\Encoders_PAP_UNI\Bocina_beep.v" into library work
Parsing module <Bocina_beep>.
Analyzing Verilog file "C:\Users\saulc\Documents\DispLogicosISE\P3\Encoders_PAP_UNI\AnimacionLEDs.v" into library work
Parsing module <AnimacionLEDs>.
Analyzing Verilog file "C:\Users\saulc\Documents\DispLogicosISE\P3\Encoders_PAP_UNI\TOP.v" into library work
Parsing module <TOP>.

=========================================================================
*                            HDL Elaboration                            *
=========================================================================

Elaborating module <TOP>.

Elaborating module <Encoder>.

Elaborating module <Motor>.

Elaborating module <Bocina_beep>.

Elaborating module <AnimacionLEDs>.

Elaborating module <Display7SEG>.

=========================================================================
*                           HDL Synthesis                               *
=========================================================================

Synthesizing Unit <TOP>.
    Related source file is "C:\Users\saulc\Documents\DispLogicosISE\P3\Encoders_PAP_UNI\TOP.v".
    Summary:
	no macro.
Unit <TOP> synthesized.

Synthesizing Unit <Encoder>.
    Related source file is "C:\Users\saulc\Documents\DispLogicosISE\P3\Encoders_PAP_UNI\Encoder.v".
    Found 2-bit register for signal <delayedA>.
    Found 2-bit register for signal <delayedB>.
    Found 2-bit register for signal <enable>.
    Found 1-bit register for signal <direccion>.
    Found 19-bit register for signal <delay>.
    Found 19-bit adder for signal <delay[18]_GND_2_o_add_2_OUT> created at line 22.
    Summary:
	inferred   1 Adder/Subtractor(s).
	inferred  26 D-type flip-flop(s).
Unit <Encoder> synthesized.

Synthesizing Unit <Motor>.
    Related source file is "C:\Users\saulc\Documents\DispLogicosISE\P3\Encoders_PAP_UNI\Motor.v".
        p1 = 4'b1000
        p2 = 4'b1100
        p3 = 4'b0100
        p4 = 4'b0110
        p5 = 4'b0010
        p6 = 4'b0011
        p7 = 4'b0001
        p8 = 4'b1001
        pos1 = 3'b000
        pos2 = 3'b001
        pos3 = 3'b010
        pos4 = 3'b011
        pos5 = 3'b100
        pos6 = 3'b101
        pos7 = 3'b110
        pos8 = 3'b111
    Found 3-bit register for signal <futuro>.
    Found 4-bit register for signal <next_pos>.
    Found 16-bit register for signal <cont_1ms>.
    Found 2-bit register for signal <cont_vueltas>.
    Found 4-bit register for signal <cont_pos>.
    Found 1-bit register for signal <finDeVueltas>.
    Found 3-bit register for signal <presente>.
    Found 4-bit register for signal <pos>.
    Found 1-bit register for signal <paro>.
    Found 4-bit subtractor for signal <cont_pos[3]_GND_3_o_sub_12_OUT> created at line 53.
    Found 4-bit adder for signal <cont_pos[3]_GND_3_o_add_8_OUT> created at line 52.
    Found 2-bit adder for signal <cont_vueltas[1]_GND_3_o_add_21_OUT> created at line 59.
    Found 16-bit adder for signal <cont_1ms[15]_GND_3_o_add_54_OUT> created at line 99.
    Found 3-bit 8-to-1 multiplexer for signal <presente[2]_PWR_3_o_wide_mux_49_OUT> created at line 55.
    Found 4-bit 8-to-1 multiplexer for signal <presente[2]_GND_3_o_wide_mux_50_OUT> created at line 55.
    Summary:
	inferred   3 Adder/Subtractor(s).
	inferred  38 D-type flip-flop(s).
	inferred  10 Multiplexer(s).
Unit <Motor> synthesized.

Synthesizing Unit <Bocina_beep>.
    Related source file is "C:\Users\saulc\Documents\DispLogicosISE\P3\Encoders_PAP_UNI\Bocina_beep.v".
    Found 1-bit register for signal <F10Hz>.
    Found 16-bit register for signal <CONT528>.
    Found 1-bit register for signal <B>.
    Found 23-bit register for signal <singleBEEP>.
    Found 23-bit register for signal <CONT10>.
    Found 23-bit adder for signal <CONT10[22]_GND_4_o_add_2_OUT> created at line 24.
    Found 23-bit adder for signal <singleBEEP[22]_GND_4_o_add_11_OUT> created at line 38.
    Found 16-bit adder for signal <CONT528[15]_GND_4_o_add_18_OUT> created at line 48.
    Summary:
	inferred   3 Adder/Subtractor(s).
	inferred  64 D-type flip-flop(s).
	inferred   1 Multiplexer(s).
Unit <Bocina_beep> synthesized.

Synthesizing Unit <AnimacionLEDs>.
    Related source file is "C:\Users\saulc\Documents\DispLogicosISE\P3\Encoders_PAP_UNI\AnimacionLEDs.v".
    Found 22-bit register for signal <cont_50ms>.
    Found 4-bit register for signal <cont_anim>.
    Found 10-bit register for signal <barridoDER>.
    Found 8-bit register for signal <LEDS>.
    Found 10-bit register for signal <barridoIZQ>.
    Found 1-bit register for signal <anim>.
    Found 4-bit adder for signal <cont_anim[3]_GND_5_o_add_3_OUT> created at line 24.
    Found 22-bit adder for signal <cont_50ms[21]_GND_5_o_add_10_OUT> created at line 41.
    Summary:
	inferred   2 Adder/Subtractor(s).
	inferred  55 D-type flip-flop(s).
	inferred   3 Multiplexer(s).
Unit <AnimacionLEDs> synthesized.

Synthesizing Unit <Display7SEG>.
    Related source file is "C:\Users\saulc\Documents\DispLogicosISE\P3\Encoders_PAP_UNI\Display7SEG.v".
    Found 1-bit register for signal <FREC_300>.
    Found 2-bit register for signal <CONTADOR_DISP>.
    Found 8-bit register for signal <DIGIT_1_DISP>.
    Found 8-bit register for signal <DIGIT_2_DISP>.
    Found 16-bit register for signal <DISPLAY>.
    Found 17-bit register for signal <CONT_FREC_300>.
    Found 17-bit adder for signal <CONT_FREC_300[16]_GND_6_o_add_2_OUT> created at line 22.
    Found 2-bit adder for signal <CONTADOR_DISP[1]_GND_6_o_add_7_OUT> created at line 28.
    Found 4-bit adder for signal <n0039> created at line 52.
    Found 16x8-bit Read Only RAM for signal <UNID[3]_GND_6_o_wide_mux_15_OUT>
    Found 16x8-bit Read Only RAM for signal <DECE[3]_GND_6_o_wide_mux_16_OUT>
    Found 16-bit 4-to-1 multiplexer for signal <CONTADOR_DISP[1]_DIGIT_1_DISP[7]_wide_mux_20_OUT> created at line 131.
    Found 3-bit comparator lessequal for signal <n0011> created at line 52
    Summary:
	inferred   2 RAM(s).
	inferred   3 Adder/Subtractor(s).
	inferred  52 D-type flip-flop(s).
	inferred   1 Comparator(s).
	inferred   2 Multiplexer(s).
Unit <Display7SEG> synthesized.

=========================================================================
HDL Synthesis Report

Macro Statistics
# RAMs                                                 : 2
 16x8-bit single-port Read Only RAM                    : 2
# Adders/Subtractors                                   : 13
 16-bit adder                                          : 2
 17-bit adder                                          : 1
 19-bit adder                                          : 2
 2-bit adder                                           : 2
 22-bit adder                                          : 1
 23-bit adder                                          : 2
 4-bit adder                                           : 2
 4-bit addsub                                          : 1
# Registers                                            : 36
 1-bit register                                        : 8
 10-bit register                                       : 2
 16-bit register                                       : 3
 17-bit register                                       : 1
 19-bit register                                       : 2
 2-bit register                                        : 8
 22-bit register                                       : 1
 23-bit register                                       : 2
 3-bit register                                        : 2
 4-bit register                                        : 4
 8-bit register                                        : 3
# Comparators                                          : 1
 3-bit comparator lessequal                            : 1
# Multiplexers                                         : 16
 1-bit 2-to-1 multiplexer                              : 1
 10-bit 2-to-1 multiplexer                             : 2
 16-bit 2-to-1 multiplexer                             : 1
 16-bit 4-to-1 multiplexer                             : 1
 2-bit 2-to-1 multiplexer                              : 3
 3-bit 2-to-1 multiplexer                              : 2
 3-bit 8-to-1 multiplexer                              : 1
 4-bit 2-to-1 multiplexer                              : 3
 4-bit 8-to-1 multiplexer                              : 1
 8-bit 2-to-1 multiplexer                              : 1
# Xors                                                 : 4
 1-bit xor2                                            : 2
 1-bit xor4                                            : 2

=========================================================================

=========================================================================
*                       Advanced HDL Synthesis                          *
=========================================================================


Synthesizing (advanced) Unit <AnimacionLEDs>.
The following registers are absorbed into counter <cont_50ms>: 1 register on signal <cont_50ms>.
The following registers are absorbed into counter <cont_anim>: 1 register on signal <cont_anim>.
Unit <AnimacionLEDs> synthesized (advanced).

Synthesizing (advanced) Unit <Bocina_beep>.
The following registers are absorbed into counter <CONT10>: 1 register on signal <CONT10>.
The following registers are absorbed into counter <CONT528>: 1 register on signal <CONT528>.
The following registers are absorbed into counter <singleBEEP>: 1 register on signal <singleBEEP>.
Unit <Bocina_beep> synthesized (advanced).

Synthesizing (advanced) Unit <Display7SEG>.
The following registers are absorbed into counter <CONT_FREC_300>: 1 register on signal <CONT_FREC_300>.
The following registers are absorbed into counter <CONTADOR_DISP>: 1 register on signal <CONTADOR_DISP>.
INFO:Xst:3231 - The small RAM <Mram_UNID[3]_GND_6_o_wide_mux_15_OUT> will be implemented on LUTs in order to maximize performance and save block RAM resources. If you want to force its implementation on block, use option/constraint ram_style.
    -----------------------------------------------------------------------
    | ram_type           | Distributed                         |          |
    -----------------------------------------------------------------------
    | Port A                                                              |
    |     aspect ratio   | 16-word x 8-bit                     |          |
    |     weA            | connected to signal <GND>           | high     |
    |     addrA          | connected to signal <(UNID<2:0>,numero<0>)> |          |
    |     diA            | connected to signal <GND>           |          |
    |     doA            | connected to internal node          |          |
    -----------------------------------------------------------------------
INFO:Xst:3231 - The small RAM <Mram_DECE[3]_GND_6_o_wide_mux_16_OUT> will be implemented on LUTs in order to maximize performance and save block RAM resources. If you want to force its implementation on block, use option/constraint ram_style.
    -----------------------------------------------------------------------
    | ram_type           | Distributed                         |          |
    -----------------------------------------------------------------------
    | Port A                                                              |
    |     aspect ratio   | 16-word x 8-bit                     |          |
    |     weA            | connected to signal <GND>           | high     |
    |     addrA          | connected to signal <("000",UNID<3>)> |          |
    |     diA            | connected to signal <GND>           |          |
    |     doA            | connected to internal node          |          |
    -----------------------------------------------------------------------
Unit <Display7SEG> synthesized (advanced).

Synthesizing (advanced) Unit <Encoder>.
The following registers are absorbed into counter <delay>: 1 register on signal <delay>.
Unit <Encoder> synthesized (advanced).

Synthesizing (advanced) Unit <Motor>.
The following registers are absorbed into counter <cont_pos>: 1 register on signal <cont_pos>.
The following registers are absorbed into counter <cont_1ms>: 1 register on signal <cont_1ms>.
Unit <Motor> synthesized (advanced).

=========================================================================
Advanced HDL Synthesis Report

Macro Statistics
# RAMs                                                 : 2
 16x8-bit single-port distributed Read Only RAM        : 2
# Adders/Subtractors                                   : 2
 2-bit adder                                           : 1
 4-bit adder                                           : 1
# Counters                                             : 11
 16-bit up counter                                     : 2
 17-bit up counter                                     : 1
 19-bit up counter                                     : 2
 2-bit up counter                                      : 1
 22-bit up counter                                     : 1
 23-bit up counter                                     : 2
 4-bit up counter                                      : 1
 4-bit updown counter                                  : 1
# Registers                                            : 96
 Flip-Flops                                            : 96
# Comparators                                          : 1
 3-bit comparator lessequal                            : 1
# Multiplexers                                         : 22
 1-bit 2-to-1 multiplexer                              : 9
 10-bit 2-to-1 multiplexer                             : 2
 16-bit 4-to-1 multiplexer                             : 1
 2-bit 2-to-1 multiplexer                              : 3
 3-bit 2-to-1 multiplexer                              : 2
 3-bit 8-to-1 multiplexer                              : 1
 4-bit 2-to-1 multiplexer                              : 3
 4-bit 8-to-1 multiplexer                              : 1
# Xors                                                 : 4
 1-bit xor2                                            : 2
 1-bit xor4                                            : 2

=========================================================================

=========================================================================
*                         Low Level Synthesis                           *
=========================================================================
WARNING:Xst:1293 - FF/Latch <DIGIT_2_DISP_0> has a constant value of 1 in block <Display7SEG>. This FF/Latch will be trimmed during the optimization process.
WARNING:Xst:1896 - Due to other FF/Latch trimming, FF/Latch <DIGIT_2_DISP_1> has a constant value of 1 in block <Display7SEG>. This FF/Latch will be trimmed during the optimization process.
WARNING:Xst:1896 - Due to other FF/Latch trimming, FF/Latch <DIGIT_2_DISP_5> has a constant value of 0 in block <Display7SEG>. This FF/Latch will be trimmed during the optimization process.
WARNING:Xst:1896 - Due to other FF/Latch trimming, FF/Latch <DIGIT_2_DISP_6> has a constant value of 0 in block <Display7SEG>. This FF/Latch will be trimmed during the optimization process.
WARNING:Xst:1710 - FF/Latch <DISPLAY_0> (without init value) has a constant value of 1 in block <Display7SEG>. This FF/Latch will be trimmed during the optimization process.
WARNING:Xst:1710 - FF/Latch <DISPLAY_1> (without init value) has a constant value of 1 in block <Display7SEG>. This FF/Latch will be trimmed during the optimization process.
WARNING:Xst:1710 - FF/Latch <DISPLAY_2> (without init value) has a constant value of 1 in block <Display7SEG>. This FF/Latch will be trimmed during the optimization process.
WARNING:Xst:1710 - FF/Latch <DISPLAY_3> (without init value) has a constant value of 1 in block <Display7SEG>. This FF/Latch will be trimmed during the optimization process.
INFO:Xst:2261 - The FF/Latch <DIGIT_2_DISP_2> in Unit <Display7SEG> is equivalent to the following 3 FFs/Latches, which will be removed : <DIGIT_2_DISP_3> <DIGIT_2_DISP_4> <DIGIT_2_DISP_7> 

Optimizing unit <TOP> ...

Optimizing unit <Encoder> ...

Optimizing unit <Motor> ...

Optimizing unit <Bocina_beep> ...

Optimizing unit <AnimacionLEDs> ...

Optimizing unit <Display7SEG> ...
WARNING:Xst:1710 - FF/Latch <DISPLAY_8> (without init value) has a constant value of 1 in block <Display7SEG>. This FF/Latch will be trimmed during the optimization process.
WARNING:Xst:1896 - Due to other FF/Latch trimming, FF/Latch <DIGIT_1_DISP_0> has a constant value of 1 in block <Display7SEG>. This FF/Latch will be trimmed during the optimization process.
WARNING:Xst:1710 - FF/Latch <DISPLAY_8> (without init value) has a constant value of 1 in block <Display7SEG>. This FF/Latch will be trimmed during the optimization process.
WARNING:Xst:1896 - Due to other FF/Latch trimming, FF/Latch <DIGIT_1_DISP_0> has a constant value of 1 in block <Display7SEG>. This FF/Latch will be trimmed during the optimization process.
INFO:Xst:2261 - The FF/Latch <U2/delay_10> in Unit <TOP> is equivalent to the following FF/Latch, which will be removed : <U1/delay_10> 
INFO:Xst:2261 - The FF/Latch <U2/delay_11> in Unit <TOP> is equivalent to the following FF/Latch, which will be removed : <U1/delay_11> 
INFO:Xst:2261 - The FF/Latch <U2/delay_12> in Unit <TOP> is equivalent to the following FF/Latch, which will be removed : <U1/delay_12> 
INFO:Xst:2261 - The FF/Latch <U2/delay_13> in Unit <TOP> is equivalent to the following FF/Latch, which will be removed : <U1/delay_13> 
INFO:Xst:2261 - The FF/Latch <U2/delay_14> in Unit <TOP> is equivalent to the following FF/Latch, which will be removed : <U1/delay_14> 
INFO:Xst:2261 - The FF/Latch <U2/delay_15> in Unit <TOP> is equivalent to the following FF/Latch, which will be removed : <U1/delay_15> 
INFO:Xst:2261 - The FF/Latch <U2/delay_16> in Unit <TOP> is equivalent to the following FF/Latch, which will be removed : <U1/delay_16> 
INFO:Xst:2261 - The FF/Latch <U2/delay_17> in Unit <TOP> is equivalent to the following FF/Latch, which will be removed : <U1/delay_17> 
INFO:Xst:2261 - The FF/Latch <U2/delay_18> in Unit <TOP> is equivalent to the following FF/Latch, which will be removed : <U1/delay_18> 
INFO:Xst:2261 - The FF/Latch <U2/delay_0> in Unit <TOP> is equivalent to the following FF/Latch, which will be removed : <U1/delay_0> 
INFO:Xst:2261 - The FF/Latch <U2/delay_1> in Unit <TOP> is equivalent to the following FF/Latch, which will be removed : <U1/delay_1> 
INFO:Xst:2261 - The FF/Latch <U2/delay_2> in Unit <TOP> is equivalent to the following FF/Latch, which will be removed : <U1/delay_2> 
INFO:Xst:2261 - The FF/Latch <U2/delay_3> in Unit <TOP> is equivalent to the following FF/Latch, which will be removed : <U1/delay_3> 
INFO:Xst:2261 - The FF/Latch <U2/delay_4> in Unit <TOP> is equivalent to the following FF/Latch, which will be removed : <U1/delay_4> 
INFO:Xst:2261 - The FF/Latch <U2/delay_5> in Unit <TOP> is equivalent to the following FF/Latch, which will be removed : <U1/delay_5> 
INFO:Xst:2261 - The FF/Latch <U2/delay_6> in Unit <TOP> is equivalent to the following FF/Latch, which will be removed : <U1/delay_6> 
INFO:Xst:2261 - The FF/Latch <U2/delay_7> in Unit <TOP> is equivalent to the following FF/Latch, which will be removed : <U1/delay_7> 
INFO:Xst:2261 - The FF/Latch <U2/delay_8> in Unit <TOP> is equivalent to the following FF/Latch, which will be removed : <U1/delay_8> 
INFO:Xst:2261 - The FF/Latch <U2/delay_9> in Unit <TOP> is equivalent to the following FF/Latch, which will be removed : <U1/delay_9> 

Mapping all equations...
Building and optimizing final netlist ...
Found area constraint ratio of 100 (+ 5) on block TOP, actual ratio is 5.

Final Macro Processing ...

=========================================================================
Final Register Report

Macro Statistics
# Registers                                            : 229
 Flip-Flops                                            : 229

=========================================================================

=========================================================================
*                           Partition Report                            *
=========================================================================

Partition Implementation Status
-------------------------------

  No Partitions were found in this design.

-------------------------------

=========================================================================
*                            Design Summary                             *
=========================================================================

Top Level Output File Name         : TOP.ngc

Primitive and Black Box Usage:
------------------------------
# BELS                             : 592
#      GND                         : 1
#      INV                         : 9
#      LUT1                        : 129
#      LUT2                        : 10
#      LUT3                        : 36
#      LUT4                        : 44
#      LUT5                        : 24
#      LUT6                        : 69
#      MUXCY                       : 129
#      MUXF7                       : 4
#      VCC                         : 1
#      XORCY                       : 136
# FlipFlops/Latches                : 229
#      FD                          : 56
#      FDE                         : 37
#      FDR                         : 62
#      FDRE                        : 73
#      FDS                         : 1
# Clock Buffers                    : 1
#      BUFGP                       : 1
# IO Buffers                       : 35
#      IBUF                        : 6
#      OBUF                        : 29

Device utilization summary:
---------------------------

Selected Device : 6slx9csg225-2 


Slice Logic Utilization: 
 Number of Slice Registers:             229  out of  11440     2%  
 Number of Slice LUTs:                  321  out of   5720     5%  
    Number used as Logic:               321  out of   5720     5%  

Slice Logic Distribution: 
 Number of LUT Flip Flop pairs used:    335
   Number with an unused Flip Flop:     106  out of    335    31%  
   Number with an unused LUT:            14  out of    335     4%  
   Number of fully used LUT-FF pairs:   215  out of    335    64%  
   Number of unique control sets:        16

IO Utilization: 
 Number of IOs:                          36
 Number of bonded IOBs:                  36  out of    160    22%  

Specific Feature Utilization:
 Number of BUFG/BUFGCTRLs:                1  out of     16     6%  

---------------------------
Partition Resource Summary:
---------------------------

  No Partitions were found in this design.

---------------------------


=========================================================================
Timing Report

NOTE: THESE TIMING NUMBERS ARE ONLY A SYNTHESIS ESTIMATE.
      FOR ACCURATE TIMING INFORMATION PLEASE REFER TO THE TRACE REPORT
      GENERATED AFTER PLACE-and-ROUTE.

Clock Information:
------------------
-----------------------------------+-------------------------+-------+
Clock Signal                       | Clock buffer(FF name)   | Load  |
-----------------------------------+-------------------------+-------+
clk                                | BUFGP                   | 216   |
U6/FREC_300                        | NONE(U6/CONTADOR_DISP_1)| 13    |
-----------------------------------+-------------------------+-------+
INFO:Xst:2169 - HDL ADVISOR - Some clock signals were not automatically buffered by XST with BUFG/BUFR resources. Please use the buffer_type constraint in order to insert these buffers to the clock signals to help prevent skew problems.

Asynchronous Control Signals Information:
----------------------------------------
No asynchronous control signals found in this design

Timing Summary:
---------------
Speed Grade: -2

   Minimum period: 5.761ns (Maximum Frequency: 173.581MHz)
   Minimum input arrival time before clock: 6.845ns
   Maximum output required time after clock: 4.162ns
   Maximum combinational path delay: No path found

Timing Details:
---------------
All values displayed in nanoseconds (ns)

=========================================================================
Timing constraint: Default period analysis for Clock 'clk'
  Clock period: 5.761ns (frequency: 173.581MHz)
  Total number of paths / destination ports: 7651 / 456
-------------------------------------------------------------------------
Delay:               5.761ns (Levels of Logic = 4)
  Source:            U4/singleBEEP_16 (FF)
  Destination:       U4/CONT528_14 (FF)
  Source Clock:      clk rising
  Destination Clock: clk rising

  Data Path: U4/singleBEEP_16 to U4/CONT528_14
                                Gate     Net
    Cell:in->out      fanout   Delay   Delay  Logical Name (Net Name)
    ----------------------------------------  ------------
     FDRE:C->Q             3   0.525   1.196  U4/singleBEEP_16 (U4/singleBEEP_16)
     LUT5:I0->O            3   0.254   1.042  U4/n0008<22>4 (U4/n0008<22>3)
     LUT4:I0->O            2   0.254   0.726  U4/n0008<22>5 (U4/n0008)
     LUT6:I5->O           16   0.254   1.182  U4/Reset_OR_DriverANDClockEnable1 (U4/Reset_OR_DriverANDClockEnable)
     LUT4:I3->O            1   0.254   0.000  U4/CONT528_14_rstpot (U4/CONT528_14_rstpot)
     FD:D                      0.074          U4/CONT528_14
    ----------------------------------------
    Total                      5.761ns (1.615ns logic, 4.146ns route)
                                       (28.0% logic, 72.0% route)

=========================================================================
Timing constraint: Default period analysis for Clock 'U6/FREC_300'
  Clock period: 3.165ns (frequency: 315.956MHz)
  Total number of paths / destination ports: 29 / 15
-------------------------------------------------------------------------
Delay:               3.165ns (Levels of Logic = 1)
  Source:            U6/CONTADOR_DISP_1 (FF)
  Destination:       U6/CONTADOR_DISP_1 (FF)
  Source Clock:      U6/FREC_300 rising
  Destination Clock: U6/FREC_300 rising

  Data Path: U6/CONTADOR_DISP_1 to U6/CONTADOR_DISP_1
                                Gate     Net
    Cell:in->out      fanout   Delay   Delay  Logical Name (Net Name)
    ----------------------------------------  ------------
     FDR:C->Q             13   0.525   1.206  U6/CONTADOR_DISP_1 (U6/CONTADOR_DISP_1)
     LUT2:I0->O            2   0.250   0.725  U6/CONTADOR_DISP[1]_PWR_7_o_equal_7_o<1>1 (U6/CONTADOR_DISP[1]_PWR_7_o_equal_7_o)
     FDR:R                     0.459          U6/CONTADOR_DISP_0
    ----------------------------------------
    Total                      3.165ns (1.234ns logic, 1.931ns route)
                                       (39.0% logic, 61.0% route)

=========================================================================
Timing constraint: Default OFFSET IN BEFORE for Clock 'clk'
  Total number of paths / destination ports: 117 / 59
-------------------------------------------------------------------------
Offset:              6.845ns (Levels of Logic = 5)
  Source:            limSUP (PAD)
  Destination:       U4/CONT528_14 (FF)
  Destination Clock: clk rising

  Data Path: limSUP to U4/CONT528_14
                                Gate     Net
    Cell:in->out      fanout   Delay   Delay  Logical Name (Net Name)
    ----------------------------------------  ------------
     IBUF:I->O            12   1.328   1.177  limSUP_IBUF (limSUP_IBUF)
     LUT2:I0->O            2   0.250   1.181  U4/_n0057_SW0 (N12)
     LUT6:I0->O            1   0.254   0.910  U4/_n0057_1 (U4/_n00571)
     LUT6:I3->O           16   0.235   1.182  U4/Reset_OR_DriverANDClockEnable1 (U4/Reset_OR_DriverANDClockEnable)
     LUT4:I3->O            1   0.254   0.000  U4/CONT528_14_rstpot (U4/CONT528_14_rstpot)
     FD:D                      0.074          U4/CONT528_14
    ----------------------------------------
    Total                      6.845ns (2.395ns logic, 4.450ns route)
                                       (35.0% logic, 65.0% route)

=========================================================================
Timing constraint: Default OFFSET OUT AFTER for Clock 'clk'
  Total number of paths / destination ports: 13 / 13
-------------------------------------------------------------------------
Offset:              4.162ns (Levels of Logic = 1)
  Source:            U5/LEDS_7 (FF)
  Destination:       LEDS<7> (PAD)
  Source Clock:      clk rising

  Data Path: U5/LEDS_7 to LEDS<7>
                                Gate     Net
    Cell:in->out      fanout   Delay   Delay  Logical Name (Net Name)
    ----------------------------------------  ------------
     FDRE:C->Q             2   0.525   0.725  U5/LEDS_7 (U5/LEDS_7)
     OBUF:I->O                 2.912          LEDS_7_OBUF (LEDS<7>)
    ----------------------------------------
    Total                      4.162ns (3.437ns logic, 0.725ns route)
                                       (82.6% logic, 17.4% route)

=========================================================================
Timing constraint: Default OFFSET OUT AFTER for Clock 'U6/FREC_300'
  Total number of paths / destination ports: 11 / 11
-------------------------------------------------------------------------
Offset:              4.118ns (Levels of Logic = 1)
  Source:            U6/DISPLAY_15 (FF)
  Destination:       display<15> (PAD)
  Source Clock:      U6/FREC_300 rising

  Data Path: U6/DISPLAY_15 to display<15>
                                Gate     Net
    Cell:in->out      fanout   Delay   Delay  Logical Name (Net Name)
    ----------------------------------------  ------------
     FD:C->Q               1   0.525   0.681  U6/DISPLAY_15 (U6/DISPLAY_15)
     OBUF:I->O                 2.912          display_15_OBUF (display<15>)
    ----------------------------------------
    Total                      4.118ns (3.437ns logic, 0.681ns route)
                                       (83.5% logic, 16.5% route)

=========================================================================

Cross Clock Domains Report:
--------------------------

Clock to Setup on destination clock U6/FREC_300
---------------+---------+---------+---------+---------+
               | Src:Rise| Src:Fall| Src:Rise| Src:Fall|
Source Clock   |Dest:Rise|Dest:Rise|Dest:Fall|Dest:Fall|
---------------+---------+---------+---------+---------+
U6/FREC_300    |    3.165|         |         |         |
clk            |    1.866|         |         |         |
---------------+---------+---------+---------+---------+

Clock to Setup on destination clock clk
---------------+---------+---------+---------+---------+
               | Src:Rise| Src:Fall| Src:Rise| Src:Fall|
Source Clock   |Dest:Rise|Dest:Rise|Dest:Fall|Dest:Fall|
---------------+---------+---------+---------+---------+
clk            |    5.761|         |         |         |
---------------+---------+---------+---------+---------+

=========================================================================


Total REAL time to Xst completion: 12.00 secs
Total CPU time to Xst completion: 12.07 secs
 
--> 

Total memory usage is 4502448 kilobytes

Number of errors   :    0 (   0 filtered)
Number of warnings :   12 (   0 filtered)
Number of infos    :   23 (   0 filtered)

