Release 14.7 - xst P.20131013 (lin64)
Copyright (c) 1995-2013 Xilinx, Inc.  All rights reserved.
--> 
Parameter TMPDIR set to xst/projnav.tmp


Total REAL time to Xst completion: 0.00 secs
Total CPU time to Xst completion: 0.08 secs
 
--> 
Parameter xsthdpdir set to xst


Total REAL time to Xst completion: 0.00 secs
Total CPU time to Xst completion: 0.09 secs
 
--> 
Reading design: RELOJ.prj

TABLE OF CONTENTS
  1) Synthesis Options Summary
  2) HDL Parsing
  3) HDL Elaboration
  4) HDL Synthesis
       4.1) HDL Synthesis Report
  5) Advanced HDL Synthesis
       5.1) Advanced HDL Synthesis Report
  6) Low Level Synthesis
  7) Partition Report
  8) Design Summary
       8.1) Primitive and Black Box Usage
       8.2) Device utilization summary
       8.3) Partition Resource Summary
       8.4) Timing Report
            8.4.1) Clock Information
            8.4.2) Asynchronous Control Signals Information
            8.4.3) Timing Summary
            8.4.4) Timing Details
            8.4.5) Cross Clock Domains Report


=========================================================================
*                      Synthesis Options Summary                        *
=========================================================================
---- Source Parameters
Input File Name                    : "RELOJ.prj"
Ignore Synthesis Constraint File   : NO

---- Target Parameters
Output File Name                   : "RELOJ"
Output Format                      : NGC
Target Device                      : xc6slx9-2-csg225

---- Source Options
Top Module Name                    : RELOJ
Automatic FSM Extraction           : YES
FSM Encoding Algorithm             : Auto
Safe Implementation                : No
FSM Style                          : LUT
RAM Extraction                     : Yes
RAM Style                          : Auto
ROM Extraction                     : Yes
Shift Register Extraction          : YES
ROM Style                          : Auto
Resource Sharing                   : YES
Asynchronous To Synchronous        : NO
Shift Register Minimum Size        : 2
Use DSP Block                      : Auto
Automatic Register Balancing       : No

---- Target Options
LUT Combining                      : Auto
Reduce Control Sets                : Auto
Add IO Buffers                     : YES
Global Maximum Fanout              : 100000
Add Generic Clock Buffer(BUFG)     : 16
Register Duplication               : YES
Optimize Instantiated Primitives   : NO
Use Clock Enable                   : Auto
Use Synchronous Set                : Auto
Use Synchronous Reset              : Auto
Pack IO Registers into IOBs        : Auto
Equivalent register Removal        : YES

---- General Options
Optimization Goal                  : Speed
Optimization Effort                : 1
Power Reduction                    : NO
Keep Hierarchy                     : No
Netlist Hierarchy                  : As_Optimized
RTL Output                         : Yes
Global Optimization                : AllClockNets
Read Cores                         : YES
Write Timing Constraints           : NO
Cross Clock Analysis               : NO
Hierarchy Separator                : /
Bus Delimiter                      : <>
Case Specifier                     : Maintain
Slice Utilization Ratio            : 100
BRAM Utilization Ratio             : 100
DSP48 Utilization Ratio            : 100
Auto BRAM Packing                  : NO
Slice Utilization Ratio Delta      : 5

=========================================================================


=========================================================================
*                          HDL Parsing                                  *
=========================================================================
Analyzing Verilog file "/home/ise/Documents/RELOJ_VARIABLE/RELOJ.v" into library work
Parsing module <RELOJ>.

=========================================================================
*                            HDL Elaboration                            *
=========================================================================

Elaborating module <RELOJ>.

=========================================================================
*                           HDL Synthesis                               *
=========================================================================

Synthesizing Unit <RELOJ>.
    Related source file is "/home/ise/Documents/RELOJ_VARIABLE/RELOJ.v".
    Register <SALIDA> equivalent to <LED> has been removed
    Found 1-bit register for signal <sampled_BOTON_DES>.
    Found 1-bit register for signal <BOTON_PRES_ASC>.
    Found 1-bit register for signal <BOTON_PRES_DES>.
    Found 22-bit register for signal <sclk>.
    Found 12-bit register for signal <CONTA>.
    Found 12-bit register for signal <CONTB>.
    Found 12-bit register for signal <CONT>.
    Found 7-bit register for signal <INCRE>.
    Found 1-bit register for signal <MODO>.
    Found 17-bit register for signal <CONT_FREC_300>.
    Found 1-bit register for signal <FREC_300>.
    Found 2-bit register for signal <CONTADOR_DISP>.
    Found 1-bit register for signal <SENAL_VAR>.
    Found 25-bit register for signal <RES>.
    Found 1-bit register for signal <LED>.
    Found 8-bit register for signal <DIGIT_1_DISP>.
    Found 8-bit register for signal <DIGIT_2_DISP>.
    Found 8-bit register for signal <DIGIT_3_DISP>.
    Found 8-bit register for signal <DIGIT_4_DISP>.
    Found 16-bit register for signal <DISPLAY>.
    Found 1-bit register for signal <sampled_BOTON_ASC>.
    Found 12-bit subtractor for signal <CONT[11]_GND_1_o_sub_12_OUT> created at line 47.
    Found 25-bit subtractor for signal <RES[24]_GND_1_o_sub_49_OUT> created at line 109.
    Found 22-bit adder for signal <sclk[21]_GND_1_o_add_4_OUT> created at line 31.
    Found 12-bit adder for signal <CONT[11]_GND_1_o_add_8_OUT> created at line 45.
    Found 17-bit adder for signal <CONT_FREC_300[16]_GND_1_o_add_38_OUT> created at line 89.
    Found 2-bit adder for signal <CONTADOR_DISP[1]_GND_1_o_add_43_OUT> created at line 95.
    Found 4-bit adder for signal <n0234> created at line 142.
    Found 4-bit adder for signal <GND_1_o_GND_1_o_add_56_OUT> created at line 142.
    Found 4-bit adder for signal <GND_1_o_GND_1_o_add_59_OUT> created at line 142.
    Found 4-bit adder for signal <n0244> created at line 141.
    Found 4-bit adder for signal <GND_1_o_GND_1_o_add_65_OUT> created at line 142.
    Found 4-bit adder for signal <GND_1_o_GND_1_o_add_68_OUT> created at line 141.
    Found 4-bit adder for signal <GND_1_o_GND_1_o_add_71_OUT> created at line 142.
    Found 4-bit adder for signal <GND_1_o_GND_1_o_add_74_OUT> created at line 141.
    Found 4-bit adder for signal <GND_1_o_GND_1_o_add_77_OUT> created at line 142.
    Found 4-bit adder for signal <n0263> created at line 140.
    Found 4-bit adder for signal <GND_1_o_GND_1_o_add_83_OUT> created at line 141.
    Found 4-bit adder for signal <GND_1_o_GND_1_o_add_86_OUT> created at line 142.
    Found 4-bit adder for signal <GND_1_o_GND_1_o_add_89_OUT> created at line 140.
    Found 4-bit adder for signal <GND_1_o_GND_1_o_add_92_OUT> created at line 141.
    Found 4-bit adder for signal <GND_1_o_GND_1_o_add_95_OUT> created at line 142.
    Found 4-bit adder for signal <GND_1_o_GND_1_o_add_98_OUT> created at line 140.
    Found 4-bit adder for signal <GND_1_o_GND_1_o_add_101_OUT> created at line 141.
    Found 4-bit adder for signal <GND_1_o_GND_1_o_add_104_OUT> created at line 142.
    Found 16x8-bit Read Only RAM for signal <UNID[3]_GND_1_o_wide_mux_108_OUT>
    Found 16x8-bit Read Only RAM for signal <DECE[3]_GND_1_o_wide_mux_109_OUT>
    Found 16x8-bit Read Only RAM for signal <CENT[3]_GND_1_o_wide_mux_110_OUT>
    Found 16x8-bit Read Only RAM for signal <MILL[3]_GND_1_o_wide_mux_111_OUT>
    Found 16-bit 4-to-1 multiplexer for signal <CONTADOR_DISP[1]_DIGIT_1_DISP[7]_wide_mux_117_OUT> created at line 221.
    Found 1-bit comparator not equal for signal <sampled_BOTON_ASC_BOTON_ASC_equal_3_o> created at line 27
    Found 1-bit comparator not equal for signal <sampled_BOTON_DES_BOTON_DES_equal_4_o> created at line 28
    Found 12-bit comparator greater for signal <CONT[11]_GND_1_o_LessThan_16_o> created at line 51
    Found 12-bit comparator greater for signal <GND_1_o_CONT[11]_LessThan_18_o> created at line 56
    Found 12-bit comparator greater for signal <CONT[11]_GND_1_o_LessThan_20_o> created at line 61
    Found 12-bit comparator greater for signal <GND_1_o_CONT[11]_LessThan_22_o> created at line 66
    Found 25-bit comparator greater for signal <RES[24]_GND_1_o_LessThan_48_o> created at line 104
    Found 3-bit comparator lessequal for signal <n0067> created at line 142
    Found 4-bit comparator lessequal for signal <n0071> created at line 142
    Found 4-bit comparator lessequal for signal <n0075> created at line 142
    Found 3-bit comparator lessequal for signal <n0079> created at line 141
    Found 4-bit comparator lessequal for signal <n0083> created at line 142
    Found 4-bit comparator lessequal for signal <n0087> created at line 141
    Found 4-bit comparator lessequal for signal <n0091> created at line 142
    Found 4-bit comparator lessequal for signal <n0095> created at line 141
    Found 4-bit comparator lessequal for signal <n0099> created at line 142
    Found 3-bit comparator lessequal for signal <n0103> created at line 140
    Found 4-bit comparator lessequal for signal <n0107> created at line 141
    Found 4-bit comparator lessequal for signal <n0111> created at line 142
    Found 4-bit comparator lessequal for signal <n0115> created at line 140
    Found 4-bit comparator lessequal for signal <n0119> created at line 141
    Found 4-bit comparator lessequal for signal <n0123> created at line 142
    Found 4-bit comparator lessequal for signal <n0127> created at line 140
    Found 4-bit comparator lessequal for signal <n0131> created at line 141
    Found 4-bit comparator lessequal for signal <n0135> created at line 142
    Summary:
	inferred   4 RAM(s).
	inferred  24 Adder/Subtractor(s).
	inferred 165 D-type flip-flop(s).
	inferred  25 Comparator(s).
	inferred  23 Multiplexer(s).
Unit <RELOJ> synthesized.

=========================================================================
HDL Synthesis Report

Macro Statistics
# RAMs                                                 : 4
 16x8-bit single-port Read Only RAM                    : 4
# Adders/Subtractors                                   : 24
 12-bit adder                                          : 1
 12-bit subtractor                                     : 1
 17-bit adder                                          : 1
 2-bit adder                                           : 1
 22-bit adder                                          : 1
 25-bit subtractor                                     : 1
 4-bit adder                                           : 18
# Registers                                            : 21
 1-bit register                                        : 8
 12-bit register                                       : 3
 16-bit register                                       : 1
 17-bit register                                       : 1
 2-bit register                                        : 1
 22-bit register                                       : 1
 25-bit register                                       : 1
 7-bit register                                        : 1
 8-bit register                                        : 4
# Comparators                                          : 25
 1-bit comparator not equal                            : 2
 12-bit comparator greater                             : 4
 25-bit comparator greater                             : 1
 3-bit comparator lessequal                            : 3
 4-bit comparator lessequal                            : 15
# Multiplexers                                         : 23
 12-bit 2-to-1 multiplexer                             : 4
 16-bit 4-to-1 multiplexer                             : 1
 4-bit 2-to-1 multiplexer                              : 18

=========================================================================

=========================================================================
*                       Advanced HDL Synthesis                          *
=========================================================================

WARNING:Xst:1293 - FF/Latch <INCRE_1> has a constant value of 0 in block <RELOJ>. This FF/Latch will be trimmed during the optimization process.
WARNING:Xst:1896 - Due to other FF/Latch trimming, FF/Latch <INCRE_3> has a constant value of 0 in block <RELOJ>. This FF/Latch will be trimmed during the optimization process.
WARNING:Xst:1896 - Due to other FF/Latch trimming, FF/Latch <INCRE_4> has a constant value of 0 in block <RELOJ>. This FF/Latch will be trimmed during the optimization process.

Synthesizing (advanced) Unit <RELOJ>.
The following registers are absorbed into accumulator <RES>: 1 register on signal <RES>.
The following registers are absorbed into counter <CONT_FREC_300>: 1 register on signal <CONT_FREC_300>.
The following registers are absorbed into counter <sclk>: 1 register on signal <sclk>.
The following registers are absorbed into counter <CONTADOR_DISP>: 1 register on signal <CONTADOR_DISP>.
INFO:Xst:3231 - The small RAM <Mram_UNID[3]_GND_1_o_wide_mux_108_OUT> will be implemented on LUTs in order to maximize performance and save block RAM resources. If you want to force its implementation on block, use option/constraint ram_style.
    -----------------------------------------------------------------------
    | ram_type           | Distributed                         |          |
    -----------------------------------------------------------------------
    | Port A                                                              |
    |     aspect ratio   | 16-word x 8-bit                     |          |
    |     weA            | connected to signal <GND>           | high     |
    |     addrA          | connected to signal <(UNID<2:0>,CONT<0>)> |          |
    |     diA            | connected to signal <GND>           |          |
    |     doA            | connected to internal node          |          |
    -----------------------------------------------------------------------
INFO:Xst:3231 - The small RAM <Mram_DECE[3]_GND_1_o_wide_mux_109_OUT> will be implemented on LUTs in order to maximize performance and save block RAM resources. If you want to force its implementation on block, use option/constraint ram_style.
    -----------------------------------------------------------------------
    | ram_type           | Distributed                         |          |
    -----------------------------------------------------------------------
    | Port A                                                              |
    |     aspect ratio   | 16-word x 8-bit                     |          |
    |     weA            | connected to signal <GND>           | high     |
    |     addrA          | connected to signal <(DECE<2:0>,UNID<3>)> |          |
    |     diA            | connected to signal <GND>           |          |
    |     doA            | connected to internal node          |          |
    -----------------------------------------------------------------------
INFO:Xst:3231 - The small RAM <Mram_CENT[3]_GND_1_o_wide_mux_110_OUT> will be implemented on LUTs in order to maximize performance and save block RAM resources. If you want to force its implementation on block, use option/constraint ram_style.
    -----------------------------------------------------------------------
    | ram_type           | Distributed                         |          |
    -----------------------------------------------------------------------
    | Port A                                                              |
    |     aspect ratio   | 16-word x 8-bit                     |          |
    |     weA            | connected to signal <GND>           | high     |
    |     addrA          | connected to signal <(CENT<2:0>,DECE<3>)> |          |
    |     diA            | connected to signal <GND>           |          |
    |     doA            | connected to internal node          |          |
    -----------------------------------------------------------------------
INFO:Xst:3231 - The small RAM <Mram_MILL[3]_GND_1_o_wide_mux_111_OUT> will be implemented on LUTs in order to maximize performance and save block RAM resources. If you want to force its implementation on block, use option/constraint ram_style.
    -----------------------------------------------------------------------
    | ram_type           | Distributed                         |          |
    -----------------------------------------------------------------------
    | Port A                                                              |
    |     aspect ratio   | 16-word x 8-bit                     |          |
    |     weA            | connected to signal <GND>           | high     |
    |     addrA          | connected to signal <("0",MILL<3>,n0164<3>,CENT<3>)> |          |
    |     diA            | connected to signal <GND>           |          |
    |     doA            | connected to internal node          |          |
    -----------------------------------------------------------------------
Unit <RELOJ> synthesized (advanced).

=========================================================================
Advanced HDL Synthesis Report

Macro Statistics
# RAMs                                                 : 4
 16x8-bit single-port distributed Read Only RAM        : 4
# Adders/Subtractors                                   : 20
 12-bit adder                                          : 1
 12-bit subtractor                                     : 1
 4-bit adder                                           : 18
# Counters                                             : 3
 17-bit up counter                                     : 1
 2-bit up counter                                      : 1
 22-bit up counter                                     : 1
# Accumulators                                         : 1
 25-bit down accumulator                               : 1
# Registers                                            : 99
 Flip-Flops                                            : 99
# Comparators                                          : 25
 1-bit comparator not equal                            : 2
 12-bit comparator greater                             : 4
 25-bit comparator greater                             : 1
 3-bit comparator lessequal                            : 3
 4-bit comparator lessequal                            : 15
# Multiplexers                                         : 23
 12-bit 2-to-1 multiplexer                             : 4
 16-bit 4-to-1 multiplexer                             : 1
 4-bit 2-to-1 multiplexer                              : 18

=========================================================================

=========================================================================
*                         Low Level Synthesis                           *
=========================================================================
WARNING:Xst:1293 - FF/Latch <INCRE_1> has a constant value of 0 in block <RELOJ>. This FF/Latch will be trimmed during the optimization process.
WARNING:Xst:1896 - Due to other FF/Latch trimming, FF/Latch <INCRE_3> has a constant value of 0 in block <RELOJ>. This FF/Latch will be trimmed during the optimization process.
WARNING:Xst:1896 - Due to other FF/Latch trimming, FF/Latch <INCRE_4> has a constant value of 0 in block <RELOJ>. This FF/Latch will be trimmed during the optimization process.
INFO:Xst:2261 - The FF/Latch <INCRE_2> in Unit <RELOJ> is equivalent to the following 2 FFs/Latches, which will be removed : <INCRE_5> <INCRE_6> 
WARNING:Xst:1293 - FF/Latch <DIGIT_4_DISP_0> has a constant value of 1 in block <RELOJ>. This FF/Latch will be trimmed during the optimization process.
WARNING:Xst:1710 - FF/Latch <DISPLAY_0> (without init value) has a constant value of 1 in block <RELOJ>. This FF/Latch will be trimmed during the optimization process.
WARNING:Xst:1710 - FF/Latch <DISPLAY_1> (without init value) has a constant value of 1 in block <RELOJ>. This FF/Latch will be trimmed during the optimization process.
WARNING:Xst:1710 - FF/Latch <DISPLAY_2> (without init value) has a constant value of 1 in block <RELOJ>. This FF/Latch will be trimmed during the optimization process.
WARNING:Xst:1710 - FF/Latch <DISPLAY_3> (without init value) has a constant value of 1 in block <RELOJ>. This FF/Latch will be trimmed during the optimization process.

Optimizing unit <RELOJ> ...
WARNING:Xst:1293 - FF/Latch <DIGIT_3_DISP_0> has a constant value of 1 in block <RELOJ>. This FF/Latch will be trimmed during the optimization process.
INFO:Xst:2261 - The FF/Latch <DIGIT_4_DISP_4> in Unit <RELOJ> is equivalent to the following FF/Latch, which will be removed : <DIGIT_4_DISP_7> 
WARNING:Xst:1293 - FF/Latch <DIGIT_1_DISP_0> has a constant value of 1 in block <RELOJ>. This FF/Latch will be trimmed during the optimization process.
WARNING:Xst:1896 - Due to other FF/Latch trimming, FF/Latch <DIGIT_4_DISP_6> has a constant value of 0 in block <RELOJ>. This FF/Latch will be trimmed during the optimization process.
WARNING:Xst:1896 - Due to other FF/Latch trimming, FF/Latch <DIGIT_2_DISP_0> has a constant value of 1 in block <RELOJ>. This FF/Latch will be trimmed during the optimization process.
WARNING:Xst:1896 - Due to other FF/Latch trimming, FF/Latch <DIGIT_3_DISP_0> has a constant value of 1 in block <RELOJ>. This FF/Latch will be trimmed during the optimization process.
WARNING:Xst:1293 - FF/Latch <DIGIT_1_DISP_0> has a constant value of 1 in block <RELOJ>. This FF/Latch will be trimmed during the optimization process.
WARNING:Xst:1896 - Due to other FF/Latch trimming, FF/Latch <DIGIT_4_DISP_6> has a constant value of 0 in block <RELOJ>. This FF/Latch will be trimmed during the optimization process.
WARNING:Xst:1896 - Due to other FF/Latch trimming, FF/Latch <DIGIT_2_DISP_0> has a constant value of 1 in block <RELOJ>. This FF/Latch will be trimmed during the optimization process.
WARNING:Xst:1896 - Due to other FF/Latch trimming, FF/Latch <DIGIT_3_DISP_0> has a constant value of 1 in block <RELOJ>. This FF/Latch will be trimmed during the optimization process.
INFO:Xst:2261 - The FF/Latch <MODO> in Unit <RELOJ> is equivalent to the following FF/Latch, which will be removed : <INCRE_2> 
INFO:Xst:2261 - The FF/Latch <DIGIT_4_DISP_4> in Unit <RELOJ> is equivalent to the following FF/Latch, which will be removed : <DIGIT_4_DISP_7> 
INFO:Xst:3203 - The FF/Latch <MODO> in Unit <RELOJ> is the opposite to the following FF/Latch, which will be removed : <INCRE_0> 

Mapping all equations...
WARNING:Xst:1710 - FF/Latch <DISPLAY_8> (without init value) has a constant value of 1 in block <RELOJ>. This FF/Latch will be trimmed during the optimization process.
Building and optimizing final netlist ...
Found area constraint ratio of 100 (+ 5) on block RELOJ, actual ratio is 5.
FlipFlop CONT_10 has been replicated 2 time(s)
FlipFlop CONT_11 has been replicated 3 time(s)
FlipFlop CONT_6 has been replicated 1 time(s)
FlipFlop CONT_7 has been replicated 2 time(s)
FlipFlop CONT_8 has been replicated 4 time(s)
FlipFlop CONT_9 has been replicated 2 time(s)

Final Macro Processing ...

=========================================================================
Final Register Report

Macro Statistics
# Registers                                            : 161
 Flip-Flops                                            : 161

=========================================================================

=========================================================================
*                           Partition Report                            *
=========================================================================

Partition Implementation Status
-------------------------------

  No Partitions were found in this design.

-------------------------------

=========================================================================
*                            Design Summary                             *
=========================================================================

Top Level Output File Name         : RELOJ.ngc

Primitive and Black Box Usage:
------------------------------
# BELS                             : 466
#      GND                         : 1
#      INV                         : 25
#      LUT1                        : 45
#      LUT2                        : 30
#      LUT3                        : 4
#      LUT4                        : 19
#      LUT5                        : 31
#      LUT6                        : 117
#      MUXCY                       : 92
#      MUXF7                       : 13
#      VCC                         : 1
#      XORCY                       : 88
# FlipFlops/Latches                : 161
#      FD                          : 87
#      FDR                         : 54
#      FDRE                        : 8
#      FDS                         : 12
# Clock Buffers                    : 1
#      BUFGP                       : 1
# IO Buffers                       : 20
#      IBUF                        : 2
#      OBUF                        : 18

Device utilization summary:
---------------------------

Selected Device : 6slx9csg225-2 


Slice Logic Utilization: 
 Number of Slice Registers:             161  out of  11440     1%  
 Number of Slice LUTs:                  271  out of   5720     4%  
    Number used as Logic:               271  out of   5720     4%  

Slice Logic Distribution: 
 Number of LUT Flip Flop pairs used:    292
   Number with an unused Flip Flop:     131  out of    292    44%  
   Number with an unused LUT:            21  out of    292     7%  
   Number of fully used LUT-FF pairs:   140  out of    292    47%  
   Number of unique control sets:         9

IO Utilization: 
 Number of IOs:                          21
 Number of bonded IOBs:                  21  out of    160    13%  

Specific Feature Utilization:
 Number of BUFG/BUFGCTRLs:                1  out of     16     6%  

---------------------------
Partition Resource Summary:
---------------------------

  No Partitions were found in this design.

---------------------------


=========================================================================
Timing Report

NOTE: THESE TIMING NUMBERS ARE ONLY A SYNTHESIS ESTIMATE.
      FOR ACCURATE TIMING INFORMATION PLEASE REFER TO THE TRACE REPORT
      GENERATED AFTER PLACE-and-ROUTE.

Clock Information:
------------------
-----------------------------------+------------------------+-------+
Clock Signal                       | Clock buffer(FF name)  | Load  |
-----------------------------------+------------------------+-------+
CLK                                | BUFGP                  | 124   |
BOTON_PRES_ASC                     | NONE(CONTA_0)          | 12    |
BOTON_PRES_DES                     | NONE(CONTB_0)          | 12    |
FREC_300                           | NONE(DISPLAY_4)        | 13    |
-----------------------------------+------------------------+-------+
INFO:Xst:2169 - HDL ADVISOR - Some clock signals were not automatically buffered by XST with BUFG/BUFR resources. Please use the buffer_type constraint in order to insert these buffers to the clock signals to help prevent skew problems.

Asynchronous Control Signals Information:
----------------------------------------
No asynchronous control signals found in this design

Timing Summary:
---------------
Speed Grade: -2

   Minimum period: 8.780ns (Maximum Frequency: 113.895MHz)
   Minimum input arrival time before clock: 2.486ns
   Maximum output required time after clock: 4.162ns
   Maximum combinational path delay: No path found

Timing Details:
---------------
All values displayed in nanoseconds (ns)

=========================================================================
Timing constraint: Default period analysis for Clock 'CLK'
  Clock period: 8.780ns (frequency: 113.895MHz)
  Total number of paths / destination ports: 34289 / 202
-------------------------------------------------------------------------
Delay:               8.780ns (Levels of Logic = 6)
  Source:            CONT_6_1 (FF)
  Destination:       DIGIT_3_DISP_1 (FF)
  Source Clock:      CLK rising
  Destination Clock: CLK rising

  Data Path: CONT_6_1 to DIGIT_3_DISP_1
                                Gate     Net
    Cell:in->out      fanout   Delay   Delay  Logical Name (Net Name)
    ----------------------------------------  ------------
     FD:C->Q               3   0.525   1.196  CONT_6_1 (CONT_6_1)
     LUT6:I1->O            8   0.254   1.052  Mmux_GND_1_o_GND_1_o_mux_66_OUT31 (Madd_GND_1_o_GND_1_o_add_71_OUT_lut<3>)
     LUT6:I4->O           21   0.250   1.310  Mmux_GND_1_o_GND_1_o_mux_72_OUT41 (Madd_GND_1_o_GND_1_o_add_74_OUT_cy<0>)
     LUT6:I5->O           16   0.254   1.182  Mmux_GND_1_o_GND_1_o_mux_84_OUT41 (Madd_GND_1_o_GND_1_o_add_89_OUT_cy<0>)
     LUT6:I5->O            9   0.254   0.976  Mmux_n016441 (n0164<3>)
     LUT6:I5->O            5   0.254   0.949  GND_1_o_GND_1_o_LessThan_98_o1 (GND_1_o_GND_1_o_LessThan_98_o)
     LUT6:I4->O            1   0.250   0.000  Mram_CENT[3]_GND_1_o_wide_mux_110_OUT61 (Mram_CENT[3]_GND_1_o_wide_mux_110_OUT6)
     FD:D                      0.074          DIGIT_3_DISP_6
    ----------------------------------------
    Total                      8.780ns (2.115ns logic, 6.665ns route)
                                       (24.1% logic, 75.9% route)

=========================================================================
Timing constraint: Default period analysis for Clock 'FREC_300'
  Clock period: 3.165ns (frequency: 315.956MHz)
  Total number of paths / destination ports: 29 / 15
-------------------------------------------------------------------------
Delay:               3.165ns (Levels of Logic = 1)
  Source:            CONTADOR_DISP_1 (FF)
  Destination:       CONTADOR_DISP_0 (FF)
  Source Clock:      FREC_300 rising
  Destination Clock: FREC_300 rising

  Data Path: CONTADOR_DISP_1 to CONTADOR_DISP_0
                                Gate     Net
    Cell:in->out      fanout   Delay   Delay  Logical Name (Net Name)
    ----------------------------------------  ------------
     FDR:C->Q             13   0.525   1.206  CONTADOR_DISP_1 (CONTADOR_DISP_1)
     LUT2:I0->O            2   0.250   0.725  CONTADOR_DISP[1]_PWR_1_o_equal_43_o<1>1 (CONTADOR_DISP[1]_PWR_1_o_equal_43_o)
     FDR:R                     0.459          CONTADOR_DISP_0
    ----------------------------------------
    Total                      3.165ns (1.234ns logic, 1.931ns route)
                                       (39.0% logic, 61.0% route)

=========================================================================
Timing constraint: Default OFFSET IN BEFORE for Clock 'CLK'
  Total number of paths / destination ports: 4 / 4
-------------------------------------------------------------------------
Offset:              2.486ns (Levels of Logic = 2)
  Source:            BOTON_DES (PAD)
  Destination:       BOTON_PRES_DES (FF)
  Destination Clock: CLK rising

  Data Path: BOTON_DES to BOTON_PRES_DES
                                Gate     Net
    Cell:in->out      fanout   Delay   Delay  Logical Name (Net Name)
    ----------------------------------------  ------------
     IBUF:I->O             2   1.328   0.834  BOTON_DES_IBUF (BOTON_DES_IBUF)
     LUT4:I2->O            1   0.250   0.000  BOTON_PRES_DES_rstpot (BOTON_PRES_DES_rstpot)
     FD:D                      0.074          BOTON_PRES_DES
    ----------------------------------------
    Total                      2.486ns (1.652ns logic, 0.834ns route)
                                       (66.5% logic, 33.5% route)

=========================================================================
Timing constraint: Default OFFSET OUT AFTER for Clock 'FREC_300'
  Total number of paths / destination ports: 11 / 11
-------------------------------------------------------------------------
Offset:              4.118ns (Levels of Logic = 1)
  Source:            DISPLAY_15 (FF)
  Destination:       DISPLAY<15> (PAD)
  Source Clock:      FREC_300 rising

  Data Path: DISPLAY_15 to DISPLAY<15>
                                Gate     Net
    Cell:in->out      fanout   Delay   Delay  Logical Name (Net Name)
    ----------------------------------------  ------------
     FD:C->Q               1   0.525   0.681  DISPLAY_15 (DISPLAY_15)
     OBUF:I->O                 2.912          DISPLAY_15_OBUF (DISPLAY<15>)
    ----------------------------------------
    Total                      4.118ns (3.437ns logic, 0.681ns route)
                                       (83.5% logic, 16.5% route)

=========================================================================
Timing constraint: Default OFFSET OUT AFTER for Clock 'CLK'
  Total number of paths / destination ports: 2 / 2
-------------------------------------------------------------------------
Offset:              4.162ns (Levels of Logic = 1)
  Source:            LED (FF)
  Destination:       LED (PAD)
  Source Clock:      CLK rising

  Data Path: LED to LED
                                Gate     Net
    Cell:in->out      fanout   Delay   Delay  Logical Name (Net Name)
    ----------------------------------------  ------------
     FD:C->Q               2   0.525   0.725  LED (SALIDA_OBUF)
     OBUF:I->O                 2.912          LED_OBUF (LED)
    ----------------------------------------
    Total                      4.162ns (3.437ns logic, 0.725ns route)
                                       (82.6% logic, 17.4% route)

=========================================================================

Cross Clock Domains Report:
--------------------------

Clock to Setup on destination clock BOTON_PRES_ASC
---------------+---------+---------+---------+---------+
               | Src:Rise| Src:Fall| Src:Rise| Src:Fall|
Source Clock   |Dest:Rise|Dest:Rise|Dest:Fall|Dest:Fall|
---------------+---------+---------+---------+---------+
CLK            |    2.874|         |         |         |
---------------+---------+---------+---------+---------+

Clock to Setup on destination clock BOTON_PRES_DES
---------------+---------+---------+---------+---------+
               | Src:Rise| Src:Fall| Src:Rise| Src:Fall|
Source Clock   |Dest:Rise|Dest:Rise|Dest:Fall|Dest:Fall|
---------------+---------+---------+---------+---------+
CLK            |    2.874|         |         |         |
---------------+---------+---------+---------+---------+

Clock to Setup on destination clock CLK
---------------+---------+---------+---------+---------+
               | Src:Rise| Src:Fall| Src:Rise| Src:Fall|
Source Clock   |Dest:Rise|Dest:Rise|Dest:Fall|Dest:Fall|
---------------+---------+---------+---------+---------+
BOTON_PRES_ASC |    2.851|         |         |         |
BOTON_PRES_DES |    2.784|         |         |         |
CLK            |    8.780|         |         |         |
---------------+---------+---------+---------+---------+

Clock to Setup on destination clock FREC_300
---------------+---------+---------+---------+---------+
               | Src:Rise| Src:Fall| Src:Rise| Src:Fall|
Source Clock   |Dest:Rise|Dest:Rise|Dest:Fall|Dest:Fall|
---------------+---------+---------+---------+---------+
CLK            |    1.811|         |         |         |
FREC_300       |    3.165|         |         |         |
---------------+---------+---------+---------+---------+

=========================================================================


Total REAL time to Xst completion: 23.00 secs
Total CPU time to Xst completion: 21.29 secs
 
--> 


Total memory usage is 387820 kilobytes

Number of errors   :    0 (   0 filtered)
Number of warnings :   21 (   0 filtered)
Number of infos    :   10 (   0 filtered)

