Release 14.7 - xst P.20131013 (lin64)
Copyright (c) 1995-2013 Xilinx, Inc.  All rights reserved.
--> 
Parameter TMPDIR set to xst/projnav.tmp


Total REAL time to Xst completion: 1.00 secs
Total CPU time to Xst completion: 0.14 secs
 
--> 
Parameter xsthdpdir set to xst


Total REAL time to Xst completion: 1.00 secs
Total CPU time to Xst completion: 0.14 secs
 
--> 
Reading design: RAM_8x8.prj

TABLE OF CONTENTS
  1) Synthesis Options Summary
  2) HDL Parsing
  3) HDL Elaboration
  4) HDL Synthesis
       4.1) HDL Synthesis Report
  5) Advanced HDL Synthesis
       5.1) Advanced HDL Synthesis Report
  6) Low Level Synthesis
  7) Partition Report
  8) Design Summary
       8.1) Primitive and Black Box Usage
       8.2) Device utilization summary
       8.3) Partition Resource Summary
       8.4) Timing Report
            8.4.1) Clock Information
            8.4.2) Asynchronous Control Signals Information
            8.4.3) Timing Summary
            8.4.4) Timing Details
            8.4.5) Cross Clock Domains Report


=========================================================================
*                      Synthesis Options Summary                        *
=========================================================================
---- Source Parameters
Input File Name                    : "RAM_8x8.prj"
Ignore Synthesis Constraint File   : NO

---- Target Parameters
Output File Name                   : "RAM_8x8"
Output Format                      : NGC
Target Device                      : xc6slx9-2-csg225

---- Source Options
Top Module Name                    : RAM_8x8
Automatic FSM Extraction           : YES
FSM Encoding Algorithm             : Auto
Safe Implementation                : No
FSM Style                          : LUT
RAM Extraction                     : Yes
RAM Style                          : Auto
ROM Extraction                     : Yes
Shift Register Extraction          : YES
ROM Style                          : Auto
Resource Sharing                   : YES
Asynchronous To Synchronous        : NO
Shift Register Minimum Size        : 2
Use DSP Block                      : Auto
Automatic Register Balancing       : No

---- Target Options
LUT Combining                      : Auto
Reduce Control Sets                : Auto
Add IO Buffers                     : YES
Global Maximum Fanout              : 100000
Add Generic Clock Buffer(BUFG)     : 16
Register Duplication               : YES
Optimize Instantiated Primitives   : NO
Use Clock Enable                   : Auto
Use Synchronous Set                : Auto
Use Synchronous Reset              : Auto
Pack IO Registers into IOBs        : Auto
Equivalent register Removal        : YES

---- General Options
Optimization Goal                  : Speed
Optimization Effort                : 1
Power Reduction                    : NO
Keep Hierarchy                     : No
Netlist Hierarchy                  : As_Optimized
RTL Output                         : Yes
Global Optimization                : AllClockNets
Read Cores                         : YES
Write Timing Constraints           : NO
Cross Clock Analysis               : NO
Hierarchy Separator                : /
Bus Delimiter                      : <>
Case Specifier                     : Maintain
Slice Utilization Ratio            : 100
BRAM Utilization Ratio             : 100
DSP48 Utilization Ratio            : 100
Auto BRAM Packing                  : NO
Slice Utilization Ratio Delta      : 5

=========================================================================


=========================================================================
*                          HDL Parsing                                  *
=========================================================================
Analyzing Verilog file "/home/ise/CircuitosLogicosISE/Punto1/Punto1.v" into library work
Parsing module <RAM_8x8>.

=========================================================================
*                            HDL Elaboration                            *
=========================================================================

Elaborating module <RAM_8x8>.

=========================================================================
*                           HDL Synthesis                               *
=========================================================================

Synthesizing Unit <RAM_8x8>.
    Related source file is "/home/ise/CircuitosLogicosISE/Punto1/Punto1.v".
        DATA_BITS = 8
    Found 4x8-bit single-port RAM <Mram_MEM> for signal <MEM>.
    Found 12-bit register for signal <DISPLAYS>.
    Found 8-bit register for signal <DATAO>.
    Found 1-bit register for signal <GND_1_o_CLK_DFF_56>.
    Found 1-bit register for signal <GND_1_o_CLK_DFF_57>.
    Found 1-bit register for signal <GND_1_o_CLK_DFF_58>.
    Found 1-bit register for signal <GND_1_o_CLK_DFF_59>.
    Found 1-bit register for signal <GND_1_o_CLK_DFF_60>.
    Found 1-bit register for signal <GND_1_o_CLK_DFF_61>.
    Found 1-bit register for signal <GND_1_o_CLK_DFF_62>.
    Found 1-bit register for signal <GND_1_o_CLK_DFF_63>.
    Found 8x44-bit Read Only RAM for signal <_n0088>
    Found 1-bit tristate buffer for signal <DATA<7>> created at line 16
    Found 1-bit tristate buffer for signal <DATA<6>> created at line 16
    Found 1-bit tristate buffer for signal <DATA<5>> created at line 16
    Found 1-bit tristate buffer for signal <DATA<4>> created at line 16
    Found 1-bit tristate buffer for signal <DATA<3>> created at line 16
    Found 1-bit tristate buffer for signal <DATA<2>> created at line 16
    Found 1-bit tristate buffer for signal <DATA<1>> created at line 16
    Found 1-bit tristate buffer for signal <DATA<0>> created at line 16
    Found 1-bit tristate buffer for signal <DATAO<7>> created at line 18
    Found 1-bit tristate buffer for signal <DATAO<6>> created at line 18
    Found 1-bit tristate buffer for signal <DATAO<5>> created at line 18
    Found 1-bit tristate buffer for signal <DATAO<4>> created at line 18
    Found 1-bit tristate buffer for signal <DATAO<3>> created at line 18
    Found 1-bit tristate buffer for signal <DATAO<2>> created at line 18
    Found 1-bit tristate buffer for signal <DATAO<1>> created at line 18
    Found 1-bit tristate buffer for signal <DATAO<0>> created at line 18
    Summary:
	inferred   2 RAM(s).
	inferred  28 D-type flip-flop(s).
	inferred   2 Multiplexer(s).
	inferred  16 Tristate(s).
Unit <RAM_8x8> synthesized.

=========================================================================
HDL Synthesis Report

Macro Statistics
# RAMs                                                 : 2
 4x8-bit single-port RAM                               : 1
 8x44-bit single-port Read Only RAM                    : 1
# Registers                                            : 10
 1-bit register                                        : 8
 12-bit register                                       : 1
 8-bit register                                        : 1
# Multiplexers                                         : 2
 8-bit 2-to-1 multiplexer                              : 2
# Tristates                                            : 16
 1-bit tristate buffer                                 : 16
# Xors                                                 : 2
 1-bit xor2                                            : 2

=========================================================================

=========================================================================
*                       Advanced HDL Synthesis                          *
=========================================================================


Synthesizing (advanced) Unit <RAM_8x8>.
INFO:Xst:3218 - HDL ADVISOR - The RAM <Mram_MEM> will be implemented on LUTs either because you have described an asynchronous read or because of currently unsupported block RAM features. If you have described an asynchronous read, making it synchronous would allow you to take advantage of available block RAM resources, for optimized device usage and improved timings. Please refer to your documentation for coding guidelines.
    -----------------------------------------------------------------------
    | ram_type           | Distributed                         |          |
    -----------------------------------------------------------------------
    | Port A                                                              |
    |     aspect ratio   | 4-word x 8-bit                      |          |
    |     clkA           | connected to signal <CLK>           | rise     |
    |     weA            | connected to signal <RW_0>          | high     |
    |     addrA          | connected to signal <_n0088<13:12>> |          |
    |     diA            | connected to signal <DATA>          |          |
    |     doA            | connected to internal node          |          |
    -----------------------------------------------------------------------
INFO:Xst:3218 - HDL ADVISOR - The RAM <Mram__n0088> will be implemented on LUTs either because you have described an asynchronous read or because of currently unsupported block RAM features. If you have described an asynchronous read, making it synchronous would allow you to take advantage of available block RAM resources, for optimized device usage and improved timings. Please refer to your documentation for coding guidelines.
    -----------------------------------------------------------------------
    | ram_type           | Distributed                         |          |
    -----------------------------------------------------------------------
    | Port A                                                              |
    |     aspect ratio   | 8-word x 44-bit                     |          |
    |     weA            | connected to signal <GND>           | high     |
    |     addrA          | connected to signal <(ADDRESS<2>,ADDRESS[2]_ADDRESS[1]_XOR_1_o,ADDRESS[2]_ADDRESS[0]_XOR_3_o)> |          |
    |     diA            | connected to signal <GND>           |          |
    |     doA            | connected to internal node          |          |
    -----------------------------------------------------------------------
Unit <RAM_8x8> synthesized (advanced).

=========================================================================
Advanced HDL Synthesis Report

Macro Statistics
# RAMs                                                 : 2
 4x8-bit single-port distributed RAM                   : 1
 8x44-bit single-port distributed Read Only RAM        : 1
# Registers                                            : 28
 Flip-Flops                                            : 28
# Multiplexers                                         : 2
 8-bit 2-to-1 multiplexer                              : 2
# Xors                                                 : 2
 1-bit xor2                                            : 2

=========================================================================

=========================================================================
*                         Low Level Synthesis                           *
=========================================================================
INFO:Xst:2261 - The FF/Latch <GND_1_o_CLK_DFF_56> in Unit <RAM_8x8> is equivalent to the following 7 FFs/Latches, which will be removed : <GND_1_o_CLK_DFF_57> <GND_1_o_CLK_DFF_58> <GND_1_o_CLK_DFF_59> <GND_1_o_CLK_DFF_60> <GND_1_o_CLK_DFF_61> <GND_1_o_CLK_DFF_62> <GND_1_o_CLK_DFF_63> 
WARNING:Xst:1710 - FF/Latch <DISPLAYS_0> (without init value) has a constant value of 1 in block <RAM_8x8>. This FF/Latch will be trimmed during the optimization process.
WARNING:Xst:2042 - Unit RAM_8x8: 8 internal tristates are replaced by logic (pull-up yes): DATAO<0>1, DATAO<1>1, DATAO<2>1, DATAO<3>1, DATAO<4>1, DATAO<5>1, DATAO<6>1, DATAO<7>1.

Optimizing unit <RAM_8x8> ...

Mapping all equations...
Building and optimizing final netlist ...
Found area constraint ratio of 100 (+ 5) on block RAM_8x8, actual ratio is 0.

Final Macro Processing ...

=========================================================================
Final Register Report

Macro Statistics
# Registers                                            : 20
 Flip-Flops                                            : 20

=========================================================================

=========================================================================
*                           Partition Report                            *
=========================================================================

Partition Implementation Status
-------------------------------

  No Partitions were found in this design.

-------------------------------

=========================================================================
*                            Design Summary                             *
=========================================================================

Top Level Output File Name         : RAM_8x8.ngc

Primitive and Black Box Usage:
------------------------------
# BELS                             : 34
#      GND                         : 1
#      LUT2                        : 13
#      LUT3                        : 11
#      LUT6                        : 8
#      VCC                         : 1
# FlipFlops/Latches                : 20
#      FD                          : 20
# RAMS                             : 8
#      RAM16X1S                    : 8
# Clock Buffers                    : 1
#      BUFGP                       : 1
# IO Buffers                       : 25
#      IBUF                        : 5
#      IOBUF                       : 8
#      OBUF                        : 12

Device utilization summary:
---------------------------

Selected Device : 6slx9csg225-2 


Slice Logic Utilization: 
 Number of Slice Registers:               9  out of  11440     0%  
 Number of Slice LUTs:                   40  out of   5720     0%  
    Number used as Logic:                32  out of   5720     0%  
    Number used as Memory:                8  out of   1440     0%  
       Number used as RAM:                8

Slice Logic Distribution: 
 Number of LUT Flip Flop pairs used:     40
   Number with an unused Flip Flop:      31  out of     40    77%  
   Number with an unused LUT:             0  out of     40     0%  
   Number of fully used LUT-FF pairs:     9  out of     40    22%  
   Number of unique control sets:         1

IO Utilization: 
 Number of IOs:                          26
 Number of bonded IOBs:                  26  out of    160    16%  
    IOB Flip Flops/Latches:              11

Specific Feature Utilization:
 Number of BUFG/BUFGCTRLs:                1  out of     16     6%  

---------------------------
Partition Resource Summary:
---------------------------

  No Partitions were found in this design.

---------------------------


=========================================================================
Timing Report

NOTE: THESE TIMING NUMBERS ARE ONLY A SYNTHESIS ESTIMATE.
      FOR ACCURATE TIMING INFORMATION PLEASE REFER TO THE TRACE REPORT
      GENERATED AFTER PLACE-and-ROUTE.

Clock Information:
------------------
-----------------------------------+------------------------+-------+
Clock Signal                       | Clock buffer(FF name)  | Load  |
-----------------------------------+------------------------+-------+
CLK                                | BUFGP                  | 28    |
-----------------------------------+------------------------+-------+

Asynchronous Control Signals Information:
----------------------------------------
No asynchronous control signals found in this design

Timing Summary:
---------------
Speed Grade: -2

   Minimum period: 2.192ns (Maximum Frequency: 456.204MHz)
   Minimum input arrival time before clock: 5.256ns
   Maximum output required time after clock: 5.581ns
   Maximum combinational path delay: 6.580ns

Timing Details:
---------------
All values displayed in nanoseconds (ns)

=========================================================================
Timing constraint: Default period analysis for Clock 'CLK'
  Clock period: 2.192ns (frequency: 456.204MHz)
  Total number of paths / destination ports: 25 / 9
-------------------------------------------------------------------------
Delay:               2.192ns (Levels of Logic = 1)
  Source:            Mram_MEM1 (RAM)
  Destination:       DATAO_0 (FF)
  Source Clock:      CLK rising
  Destination Clock: CLK rising

  Data Path: Mram_MEM1 to DATAO_0
                                Gate     Net
    Cell:in->out      fanout   Delay   Delay  Logical Name (Net Name)
    ----------------------------------------  ------------
     RAM16X1S:WCLK->O      1   1.182   0.682  Mram_MEM1 (_n0069<0>)
     LUT6:I5->O            1   0.254   0.000  n0065<0>1 (n0065<0>)
     FD:D                      0.074          DATAO_0
    ----------------------------------------
    Total                      2.192ns (1.510ns logic, 0.682ns route)
                                       (68.9% logic, 31.1% route)

=========================================================================
Timing constraint: Default OFFSET IN BEFORE for Clock 'CLK'
  Total number of paths / destination ports: 161 / 52
-------------------------------------------------------------------------
Offset:              5.256ns (Levels of Logic = 4)
  Source:            ADDRESS<0> (PAD)
  Destination:       DATAO_0 (FF)
  Destination Clock: CLK rising

  Data Path: ADDRESS<0> to DATAO_0
                                Gate     Net
    Cell:in->out      fanout   Delay   Delay  Logical Name (Net Name)
    ----------------------------------------  ------------
     IBUF:I->O            11   1.328   1.267  ADDRESS_0_IBUF (ADDRESS_0_IBUF)
     LUT3:I0->O           16   0.235   1.181  Mram__n0088121 (Mram__n008812)
     RAM16X1S:A0->O        1   0.235   0.682  Mram_MEM2 (_n0069<1>)
     LUT6:I5->O            1   0.254   0.000  n0065<1>1 (n0065<1>)
     FD:D                      0.074          DATAO_1
    ----------------------------------------
    Total                      5.256ns (2.126ns logic, 3.130ns route)
                                       (40.4% logic, 59.6% route)

=========================================================================
Timing constraint: Default OFFSET OUT AFTER for Clock 'CLK'
  Total number of paths / destination ports: 27 / 19
-------------------------------------------------------------------------
Offset:              5.581ns (Levels of Logic = 2)
  Source:            GND_1_o_CLK_DFF_56 (FF)
  Destination:       DATA<7> (PAD)
  Source Clock:      CLK rising

  Data Path: GND_1_o_CLK_DFF_56 to DATA<7>
                                Gate     Net
    Cell:in->out      fanout   Delay   Delay  Logical Name (Net Name)
    ----------------------------------------  ------------
     FD:C->Q              17   0.525   1.209  GND_1_o_CLK_DFF_56 (GND_1_o_CLK_DFF_56)
     LUT2:I1->O            1   0.254   0.681  DATAO<7>11 (DATAO<7>1)
     IOBUF:I->IO               2.912          DATA_7_IOBUF (DATA<7>)
    ----------------------------------------
    Total                      5.581ns (3.691ns logic, 1.890ns route)
                                       (66.1% logic, 33.9% route)

=========================================================================
Timing constraint: Default path analysis
  Total number of paths / destination ports: 16 / 8
-------------------------------------------------------------------------
Delay:               6.580ns (Levels of Logic = 3)
  Source:            RW (PAD)
  Destination:       DATA<7> (PAD)

  Data Path: RW to DATA<7>
                                Gate     Net
    Cell:in->out      fanout   Delay   Delay  Logical Name (Net Name)
    ----------------------------------------  ------------
     IBUF:I->O            11   1.328   1.147  RW_IBUF (RW_IBUF)
     LUT2:I0->O            8   0.250   0.943  CS_RW_AND_1_o_inv1 (CS_RW_AND_1_o_inv)
     IOBUF:T->IO               2.912          DATA_7_IOBUF (DATA<7>)
    ----------------------------------------
    Total                      6.580ns (4.490ns logic, 2.090ns route)
                                       (68.2% logic, 31.8% route)

=========================================================================

Cross Clock Domains Report:
--------------------------

Clock to Setup on destination clock CLK
---------------+---------+---------+---------+---------+
               | Src:Rise| Src:Fall| Src:Rise| Src:Fall|
Source Clock   |Dest:Rise|Dest:Rise|Dest:Fall|Dest:Fall|
---------------+---------+---------+---------+---------+
CLK            |    2.192|         |         |         |
---------------+---------+---------+---------+---------+

=========================================================================


Total REAL time to Xst completion: 30.00 secs
Total CPU time to Xst completion: 25.93 secs
 
--> 


Total memory usage is 385792 kilobytes

Number of errors   :    0 (   0 filtered)
Number of warnings :    2 (   0 filtered)
Number of infos    :    3 (   0 filtered)

