ISim log file
Running: /home/ise/Documents/PRACTICA3/Pre1_Comparador_isim_beh.exe -intstyle ise -gui -tclbatch isim.cmd -wdb /home/ise/Documents/PRACTICA3/Pre1_Comparador_isim_beh.wdb 
ISim P.20131013 (signature 0xfbc00daa)
----------------------------------------------------------------------
WARNING:Security:42 - Your software subscription period has lapsed. Your current version of Xilinx tools will continue to function, but you no longer qualify for Xilinx software updates or new releases.


----------------------------------------------------------------------
This is a Full version of ISim.
Time resolution is 1 ps
# onerror resume
# wave add /
# run 1000 ns
Simulator is doing circuit initialization process.
Finished circuit initialization process.
# restart
# isim force add /pre1_comparador/a 0100 -radix bin
# isim force add /pre1_comparador/b 0010 -radix bin
# run 1ps
Simulator is doing circuit initialization process.
Finished circuit initialization process.
# isim force add /pre1_comparador/b 1000 -radix bin
# run 1ps
# isim force add /pre1_comparador/a 1000 -radix bin
# run 1ps
# exit 0
