Release 14.7 - xst P.20131013 (lin64)
Copyright (c) 1995-2013 Xilinx, Inc.  All rights reserved.
--> 
Parameter TMPDIR set to xst/projnav.tmp


Total REAL time to Xst completion: 0.00 secs
Total CPU time to Xst completion: 0.16 secs
 
--> 
Parameter xsthdpdir set to xst


Total REAL time to Xst completion: 0.00 secs
Total CPU time to Xst completion: 0.16 secs
 
--> 
Reading design: TAMBOR_JUGUETE.prj

TABLE OF CONTENTS
  1) Synthesis Options Summary
  2) HDL Parsing
  3) HDL Elaboration
  4) HDL Synthesis
       4.1) HDL Synthesis Report
  5) Advanced HDL Synthesis
       5.1) Advanced HDL Synthesis Report
  6) Low Level Synthesis
  7) Partition Report
  8) Design Summary
       8.1) Primitive and Black Box Usage
       8.2) Device utilization summary
       8.3) Partition Resource Summary
       8.4) Timing Report
            8.4.1) Clock Information
            8.4.2) Asynchronous Control Signals Information
            8.4.3) Timing Summary
            8.4.4) Timing Details
            8.4.5) Cross Clock Domains Report


=========================================================================
*                      Synthesis Options Summary                        *
=========================================================================
---- Source Parameters
Input File Name                    : "TAMBOR_JUGUETE.prj"
Ignore Synthesis Constraint File   : NO

---- Target Parameters
Output File Name                   : "TAMBOR_JUGUETE"
Output Format                      : NGC
Target Device                      : xc6slx9-2-csg225

---- Source Options
Top Module Name                    : TAMBOR_JUGUETE
Automatic FSM Extraction           : YES
FSM Encoding Algorithm             : Auto
Safe Implementation                : No
FSM Style                          : LUT
RAM Extraction                     : Yes
RAM Style                          : Auto
ROM Extraction                     : Yes
Shift Register Extraction          : YES
ROM Style                          : Auto
Resource Sharing                   : YES
Asynchronous To Synchronous        : NO
Shift Register Minimum Size        : 2
Use DSP Block                      : Auto
Automatic Register Balancing       : No

---- Target Options
LUT Combining                      : Auto
Reduce Control Sets                : Auto
Add IO Buffers                     : YES
Global Maximum Fanout              : 100000
Add Generic Clock Buffer(BUFG)     : 16
Register Duplication               : YES
Optimize Instantiated Primitives   : NO
Use Clock Enable                   : Auto
Use Synchronous Set                : Auto
Use Synchronous Reset              : Auto
Pack IO Registers into IOBs        : Auto
Equivalent register Removal        : YES

---- General Options
Optimization Goal                  : Speed
Optimization Effort                : 1
Power Reduction                    : NO
Keep Hierarchy                     : No
Netlist Hierarchy                  : As_Optimized
RTL Output                         : Yes
Global Optimization                : AllClockNets
Read Cores                         : YES
Write Timing Constraints           : NO
Cross Clock Analysis               : NO
Hierarchy Separator                : /
Bus Delimiter                      : <>
Case Specifier                     : Maintain
Slice Utilization Ratio            : 100
BRAM Utilization Ratio             : 100
DSP48 Utilization Ratio            : 100
Auto BRAM Packing                  : NO
Slice Utilization Ratio Delta      : 5

=========================================================================


=========================================================================
*                          HDL Parsing                                  *
=========================================================================
Analyzing Verilog file "/home/ise/Documents/COPIA_TAMBOR/TAMBOR_JUGUETE.v" into library work
Parsing module <TAMBOR_JUGUETE>.

=========================================================================
*                            HDL Elaboration                            *
=========================================================================

Elaborating module <TAMBOR_JUGUETE>.

=========================================================================
*                           HDL Synthesis                               *
=========================================================================

Synthesizing Unit <TAMBOR_JUGUETE>.
    Related source file is "/home/ise/Documents/COPIA_TAMBOR/TAMBOR_JUGUETE.v".
    Found 1-bit register for signal <sampled_PIEZO_PRES>.
    Found 1-bit register for signal <BOTON_PRES>.
    Found 1-bit register for signal <PIEZO_PRES>.
    Found 22-bit register for signal <sclk>.
    Found 1-bit register for signal <UP_OR_DOWN>.
    Found 4-bit register for signal <CONTADOR>.
    Found 18-bit register for signal <CONT_FREC_120>.
    Found 1-bit register for signal <CONTADOR_DISP>.
    Found 16-bit register for signal <CONT_FREC_440>.
    Found 1-bit register for signal <LA>.
    Found 17-bit register for signal <CONT_FREC_262>.
    Found 1-bit register for signal <DO>.
    Found 1-bit register for signal <DELAY_1SEG>.
    Found 1-bit register for signal <DELAY_RESET>.
    Found 24-bit register for signal <CONT_DELAY>.
    Found 1-bit register for signal <BUZZER>.
    Found 1-bit register for signal <sampled_BOTON_PRES>.
    Found 4-bit subtractor for signal <CONTADOR[3]_GND_1_o_sub_12_OUT> created at line 58.
    Found 22-bit adder for signal <sclk[21]_GND_1_o_add_4_OUT> created at line 44.
    Found 4-bit adder for signal <CONTADOR[3]_GND_1_o_add_14_OUT> created at line 62.
    Found 18-bit adder for signal <CONT_FREC_120[17]_GND_1_o_add_25_OUT> created at line 86.
    Found 16-bit adder for signal <CONT_FREC_440[15]_GND_1_o_add_30_OUT> created at line 99.
    Found 17-bit adder for signal <CONT_FREC_262[16]_GND_1_o_add_35_OUT> created at line 112.
    Found 24-bit adder for signal <CONT_DELAY[23]_GND_1_o_add_44_OUT> created at line 135.
    Found 16x3-bit Read Only RAM for signal <_n0223>
    Found 16-bit 12-to-1 multiplexer for signal <SIETE_SEG> created at line 149.
WARNING:Xst:737 - Found 1-bit latch for signal <CONT_R>. Latches may be generated from incomplete case or if statements. We do not recommend the use of latches in FPGA/CPLD designs, as they may lead to timing problems.
WARNING:Xst:737 - Found 1-bit latch for signal <LEDS_R<7>>. Latches may be generated from incomplete case or if statements. We do not recommend the use of latches in FPGA/CPLD designs, as they may lead to timing problems.
WARNING:Xst:737 - Found 1-bit latch for signal <LEDS_G<7>>. Latches may be generated from incomplete case or if statements. We do not recommend the use of latches in FPGA/CPLD designs, as they may lead to timing problems.
WARNING:Xst:737 - Found 1-bit latch for signal <LEDS_B<7>>. Latches may be generated from incomplete case or if statements. We do not recommend the use of latches in FPGA/CPLD designs, as they may lead to timing problems.
    Found 1-bit comparator not equal for signal <sampled_BOTON_PRES_UP_DOWN_equal_3_o> created at line 32
    Found 1-bit comparator not equal for signal <sampled_PIEZO_PRES_PIEZO_equal_4_o> created at line 36
    Summary:
	inferred   1 RAM(s).
	inferred   6 Adder/Subtractor(s).
	inferred 112 D-type flip-flop(s).
	inferred   4 Latch(s).
	inferred   2 Comparator(s).
	inferred   4 Multiplexer(s).
Unit <TAMBOR_JUGUETE> synthesized.

=========================================================================
HDL Synthesis Report

Macro Statistics
# RAMs                                                 : 1
 16x3-bit single-port Read Only RAM                    : 1
# Adders/Subtractors                                   : 6
 16-bit adder                                          : 1
 17-bit adder                                          : 1
 18-bit adder                                          : 1
 22-bit adder                                          : 1
 24-bit adder                                          : 1
 4-bit addsub                                          : 1
# Registers                                            : 17
 1-bit register                                        : 11
 16-bit register                                       : 1
 17-bit register                                       : 1
 18-bit register                                       : 1
 22-bit register                                       : 1
 24-bit register                                       : 1
 4-bit register                                        : 1
# Latches                                              : 4
 1-bit latch                                           : 4
# Comparators                                          : 2
 1-bit comparator not equal                            : 2
# Multiplexers                                         : 4
 1-bit 2-to-1 multiplexer                              : 3
 16-bit 12-to-1 multiplexer                            : 1

=========================================================================

=========================================================================
*                       Advanced HDL Synthesis                          *
=========================================================================


Synthesizing (advanced) Unit <TAMBOR_JUGUETE>.
The following registers are absorbed into counter <CONTADOR>: 1 register on signal <CONTADOR>.
The following registers are absorbed into counter <sclk>: 1 register on signal <sclk>.
The following registers are absorbed into counter <CONT_FREC_120>: 1 register on signal <CONT_FREC_120>.
The following registers are absorbed into counter <CONT_FREC_440>: 1 register on signal <CONT_FREC_440>.
The following registers are absorbed into counter <CONT_FREC_262>: 1 register on signal <CONT_FREC_262>.
The following registers are absorbed into counter <CONT_DELAY>: 1 register on signal <CONT_DELAY>.
INFO:Xst:3218 - HDL ADVISOR - The RAM <Mram__n0223> will be implemented on LUTs either because you have described an asynchronous read or because of currently unsupported block RAM features. If you have described an asynchronous read, making it synchronous would allow you to take advantage of available block RAM resources, for optimized device usage and improved timings. Please refer to your documentation for coding guidelines.
    -----------------------------------------------------------------------
    | ram_type           | Distributed                         |          |
    -----------------------------------------------------------------------
    | Port A                                                              |
    |     aspect ratio   | 16-word x 3-bit                     |          |
    |     weA            | connected to signal <GND>           | high     |
    |     addrA          | connected to signal <CONTADOR>      |          |
    |     diA            | connected to signal <GND>           |          |
    |     doA            | connected to internal node          |          |
    -----------------------------------------------------------------------
Unit <TAMBOR_JUGUETE> synthesized (advanced).

=========================================================================
Advanced HDL Synthesis Report

Macro Statistics
# RAMs                                                 : 1
 16x3-bit single-port distributed Read Only RAM        : 1
# Counters                                             : 6
 16-bit up counter                                     : 1
 17-bit up counter                                     : 1
 18-bit up counter                                     : 1
 22-bit up counter                                     : 1
 24-bit up counter                                     : 1
 4-bit updown counter                                  : 1
# Registers                                            : 11
 Flip-Flops                                            : 11
# Comparators                                          : 2
 1-bit comparator not equal                            : 2
# Multiplexers                                         : 3
 1-bit 2-to-1 multiplexer                              : 2
 16-bit 12-to-1 multiplexer                            : 1

=========================================================================

=========================================================================
*                         Low Level Synthesis                           *
=========================================================================

Optimizing unit <TAMBOR_JUGUETE> ...

Mapping all equations...
Building and optimizing final netlist ...
Found area constraint ratio of 100 (+ 5) on block TAMBOR_JUGUETE, actual ratio is 3.
Latch LEDS_R_7 has been replicated 7 time(s) to handle iob=true attribute.
Latch LEDS_G_7 has been replicated 7 time(s) to handle iob=true attribute.
Latch LEDS_B_7 has been replicated 7 time(s) to handle iob=true attribute.

Final Macro Processing ...

=========================================================================
Final Register Report

Macro Statistics
# Registers                                            : 112
 Flip-Flops                                            : 112

=========================================================================

=========================================================================
*                           Partition Report                            *
=========================================================================

Partition Implementation Status
-------------------------------

  No Partitions were found in this design.

-------------------------------

=========================================================================
*                            Design Summary                             *
=========================================================================

Top Level Output File Name         : TAMBOR_JUGUETE.ngc

Primitive and Black Box Usage:
------------------------------
# BELS                             : 436
#      GND                         : 1
#      INV                         : 7
#      LUT1                        : 92
#      LUT2                        : 18
#      LUT3                        : 7
#      LUT4                        : 31
#      LUT5                        : 36
#      LUT6                        : 54
#      MUXCY                       : 92
#      VCC                         : 1
#      XORCY                       : 97
# FlipFlops/Latches                : 137
#      FD                          : 106
#      FDR                         : 6
#      LD                          : 25
# Clock Buffers                    : 1
#      BUFGP                       : 1
# IO Buffers                       : 43
#      IBUF                        : 2
#      OBUF                        : 41

Device utilization summary:
---------------------------

Selected Device : 6slx9csg225-2 


Slice Logic Utilization: 
 Number of Slice Registers:             113  out of  11440     0%  
 Number of Slice LUTs:                  245  out of   5720     4%  
    Number used as Logic:               245  out of   5720     4%  

Slice Logic Distribution: 
 Number of LUT Flip Flop pairs used:    247
   Number with an unused Flip Flop:     134  out of    247    54%  
   Number with an unused LUT:             2  out of    247     0%  
   Number of fully used LUT-FF pairs:   111  out of    247    44%  
   Number of unique control sets:         7

IO Utilization: 
 Number of IOs:                          44
 Number of bonded IOBs:                  44  out of    160    27%  
    IOB Flip Flops/Latches:              24

Specific Feature Utilization:
 Number of BUFG/BUFGCTRLs:                1  out of     16     6%  

---------------------------
Partition Resource Summary:
---------------------------

  No Partitions were found in this design.

---------------------------


=========================================================================
Timing Report

NOTE: THESE TIMING NUMBERS ARE ONLY A SYNTHESIS ESTIMATE.
      FOR ACCURATE TIMING INFORMATION PLEASE REFER TO THE TRACE REPORT
      GENERATED AFTER PLACE-and-ROUTE.

Clock Information:
------------------
--------------------------------------------------------+------------------------+-------+
Clock Signal                                            | Clock buffer(FF name)  | Load  |
--------------------------------------------------------+------------------------+-------+
CLK                                                     | BUFGP                  | 108   |
BOTON_PRES                                              | NONE(UP_OR_DOWN)       | 1     |
SIETE_SEG_7_OBUF(Mmux_CONTADOR[3]_PWR_3_o_Mux_104_o11:O)| NONE(*)(LEDS_R_7)      | 24    |
PIEZO_PRES                                              | NONE(CONTADOR_1)       | 4     |
--------------------------------------------------------+------------------------+-------+
(*) This 1 clock signal(s) are generated by combinatorial logic,
and XST is not able to identify which are the primary clock signals.
Please use the CLOCK_SIGNAL constraint to specify the clock signal(s) generated by combinatorial logic.
INFO:Xst:2169 - HDL ADVISOR - Some clock signals were not automatically buffered by XST with BUFG/BUFR resources. Please use the buffer_type constraint in order to insert these buffers to the clock signals to help prevent skew problems.

Asynchronous Control Signals Information:
----------------------------------------
No asynchronous control signals found in this design

Timing Summary:
---------------
Speed Grade: -2

   Minimum period: 4.760ns (Maximum Frequency: 210.084MHz)
   Minimum input arrival time before clock: 3.748ns
   Maximum output required time after clock: 6.496ns
   Maximum combinational path delay: No path found

Timing Details:
---------------
All values displayed in nanoseconds (ns)

=========================================================================
Timing constraint: Default period analysis for Clock 'BOTON_PRES'
  Clock period: 2.478ns (frequency: 403.551MHz)
  Total number of paths / destination ports: 1 / 1
-------------------------------------------------------------------------
Delay:               2.478ns (Levels of Logic = 1)
  Source:            UP_OR_DOWN (FF)
  Destination:       UP_OR_DOWN (FF)
  Source Clock:      BOTON_PRES rising
  Destination Clock: BOTON_PRES rising

  Data Path: UP_OR_DOWN to UP_OR_DOWN
                                Gate     Net
    Cell:in->out      fanout   Delay   Delay  Logical Name (Net Name)
    ----------------------------------------  ------------
     FD:C->Q               8   0.525   0.943  UP_OR_DOWN (UP_OR_DOWN)
     INV:I->O              1   0.255   0.681  GND_1_o_GND_1_o_equal_46_o1_INV_0 (GND_1_o_GND_1_o_equal_46_o)
     FD:D                      0.074          UP_OR_DOWN
    ----------------------------------------
    Total                      2.478ns (0.854ns logic, 1.624ns route)
                                       (34.5% logic, 65.5% route)

=========================================================================
Timing constraint: Default period analysis for Clock 'PIEZO_PRES'
  Clock period: 2.435ns (frequency: 410.678MHz)
  Total number of paths / destination ports: 10 / 4
-------------------------------------------------------------------------
Delay:               2.435ns (Levels of Logic = 1)
  Source:            CONTADOR_3 (FF)
  Destination:       CONTADOR_3 (FF)
  Source Clock:      PIEZO_PRES rising
  Destination Clock: PIEZO_PRES rising

  Data Path: CONTADOR_3 to CONTADOR_3
                                Gate     Net
    Cell:in->out      fanout   Delay   Delay  Logical Name (Net Name)
    ----------------------------------------  ------------
     FDR:C->Q             14   0.525   1.582  CONTADOR_3 (CONTADOR_3)
     LUT6:I0->O            1   0.254   0.000  CONTADOR_3_glue_set (CONTADOR_3_glue_set)
     FDR:D                     0.074          CONTADOR_3
    ----------------------------------------
    Total                      2.435ns (0.853ns logic, 1.582ns route)
                                       (35.0% logic, 65.0% route)

=========================================================================
Timing constraint: Default period analysis for Clock 'CLK'
  Clock period: 4.760ns (frequency: 210.084MHz)
  Total number of paths / destination ports: 3175 / 107
-------------------------------------------------------------------------
Delay:               4.760ns (Levels of Logic = 3)
  Source:            CONT_DELAY_18 (FF)
  Destination:       CONT_DELAY_0 (FF)
  Source Clock:      CLK rising
  Destination Clock: CLK rising

  Data Path: CONT_DELAY_18 to CONT_DELAY_0
                                Gate     Net
    Cell:in->out      fanout   Delay   Delay  Logical Name (Net Name)
    ----------------------------------------  ------------
     FD:C->Q               3   0.525   1.221  CONT_DELAY_18 (CONT_DELAY_18)
     LUT6:I0->O            4   0.254   1.080  CONT_DELAY[23]_PWR_1_o_equal_44_o<23>1 (CONT_DELAY[23]_PWR_1_o_equal_44_o<23>)
     LUT5:I1->O           13   0.254   1.098  _n01891 (_n0189)
     LUT4:I3->O            1   0.254   0.000  CONT_DELAY_0_rstpot (CONT_DELAY_0_rstpot)
     FD:D                      0.074          CONT_DELAY_0
    ----------------------------------------
    Total                      4.760ns (1.361ns logic, 3.399ns route)
                                       (28.6% logic, 71.4% route)

=========================================================================
Timing constraint: Default OFFSET IN BEFORE for Clock 'CLK'
  Total number of paths / destination ports: 4 / 4
-------------------------------------------------------------------------
Offset:              3.748ns (Levels of Logic = 3)
  Source:            UP_DOWN (PAD)
  Destination:       BOTON_PRES (FF)
  Destination Clock: CLK rising

  Data Path: UP_DOWN to BOTON_PRES
                                Gate     Net
    Cell:in->out      fanout   Delay   Delay  Logical Name (Net Name)
    ----------------------------------------  ------------
     IBUF:I->O             2   1.328   0.726  UP_DOWN_IBUF (UP_DOWN_IBUF)
     LUT3:I2->O            1   0.254   1.112  _n0197_inv25_SW0 (N2)
     LUT6:I1->O            1   0.254   0.000  BOTON_PRES_rstpot (BOTON_PRES_rstpot)
     FD:D                      0.074          BOTON_PRES
    ----------------------------------------
    Total                      3.748ns (1.910ns logic, 1.838ns route)
                                       (51.0% logic, 49.0% route)

=========================================================================
Timing constraint: Default OFFSET OUT AFTER for Clock 'PIEZO_PRES'
  Total number of paths / destination ports: 34 / 9
-------------------------------------------------------------------------
Offset:              6.496ns (Levels of Logic = 2)
  Source:            CONTADOR_3 (FF)
  Destination:       SIETE_SEG<7> (PAD)
  Source Clock:      PIEZO_PRES rising

  Data Path: CONTADOR_3 to SIETE_SEG<7>
                                Gate     Net
    Cell:in->out      fanout   Delay   Delay  Logical Name (Net Name)
    ----------------------------------------  ------------
     FDR:C->Q             14   0.525   1.403  CONTADOR_3 (CONTADOR_3)
     LUT4:I0->O           25   0.254   1.402  Mmux_CONTADOR[3]_PWR_3_o_Mux_104_o11 (SIETE_SEG_7_OBUF)
     OBUF:I->O                 2.912          SIETE_SEG_7_OBUF (SIETE_SEG<7>)
    ----------------------------------------
    Total                      6.496ns (3.691ns logic, 2.805ns route)
                                       (56.8% logic, 43.2% route)

=========================================================================
Timing constraint: Default OFFSET OUT AFTER for Clock 'CLK'
  Total number of paths / destination ports: 10 / 10
-------------------------------------------------------------------------
Offset:              6.101ns (Levels of Logic = 2)
  Source:            CONTADOR_DISP (FF)
  Destination:       SIETE_SEG<7> (PAD)
  Source Clock:      CLK rising

  Data Path: CONTADOR_DISP to SIETE_SEG<7>
                                Gate     Net
    Cell:in->out      fanout   Delay   Delay  Logical Name (Net Name)
    ----------------------------------------  ------------
     FD:C->Q              10   0.525   1.008  CONTADOR_DISP (CONTADOR_DISP)
     LUT4:I3->O           25   0.254   1.402  Mmux_CONTADOR[3]_PWR_3_o_Mux_104_o11 (SIETE_SEG_7_OBUF)
     OBUF:I->O                 2.912          SIETE_SEG_7_OBUF (SIETE_SEG<7>)
    ----------------------------------------
    Total                      6.101ns (3.691ns logic, 2.410ns route)
                                       (60.5% logic, 39.5% route)

=========================================================================
Timing constraint: Default OFFSET OUT AFTER for Clock 'SIETE_SEG_7_OBUF'
  Total number of paths / destination ports: 24 / 24
-------------------------------------------------------------------------
Offset:              4.174ns (Levels of Logic = 1)
  Source:            LEDS_R_7_1 (LATCH)
  Destination:       LEDS_R<7> (PAD)
  Source Clock:      SIETE_SEG_7_OBUF falling

  Data Path: LEDS_R_7_1 to LEDS_R<7>
                                Gate     Net
    Cell:in->out      fanout   Delay   Delay  Logical Name (Net Name)
    ----------------------------------------  ------------
     LD:G->Q               1   0.581   0.681  LEDS_R_7_1 (LEDS_R_7_1)
     OBUF:I->O                 2.912          LEDS_R_7_OBUF (LEDS_R<7>)
    ----------------------------------------
    Total                      4.174ns (3.493ns logic, 0.681ns route)
                                       (83.7% logic, 16.3% route)

=========================================================================

Cross Clock Domains Report:
--------------------------

Clock to Setup on destination clock BOTON_PRES
---------------+---------+---------+---------+---------+
               | Src:Rise| Src:Fall| Src:Rise| Src:Fall|
Source Clock   |Dest:Rise|Dest:Rise|Dest:Fall|Dest:Fall|
---------------+---------+---------+---------+---------+
BOTON_PRES     |    2.478|         |         |         |
---------------+---------+---------+---------+---------+

Clock to Setup on destination clock CLK
---------------+---------+---------+---------+---------+
               | Src:Rise| Src:Fall| Src:Rise| Src:Fall|
Source Clock   |Dest:Rise|Dest:Rise|Dest:Fall|Dest:Fall|
---------------+---------+---------+---------+---------+
BOTON_PRES     |    3.397|         |    1.759|         |
CLK            |    4.760|         |         |         |
PIEZO_PRES     |         |         |    2.427|         |
---------------+---------+---------+---------+---------+

Clock to Setup on destination clock PIEZO_PRES
---------------+---------+---------+---------+---------+
               | Src:Rise| Src:Fall| Src:Rise| Src:Fall|
Source Clock   |Dest:Rise|Dest:Rise|Dest:Fall|Dest:Fall|
---------------+---------+---------+---------+---------+
BOTON_PRES     |    3.011|         |         |         |
CLK            |         |    2.860|         |         |
PIEZO_PRES     |    2.435|         |         |         |
---------------+---------+---------+---------+---------+

Clock to Setup on destination clock SIETE_SEG_7_OBUF
---------------+---------+---------+---------+---------+
               | Src:Rise| Src:Fall| Src:Rise| Src:Fall|
Source Clock   |Dest:Rise|Dest:Rise|Dest:Fall|Dest:Fall|
---------------+---------+---------+---------+---------+
PIEZO_PRES     |         |         |    2.273|         |
---------------+---------+---------+---------+---------+

=========================================================================


Total REAL time to Xst completion: 34.00 secs
Total CPU time to Xst completion: 29.39 secs
 
--> 


Total memory usage is 386640 kilobytes

Number of errors   :    0 (   0 filtered)
Number of warnings :    4 (   0 filtered)
Number of infos    :    2 (   0 filtered)

