Release 14.7 - xst P.20131013 (nt64)
Copyright (c) 1995-2013 Xilinx, Inc.  All rights reserved.
--> Parameter TMPDIR set to xst/projnav.tmp


Total REAL time to Xst completion: 0.00 secs
Total CPU time to Xst completion: 0.14 secs
 
--> Parameter xsthdpdir set to xst


Total REAL time to Xst completion: 0.00 secs
Total CPU time to Xst completion: 0.15 secs
 
--> Reading design: MCP4725.prj

TABLE OF CONTENTS
  1) Synthesis Options Summary
  2) HDL Parsing
  3) HDL Elaboration
  4) HDL Synthesis
       4.1) HDL Synthesis Report
  5) Advanced HDL Synthesis
       5.1) Advanced HDL Synthesis Report
  6) Low Level Synthesis
  7) Partition Report
  8) Design Summary
       8.1) Primitive and Black Box Usage
       8.2) Device utilization summary
       8.3) Partition Resource Summary
       8.4) Timing Report
            8.4.1) Clock Information
            8.4.2) Asynchronous Control Signals Information
            8.4.3) Timing Summary
            8.4.4) Timing Details
            8.4.5) Cross Clock Domains Report


=========================================================================
*                      Synthesis Options Summary                        *
=========================================================================
---- Source Parameters
Input File Name                    : "MCP4725.prj"
Ignore Synthesis Constraint File   : NO

---- Target Parameters
Output File Name                   : "MCP4725"
Output Format                      : NGC
Target Device                      : xc6slx9-2-csg225

---- Source Options
Top Module Name                    : MCP4725
Automatic FSM Extraction           : YES
FSM Encoding Algorithm             : Auto
Safe Implementation                : No
FSM Style                          : LUT
RAM Extraction                     : Yes
RAM Style                          : Auto
ROM Extraction                     : Yes
Shift Register Extraction          : YES
ROM Style                          : Auto
Resource Sharing                   : YES
Asynchronous To Synchronous        : NO
Shift Register Minimum Size        : 2
Use DSP Block                      : Auto
Automatic Register Balancing       : No

---- Target Options
LUT Combining                      : Auto
Reduce Control Sets                : Auto
Add IO Buffers                     : YES
Global Maximum Fanout              : 100000
Add Generic Clock Buffer(BUFG)     : 16
Register Duplication               : YES
Optimize Instantiated Primitives   : NO
Use Clock Enable                   : Auto
Use Synchronous Set                : Auto
Use Synchronous Reset              : Auto
Pack IO Registers into IOBs        : Auto
Equivalent register Removal        : YES

---- General Options
Optimization Goal                  : Speed
Optimization Effort                : 1
Power Reduction                    : NO
Keep Hierarchy                     : No
Netlist Hierarchy                  : As_Optimized
RTL Output                         : Yes
Global Optimization                : AllClockNets
Read Cores                         : YES
Write Timing Constraints           : NO
Cross Clock Analysis               : NO
Hierarchy Separator                : /
Bus Delimiter                      : <>
Case Specifier                     : Maintain
Slice Utilization Ratio            : 100
BRAM Utilization Ratio             : 100
DSP48 Utilization Ratio            : 100
Auto BRAM Packing                  : NO
Slice Utilization Ratio Delta      : 5

=========================================================================


=========================================================================
*                          HDL Parsing                                  *
=========================================================================
Analyzing Verilog file "C:\Users\saulc\Documents\DispLogicosISE\P4\MCP4725_DAC\MCP4725.v" into library work
Parsing module <MCP4725>.

=========================================================================
*                            HDL Elaboration                            *
=========================================================================

Elaborating module <MCP4725>.

=========================================================================
*                           HDL Synthesis                               *
=========================================================================

Synthesizing Unit <MCP4725>.
    Related source file is "C:\Users\saulc\Documents\DispLogicosISE\P4\MCP4725_DAC\MCP4725.v".
        byteInicio = 8'b11000000
        ACK = 1'bz
    Found 8-bit register for signal <contadorDATA>.
    Found 12-bit register for signal <DATA>.
    Found 5-bit register for signal <cont_1MHz>.
    Found 4-bit register for signal <cont_pulsos>.
    Found 1-bit register for signal <SCL>.
    Found 1-bit register for signal <cambioLOW>.
    Found 1-bit register for signal <cambioHIGH>.
    Found 5-bit register for signal <estado>.
    Found 2-bit register for signal <prevext>.
    Found 8-bit adder for signal <contadorDATA[7]_GND_1_o_add_3_OUT> created at line 30.
    Found 4-bit adder for signal <cont_pulsos[3]_GND_1_o_add_13_OUT> created at line 304.
    Found 5-bit adder for signal <cont_1MHz[4]_GND_1_o_add_19_OUT> created at line 319.
    Found 5-bit adder for signal <estado[4]_GND_1_o_add_26_OUT> created at line 329.
    Found 32x1-bit Read Only RAM for signal <estado[4]_PWR_3_o_Mux_31_o>
WARNING:Xst:737 - Found 1-bit latch for signal <estado[4]_estado[4]_DLATCH_1_q>. Latches may be generated from incomplete case or if statements. We do not recommend the use of latches in FPGA/CPLD designs, as they may lead to timing problems.
WARNING:Xst:737 - Found 1-bit latch for signal <estado[4]_estado[4]_DLATCH_2_q>. Latches may be generated from incomplete case or if statements. We do not recommend the use of latches in FPGA/CPLD designs, as they may lead to timing problems.
    Found 1-bit tristate buffer for signal <SDA> created at line 337
    Summary:
	inferred   1 RAM(s).
	inferred   4 Adder/Subtractor(s).
	inferred  39 D-type flip-flop(s).
	inferred   2 Latch(s).
	inferred 143 Multiplexer(s).
	inferred   1 Tristate(s).
Unit <MCP4725> synthesized.

=========================================================================
HDL Synthesis Report

Macro Statistics
# RAMs                                                 : 1
 32x1-bit single-port Read Only RAM                    : 1
# Adders/Subtractors                                   : 4
 4-bit adder                                           : 1
 5-bit adder                                           : 2
 8-bit adder                                           : 1
# Registers                                            : 9
 1-bit register                                        : 3
 12-bit register                                       : 1
 2-bit register                                        : 1
 4-bit register                                        : 1
 5-bit register                                        : 2
 8-bit register                                        : 1
# Latches                                              : 2
 1-bit latch                                           : 2
# Multiplexers                                         : 143
 1-bit 2-to-1 multiplexer                              : 26
 12-bit 2-to-1 multiplexer                             : 117
# Tristates                                            : 1
 1-bit tristate buffer                                 : 1

=========================================================================

=========================================================================
*                       Advanced HDL Synthesis                          *
=========================================================================


Synthesizing (advanced) Unit <MCP4725>.
The following registers are absorbed into counter <cont_1MHz>: 1 register on signal <cont_1MHz>.
The following registers are absorbed into counter <contadorDATA>: 1 register on signal <contadorDATA>.
The following registers are absorbed into counter <cont_pulsos>: 1 register on signal <cont_pulsos>.
The following registers are absorbed into counter <estado>: 1 register on signal <estado>.
INFO:Xst:3218 - HDL ADVISOR - The RAM <Mram_estado[4]_PWR_3_o_Mux_31_o> will be implemented on LUTs either because you have described an asynchronous read or because of currently unsupported block RAM features. If you have described an asynchronous read, making it synchronous would allow you to take advantage of available block RAM resources, for optimized device usage and improved timings. Please refer to your documentation for coding guidelines.
    -----------------------------------------------------------------------
    | ram_type           | Distributed                         |          |
    -----------------------------------------------------------------------
    | Port A                                                              |
    |     aspect ratio   | 32-word x 1-bit                     |          |
    |     weA            | connected to signal <GND>           | high     |
    |     addrA          | connected to signal <estado>        |          |
    |     diA            | connected to signal <GND>           |          |
    |     doA            | connected to internal node          |          |
    -----------------------------------------------------------------------
Unit <MCP4725> synthesized (advanced).

=========================================================================
Advanced HDL Synthesis Report

Macro Statistics
# RAMs                                                 : 1
 32x1-bit single-port distributed Read Only RAM        : 1
# Counters                                             : 4
 4-bit up counter                                      : 1
 5-bit up counter                                      : 2
 8-bit up counter                                      : 1
# Registers                                            : 17
 Flip-Flops                                            : 17
# Multiplexers                                         : 143
 1-bit 2-to-1 multiplexer                              : 26
 12-bit 2-to-1 multiplexer                             : 117

=========================================================================

=========================================================================
*                         Low Level Synthesis                           *
=========================================================================

Optimizing unit <MCP4725> ...
WARNING:Xst:1293 - FF/Latch <cont_1MHz_4> has a constant value of 0 in block <MCP4725>. This FF/Latch will be trimmed during the optimization process.

Mapping all equations...
Building and optimizing final netlist ...
Found area constraint ratio of 100 (+ 5) on block MCP4725, actual ratio is 6.
FlipFlop contadorDATA_0 has been replicated 1 time(s)
FlipFlop contadorDATA_1 has been replicated 1 time(s)
FlipFlop contadorDATA_2 has been replicated 1 time(s)
FlipFlop contadorDATA_3 has been replicated 1 time(s)
FlipFlop contadorDATA_4 has been replicated 2 time(s)
FlipFlop contadorDATA_5 has been replicated 1 time(s)
FlipFlop contadorDATA_6 has been replicated 3 time(s)
FlipFlop contadorDATA_7 has been replicated 3 time(s)

Final Macro Processing ...

=========================================================================
Final Register Report

Macro Statistics
# Registers                                            : 51
 Flip-Flops                                            : 51

=========================================================================

=========================================================================
*                           Partition Report                            *
=========================================================================

Partition Implementation Status
-------------------------------

  No Partitions were found in this design.

-------------------------------

=========================================================================
*                            Design Summary                             *
=========================================================================

Top Level Output File Name         : MCP4725.ngc

Primitive and Black Box Usage:
------------------------------
# BELS                             : 258
#      GND                         : 1
#      INV                         : 6
#      LUT1                        : 7
#      LUT2                        : 11
#      LUT3                        : 19
#      LUT4                        : 15
#      LUT5                        : 48
#      LUT6                        : 97
#      MUXCY                       : 7
#      MUXF7                       : 38
#      VCC                         : 1
#      XORCY                       : 8
# FlipFlops/Latches                : 53
#      FD                          : 23
#      FDE                         : 15
#      FDR                         : 9
#      FDRE                        : 4
#      LD                          : 2
# Clock Buffers                    : 1
#      BUFGP                       : 1
# IO Buffers                       : 3
#      IBUF                        : 1
#      OBUF                        : 1
#      OBUFT                       : 1

Device utilization summary:
---------------------------

Selected Device : 6slx9csg225-2 


Slice Logic Utilization: 
 Number of Slice Registers:              52  out of  11440     0%  
 Number of Slice LUTs:                  203  out of   5720     3%  
    Number used as Logic:               203  out of   5720     3%  

Slice Logic Distribution: 
 Number of LUT Flip Flop pairs used:    206
   Number with an unused Flip Flop:     154  out of    206    74%  
   Number with an unused LUT:             3  out of    206     1%  
   Number of fully used LUT-FF pairs:    49  out of    206    23%  
   Number of unique control sets:         9

IO Utilization: 
 Number of IOs:                           4
 Number of bonded IOBs:                   4  out of    160     2%  
    IOB Flip Flops/Latches:               1

Specific Feature Utilization:
 Number of BUFG/BUFGCTRLs:                1  out of     16     6%  

---------------------------
Partition Resource Summary:
---------------------------

  No Partitions were found in this design.

---------------------------


=========================================================================
Timing Report

NOTE: THESE TIMING NUMBERS ARE ONLY A SYNTHESIS ESTIMATE.
      FOR ACCURATE TIMING INFORMATION PLEASE REFER TO THE TRACE REPORT
      GENERATED AFTER PLACE-and-ROUTE.

Clock Information:
------------------
--------------------------------------------------------------+----------------------------------------+-------+
Clock Signal                                                  | Clock buffer(FF name)                  | Load  |
--------------------------------------------------------------+----------------------------------------+-------+
clk                                                           | BUFGP                                  | 46    |
estado[4]_GND_2_o_Mux_30_o(Mmux_estado[4]_GND_2_o_Mux_30_o1:O)| NONE(*)(estado[4]_estado[4]_DLATCH_2_q)| 2     |
frec_200kHz                                                   | NONE(estado_0)                         | 5     |
--------------------------------------------------------------+----------------------------------------+-------+
(*) This 1 clock signal(s) are generated by combinatorial logic,
and XST is not able to identify which are the primary clock signals.
Please use the CLOCK_SIGNAL constraint to specify the clock signal(s) generated by combinatorial logic.
INFO:Xst:2169 - HDL ADVISOR - Some clock signals were not automatically buffered by XST with BUFG/BUFR resources. Please use the buffer_type constraint in order to insert these buffers to the clock signals to help prevent skew problems.

Asynchronous Control Signals Information:
----------------------------------------
No asynchronous control signals found in this design

Timing Summary:
---------------
Speed Grade: -2

   Minimum period: 5.977ns (Maximum Frequency: 167.304MHz)
   Minimum input arrival time before clock: 2.083ns
   Maximum output required time after clock: 5.110ns
   Maximum combinational path delay: No path found

Timing Details:
---------------
All values displayed in nanoseconds (ns)

=========================================================================
Timing constraint: Default period analysis for Clock 'clk'
  Clock period: 5.977ns (frequency: 167.304MHz)
  Total number of paths / destination ports: 1303 / 72
-------------------------------------------------------------------------
Delay:               5.977ns (Levels of Logic = 3)
  Source:            contadorDATA_3 (FF)
  Destination:       contadorDATA_6 (FF)
  Source Clock:      clk rising
  Destination Clock: clk rising

  Data Path: contadorDATA_3 to contadorDATA_6
                                Gate     Net
    Cell:in->out      fanout   Delay   Delay  Logical Name (Net Name)
    ----------------------------------------  ------------
     FD:C->Q              91   0.525   2.247  contadorDATA_3 (contadorDATA_3)
     LUT3:I1->O            1   0.250   0.682  Mmux_contadorDATA[7]_DATA[11]_wide_mux_9_OUT3131 (Mmux_contadorDATA[7]_DATA[11]_wide_mux_9_OUT313)
     LUT6:I5->O           19   0.254   1.691  _n00651 (_n0065)
     LUT5:I0->O            1   0.254   0.000  contadorDATA_6_rstpot (contadorDATA_6_rstpot)
     FD:D                      0.074          contadorDATA_6
    ----------------------------------------
    Total                      5.977ns (1.357ns logic, 4.620ns route)
                                       (22.7% logic, 77.3% route)

=========================================================================
Timing constraint: Default period analysis for Clock 'frec_200kHz'
  Clock period: 3.606ns (frequency: 277.316MHz)
  Total number of paths / destination ports: 40 / 10
-------------------------------------------------------------------------
Delay:               3.606ns (Levels of Logic = 1)
  Source:            estado_0 (FF)
  Destination:       estado_0 (FF)
  Source Clock:      frec_200kHz rising
  Destination Clock: frec_200kHz rising

  Data Path: estado_0 to estado_0
                                Gate     Net
    Cell:in->out      fanout   Delay   Delay  Logical Name (Net Name)
    ----------------------------------------  ------------
     FDR:C->Q             13   0.525   1.528  estado_0 (estado_0)
     LUT5:I0->O            5   0.254   0.840  estado[4]_PWR_1_o_equal_26_o<4>1 (estado[4]_PWR_1_o_equal_26_o)
     FDR:R                     0.459          estado_0
    ----------------------------------------
    Total                      3.606ns (1.238ns logic, 2.368ns route)
                                       (34.3% logic, 65.7% route)

=========================================================================
Timing constraint: Default OFFSET IN BEFORE for Clock 'clk'
  Total number of paths / destination ports: 1 / 1
-------------------------------------------------------------------------
Offset:              2.083ns (Levels of Logic = 1)
  Source:            ext (PAD)
  Destination:       prevext_0 (FF)
  Destination Clock: clk rising

  Data Path: ext to prevext_0
                                Gate     Net
    Cell:in->out      fanout   Delay   Delay  Logical Name (Net Name)
    ----------------------------------------  ------------
     IBUF:I->O             1   1.328   0.681  ext_IBUF (ext_IBUF)
     FD:D                      0.074          prevext_0
    ----------------------------------------
    Total                      2.083ns (1.402ns logic, 0.681ns route)
                                       (67.3% logic, 32.7% route)

=========================================================================
Timing constraint: Default OFFSET OUT AFTER for Clock 'estado[4]_GND_2_o_Mux_30_o'
  Total number of paths / destination ports: 2 / 1
-------------------------------------------------------------------------
Offset:              5.110ns (Levels of Logic = 2)
  Source:            estado[4]_estado[4]_DLATCH_2_q (LATCH)
  Destination:       SDA (PAD)
  Source Clock:      estado[4]_GND_2_o_Mux_30_o falling

  Data Path: estado[4]_estado[4]_DLATCH_2_q to SDA
                                Gate     Net
    Cell:in->out      fanout   Delay   Delay  Logical Name (Net Name)
    ----------------------------------------  ------------
     LD:G->Q               1   0.581   0.681  estado[4]_estado[4]_DLATCH_2_q (estado[4]_estado[4]_DLATCH_2_q)
     INV:I->O              1   0.255   0.681  estado[4]_estado[4]_DLATCH_2_q_inv1_INV_0 (estado[4]_estado[4]_DLATCH_2_q_inv)
     OBUFT:T->O                2.912          SDA_OBUFT (SDA)
    ----------------------------------------
    Total                      5.110ns (3.748ns logic, 1.362ns route)
                                       (73.3% logic, 26.7% route)

=========================================================================
Timing constraint: Default OFFSET OUT AFTER for Clock 'clk'
  Total number of paths / destination ports: 1 / 1
-------------------------------------------------------------------------
Offset:              4.312ns (Levels of Logic = 1)
  Source:            frec_200kHz (FF)
  Destination:       SCL (PAD)
  Source Clock:      clk rising

  Data Path: frec_200kHz to SCL
                                Gate     Net
    Cell:in->out      fanout   Delay   Delay  Logical Name (Net Name)
    ----------------------------------------  ------------
     FDE:C->Q              6   0.525   0.875  frec_200kHz (frec_200kHz)
     OBUF:I->O                 2.912          SCL_OBUF (SCL)
    ----------------------------------------
    Total                      4.312ns (3.437ns logic, 0.875ns route)
                                       (79.7% logic, 20.3% route)

=========================================================================

Cross Clock Domains Report:
--------------------------

Clock to Setup on destination clock clk
---------------+---------+---------+---------+---------+
               | Src:Rise| Src:Fall| Src:Rise| Src:Fall|
Source Clock   |Dest:Rise|Dest:Rise|Dest:Fall|Dest:Fall|
---------------+---------+---------+---------+---------+
clk            |    5.977|         |         |         |
---------------+---------+---------+---------+---------+

Clock to Setup on destination clock estado[4]_GND_2_o_Mux_30_o
---------------+---------+---------+---------+---------+
               | Src:Rise| Src:Fall| Src:Rise| Src:Fall|
Source Clock   |Dest:Rise|Dest:Rise|Dest:Fall|Dest:Fall|
---------------+---------+---------+---------+---------+
clk            |         |         |    3.314|         |
frec_200kHz    |         |         |    3.909|         |
---------------+---------+---------+---------+---------+

Clock to Setup on destination clock frec_200kHz
---------------+---------+---------+---------+---------+
               | Src:Rise| Src:Fall| Src:Rise| Src:Fall|
Source Clock   |Dest:Rise|Dest:Rise|Dest:Fall|Dest:Fall|
---------------+---------+---------+---------+---------+
frec_200kHz    |    3.606|         |         |         |
---------------+---------+---------+---------+---------+

=========================================================================


Total REAL time to Xst completion: 9.00 secs
Total CPU time to Xst completion: 9.24 secs
 
--> 

Total memory usage is 4502444 kilobytes

Number of errors   :    0 (   0 filtered)
Number of warnings :    3 (   0 filtered)
Number of infos    :    2 (   0 filtered)

