ISim log file
Running: C:\Users\saulc\Documents\DispLogicosISE\P4\ECG\MCP4725_isim_beh.exe -intstyle ise -gui -tclbatch isim.cmd -wdb C:/Users/saulc/Documents/DispLogicosISE/P4/ECG/MCP4725_isim_beh.wdb 
ISim P.20131013 (signature 0x7708f090)
WARNING: A WEBPACK license was found.
WARNING: Please use Xilinx License Configuration Manager to check out a full ISim license.
WARNING: ISim will run in Lite mode. Please refer to the ISim documentation for more information on the differences between the Lite and the Full version.
This is a Lite version of ISim.
Time resolution is 1 ps
# onerror resume
# wave add /
# run 1000 ns
Simulator is doing circuit initialization process.
Finished circuit initialization process.
# restart
# isim force add /MCP4725/clk 0 -radix bin -value 1 -radix bin -time 10 ns -repeat 20 ns
# isim force add /MCP4725/data 000000000000 -radix bin
# isim force add /MCP4725/estado 00000 -radix bin
# isim force add /MCP4725/futuro 00000 -radix bin
# run 100.00us
Simulator is doing circuit initialization process.
Finished circuit initialization process.
# restart
# run 100.00us
Simulator is doing circuit initialization process.
Finished circuit initialization process.
# restart
# isim force add /MCP4725/clk 0 -radix bin -value 1 -radix bin -time 10 ns -repeat 20 ns
# isim force add /MCP4725/data 000000000000 -radix bin
# isim force add /MCP4725/holdSDL 0 -radix bin
# isim force remove /MCP4725/holdSDL
# run 100.00us
Simulator is doing circuit initialization process.
Finished circuit initialization process.
# isim force add /MCP4725/frec 0 -radix bin
# isim force add /MCP4725/holdSDL 0 -radix bin
# run 100.00us
# run 100.00us
# run 100.00us
# run 100.00us
# run 100.00us
# run 100.00us
# run 100.00us
# run 100.00us
# run 100.00us
# run 100.00us
# run 100.00us
# run 100.00us
# run 100.00us
# run 100.00us
# run 100.00us
# run 100.00us
# run 100.00us
# run 100.00us
# run 100.00us
# run 100.00us
# run 100.00us
