Release 14.7 - xst P.20131013 (nt64)
Copyright (c) 1995-2013 Xilinx, Inc.  All rights reserved.
--> Parameter TMPDIR set to xst/projnav.tmp


Total REAL time to Xst completion: 0.00 secs
Total CPU time to Xst completion: 0.36 secs
 
--> Parameter xsthdpdir set to xst


Total REAL time to Xst completion: 0.00 secs
Total CPU time to Xst completion: 0.36 secs
 
--> Reading design: ALU_top.prj

TABLE OF CONTENTS
  1) Synthesis Options Summary
  2) HDL Parsing
  3) HDL Elaboration
  4) HDL Synthesis
       4.1) HDL Synthesis Report
  5) Advanced HDL Synthesis
       5.1) Advanced HDL Synthesis Report
  6) Low Level Synthesis
  7) Partition Report
  8) Design Summary
       8.1) Primitive and Black Box Usage
       8.2) Device utilization summary
       8.3) Partition Resource Summary
       8.4) Timing Report
            8.4.1) Clock Information
            8.4.2) Asynchronous Control Signals Information
            8.4.3) Timing Summary
            8.4.4) Timing Details
            8.4.5) Cross Clock Domains Report


=========================================================================
*                      Synthesis Options Summary                        *
=========================================================================
---- Source Parameters
Input File Name                    : "ALU_top.prj"
Ignore Synthesis Constraint File   : NO

---- Target Parameters
Output File Name                   : "ALU_top"
Output Format                      : NGC
Target Device                      : xc6slx9-2-csg225

---- Source Options
Top Module Name                    : ALU_top
Automatic FSM Extraction           : YES
FSM Encoding Algorithm             : Auto
Safe Implementation                : No
FSM Style                          : LUT
RAM Extraction                     : Yes
RAM Style                          : Auto
ROM Extraction                     : Yes
Shift Register Extraction          : YES
ROM Style                          : Auto
Resource Sharing                   : YES
Asynchronous To Synchronous        : NO
Shift Register Minimum Size        : 2
Use DSP Block                      : Auto
Automatic Register Balancing       : No

---- Target Options
LUT Combining                      : Auto
Reduce Control Sets                : Auto
Add IO Buffers                     : YES
Global Maximum Fanout              : 100000
Add Generic Clock Buffer(BUFG)     : 16
Register Duplication               : YES
Optimize Instantiated Primitives   : NO
Use Clock Enable                   : Auto
Use Synchronous Set                : Auto
Use Synchronous Reset              : Auto
Pack IO Registers into IOBs        : Auto
Equivalent register Removal        : YES

---- General Options
Optimization Goal                  : Speed
Optimization Effort                : 1
Power Reduction                    : NO
Keep Hierarchy                     : No
Netlist Hierarchy                  : As_Optimized
RTL Output                         : Yes
Global Optimization                : AllClockNets
Read Cores                         : YES
Write Timing Constraints           : NO
Cross Clock Analysis               : NO
Hierarchy Separator                : /
Bus Delimiter                      : <>
Case Specifier                     : Maintain
Slice Utilization Ratio            : 100
BRAM Utilization Ratio             : 100
DSP48 Utilization Ratio            : 100
Auto BRAM Packing                  : NO
Slice Utilization Ratio Delta      : 5

=========================================================================


=========================================================================
*                          HDL Parsing                                  *
=========================================================================
Analyzing Verilog file "C:\Users\saulc\Documents\DispLogicosISE\P3\ALU_4BIT\encoderAB.v" into library work
Parsing module <encoderAB>.
Parsing VHDL file "C:\Users\saulc\Documents\DispLogicosISE\P3\ALU_4BIT\PROCESADOR_LCD_REVD.vhd" into library work
Parsing entity <PROCESADOR_LCD_REVD>.
Parsing architecture <Behavioral> of entity <procesador_lcd_revd>.
Parsing VHDL file "C:\Users\saulc\Documents\DispLogicosISE\P3\ALU_4BIT\COMANDOS_LCD_REVD.vhd" into library work
Parsing package <COMANDOS_LCD_REVD>.
Parsing package body <COMANDOS_LCD_REVD>.
Parsing VHDL file "C:\Users\saulc\Documents\DispLogicosISE\P3\ALU_4BIT\CARACTERES_ESPECIALES_REVD.vhd" into library work
Parsing entity <CARACTERES_ESPECIALES_REVD>.
Parsing architecture <Behavioral> of entity <caracteres_especiales_revd>.
Parsing VHDL file "C:\Users\saulc\Documents\DispLogicosISE\P3\ALU_4BIT\SRM.vhd" into library work
Parsing entity <SRM>.
Parsing architecture <A_SRM> of entity <srm>.
Parsing VHDL file "C:\Users\saulc\Documents\DispLogicosISE\P3\ALU_4BIT\SHIFT_ADD3.vhd" into library work
Parsing entity <SHIFT_ADD3>.
Parsing architecture <Behavioral> of entity <shift_add3>.
Parsing VHDL file "C:\Users\saulc\Documents\DispLogicosISE\P3\ALU_4BIT\LOGICAS.vhd" into library work
Parsing entity <LOGICAS>.
Parsing architecture <A_LOGICAS> of entity <logicas>.
Parsing VHDL file "C:\Users\saulc\Documents\DispLogicosISE\P3\ALU_4BIT\LIB_LCD_INTESC_REVD.vhd" into library work
Parsing entity <LIB_LCD_INTESC_REVD>.
Parsing architecture <Behavioral> of entity <lib_lcd_intesc_revd>.
Parsing VHDL file "C:\Users\saulc\Documents\DispLogicosISE\P3\ALU_4BIT\ALU_top.vhd" into library work
Parsing entity <ALU_top>.
Parsing architecture <A_ALU> of entity <alu_top>.

=========================================================================
*                            HDL Elaboration                            *
=========================================================================

Elaborating entity <ALU_top> (architecture <A_ALU>) from library <work>.
Going to verilog side to elaborate module \encoderAB\

Elaborating module <encoderAB>.
Back to vhdl to continue elaboration

Elaborating entity <SRM> (architecture <A_SRM>) from library <work>.

Elaborating entity <LOGICAS> (architecture <A_LOGICAS>) from library <work>.

Elaborating entity <SHIFT_ADD3> (architecture <Behavioral>) from library <work>.

Elaborating entity <LIB_LCD_INTESC_REVD> (architecture <Behavioral>) with generics from library <work>.

Elaborating entity <PROCESADOR_LCD_REVD> (architecture <Behavioral>) with generics from library <work>.

Elaborating entity <CARACTERES_ESPECIALES_REVD> (architecture <Behavioral>) from library <work>.
INFO:HDLCompiler:679 - "C:\Users\saulc\Documents\DispLogicosISE\P3\ALU_4BIT\LIB_LCD_INTESC_REVD.vhd" Line 367. Case statement is complete. others clause is never selected
WARNING:HDLCompiler:92 - "C:\Users\saulc\Documents\DispLogicosISE\P3\ALU_4BIT\LIB_LCD_INTESC_REVD.vhd" Line 369: signo should be on the sensitivity list of the process
INFO:HDLCompiler:679 - "C:\Users\saulc\Documents\DispLogicosISE\P3\ALU_4BIT\LIB_LCD_INTESC_REVD.vhd" Line 436. Case statement is complete. others clause is never selected
INFO:HDLCompiler:679 - "C:\Users\saulc\Documents\DispLogicosISE\P3\ALU_4BIT\LIB_LCD_INTESC_REVD.vhd" Line 460. Case statement is complete. others clause is never selected
INFO:HDLCompiler:679 - "C:\Users\saulc\Documents\DispLogicosISE\P3\ALU_4BIT\LIB_LCD_INTESC_REVD.vhd" Line 481. Case statement is complete. others clause is never selected

=========================================================================
*                           HDL Synthesis                               *
=========================================================================

Synthesizing Unit <ALU_top>.
    Related source file is "C:\Users\saulc\Documents\DispLogicosISE\P3\ALU_4BIT\ALU_top.vhd".
    Summary:
	no macro.
Unit <ALU_top> synthesized.

Synthesizing Unit <encoderAB>.
    Related source file is "C:\Users\saulc\Documents\DispLogicosISE\P3\ALU_4BIT\encoderAB.v".
WARNING:Xst:2935 - Signal 'LEDSW_R<6:3>', unconnected in block 'encoderAB', is tied to its initial value (0000).
WARNING:Xst:2935 - Signal 'LEDSW_G<6:3>', unconnected in block 'encoderAB', is tied to its initial value (0000).
WARNING:Xst:2935 - Signal 'LEDSW_B<6:3>', unconnected in block 'encoderAB', is tied to its initial value (0000).
    Found 4-bit register for signal <A>.
    Found 4-bit register for signal <B>.
    Found 21-bit register for signal <timer>.
    Found 1-bit register for signal <LEDSW_R<7>>.
    Found 1-bit register for signal <LEDSW_G<7>>.
    Found 1-bit register for signal <LEDSW_R<2>>.
    Found 1-bit register for signal <LEDSW_R<1>>.
    Found 1-bit register for signal <LEDSW_R<0>>.
    Found 1-bit register for signal <LEDSW_B<2>>.
    Found 1-bit register for signal <LEDSW_B<1>>.
    Found 1-bit register for signal <LEDSW_B<0>>.
    Found 4-bit register for signal <datos>.
    Found 4-bit subtractor for signal <A[3]_GND_7_o_sub_15_OUT> created at line 59.
    Found 4-bit subtractor for signal <B[3]_GND_7_o_sub_17_OUT> created at line 60.
    Found 4-bit adder for signal <A[3]_GND_7_o_add_7_OUT> created at line 54.
    Found 4-bit adder for signal <B[3]_GND_7_o_add_9_OUT> created at line 55.
    Found 21-bit adder for signal <timer[20]_GND_7_o_add_21_OUT> created at line 65.
    Found 4-bit 4-to-1 multiplexer for signal <ENCODER[1]_GND_7_o_wide_mux_2_OUT> created at line 45.
    WARNING:Xst:2404 -  FFs/Latches <LEDSW_B<7><0:0>> (without init value) have a constant value of 0 in block <encoderAB>.
    WARNING:Xst:2404 -  FFs/Latches <LEDSW_G<2><7:7>> (without init value) have a constant value of 0 in block <encoderAB>.
    WARNING:Xst:2404 -  FFs/Latches <LEDSW_G<1><2:2>> (without init value) have a constant value of 0 in block <encoderAB>.
    WARNING:Xst:2404 -  FFs/Latches <LEDSW_G<0><1:1>> (without init value) have a constant value of 0 in block <encoderAB>.
    Summary:
	inferred   3 Adder/Subtractor(s).
	inferred  41 D-type flip-flop(s).
	inferred   1 Multiplexer(s).
Unit <encoderAB> synthesized.

Synthesizing Unit <SRM>.
    Related source file is "C:\Users\saulc\Documents\DispLogicosISE\P3\ALU_4BIT\SRM.vhd".
    Found 8-bit adder for signal <GND_8_o_GND_8_o_add_1_OUT> created at line 30.
    Found 8-bit adder for signal <GND_8_o_GND_8_o_add_15_OUT> created at line 44.
    Found 8-bit adder for signal <GND_8_o_GND_8_o_add_21_OUT> created at line 44.
    Found 8-bit adder for signal <GND_8_o_GND_8_o_add_27_OUT> created at line 44.
    Found 8-bit adder for signal <GND_8_o_GND_8_o_add_33_OUT> created at line 44.
    Found 8-bit adder for signal <GND_8_o_GND_8_o_add_39_OUT> created at line 44.
    Found 8-bit adder for signal <GND_8_o_GND_8_o_add_45_OUT> created at line 44.
    Found 8-bit adder for signal <GND_8_o_GND_8_o_add_51_OUT> created at line 44.
    Found 8-bit adder for signal <GND_8_o_GND_8_o_add_57_OUT> created at line 44.
    Found 8-bit adder for signal <GND_8_o_GND_8_o_add_63_OUT> created at line 44.
    Found 8-bit adder for signal <GND_8_o_GND_8_o_add_69_OUT> created at line 44.
    Found 8-bit adder for signal <GND_8_o_GND_8_o_add_75_OUT> created at line 44.
    Found 8-bit adder for signal <GND_8_o_GND_8_o_add_81_OUT> created at line 44.
    Found 8-bit adder for signal <GND_8_o_GND_8_o_add_87_OUT> created at line 44.
    Found 4-bit subtractor for signal <GND_8_o_GND_8_o_sub_1_OUT<3:0>> created at line 27.
    Found 8-bit subtractor for signal <GND_8_o_GND_8_o_sub_4_OUT<7:0>> created at line 32.
    Found 8-bit subtractor for signal <GND_8_o_GND_8_o_sub_5_OUT<7:0>> created at line 33.
    Found 4-bit subtractor for signal <GND_8_o_GND_8_o_sub_10_OUT<3:0>> created at line 43.
    Found 4-bit subtractor for signal <GND_8_o_GND_8_o_sub_15_OUT<3:0>> created at line 43.
    Found 4-bit subtractor for signal <GND_8_o_GND_8_o_sub_21_OUT<3:0>> created at line 43.
    Found 4-bit subtractor for signal <GND_8_o_GND_8_o_sub_27_OUT<3:0>> created at line 43.
    Found 4-bit subtractor for signal <GND_8_o_GND_8_o_sub_33_OUT<3:0>> created at line 43.
    Found 4-bit subtractor for signal <GND_8_o_GND_8_o_sub_39_OUT<3:0>> created at line 43.
    Found 4-bit subtractor for signal <GND_8_o_GND_8_o_sub_45_OUT<3:0>> created at line 43.
    Found 4-bit subtractor for signal <GND_8_o_GND_8_o_sub_51_OUT<3:0>> created at line 43.
    Found 4-bit subtractor for signal <GND_8_o_GND_8_o_sub_57_OUT<3:0>> created at line 43.
    Found 4-bit subtractor for signal <GND_8_o_GND_8_o_sub_63_OUT<3:0>> created at line 43.
    Found 4-bit subtractor for signal <GND_8_o_GND_8_o_sub_69_OUT<3:0>> created at line 43.
    Found 4-bit subtractor for signal <GND_8_o_GND_8_o_sub_75_OUT<3:0>> created at line 43.
    Found 4-bit subtractor for signal <GND_8_o_GND_8_o_sub_81_OUT<3:0>> created at line 43.
    Found 4-bit subtractor for signal <GND_8_o_GND_8_o_sub_87_OUT<3:0>> created at line 43.
    Found 4x4-bit multiplier for signal <A[3]_B[3]_MuLt_6_OUT> created at line 35.
    Found 8-bit 5-to-1 multiplexer for signal <C> created at line 29.
    Found 4-bit comparator greater for signal <B[3]_INV_23_o> created at line 32
    Found 4-bit comparator lessequal for signal <n0009> created at line 42
    Found 4-bit comparator lessequal for signal <n0015> created at line 42
    Found 4-bit comparator lessequal for signal <n0022> created at line 42
    Found 4-bit comparator lessequal for signal <n0029> created at line 42
    Found 4-bit comparator lessequal for signal <n0036> created at line 42
    Found 4-bit comparator lessequal for signal <n0043> created at line 42
    Found 4-bit comparator lessequal for signal <n0050> created at line 42
    Found 4-bit comparator lessequal for signal <n0057> created at line 42
    Found 4-bit comparator lessequal for signal <n0064> created at line 42
    Found 4-bit comparator lessequal for signal <n0071> created at line 42
    Found 4-bit comparator lessequal for signal <n0078> created at line 42
    Found 4-bit comparator lessequal for signal <n0085> created at line 42
    Found 4-bit comparator lessequal for signal <n0092> created at line 42
    Found 4-bit comparator lessequal for signal <n0099> created at line 42
    Found 4-bit comparator lessequal for signal <n0106> created at line 42
    Summary:
	inferred   1 Multiplier(s).
	inferred  31 Adder/Subtractor(s).
	inferred  16 Comparator(s).
	inferred  45 Multiplexer(s).
Unit <SRM> synthesized.

Synthesizing Unit <LOGICAS>.
    Related source file is "C:\Users\saulc\Documents\DispLogicosISE\P3\ALU_4BIT\LOGICAS.vhd".
    Found 4-bit 5-to-1 multiplexer for signal <C> created at line 29.
    Summary:
	inferred   1 Multiplexer(s).
Unit <LOGICAS> synthesized.

Synthesizing Unit <SHIFT_ADD3>.
    Related source file is "C:\Users\saulc\Documents\DispLogicosISE\P3\ALU_4BIT\SHIFT_ADD3.vhd".
    Found 4-bit adder for signal <GND_11_o_GND_11_o_add_1_OUT> created at line 44.
    Found 4-bit adder for signal <C[7]_GND_11_o_add_3_OUT> created at line 44.
    Found 4-bit adder for signal <C[6]_GND_11_o_add_5_OUT> created at line 44.
    Found 4-bit adder for signal <C[5]_GND_11_o_add_7_OUT> created at line 44.
    Found 4-bit adder for signal <GND_11_o_GND_11_o_add_9_OUT> created at line 47.
    Found 4-bit adder for signal <C[4]_GND_11_o_add_11_OUT> created at line 44.
    Found 4-bit adder for signal <GND_11_o_GND_11_o_add_13_OUT> created at line 47.
    Found 3-bit comparator greater for signal <PWR_13_o_C[7]_LessThan_1_o> created at line 43
    Found 4-bit comparator greater for signal <GND_11_o_C[7]_LessThan_3_o> created at line 43
    Found 4-bit comparator greater for signal <GND_11_o_C[6]_LessThan_5_o> created at line 43
    Found 4-bit comparator greater for signal <GND_11_o_C[5]_LessThan_7_o> created at line 43
    Found 3-bit comparator greater for signal <PWR_13_o_GND_11_o_LessThan_9_o> created at line 46
    Found 4-bit comparator greater for signal <GND_11_o_C[4]_LessThan_11_o> created at line 43
    Found 4-bit comparator greater for signal <GND_11_o_GND_11_o_LessThan_13_o> created at line 46
    Summary:
	inferred   7 Adder/Subtractor(s).
	inferred   7 Comparator(s).
	inferred  28 Multiplexer(s).
Unit <SHIFT_ADD3> synthesized.

Synthesizing Unit <LIB_LCD_INTESC_REVD>.
    Related source file is "C:\Users\saulc\Documents\DispLogicosISE\P3\ALU_4BIT\LIB_LCD_INTESC_REVD.vhd".
        FPGA_CLK = 50000000
INFO:Xst:3210 - "C:\Users\saulc\Documents\DispLogicosISE\P3\ALU_4BIT\LIB_LCD_INTESC_REVD.vhd" line 289: Output port <BD_LCD> of the instance <u1> is unconnected or connected to loadless signal.
    Summary:
	inferred  32 Multiplexer(s).
Unit <LIB_LCD_INTESC_REVD> synthesized.

Synthesizing Unit <PROCESADOR_LCD_REVD>.
    Related source file is "C:\Users\saulc\Documents\DispLogicosISE\P3\ALU_4BIT\PROCESADOR_LCD_REVD.vhd".
        FPGA_CLK = 50000000
        NUM_INST = 34
    Found 7-bit register for signal <edo>.
    Found 1-bit register for signal <RS>.
    Found 1-bit register for signal <RW>.
    Found 16-bit register for signal <ciclo_enable>.
    Found 8-bit register for signal <DATA>.
    Found 1-bit register for signal <ok_enable>.
    Found 8-bit register for signal <BD_LCD>.
    Found 1-bit register for signal <avanzar>.
    Found 9-bit register for signal <data_s>.
    Found 6-bit register for signal <dir_salto_mem>.
    Found 1-bit register for signal <salto>.
    Found 8-bit register for signal <vec_ram>.
    Found 40-bit register for signal <vec_c_char>.
    Found 8-bit register for signal <vec_l_ram>.
    Found 2-bit register for signal <edo_enable>.
    Found 16-bit register for signal <conta_enable>.
    Found 1-bit register for signal <enable_fin>.
    Found 6-bit register for signal <dir_mem_s>.
    Found 22-bit register for signal <conta_delay>.
    Found finite state machine <FSM_1> for signal <edo_enable>.
    -----------------------------------------------------------------------
    | States             | 3                                              |
    | Transitions        | 5                                              |
    | Inputs             | 2                                              |
    | Outputs            | 4                                              |
    | Clock              | CLK (rising_edge)                              |
    | Power Up State     | 00                                             |
    | Encoding           | auto                                           |
    | Implementation     | LUT                                            |
    -----------------------------------------------------------------------
    Found finite state machine <FSM_0> for signal <edo>.
    -----------------------------------------------------------------------
    | States             | 63                                             |
    | Transitions        | 236                                            |
    | Inputs             | 21                                             |
    | Outputs            | 15                                             |
    | Clock              | CLK (rising_edge)                              |
    | Power Up State     | 0000000                                        |
    | Encoding           | auto                                           |
    | Implementation     | LUT                                            |
    -----------------------------------------------------------------------
    Found 22-bit adder for signal <conta_delay[21]_GND_15_o_add_48_OUT> created at line 141.
    Found 16-bit adder for signal <conta_enable[15]_GND_15_o_add_652_OUT> created at line 652.
    Found 17-bit adder for signal <n1587> created at line 669.
    Found 17-bit adder for signal <n1590> created at line 669.
    Found 6-bit adder for signal <dir_mem_s[5]_GND_15_o_add_669_OUT> created at line 685.
    Found 9-bit subtractor for signal <GND_15_o_GND_15_o_sub_84_OUT<8:0>> created at line 273.
    Found 9-bit subtractor for signal <GND_15_o_GND_15_o_sub_87_OUT<8:0>> created at line 275.
    Found 9-bit subtractor for signal <GND_15_o_GND_15_o_sub_88_OUT<8:0>> created at line 277.
    Found 9-bit subtractor for signal <GND_15_o_GND_15_o_sub_98_OUT<8:0>> created at line 305.
    Found 9-bit subtractor for signal <GND_15_o_GND_15_o_sub_101_OUT<8:0>> created at line 307.
    Found 8-bit subtractor for signal <GND_15_o_GND_15_o_sub_200_OUT<7:0>> created at line 609.
    Found 8-bit comparator greater for signal <n0012> created at line 77
    Found 8-bit comparator greater for signal <n0014> created at line 77
    Found 8-bit comparator greater for signal <n0017> created at line 79
    Found 8-bit comparator greater for signal <n0019> created at line 79
    Found 8-bit comparator greater for signal <n0022> created at line 81
    Found 8-bit comparator greater for signal <n0024> created at line 81
    Found 8-bit comparator greater for signal <n0029> created at line 87
    Found 8-bit comparator greater for signal <n0031> created at line 87
    Found 8-bit comparator greater for signal <n0034> created at line 89
    Found 8-bit comparator greater for signal <n0036> created at line 89
    Found 8-bit comparator lessequal for signal <n0041> created at line 93
    Found 8-bit comparator lessequal for signal <n0043> created at line 93
    Found 9-bit comparator lessequal for signal <n0098> created at line 272
    Found 9-bit comparator lessequal for signal <n0100> created at line 272
    Found 9-bit comparator lessequal for signal <n0104> created at line 274
    Found 9-bit comparator lessequal for signal <n0106> created at line 274
    Found 9-bit comparator lessequal for signal <n0117> created at line 304
    Found 9-bit comparator lessequal for signal <n0119> created at line 304
    Found 9-bit comparator lessequal for signal <n0123> created at line 306
    Found 9-bit comparator lessequal for signal <n0125> created at line 306
    Found 16-bit comparator greater for signal <n0987> created at line 653
    Found 17-bit comparator greater for signal <BUS_0005_GND_15_o_LessThan_666_o> created at line 669
    Found 17-bit comparator greater for signal <GND_15_o_BUS_0006_LessThan_668_o> created at line 669
    Summary:
	inferred   7 Adder/Subtractor(s).
	inferred 152 D-type flip-flop(s).
	inferred  23 Comparator(s).
	inferred  70 Multiplexer(s).
	inferred   2 Finite State Machine(s).
Unit <PROCESADOR_LCD_REVD> synthesized.

Synthesizing Unit <CARACTERES_ESPECIALES_REVD>.
    Related source file is "C:\Users\saulc\Documents\DispLogicosISE\P3\ALU_4BIT\CARACTERES_ESPECIALES_REVD.vhd".
    Summary:
	no macro.
Unit <CARACTERES_ESPECIALES_REVD> synthesized.

=========================================================================
HDL Synthesis Report

Macro Statistics
# Multipliers                                          : 1
 4x4-bit multiplier                                    : 1
# Adders/Subtractors                                   : 48
 16-bit adder                                          : 1
 17-bit adder                                          : 2
 21-bit adder                                          : 1
 22-bit adder                                          : 1
 4-bit adder                                           : 7
 4-bit addsub                                          : 2
 4-bit subtractor                                      : 15
 6-bit adder                                           : 1
 8-bit adder                                           : 14
 8-bit subtractor                                      : 3
 9-bit subtractor                                      : 1
# Registers                                            : 28
 1-bit register                                        : 13
 16-bit register                                       : 2
 21-bit register                                       : 1
 22-bit register                                       : 1
 4-bit register                                        : 3
 40-bit register                                       : 1
 6-bit register                                        : 2
 8-bit register                                        : 4
 9-bit register                                        : 1
# Comparators                                          : 46
 16-bit comparator greater                             : 1
 17-bit comparator greater                             : 2
 3-bit comparator greater                              : 2
 4-bit comparator greater                              : 6
 4-bit comparator lessequal                            : 15
 8-bit comparator greater                              : 10
 8-bit comparator lessequal                            : 2
 9-bit comparator lessequal                            : 8
# Multiplexers                                         : 177
 1-bit 2-to-1 multiplexer                              : 35
 22-bit 2-to-1 multiplexer                             : 5
 32-bit 2-to-1 multiplexer                             : 1
 4-bit 2-to-1 multiplexer                              : 14
 4-bit 4-to-1 multiplexer                              : 1
 4-bit 5-to-1 multiplexer                              : 1
 40-bit 2-to-1 multiplexer                             : 7
 6-bit 2-to-1 multiplexer                              : 1
 8-bit 2-to-1 multiplexer                              : 76
 8-bit 5-to-1 multiplexer                              : 1
 9-bit 2-to-1 multiplexer                              : 35
# FSMs                                                 : 2
# Xors                                                 : 1
 4-bit xor2                                            : 1

=========================================================================
INFO:Xst:1767 - HDL ADVISOR - Resource sharing has identified that some arithmetic operations in this design can share the same physical resources for reduced device utilization. For improved clock frequency you may try to disable resource sharing.

=========================================================================
*                       Advanced HDL Synthesis                          *
=========================================================================

INFO:Xst:2261 - The FF/Latch <ciclo_enable_3> in Unit <u1> is equivalent to the following 4 FFs/Latches, which will be removed : <ciclo_enable_7> <ciclo_enable_8> <ciclo_enable_9> <ciclo_enable_12> 
INFO:Xst:2261 - The FF/Latch <ciclo_enable_0> in Unit <u1> is equivalent to the following 10 FFs/Latches, which will be removed : <ciclo_enable_1> <ciclo_enable_2> <ciclo_enable_4> <ciclo_enable_5> <ciclo_enable_6> <ciclo_enable_10> <ciclo_enable_11> <ciclo_enable_13> <ciclo_enable_14> <ciclo_enable_15> 
WARNING:Xst:1426 - The value init of the FF/Latch ciclo_enable_3 hinder the constant cleaning in the block u1.
   You should achieve better results by setting this init to 1.
WARNING:Xst:1293 - FF/Latch <ciclo_enable_0> has a constant value of 0 in block <u1>. This FF/Latch will be trimmed during the optimization process.
WARNING:Xst:2677 - Node <data_s_8> of sequential type is unconnected in block <u1>.

Synthesizing (advanced) Unit <PROCESADOR_LCD_REVD>.
The following registers are absorbed into counter <dir_mem_s>: 1 register on signal <dir_mem_s>.
The following registers are absorbed into counter <conta_enable>: 1 register on signal <conta_enable>.
Unit <PROCESADOR_LCD_REVD> synthesized (advanced).

Synthesizing (advanced) Unit <encoderAB>.
The following registers are absorbed into counter <timer>: 1 register on signal <timer>.
The following registers are absorbed into accumulator <A>: 1 register on signal <A>.
The following registers are absorbed into accumulator <B>: 1 register on signal <B>.
Unit <encoderAB> synthesized (advanced).
WARNING:Xst:2677 - Node <data_s_8> of sequential type is unconnected in block <PROCESADOR_LCD_REVD>.

=========================================================================
Advanced HDL Synthesis Report

Macro Statistics
# Multipliers                                          : 1
 4x4-bit multiplier                                    : 1
# Adders/Subtractors                                   : 43
 17-bit adder                                          : 2
 22-bit adder                                          : 1
 4-bit adder                                           : 7
 4-bit subtractor                                      : 15
 8-bit adder                                           : 14
 8-bit subtractor                                      : 3
 9-bit subtractor                                      : 1
# Counters                                             : 3
 16-bit up counter                                     : 1
 21-bit up counter                                     : 1
 6-bit up counter                                      : 1
# Accumulators                                         : 2
 4-bit updown accumulator                              : 2
# Registers                                            : 141
 Flip-Flops                                            : 141
# Comparators                                          : 46
 16-bit comparator greater                             : 1
 17-bit comparator greater                             : 2
 3-bit comparator greater                              : 2
 4-bit comparator greater                              : 6
 4-bit comparator lessequal                            : 15
 8-bit comparator greater                              : 10
 8-bit comparator lessequal                            : 2
 9-bit comparator lessequal                            : 8
# Multiplexers                                         : 190
 1-bit 2-to-1 multiplexer                              : 51
 22-bit 2-to-1 multiplexer                             : 5
 32-bit 2-to-1 multiplexer                             : 1
 4-bit 2-to-1 multiplexer                              : 14
 4-bit 4-to-1 multiplexer                              : 1
 4-bit 5-to-1 multiplexer                              : 1
 40-bit 2-to-1 multiplexer                             : 7
 8-bit 2-to-1 multiplexer                              : 74
 8-bit 5-to-1 multiplexer                              : 1
 9-bit 2-to-1 multiplexer                              : 35
# FSMs                                                 : 2
# Xors                                                 : 1
 4-bit xor2                                            : 1

=========================================================================

=========================================================================
*                         Low Level Synthesis                           *
=========================================================================
WARNING:Xst:1426 - The value init of the FF/Latch ciclo_enable_3 hinder the constant cleaning in the block PROCESADOR_LCD_REVD.
   You should achieve better results by setting this init to 1.
WARNING:Xst:1426 - The value init of the FF/Latch ciclo_enable_7 hinder the constant cleaning in the block PROCESADOR_LCD_REVD.
   You should achieve better results by setting this init to 1.
WARNING:Xst:1426 - The value init of the FF/Latch ciclo_enable_8 hinder the constant cleaning in the block PROCESADOR_LCD_REVD.
   You should achieve better results by setting this init to 1.
WARNING:Xst:1426 - The value init of the FF/Latch ciclo_enable_9 hinder the constant cleaning in the block PROCESADOR_LCD_REVD.
   You should achieve better results by setting this init to 1.
WARNING:Xst:1426 - The value init of the FF/Latch ciclo_enable_12 hinder the constant cleaning in the block PROCESADOR_LCD_REVD.
   You should achieve better results by setting this init to 1.
WARNING:Xst:1293 - FF/Latch <ciclo_enable_0> has a constant value of 0 in block <PROCESADOR_LCD_REVD>. This FF/Latch will be trimmed during the optimization process.
WARNING:Xst:1896 - Due to other FF/Latch trimming, FF/Latch <ciclo_enable_1> has a constant value of 0 in block <PROCESADOR_LCD_REVD>. This FF/Latch will be trimmed during the optimization process.
WARNING:Xst:1896 - Due to other FF/Latch trimming, FF/Latch <ciclo_enable_2> has a constant value of 0 in block <PROCESADOR_LCD_REVD>. This FF/Latch will be trimmed during the optimization process.
WARNING:Xst:1896 - Due to other FF/Latch trimming, FF/Latch <ciclo_enable_4> has a constant value of 0 in block <PROCESADOR_LCD_REVD>. This FF/Latch will be trimmed during the optimization process.
WARNING:Xst:1896 - Due to other FF/Latch trimming, FF/Latch <ciclo_enable_5> has a constant value of 0 in block <PROCESADOR_LCD_REVD>. This FF/Latch will be trimmed during the optimization process.
WARNING:Xst:1896 - Due to other FF/Latch trimming, FF/Latch <ciclo_enable_6> has a constant value of 0 in block <PROCESADOR_LCD_REVD>. This FF/Latch will be trimmed during the optimization process.
WARNING:Xst:1896 - Due to other FF/Latch trimming, FF/Latch <ciclo_enable_10> has a constant value of 0 in block <PROCESADOR_LCD_REVD>. This FF/Latch will be trimmed during the optimization process.
WARNING:Xst:1896 - Due to other FF/Latch trimming, FF/Latch <ciclo_enable_11> has a constant value of 0 in block <PROCESADOR_LCD_REVD>. This FF/Latch will be trimmed during the optimization process.
WARNING:Xst:1896 - Due to other FF/Latch trimming, FF/Latch <ciclo_enable_13> has a constant value of 0 in block <PROCESADOR_LCD_REVD>. This FF/Latch will be trimmed during the optimization process.
WARNING:Xst:1896 - Due to other FF/Latch trimming, FF/Latch <ciclo_enable_14> has a constant value of 0 in block <PROCESADOR_LCD_REVD>. This FF/Latch will be trimmed during the optimization process.
WARNING:Xst:1896 - Due to other FF/Latch trimming, FF/Latch <ciclo_enable_15> has a constant value of 0 in block <PROCESADOR_LCD_REVD>. This FF/Latch will be trimmed during the optimization process.
INFO:Xst:2261 - The FF/Latch <ciclo_enable_3> in Unit <PROCESADOR_LCD_REVD> is equivalent to the following 4 FFs/Latches, which will be removed : <ciclo_enable_7> <ciclo_enable_8> <ciclo_enable_9> <ciclo_enable_12> 
Analyzing FSM <MFsm> for best encoding.
Optimizing FSM <U5/u1/FSM_0> on signal <edo[1:63]> with one-hot encoding.
----------------------------------------------------------------------------
 State   | Encoding
----------------------------------------------------------------------------
 0000000 | 000000000000000000000000000000000000000000000000000000000000001
 0000001 | 000000000000000000000000000000000000000000000000000000000000010
 0000010 | 000000000000000000000000000000000000000000000000000000000000100
 0011110 | 000000000000000000000000000000000000000000000000000000000001000
 1100100 | 000000000000000000000000000000000000000000000000000000000010000
 0111100 | 000000000000000000000000000000000000000000000000000000000100000
 0111010 | 000000000000000000000000000000000000000000000000000000001000000
 0110111 | 000000000000000000000000000000000000000000000000000000010000000
 0100010 | 000000000000000000000000000000000000000000000000000000100000000
 0100001 | 000000000000000000000000000000000000000000000000000001000000000
 0100000 | 000000000000000000000000000000000000000000000000000010000000000
 0011011 | 000000000000000000000000000000000000000000000000000100000000000
 0010111 | 000000000000000000000000000000000000000000000000001000000000000
 0000011 | 000000000000000000000000000000000000000000000000010000000000000
 0000100 | 000000000000000000000000000000000000000000000000100000000000000
 0000101 | 000000000000000000000000000000000000000000000001000000000000000
 0000110 | 000000000000000000000000000000000000000000000010000000000000000
 0000111 | 000000000000000000000000000000000000000000000100000000000000000
 0001000 | 000000000000000000000000000000000000000000001000000000000000000
 0001001 | 000000000000000000000000000000000000000000010000000000000000000
 0001010 | 000000000000000000000000000000000000000000100000000000000000000
 0001011 | 000000000000000000000000000000000000000001000000000000000000000
 0001100 | 000000000000000000000000000000000000000010000000000000000000000
 0001101 | 000000000000000000000000000000000000000100000000000000000000000
 0001110 | 000000000000000000000000000000000000001000000000000000000000000
 0001111 | 000000000000000000000000000000000000010000000000000000000000000
 0010000 | 000000000000000000000000000000000000100000000000000000000000000
 0010001 | 000000000000000000000000000000000001000000000000000000000000000
 0010010 | 000000000000000000000000000000000010000000000000000000000000000
 0010011 | 000000000000000000000000000000000100000000000000000000000000000
 0010100 | 000000000000000000000000000000001000000000000000000000000000000
 0010101 | 000000000000000000000000000000010000000000000000000000000000000
 0010110 | 000000000000000000000000000000100000000000000000000000000000000
 1100011 | 000000000000000000000000000001000000000000000000000000000000000
 0011001 | 000000000000000000000000000010000000000000000000000000000000000
 0011010 | 000000000000000000000000000100000000000000000000000000000000000
 0011100 | 000000000000000000000000001000000000000000000000000000000000000
 0011101 | 000000000000000000000000010000000000000000000000000000000000000
 0011111 | 000000000000000000000000100000000000000000000000000000000000000
 0100011 | 000000000000000000000001000000000000000000000000000000000000000
 0100100 | 000000000000000000000010000000000000000000000000000000000000000
 0100101 | 000000000000000000000100000000000000000000000000000000000000000
 0100110 | 000000000000000000001000000000000000000000000000000000000000000
 0100111 | 000000000000000000010000000000000000000000000000000000000000000
 0101000 | 000000000000000000100000000000000000000000000000000000000000000
 0101001 | 000000000000000001000000000000000000000000000000000000000000000
 0101010 | 000000000000000010000000000000000000000000000000000000000000000
 0101011 | 000000000000000100000000000000000000000000000000000000000000000
 0101100 | 000000000000001000000000000000000000000000000000000000000000000
 0101101 | 000000000000010000000000000000000000000000000000000000000000000
 0101110 | 000000000000100000000000000000000000000000000000000000000000000
 0101111 | 000000000001000000000000000000000000000000000000000000000000000
 0110000 | 000000000010000000000000000000000000000000000000000000000000000
 0110001 | 000000000100000000000000000000000000000000000000000000000000000
 0110010 | 000000001000000000000000000000000000000000000000000000000000000
 0110011 | 000000010000000000000000000000000000000000000000000000000000000
 0110100 | 000000100000000000000000000000000000000000000000000000000000000
 0110101 | 000001000000000000000000000000000000000000000000000000000000000
 0110110 | 000010000000000000000000000000000000000000000000000000000000000
 0111000 | 000100000000000000000000000000000000000000000000000000000000000
 0111001 | 001000000000000000000000000000000000000000000000000000000000000
 0111011 | 010000000000000000000000000000000000000000000000000000000000000
 0111101 | 100000000000000000000000000000000000000000000000000000000000000
----------------------------------------------------------------------------
Analyzing FSM <MFsm> for best encoding.
Optimizing FSM <U5/u1/FSM_1> on signal <edo_enable[1:2]> with user encoding.
-------------------
 State | Encoding
-------------------
 00    | 00
 01    | 01
 10    | 10
-------------------
WARNING:Xst:1426 - The value init of the FF/Latch vec_ram_6 hinder the constant cleaning in the block PROCESADOR_LCD_REVD.
   You should achieve better results by setting this init to 1.
WARNING:Xst:1293 - FF/Latch <vec_ram_0> has a constant value of 0 in block <PROCESADOR_LCD_REVD>. This FF/Latch will be trimmed during the optimization process.
WARNING:Xst:1896 - Due to other FF/Latch trimming, FF/Latch <vec_ram_1> has a constant value of 0 in block <PROCESADOR_LCD_REVD>. This FF/Latch will be trimmed during the optimization process.
WARNING:Xst:1896 - Due to other FF/Latch trimming, FF/Latch <vec_ram_2> has a constant value of 0 in block <PROCESADOR_LCD_REVD>. This FF/Latch will be trimmed during the optimization process.
WARNING:Xst:1896 - Due to other FF/Latch trimming, FF/Latch <vec_ram_7> has a constant value of 0 in block <PROCESADOR_LCD_REVD>. This FF/Latch will be trimmed during the optimization process.
WARNING:Xst:1896 - Due to other FF/Latch trimming, FF/Latch <vec_l_ram_3> has a constant value of 0 in block <PROCESADOR_LCD_REVD>. This FF/Latch will be trimmed during the optimization process.
WARNING:Xst:1896 - Due to other FF/Latch trimming, FF/Latch <vec_l_ram_4> has a constant value of 0 in block <PROCESADOR_LCD_REVD>. This FF/Latch will be trimmed during the optimization process.
WARNING:Xst:1896 - Due to other FF/Latch trimming, FF/Latch <vec_l_ram_5> has a constant value of 0 in block <PROCESADOR_LCD_REVD>. This FF/Latch will be trimmed during the optimization process.
WARNING:Xst:1896 - Due to other FF/Latch trimming, FF/Latch <vec_l_ram_6> has a constant value of 0 in block <PROCESADOR_LCD_REVD>. This FF/Latch will be trimmed during the optimization process.
WARNING:Xst:1896 - Due to other FF/Latch trimming, FF/Latch <vec_l_ram_7> has a constant value of 0 in block <PROCESADOR_LCD_REVD>. This FF/Latch will be trimmed during the optimization process.
INFO:Xst:2261 - The FF/Latch <vec_c_char_7> in Unit <PROCESADOR_LCD_REVD> is equivalent to the following 2 FFs/Latches, which will be removed : <vec_c_char_10> <vec_c_char_17> 
INFO:Xst:2261 - The FF/Latch <vec_c_char_11> in Unit <PROCESADOR_LCD_REVD> is equivalent to the following FF/Latch, which will be removed : <vec_c_char_36> 
INFO:Xst:2261 - The FF/Latch <vec_c_char_0> in Unit <PROCESADOR_LCD_REVD> is equivalent to the following FF/Latch, which will be removed : <vec_c_char_1> 
INFO:Xst:2261 - The FF/Latch <vec_c_char_20> in Unit <PROCESADOR_LCD_REVD> is equivalent to the following 6 FFs/Latches, which will be removed : <vec_c_char_21> <vec_c_char_22> <vec_c_char_25> <vec_c_char_26> <vec_c_char_27> <vec_c_char_30> 
INFO:Xst:2261 - The FF/Latch <vec_c_char_34> in Unit <PROCESADOR_LCD_REVD> is equivalent to the following 3 FFs/Latches, which will be removed : <vec_c_char_37> <vec_c_char_38> <vec_c_char_39> 
INFO:Xst:2261 - The FF/Latch <vec_c_char_19> in Unit <PROCESADOR_LCD_REVD> is equivalent to the following FF/Latch, which will be removed : <vec_c_char_23> 
INFO:Xst:2261 - The FF/Latch <vec_c_char_24> in Unit <PROCESADOR_LCD_REVD> is equivalent to the following FF/Latch, which will be removed : <vec_c_char_29> 
INFO:Xst:2261 - The FF/Latch <vec_c_char_28> in Unit <PROCESADOR_LCD_REVD> is equivalent to the following 2 FFs/Latches, which will be removed : <vec_c_char_31> <vec_c_char_33> 
INFO:Xst:2261 - The FF/Latch <vec_c_char_9> in Unit <PROCESADOR_LCD_REVD> is equivalent to the following FF/Latch, which will be removed : <vec_c_char_14> 
INFO:Xst:2261 - The FF/Latch <vec_c_char_15> in Unit <PROCESADOR_LCD_REVD> is equivalent to the following 2 FFs/Latches, which will be removed : <vec_c_char_16> <vec_c_char_35> 

Optimizing unit <ALU_top> ...

Optimizing unit <encoderAB> ...

Optimizing unit <LIB_LCD_INTESC_REVD> ...

Optimizing unit <PROCESADOR_LCD_REVD> ...
WARNING:Xst:1710 - FF/Latch <BD_LCD_4> (without init value) has a constant value of 0 in block <PROCESADOR_LCD_REVD>. This FF/Latch will be trimmed during the optimization process.
WARNING:Xst:1895 - Due to other FF/Latch trimming, FF/Latch <BD_LCD_5> (without init value) has a constant value of 0 in block <PROCESADOR_LCD_REVD>. This FF/Latch will be trimmed during the optimization process.
WARNING:Xst:1895 - Due to other FF/Latch trimming, FF/Latch <BD_LCD_6> (without init value) has a constant value of 0 in block <PROCESADOR_LCD_REVD>. This FF/Latch will be trimmed during the optimization process.
WARNING:Xst:1895 - Due to other FF/Latch trimming, FF/Latch <BD_LCD_7> (without init value) has a constant value of 0 in block <PROCESADOR_LCD_REVD>. This FF/Latch will be trimmed during the optimization process.

Optimizing unit <SHIFT_ADD3> ...
WARNING:Xst:2677 - Node <U5/u1/BD_LCD_3> of sequential type is unconnected in block <ALU_top>.
WARNING:Xst:2677 - Node <U5/u1/BD_LCD_2> of sequential type is unconnected in block <ALU_top>.
WARNING:Xst:2677 - Node <U5/u1/BD_LCD_1> of sequential type is unconnected in block <ALU_top>.
WARNING:Xst:2677 - Node <U5/u1/BD_LCD_0> of sequential type is unconnected in block <ALU_top>.
WARNING:Xst:1293 - FF/Latch <U5/u1/dir_salto_mem_4> has a constant value of 0 in block <ALU_top>. This FF/Latch will be trimmed during the optimization process.
WARNING:Xst:1896 - Due to other FF/Latch trimming, FF/Latch <U5/u1/vec_c_char_34> has a constant value of 0 in block <ALU_top>. This FF/Latch will be trimmed during the optimization process.
WARNING:Xst:1896 - Due to other FF/Latch trimming, FF/Latch <U5/u1/vec_c_char_32> has a constant value of 0 in block <ALU_top>. This FF/Latch will be trimmed during the optimization process.
WARNING:Xst:1896 - Due to other FF/Latch trimming, FF/Latch <U5/u1/vec_c_char_28> has a constant value of 0 in block <ALU_top>. This FF/Latch will be trimmed during the optimization process.
WARNING:Xst:1896 - Due to other FF/Latch trimming, FF/Latch <U5/u1/vec_c_char_24> has a constant value of 0 in block <ALU_top>. This FF/Latch will be trimmed during the optimization process.
WARNING:Xst:1896 - Due to other FF/Latch trimming, FF/Latch <U5/u1/vec_c_char_20> has a constant value of 0 in block <ALU_top>. This FF/Latch will be trimmed during the optimization process.
WARNING:Xst:1896 - Due to other FF/Latch trimming, FF/Latch <U5/u1/vec_c_char_19> has a constant value of 0 in block <ALU_top>. This FF/Latch will be trimmed during the optimization process.
WARNING:Xst:1896 - Due to other FF/Latch trimming, FF/Latch <U5/u1/vec_c_char_18> has a constant value of 0 in block <ALU_top>. This FF/Latch will be trimmed during the optimization process.
WARNING:Xst:1896 - Due to other FF/Latch trimming, FF/Latch <U5/u1/vec_c_char_15> has a constant value of 0 in block <ALU_top>. This FF/Latch will be trimmed during the optimization process.
WARNING:Xst:1896 - Due to other FF/Latch trimming, FF/Latch <U5/u1/vec_c_char_13> has a constant value of 0 in block <ALU_top>. This FF/Latch will be trimmed during the optimization process.
WARNING:Xst:1896 - Due to other FF/Latch trimming, FF/Latch <U5/u1/vec_c_char_12> has a constant value of 0 in block <ALU_top>. This FF/Latch will be trimmed during the optimization process.
WARNING:Xst:1896 - Due to other FF/Latch trimming, FF/Latch <U5/u1/vec_c_char_11> has a constant value of 0 in block <ALU_top>. This FF/Latch will be trimmed during the optimization process.
WARNING:Xst:1896 - Due to other FF/Latch trimming, FF/Latch <U5/u1/vec_c_char_9> has a constant value of 0 in block <ALU_top>. This FF/Latch will be trimmed during the optimization process.
WARNING:Xst:1896 - Due to other FF/Latch trimming, FF/Latch <U5/u1/vec_c_char_8> has a constant value of 0 in block <ALU_top>. This FF/Latch will be trimmed during the optimization process.
WARNING:Xst:1896 - Due to other FF/Latch trimming, FF/Latch <U5/u1/vec_c_char_7> has a constant value of 0 in block <ALU_top>. This FF/Latch will be trimmed during the optimization process.
WARNING:Xst:1896 - Due to other FF/Latch trimming, FF/Latch <U5/u1/vec_c_char_6> has a constant value of 0 in block <ALU_top>. This FF/Latch will be trimmed during the optimization process.
WARNING:Xst:1896 - Due to other FF/Latch trimming, FF/Latch <U5/u1/vec_c_char_5> has a constant value of 0 in block <ALU_top>. This FF/Latch will be trimmed during the optimization process.
WARNING:Xst:1896 - Due to other FF/Latch trimming, FF/Latch <U5/u1/vec_c_char_4> has a constant value of 0 in block <ALU_top>. This FF/Latch will be trimmed during the optimization process.
WARNING:Xst:1896 - Due to other FF/Latch trimming, FF/Latch <U5/u1/vec_c_char_3> has a constant value of 0 in block <ALU_top>. This FF/Latch will be trimmed during the optimization process.
WARNING:Xst:1896 - Due to other FF/Latch trimming, FF/Latch <U5/u1/vec_c_char_2> has a constant value of 0 in block <ALU_top>. This FF/Latch will be trimmed during the optimization process.
WARNING:Xst:1896 - Due to other FF/Latch trimming, FF/Latch <U5/u1/vec_c_char_0> has a constant value of 0 in block <ALU_top>. This FF/Latch will be trimmed during the optimization process.
WARNING:Xst:1896 - Due to other FF/Latch trimming, FF/Latch <U5/u1/vec_l_ram_2> has a constant value of 0 in block <ALU_top>. This FF/Latch will be trimmed during the optimization process.
WARNING:Xst:1896 - Due to other FF/Latch trimming, FF/Latch <U5/u1/vec_l_ram_1> has a constant value of 0 in block <ALU_top>. This FF/Latch will be trimmed during the optimization process.
WARNING:Xst:1896 - Due to other FF/Latch trimming, FF/Latch <U5/u1/vec_l_ram_0> has a constant value of 0 in block <ALU_top>. This FF/Latch will be trimmed during the optimization process.
WARNING:Xst:1896 - Due to other FF/Latch trimming, FF/Latch <U5/u1/vec_ram_6> has a constant value of 0 in block <ALU_top>. This FF/Latch will be trimmed during the optimization process.
WARNING:Xst:1896 - Due to other FF/Latch trimming, FF/Latch <U5/u1/vec_ram_5> has a constant value of 0 in block <ALU_top>. This FF/Latch will be trimmed during the optimization process.
WARNING:Xst:1896 - Due to other FF/Latch trimming, FF/Latch <U5/u1/vec_ram_4> has a constant value of 0 in block <ALU_top>. This FF/Latch will be trimmed during the optimization process.
WARNING:Xst:1896 - Due to other FF/Latch trimming, FF/Latch <U5/u1/vec_ram_3> has a constant value of 0 in block <ALU_top>. This FF/Latch will be trimmed during the optimization process.
WARNING:Xst:1896 - Due to other FF/Latch trimming, FF/Latch <U1/timer_20> has a constant value of 0 in block <ALU_top>. This FF/Latch will be trimmed during the optimization process.
WARNING:Xst:1896 - Due to other FF/Latch trimming, FF/Latch <U1/LEDSW_R_2> has a constant value of 0 in block <ALU_top>. This FF/Latch will be trimmed during the optimization process.
WARNING:Xst:1896 - Due to other FF/Latch trimming, FF/Latch <U5/u1/edo_FSM_FFd2> has a constant value of 0 in block <ALU_top>. This FF/Latch will be trimmed during the optimization process.
WARNING:Xst:1896 - Due to other FF/Latch trimming, FF/Latch <U5/u1/edo_FSM_FFd3> has a constant value of 0 in block <ALU_top>. This FF/Latch will be trimmed during the optimization process.
WARNING:Xst:1896 - Due to other FF/Latch trimming, FF/Latch <U5/u1/edo_FSM_FFd5> has a constant value of 0 in block <ALU_top>. This FF/Latch will be trimmed during the optimization process.
WARNING:Xst:1896 - Due to other FF/Latch trimming, FF/Latch <U5/u1/edo_FSM_FFd6> has a constant value of 0 in block <ALU_top>. This FF/Latch will be trimmed during the optimization process.
WARNING:Xst:1896 - Due to other FF/Latch trimming, FF/Latch <U5/u1/edo_FSM_FFd7> has a constant value of 0 in block <ALU_top>. This FF/Latch will be trimmed during the optimization process.
WARNING:Xst:1896 - Due to other FF/Latch trimming, FF/Latch <U5/u1/edo_FSM_FFd8> has a constant value of 0 in block <ALU_top>. This FF/Latch will be trimmed during the optimization process.
WARNING:Xst:1896 - Due to other FF/Latch trimming, FF/Latch <U5/u1/edo_FSM_FFd9> has a constant value of 0 in block <ALU_top>. This FF/Latch will be trimmed during the optimization process.
WARNING:Xst:1896 - Due to other FF/Latch trimming, FF/Latch <U5/u1/edo_FSM_FFd10> has a constant value of 0 in block <ALU_top>. This FF/Latch will be trimmed during the optimization process.
WARNING:Xst:1896 - Due to other FF/Latch trimming, FF/Latch <U5/u1/edo_FSM_FFd11> has a constant value of 0 in block <ALU_top>. This FF/Latch will be trimmed during the optimization process.
WARNING:Xst:1896 - Due to other FF/Latch trimming, FF/Latch <U5/u1/edo_FSM_FFd12> has a constant value of 0 in block <ALU_top>. This FF/Latch will be trimmed during the optimization process.
WARNING:Xst:1896 - Due to other FF/Latch trimming, FF/Latch <U5/u1/edo_FSM_FFd13> has a constant value of 0 in block <ALU_top>. This FF/Latch will be trimmed during the optimization process.
WARNING:Xst:1896 - Due to other FF/Latch trimming, FF/Latch <U5/u1/edo_FSM_FFd14> has a constant value of 0 in block <ALU_top>. This FF/Latch will be trimmed during the optimization process.
WARNING:Xst:1896 - Due to other FF/Latch trimming, FF/Latch <U5/u1/edo_FSM_FFd15> has a constant value of 0 in block <ALU_top>. This FF/Latch will be trimmed during the optimization process.
WARNING:Xst:1896 - Due to other FF/Latch trimming, FF/Latch <U5/u1/edo_FSM_FFd16> has a constant value of 0 in block <ALU_top>. This FF/Latch will be trimmed during the optimization process.
WARNING:Xst:1896 - Due to other FF/Latch trimming, FF/Latch <U5/u1/edo_FSM_FFd17> has a constant value of 0 in block <ALU_top>. This FF/Latch will be trimmed during the optimization process.
WARNING:Xst:1896 - Due to other FF/Latch trimming, FF/Latch <U5/u1/edo_FSM_FFd18> has a constant value of 0 in block <ALU_top>. This FF/Latch will be trimmed during the optimization process.
WARNING:Xst:1896 - Due to other FF/Latch trimming, FF/Latch <U5/u1/edo_FSM_FFd19> has a constant value of 0 in block <ALU_top>. This FF/Latch will be trimmed during the optimization process.
WARNING:Xst:1896 - Due to other FF/Latch trimming, FF/Latch <U5/u1/edo_FSM_FFd20> has a constant value of 0 in block <ALU_top>. This FF/Latch will be trimmed during the optimization process.
WARNING:Xst:1896 - Due to other FF/Latch trimming, FF/Latch <U5/u1/edo_FSM_FFd21> has a constant value of 0 in block <ALU_top>. This FF/Latch will be trimmed during the optimization process.
WARNING:Xst:1896 - Due to other FF/Latch trimming, FF/Latch <U5/u1/edo_FSM_FFd22> has a constant value of 0 in block <ALU_top>. This FF/Latch will be trimmed during the optimization process.
WARNING:Xst:1896 - Due to other FF/Latch trimming, FF/Latch <U5/u1/edo_FSM_FFd23> has a constant value of 0 in block <ALU_top>. This FF/Latch will be trimmed during the optimization process.
WARNING:Xst:1896 - Due to other FF/Latch trimming, FF/Latch <U5/u1/edo_FSM_FFd55> has a constant value of 0 in block <ALU_top>. This FF/Latch will be trimmed during the optimization process.
WARNING:Xst:1896 - Due to other FF/Latch trimming, FF/Latch <U5/u1/edo_FSM_FFd56> has a constant value of 0 in block <ALU_top>. This FF/Latch will be trimmed during the optimization process.
WARNING:Xst:1896 - Due to other FF/Latch trimming, FF/Latch <U5/u1/edo_FSM_FFd57> has a constant value of 0 in block <ALU_top>. This FF/Latch will be trimmed during the optimization process.
WARNING:Xst:1896 - Due to other FF/Latch trimming, FF/Latch <U5/u1/dir_salto_mem_5> has a constant value of 0 in block <ALU_top>. This FF/Latch will be trimmed during the optimization process.
WARNING:Xst:1896 - Due to other FF/Latch trimming, FF/Latch <U5/u1/edo_FSM_FFd24> has a constant value of 0 in block <ALU_top>. This FF/Latch will be trimmed during the optimization process.
WARNING:Xst:1896 - Due to other FF/Latch trimming, FF/Latch <U5/u1/edo_FSM_FFd4> has a constant value of 0 in block <ALU_top>. This FF/Latch will be trimmed during the optimization process.
WARNING:Xst:638 - in unit ALU_top Conflict on KEEP property on signal U5/u1/edo_FSM_FFd7 and U5/u1/edo_FSM_FFd9 U5/u1/edo_FSM_FFd9 signal will be lost.
WARNING:Xst:638 - in unit ALU_top Conflict on KEEP property on signal U5/u1/edo_FSM_FFd7 and U5/u1/edo_FSM_FFd11 U5/u1/edo_FSM_FFd11 signal will be lost.
WARNING:Xst:638 - in unit ALU_top Conflict on KEEP property on signal U5/u1/edo_FSM_FFd11 and U5/u1/edo_FSM_FFd13 U5/u1/edo_FSM_FFd13 signal will be lost.
WARNING:Xst:638 - in unit ALU_top Conflict on KEEP property on signal U5/u1/edo_FSM_FFd11 and U5/u1/edo_FSM_FFd15 U5/u1/edo_FSM_FFd15 signal will be lost.
WARNING:Xst:638 - in unit ALU_top Conflict on KEEP property on signal U5/u1/edo_FSM_FFd11 and U5/u1/edo_FSM_FFd17 U5/u1/edo_FSM_FFd17 signal will be lost.
WARNING:Xst:638 - in unit ALU_top Conflict on KEEP property on signal U5/u1/edo_FSM_FFd11 and U5/u1/edo_FSM_FFd19 U5/u1/edo_FSM_FFd19 signal will be lost.
WARNING:Xst:638 - in unit ALU_top Conflict on KEEP property on signal U5/u1/edo_FSM_FFd11 and U5/u1/edo_FSM_FFd21 U5/u1/edo_FSM_FFd21 signal will be lost.
WARNING:Xst:638 - in unit ALU_top Conflict on KEEP property on signal U5/u1/edo_FSM_FFd11 and U5/u1/edo_FSM_FFd23 U5/u1/edo_FSM_FFd23 signal will be lost.
WARNING:Xst:638 - in unit ALU_top Conflict on KEEP property on signal U5/u1/edo_FSM_FFd11 and U5/u1/edo_FSM_FFd24-In U5/u1/edo_FSM_FFd24-In signal will be lost.
WARNING:Xst:638 - in unit ALU_top Conflict on KEEP property on signal U5/u1/edo_FSM_FFd11 and U5/u1/edo_FSM_FFd4-In U5/u1/edo_FSM_FFd4-In signal will be lost.
WARNING:Xst:1293 - FF/Latch <U5/u1/edo_FSM_FFd4> has a constant value of 0 in block <ALU_top>. This FF/Latch will be trimmed during the optimization process.
WARNING:Xst:1896 - Due to other FF/Latch trimming, FF/Latch <U5/u1/edo_FSM_FFd24> has a constant value of 0 in block <ALU_top>. This FF/Latch will be trimmed during the optimization process.
WARNING:Xst:1896 - Due to other FF/Latch trimming, FF/Latch <U5/u1/edo_FSM_FFd6> has a constant value of 0 in block <ALU_top>. This FF/Latch will be trimmed during the optimization process.
WARNING:Xst:1896 - Due to other FF/Latch trimming, FF/Latch <U5/u1/edo_FSM_FFd8> has a constant value of 0 in block <ALU_top>. This FF/Latch will be trimmed during the optimization process.
WARNING:Xst:1896 - Due to other FF/Latch trimming, FF/Latch <U5/u1/edo_FSM_FFd10> has a constant value of 0 in block <ALU_top>. This FF/Latch will be trimmed during the optimization process.
WARNING:Xst:1896 - Due to other FF/Latch trimming, FF/Latch <U5/u1/edo_FSM_FFd12> has a constant value of 0 in block <ALU_top>. This FF/Latch will be trimmed during the optimization process.
WARNING:Xst:1896 - Due to other FF/Latch trimming, FF/Latch <U5/u1/edo_FSM_FFd14> has a constant value of 0 in block <ALU_top>. This FF/Latch will be trimmed during the optimization process.
WARNING:Xst:1896 - Due to other FF/Latch trimming, FF/Latch <U5/u1/edo_FSM_FFd16> has a constant value of 0 in block <ALU_top>. This FF/Latch will be trimmed during the optimization process.
WARNING:Xst:1896 - Due to other FF/Latch trimming, FF/Latch <U5/u1/edo_FSM_FFd18> has a constant value of 0 in block <ALU_top>. This FF/Latch will be trimmed during the optimization process.
WARNING:Xst:1896 - Due to other FF/Latch trimming, FF/Latch <U5/u1/edo_FSM_FFd20> has a constant value of 0 in block <ALU_top>. This FF/Latch will be trimmed during the optimization process.
WARNING:Xst:1896 - Due to other FF/Latch trimming, FF/Latch <U5/u1/edo_FSM_FFd22> has a constant value of 0 in block <ALU_top>. This FF/Latch will be trimmed during the optimization process.
WARNING:Xst:1293 - FF/Latch <U5/u1/edo_FSM_FFd4> has a constant value of 0 in block <ALU_top>. This FF/Latch will be trimmed during the optimization process.
WARNING:Xst:1896 - Due to other FF/Latch trimming, FF/Latch <U5/u1/edo_FSM_FFd24> has a constant value of 0 in block <ALU_top>. This FF/Latch will be trimmed during the optimization process.
WARNING:Xst:1896 - Due to other FF/Latch trimming, FF/Latch <U5/u1/edo_FSM_FFd6> has a constant value of 0 in block <ALU_top>. This FF/Latch will be trimmed during the optimization process.
WARNING:Xst:1896 - Due to other FF/Latch trimming, FF/Latch <U5/u1/edo_FSM_FFd8> has a constant value of 0 in block <ALU_top>. This FF/Latch will be trimmed during the optimization process.
WARNING:Xst:1896 - Due to other FF/Latch trimming, FF/Latch <U5/u1/edo_FSM_FFd10> has a constant value of 0 in block <ALU_top>. This FF/Latch will be trimmed during the optimization process.
WARNING:Xst:1896 - Due to other FF/Latch trimming, FF/Latch <U5/u1/edo_FSM_FFd12> has a constant value of 0 in block <ALU_top>. This FF/Latch will be trimmed during the optimization process.
WARNING:Xst:1896 - Due to other FF/Latch trimming, FF/Latch <U5/u1/edo_FSM_FFd14> has a constant value of 0 in block <ALU_top>. This FF/Latch will be trimmed during the optimization process.
WARNING:Xst:1896 - Due to other FF/Latch trimming, FF/Latch <U5/u1/edo_FSM_FFd16> has a constant value of 0 in block <ALU_top>. This FF/Latch will be trimmed during the optimization process.
WARNING:Xst:1896 - Due to other FF/Latch trimming, FF/Latch <U5/u1/edo_FSM_FFd18> has a constant value of 0 in block <ALU_top>. This FF/Latch will be trimmed during the optimization process.
WARNING:Xst:1896 - Due to other FF/Latch trimming, FF/Latch <U5/u1/edo_FSM_FFd20> has a constant value of 0 in block <ALU_top>. This FF/Latch will be trimmed during the optimization process.
WARNING:Xst:1896 - Due to other FF/Latch trimming, FF/Latch <U5/u1/edo_FSM_FFd22> has a constant value of 0 in block <ALU_top>. This FF/Latch will be trimmed during the optimization process.
WARNING:Xst:1293 - FF/Latch <U5/u1/edo_FSM_FFd4> has a constant value of 0 in block <ALU_top>. This FF/Latch will be trimmed during the optimization process.
WARNING:Xst:1896 - Due to other FF/Latch trimming, FF/Latch <U5/u1/edo_FSM_FFd24> has a constant value of 0 in block <ALU_top>. This FF/Latch will be trimmed during the optimization process.
WARNING:Xst:1896 - Due to other FF/Latch trimming, FF/Latch <U5/u1/edo_FSM_FFd6> has a constant value of 0 in block <ALU_top>. This FF/Latch will be trimmed during the optimization process.
WARNING:Xst:1896 - Due to other FF/Latch trimming, FF/Latch <U5/u1/edo_FSM_FFd8> has a constant value of 0 in block <ALU_top>. This FF/Latch will be trimmed during the optimization process.
WARNING:Xst:1896 - Due to other FF/Latch trimming, FF/Latch <U5/u1/edo_FSM_FFd10> has a constant value of 0 in block <ALU_top>. This FF/Latch will be trimmed during the optimization process.
WARNING:Xst:1896 - Due to other FF/Latch trimming, FF/Latch <U5/u1/edo_FSM_FFd12> has a constant value of 0 in block <ALU_top>. This FF/Latch will be trimmed during the optimization process.
WARNING:Xst:1896 - Due to other FF/Latch trimming, FF/Latch <U5/u1/edo_FSM_FFd14> has a constant value of 0 in block <ALU_top>. This FF/Latch will be trimmed during the optimization process.
WARNING:Xst:1896 - Due to other FF/Latch trimming, FF/Latch <U5/u1/edo_FSM_FFd16> has a constant value of 0 in block <ALU_top>. This FF/Latch will be trimmed during the optimization process.
WARNING:Xst:1896 - Due to other FF/Latch trimming, FF/Latch <U5/u1/edo_FSM_FFd18> has a constant value of 0 in block <ALU_top>. This FF/Latch will be trimmed during the optimization process.
WARNING:Xst:1896 - Due to other FF/Latch trimming, FF/Latch <U5/u1/edo_FSM_FFd20> has a constant value of 0 in block <ALU_top>. This FF/Latch will be trimmed during the optimization process.
WARNING:Xst:1896 - Due to other FF/Latch trimming, FF/Latch <U5/u1/edo_FSM_FFd22> has a constant value of 0 in block <ALU_top>. This FF/Latch will be trimmed during the optimization process.
WARNING:Xst:1293 - FF/Latch <U5/u1/edo_FSM_FFd4> has a constant value of 0 in block <ALU_top>. This FF/Latch will be trimmed during the optimization process.
WARNING:Xst:1896 - Due to other FF/Latch trimming, FF/Latch <U5/u1/edo_FSM_FFd24> has a constant value of 0 in block <ALU_top>. This FF/Latch will be trimmed during the optimization process.
WARNING:Xst:1896 - Due to other FF/Latch trimming, FF/Latch <U5/u1/edo_FSM_FFd6> has a constant value of 0 in block <ALU_top>. This FF/Latch will be trimmed during the optimization process.
WARNING:Xst:1896 - Due to other FF/Latch trimming, FF/Latch <U5/u1/edo_FSM_FFd8> has a constant value of 0 in block <ALU_top>. This FF/Latch will be trimmed during the optimization process.
WARNING:Xst:1896 - Due to other FF/Latch trimming, FF/Latch <U5/u1/edo_FSM_FFd10> has a constant value of 0 in block <ALU_top>. This FF/Latch will be trimmed during the optimization process.
WARNING:Xst:1896 - Due to other FF/Latch trimming, FF/Latch <U5/u1/edo_FSM_FFd12> has a constant value of 0 in block <ALU_top>. This FF/Latch will be trimmed during the optimization process.
WARNING:Xst:1896 - Due to other FF/Latch trimming, FF/Latch <U5/u1/edo_FSM_FFd14> has a constant value of 0 in block <ALU_top>. This FF/Latch will be trimmed during the optimization process.
WARNING:Xst:1896 - Due to other FF/Latch trimming, FF/Latch <U5/u1/edo_FSM_FFd16> has a constant value of 0 in block <ALU_top>. This FF/Latch will be trimmed during the optimization process.
WARNING:Xst:1896 - Due to other FF/Latch trimming, FF/Latch <U5/u1/edo_FSM_FFd18> has a constant value of 0 in block <ALU_top>. This FF/Latch will be trimmed during the optimization process.
WARNING:Xst:1896 - Due to other FF/Latch trimming, FF/Latch <U5/u1/edo_FSM_FFd20> has a constant value of 0 in block <ALU_top>. This FF/Latch will be trimmed during the optimization process.
WARNING:Xst:1896 - Due to other FF/Latch trimming, FF/Latch <U5/u1/edo_FSM_FFd22> has a constant value of 0 in block <ALU_top>. This FF/Latch will be trimmed during the optimization process.
WARNING:Xst:1293 - FF/Latch <U5/u1/edo_FSM_FFd4> has a constant value of 0 in block <ALU_top>. This FF/Latch will be trimmed during the optimization process.
WARNING:Xst:1896 - Due to other FF/Latch trimming, FF/Latch <U5/u1/edo_FSM_FFd24> has a constant value of 0 in block <ALU_top>. This FF/Latch will be trimmed during the optimization process.
WARNING:Xst:1896 - Due to other FF/Latch trimming, FF/Latch <U5/u1/edo_FSM_FFd6> has a constant value of 0 in block <ALU_top>. This FF/Latch will be trimmed during the optimization process.
WARNING:Xst:1896 - Due to other FF/Latch trimming, FF/Latch <U5/u1/edo_FSM_FFd8> has a constant value of 0 in block <ALU_top>. This FF/Latch will be trimmed during the optimization process.
WARNING:Xst:1896 - Due to other FF/Latch trimming, FF/Latch <U5/u1/edo_FSM_FFd10> has a constant value of 0 in block <ALU_top>. This FF/Latch will be trimmed during the optimization process.
WARNING:Xst:1896 - Due to other FF/Latch trimming, FF/Latch <U5/u1/edo_FSM_FFd12> has a constant value of 0 in block <ALU_top>. This FF/Latch will be trimmed during the optimization process.
WARNING:Xst:1896 - Due to other FF/Latch trimming, FF/Latch <U5/u1/edo_FSM_FFd14> has a constant value of 0 in block <ALU_top>. This FF/Latch will be trimmed during the optimization process.
WARNING:Xst:1896 - Due to other FF/Latch trimming, FF/Latch <U5/u1/edo_FSM_FFd16> has a constant value of 0 in block <ALU_top>. This FF/Latch will be trimmed during the optimization process.
WARNING:Xst:1896 - Due to other FF/Latch trimming, FF/Latch <U5/u1/edo_FSM_FFd18> has a constant value of 0 in block <ALU_top>. This FF/Latch will be trimmed during the optimization process.
WARNING:Xst:1896 - Due to other FF/Latch trimming, FF/Latch <U5/u1/edo_FSM_FFd20> has a constant value of 0 in block <ALU_top>. This FF/Latch will be trimmed during the optimization process.
WARNING:Xst:1896 - Due to other FF/Latch trimming, FF/Latch <U5/u1/edo_FSM_FFd22> has a constant value of 0 in block <ALU_top>. This FF/Latch will be trimmed during the optimization process.
WARNING:Xst:1293 - FF/Latch <U5/u1/edo_FSM_FFd4> has a constant value of 0 in block <ALU_top>. This FF/Latch will be trimmed during the optimization process.
WARNING:Xst:1896 - Due to other FF/Latch trimming, FF/Latch <U5/u1/edo_FSM_FFd24> has a constant value of 0 in block <ALU_top>. This FF/Latch will be trimmed during the optimization process.
WARNING:Xst:1896 - Due to other FF/Latch trimming, FF/Latch <U5/u1/edo_FSM_FFd6> has a constant value of 0 in block <ALU_top>. This FF/Latch will be trimmed during the optimization process.
WARNING:Xst:1896 - Due to other FF/Latch trimming, FF/Latch <U5/u1/edo_FSM_FFd8> has a constant value of 0 in block <ALU_top>. This FF/Latch will be trimmed during the optimization process.
WARNING:Xst:1896 - Due to other FF/Latch trimming, FF/Latch <U5/u1/edo_FSM_FFd10> has a constant value of 0 in block <ALU_top>. This FF/Latch will be trimmed during the optimization process.
WARNING:Xst:1896 - Due to other FF/Latch trimming, FF/Latch <U5/u1/edo_FSM_FFd12> has a constant value of 0 in block <ALU_top>. This FF/Latch will be trimmed during the optimization process.
WARNING:Xst:1896 - Due to other FF/Latch trimming, FF/Latch <U5/u1/edo_FSM_FFd14> has a constant value of 0 in block <ALU_top>. This FF/Latch will be trimmed during the optimization process.
WARNING:Xst:1896 - Due to other FF/Latch trimming, FF/Latch <U5/u1/edo_FSM_FFd16> has a constant value of 0 in block <ALU_top>. This FF/Latch will be trimmed during the optimization process.
WARNING:Xst:1896 - Due to other FF/Latch trimming, FF/Latch <U5/u1/edo_FSM_FFd18> has a constant value of 0 in block <ALU_top>. This FF/Latch will be trimmed during the optimization process.
WARNING:Xst:1896 - Due to other FF/Latch trimming, FF/Latch <U5/u1/edo_FSM_FFd20> has a constant value of 0 in block <ALU_top>. This FF/Latch will be trimmed during the optimization process.
WARNING:Xst:1896 - Due to other FF/Latch trimming, FF/Latch <U5/u1/edo_FSM_FFd22> has a constant value of 0 in block <ALU_top>. This FF/Latch will be trimmed during the optimization process.
INFO:Xst:2261 - The FF/Latch <U5/u1/edo_enable_FSM_FFd1> in Unit <ALU_top> is equivalent to the following FF/Latch, which will be removed : <U5/u1/enable_fin> 
INFO:Xst:2261 - The FF/Latch <U5/u1/dir_salto_mem_2> in Unit <ALU_top> is equivalent to the following 2 FFs/Latches, which will be removed : <U5/u1/dir_salto_mem_1> <U5/u1/dir_salto_mem_0> 
INFO:Xst:2261 - The FF/Latch <U5/u1/edo_FSM_FFd4> in Unit <ALU_top> is equivalent to the following 10 FFs/Latches, which will be removed : <U5/u1/edo_FSM_FFd24> <U5/u1/edo_FSM_FFd6> <U5/u1/edo_FSM_FFd8> <U5/u1/edo_FSM_FFd10> <U5/u1/edo_FSM_FFd12> <U5/u1/edo_FSM_FFd14> <U5/u1/edo_FSM_FFd16> <U5/u1/edo_FSM_FFd18> <U5/u1/edo_FSM_FFd20> <U5/u1/edo_FSM_FFd22> 
WARNING:Xst:638 - in unit ALU_top Conflict on KEEP property on signal U5/u1/edo_FSM_FFd4 and U5/u1/edo_FSM_FFd24 U5/u1/edo_FSM_FFd24 signal will be lost.
WARNING:Xst:638 - in unit ALU_top Conflict on KEEP property on signal U5/u1/edo_FSM_FFd24 and U5/u1/edo_FSM_FFd6 U5/u1/edo_FSM_FFd6 signal will be lost.
WARNING:Xst:638 - in unit ALU_top Conflict on KEEP property on signal U5/u1/edo_FSM_FFd24 and U5/u1/edo_FSM_FFd8 U5/u1/edo_FSM_FFd8 signal will be lost.
WARNING:Xst:638 - in unit ALU_top Conflict on KEEP property on signal U5/u1/edo_FSM_FFd24 and U5/u1/edo_FSM_FFd10 U5/u1/edo_FSM_FFd10 signal will be lost.
WARNING:Xst:638 - in unit ALU_top Conflict on KEEP property on signal U5/u1/edo_FSM_FFd10 and U5/u1/edo_FSM_FFd12 U5/u1/edo_FSM_FFd12 signal will be lost.
WARNING:Xst:638 - in unit ALU_top Conflict on KEEP property on signal U5/u1/edo_FSM_FFd10 and U5/u1/edo_FSM_FFd14 U5/u1/edo_FSM_FFd14 signal will be lost.
WARNING:Xst:638 - in unit ALU_top Conflict on KEEP property on signal U5/u1/edo_FSM_FFd10 and U5/u1/edo_FSM_FFd16 U5/u1/edo_FSM_FFd16 signal will be lost.
WARNING:Xst:638 - in unit ALU_top Conflict on KEEP property on signal U5/u1/edo_FSM_FFd10 and U5/u1/edo_FSM_FFd18 U5/u1/edo_FSM_FFd18 signal will be lost.
WARNING:Xst:638 - in unit ALU_top Conflict on KEEP property on signal U5/u1/edo_FSM_FFd10 and U5/u1/edo_FSM_FFd20 U5/u1/edo_FSM_FFd20 signal will be lost.
WARNING:Xst:638 - in unit ALU_top Conflict on KEEP property on signal U5/u1/edo_FSM_FFd10 and U5/u1/edo_FSM_FFd22 U5/u1/edo_FSM_FFd22 signal will be lost.

Mapping all equations...
WARNING:Xst:1293 - FF/Latch <U5/u1/edo_FSM_FFd4> has a constant value of 0 in block <ALU_top>. This FF/Latch will be trimmed during the optimization process.
WARNING:Xst:1293 - FF/Latch <U5/u1/edo_FSM_FFd4> has a constant value of 0 in block <ALU_top>. This FF/Latch will be trimmed during the optimization process.
Building and optimizing final netlist ...
WARNING:Xst:638 - in unit ALU_top Conflict on KEEP property on signal U5/u1/edo_FSM_FFd10 and U5/u1/edo_FSM_FFd11 U5/u1/edo_FSM_FFd11 signal will be lost.
Found area constraint ratio of 100 (+ 5) on block ALU_top, actual ratio is 10.
FlipFlop U1/A_0 has been replicated 3 time(s)
FlipFlop U1/A_1 has been replicated 4 time(s)
FlipFlop U1/A_2 has been replicated 5 time(s)
FlipFlop U1/A_3 has been replicated 3 time(s)
FlipFlop U1/B_0 has been replicated 5 time(s)
FlipFlop U1/B_1 has been replicated 4 time(s)
FlipFlop U1/B_2 has been replicated 4 time(s)
FlipFlop U1/B_3 has been replicated 3 time(s)
FlipFlop U5/u1/dir_mem_s_0 has been replicated 1 time(s)
FlipFlop U5/u1/dir_mem_s_1 has been replicated 1 time(s)
FlipFlop U5/u1/dir_mem_s_2 has been replicated 1 time(s)
FlipFlop U5/u1/dir_mem_s_3 has been replicated 1 time(s)
FlipFlop U5/u1/dir_mem_s_4 has been replicated 1 time(s)
FlipFlop U5/u1/dir_mem_s_5 has been replicated 1 time(s)

Final Macro Processing ...

=========================================================================
Final Register Report

Macro Statistics
# Registers                                            : 182
 Flip-Flops                                            : 182

=========================================================================

=========================================================================
*                           Partition Report                            *
=========================================================================

Partition Implementation Status
-------------------------------

  No Partitions were found in this design.

-------------------------------

=========================================================================
*                            Design Summary                             *
=========================================================================

Top Level Output File Name         : ALU_top.ngc

Primitive and Black Box Usage:
------------------------------
# BELS                             : 764
#      GND                         : 1
#      INV                         : 7
#      LUT1                        : 55
#      LUT2                        : 34
#      LUT3                        : 50
#      LUT4                        : 53
#      LUT5                        : 85
#      LUT6                        : 296
#      MUXCY                       : 76
#      MUXF7                       : 33
#      VCC                         : 1
#      XORCY                       : 73
# FlipFlops/Latches                : 182
#      FD                          : 43
#      FDE                         : 98
#      FDR                         : 25
#      FDRE                        : 16
# Clock Buffers                    : 1
#      BUFGP                       : 1
# IO Buffers                       : 41
#      IBUF                        : 6
#      OBUF                        : 35

Device utilization summary:
---------------------------

Selected Device : 6slx9csg225-2 


Slice Logic Utilization: 
 Number of Slice Registers:             175  out of  11440     1%  
 Number of Slice LUTs:                  580  out of   5720    10%  
    Number used as Logic:               580  out of   5720    10%  

Slice Logic Distribution: 
 Number of LUT Flip Flop pairs used:    609
   Number with an unused Flip Flop:     434  out of    609    71%  
   Number with an unused LUT:            29  out of    609     4%  
   Number of fully used LUT-FF pairs:   146  out of    609    23%  
   Number of unique control sets:        14

IO Utilization: 
 Number of IOs:                          42
 Number of bonded IOBs:                  42  out of    160    26%  
    IOB Flip Flops/Latches:               7

Specific Feature Utilization:
 Number of BUFG/BUFGCTRLs:                1  out of     16     6%  

---------------------------
Partition Resource Summary:
---------------------------

  No Partitions were found in this design.

---------------------------


=========================================================================
Timing Report

NOTE: THESE TIMING NUMBERS ARE ONLY A SYNTHESIS ESTIMATE.
      FOR ACCURATE TIMING INFORMATION PLEASE REFER TO THE TRACE REPORT
      GENERATED AFTER PLACE-and-ROUTE.

Clock Information:
------------------
-----------------------------------+------------------------+-------+
Clock Signal                       | Clock buffer(FF name)  | Load  |
-----------------------------------+------------------------+-------+
CLK                                | BUFGP                  | 182   |
-----------------------------------+------------------------+-------+

Asynchronous Control Signals Information:
----------------------------------------
No asynchronous control signals found in this design

Timing Summary:
---------------
Speed Grade: -2

   Minimum period: 13.749ns (Maximum Frequency: 72.733MHz)
   Minimum input arrival time before clock: 15.498ns
   Maximum output required time after clock: 9.828ns
   Maximum combinational path delay: No path found

Timing Details:
---------------
All values displayed in nanoseconds (ns)

=========================================================================
Timing constraint: Default period analysis for Clock 'CLK'
  Clock period: 13.749ns (frequency: 72.733MHz)
  Total number of paths / destination ports: 5002919 / 324
-------------------------------------------------------------------------
Delay:               13.749ns (Levels of Logic = 18)
  Source:            U1/A_2_1 (FF)
  Destination:       U5/u1/data_s_7 (FF)
  Source Clock:      CLK rising
  Destination Clock: CLK rising

  Data Path: U1/A_2_1 to U5/u1/data_s_7
                                Gate     Net
    Cell:in->out      fanout   Delay   Delay  Logical Name (Net Name)
    ----------------------------------------  ------------
     FDE:C->Q              2   0.525   1.156  U1/A_2_1 (U1/A_2_1)
     LUT5:I0->O            1   0.254   0.682  U2/Mmult_A[3]_B[3]_MuLt_6_OUT_Madd_311 (U2/Mmult_A[3]_B[3]_MuLt_6_OUT_Madd_31)
     LUT5:I4->O            1   0.254   0.000  U2/Mmult_A[3]_B[3]_MuLt_6_OUT_Madd2_lut<3> (U2/Mmult_A[3]_B[3]_MuLt_6_OUT_Madd2_lut<3>)
     MUXCY:S->O            1   0.215   0.000  U2/Mmult_A[3]_B[3]_MuLt_6_OUT_Madd2_cy<3> (U2/Mmult_A[3]_B[3]_MuLt_6_OUT_Madd2_cy<3>)
     XORCY:CI->O           6   0.206   0.876  U2/Mmult_A[3]_B[3]_MuLt_6_OUT_Madd2_xor<4> (U2/A[3]_B[3]_MuLt_6_OUT<4>)
     LUT5:I4->O           19   0.254   1.537  RESUL_ARIT<4> (RESUL_ARIT<4>)
     LUT6:I2->O            9   0.254   0.976  U4/GND_11_o_C[4]_LessThan_11_o21 (U4/GND_11_o_C[4]_LessThan_11_o2)
     LUT5:I4->O            7   0.254   0.910  U4/Mmux_C[5]_C[5]_MUX_69_o11 (U4/Madd_GND_11_o_GND_11_o_add_13_OUT_cy<0>)
     LUT6:I5->O            1   0.254   0.682  U5/_n029520 (U5/_n02951)
     LUT6:I5->O           16   0.254   1.290  U5/_n04415 (U5/vector_mem<0>)
     LUT5:I3->O            4   0.250   0.804  U5/u1/PWR_17_o_VECTOR_MEM[8]_AND_27_o_SW0 (N151)
     LUT6:I5->O            3   0.254   0.766  U5/u1/PWR_17_o_VECTOR_MEM[8]_AND_27_o (U5/u1/PWR_17_o_VECTOR_MEM[8]_AND_27_o)
     LUT5:I4->O            1   0.254   0.000  U5/u1/Mmux__n2661_rs_lut<2> (U5/u1/Mmux__n2661_rs_lut<2>)
     MUXCY:S->O            1   0.215   0.000  U5/u1/Mmux__n2661_rs_cy<2> (U5/u1/Mmux__n2661_rs_cy<2>)
     MUXCY:CI->O           1   0.023   0.000  U5/u1/Mmux__n2661_rs_cy<3> (U5/u1/Mmux__n2661_rs_cy<3>)
     MUXCY:CI->O           1   0.023   0.000  U5/u1/Mmux__n2661_rs_cy<4> (U5/u1/Mmux__n2661_rs_cy<4>)
     MUXCY:CI->O           1   0.023   0.000  U5/u1/Mmux__n2661_rs_cy<5> (U5/u1/Mmux__n2661_rs_cy<5>)
     MUXCY:CI->O           0   0.023   0.000  U5/u1/Mmux__n2661_rs_cy<6> (U5/u1/Mmux__n2661_rs_cy<6>)
     XORCY:CI->O           1   0.206   0.000  U5/u1/Mmux__n2661_rs_xor<7> (U5/u1/_n2661<7>)
     FDE:D                     0.074          U5/u1/data_s_7
    ----------------------------------------
    Total                     13.749ns (4.070ns logic, 9.679ns route)
                                       (29.6% logic, 70.4% route)

=========================================================================
Timing constraint: Default OFFSET IN BEFORE for Clock 'CLK'
  Total number of paths / destination ports: 374387 / 127
-------------------------------------------------------------------------
Offset:              15.498ns (Levels of Logic = 17)
  Source:            SEL<1> (PAD)
  Destination:       U5/u1/data_s_7 (FF)
  Destination Clock: CLK rising

  Data Path: SEL<1> to U5/u1/data_s_7
                                Gate     Net
    Cell:in->out      fanout   Delay   Delay  Logical Name (Net Name)
    ----------------------------------------  ------------
     IBUF:I->O            49   1.328   2.259  SEL_1_IBUF (SEL_1_IBUF)
     LUT6:I0->O            1   0.254   0.790  RESUL_ARIT<3>2 (RESUL_ARIT<3>2)
     LUT6:I4->O            4   0.250   0.912  RESUL_ARIT<3>3 (RESUL_ARIT<3>3)
     LUT6:I4->O           18   0.250   1.665  RESUL_ARIT<3>6 (RESUL_ARIT<3>)
     LUT6:I1->O            9   0.254   0.976  U4/GND_11_o_C[4]_LessThan_11_o21 (U4/GND_11_o_C[4]_LessThan_11_o2)
     LUT5:I4->O            7   0.254   0.910  U4/Mmux_C[5]_C[5]_MUX_69_o11 (U4/Madd_GND_11_o_GND_11_o_add_13_OUT_cy<0>)
     LUT6:I5->O            1   0.254   0.682  U5/_n029520 (U5/_n02951)
     LUT6:I5->O           16   0.254   1.290  U5/_n04415 (U5/vector_mem<0>)
     LUT5:I3->O            4   0.250   0.804  U5/u1/PWR_17_o_VECTOR_MEM[8]_AND_27_o_SW0 (N151)
     LUT6:I5->O            3   0.254   0.766  U5/u1/PWR_17_o_VECTOR_MEM[8]_AND_27_o (U5/u1/PWR_17_o_VECTOR_MEM[8]_AND_27_o)
     LUT5:I4->O            1   0.254   0.000  U5/u1/Mmux__n2661_rs_lut<2> (U5/u1/Mmux__n2661_rs_lut<2>)
     MUXCY:S->O            1   0.215   0.000  U5/u1/Mmux__n2661_rs_cy<2> (U5/u1/Mmux__n2661_rs_cy<2>)
     MUXCY:CI->O           1   0.023   0.000  U5/u1/Mmux__n2661_rs_cy<3> (U5/u1/Mmux__n2661_rs_cy<3>)
     MUXCY:CI->O           1   0.023   0.000  U5/u1/Mmux__n2661_rs_cy<4> (U5/u1/Mmux__n2661_rs_cy<4>)
     MUXCY:CI->O           1   0.023   0.000  U5/u1/Mmux__n2661_rs_cy<5> (U5/u1/Mmux__n2661_rs_cy<5>)
     MUXCY:CI->O           0   0.023   0.000  U5/u1/Mmux__n2661_rs_cy<6> (U5/u1/Mmux__n2661_rs_cy<6>)
     XORCY:CI->O           1   0.206   0.000  U5/u1/Mmux__n2661_rs_xor<7> (U5/u1/_n2661<7>)
     FDE:D                     0.074          U5/u1/data_s_7
    ----------------------------------------
    Total                     15.498ns (4.444ns logic, 11.054ns route)
                                       (28.7% logic, 71.3% route)

=========================================================================
Timing constraint: Default OFFSET OUT AFTER for Clock 'CLK'
  Total number of paths / destination ports: 88 / 17
-------------------------------------------------------------------------
Offset:              9.828ns (Levels of Logic = 6)
  Source:            U5/u1/ciclo_enable_3 (FF)
  Destination:       ENA (PAD)
  Source Clock:      CLK rising

  Data Path: U5/u1/ciclo_enable_3 to ENA
                                Gate     Net
    Cell:in->out      fanout   Delay   Delay  Logical Name (Net Name)
    ----------------------------------------  ------------
     FDE:C->Q             12   0.525   1.068  U5/u1/ciclo_enable_3 (U5/u1/ciclo_enable_3)
     INV:I->O             10   0.255   1.438  U5/u1/n1587<3>1_INV_0 (U5/u1/n1587<3>)
     LUT5:I0->O            0   0.254   0.000  U5/u1/Mcompar_BUS_0005_GND_15_o_LessThan_666_o_lutdi3 (U5/u1/Mcompar_BUS_0005_GND_15_o_LessThan_666_o_lutdi3)
     MUXCY:DI->O           1   0.393   0.682  U5/u1/Mcompar_BUS_0005_GND_15_o_LessThan_666_o_cy<3> (U5/u1/Mcompar_BUS_0005_GND_15_o_LessThan_666_o_cy<3>)
     LUT5:I4->O            1   0.254   1.112  U5/u1/Mcompar_BUS_0005_GND_15_o_LessThan_666_o_cy<4> (U5/u1/Mcompar_BUS_0005_GND_15_o_LessThan_666_o_cy<4>)
     LUT5:I0->O            1   0.254   0.681  U5/u1/ENA1 (ENA_OBUF)
     OBUF:I->O                 2.912          ENA_OBUF (ENA)
    ----------------------------------------
    Total                      9.828ns (4.847ns logic, 4.981ns route)
                                       (49.3% logic, 50.7% route)

=========================================================================

Cross Clock Domains Report:
--------------------------

Clock to Setup on destination clock CLK
---------------+---------+---------+---------+---------+
               | Src:Rise| Src:Fall| Src:Rise| Src:Fall|
Source Clock   |Dest:Rise|Dest:Rise|Dest:Fall|Dest:Fall|
---------------+---------+---------+---------+---------+
CLK            |   13.749|         |         |         |
---------------+---------+---------+---------+---------+

=========================================================================


Total REAL time to Xst completion: 31.00 secs
Total CPU time to Xst completion: 31.74 secs
 
--> 

Total memory usage is 4551676 kilobytes

Number of errors   :    0 (   0 filtered)
Number of warnings :  192 (   0 filtered)
Number of infos    :   18 (   0 filtered)

