--------------------------------------------------------------------------------
Release 14.7 Trace  (lin64)
Copyright (c) 1995-2013 Xilinx, Inc.  All rights reserved.

/opt/Xilinx/14.7/ISE_DS/ISE/bin/lin64/unwrapped/trce -intstyle ise -v 3 -s 2 -n
3 -fastpaths -xml MOTOR_top.twx MOTOR_top.ncd -o MOTOR_top.twr MOTOR_top.pcf
-ucf MOTOR.ucf

Design file:              MOTOR_top.ncd
Physical constraint file: MOTOR_top.pcf
Device,package,speed:     xc6slx9,csg225,C,-2 (PRODUCTION 1.23 2013-10-13)
Report level:             verbose report

Environment Variable      Effect 
--------------------      ------ 
NONE                      No environment variables were set
--------------------------------------------------------------------------------

INFO:Timing:2698 - No timing constraints found, doing default enumeration.
INFO:Timing:3412 - To improve timing, see the Timing Closure User Guide (UG612).
INFO:Timing:2752 - To get complete path coverage, use the unconstrained paths 
   option. All paths that are not constrained will be reported in the 
   unconstrained paths section(s) of the report.
INFO:Timing:3339 - The clock-to-out numbers in this timing report are based on 
   a 50 Ohm transmission line loading model.  For the details of this model, 
   and for more information on accounting for different loading conditions, 
   please see the device datasheet.



Data Sheet report:
-----------------
All values displayed in nanoseconds (ns)

Setup/Hold to clock CLK
------------+------------+------------+------------+------------+------------------+--------+
            |Max Setup to|  Process   |Max Hold to |  Process   |                  | Clock  |
Source      | clk (edge) |   Corner   | clk (edge) |   Corner   |Internal Clock(s) | Phase  |
------------+------------+------------+------------+------------+------------------+--------+
ENABLE      |    2.711(R)|      SLOW  |   -1.073(R)|      FAST  |CLK_BUFGP         |   0.000|
SEL<0>      |    9.449(R)|      SLOW  |   -0.566(R)|      FAST  |CLK_BUFGP         |   0.000|
SEL<1>      |    8.607(R)|      SLOW  |   -0.771(R)|      FAST  |CLK_BUFGP         |   0.000|
SENSD       |    2.775(R)|      SLOW  |   -1.096(R)|      FAST  |CLK_BUFGP         |   0.000|
SENSI       |    2.174(R)|      SLOW  |   -0.825(R)|      FAST  |CLK_BUFGP         |   0.000|
------------+------------+------------+------------+------------+------------------+--------+

Clock CLK to Pad
------------+-----------------+------------+-----------------+------------+------------------+--------+
            |Max (slowest) clk|  Process   |Min (fastest) clk|  Process   |                  | Clock  |
Destination |  (edge) to PAD  |   Corner   |  (edge) to PAD  |   Corner   |Internal Clock(s) | Phase  |
------------+-----------------+------------+-----------------+------------+------------------+--------+
DATA_LCD<0> |        10.399(R)|      SLOW  |         4.445(R)|      FAST  |CLK_BUFGP         |   0.000|
DATA_LCD<1> |        10.236(R)|      SLOW  |         4.313(R)|      FAST  |CLK_BUFGP         |   0.000|
DATA_LCD<2> |         9.765(R)|      SLOW  |         4.029(R)|      FAST  |CLK_BUFGP         |   0.000|
DATA_LCD<3> |         9.666(R)|      SLOW  |         3.945(R)|      FAST  |CLK_BUFGP         |   0.000|
DATA_LCD<4> |         9.914(R)|      SLOW  |         4.107(R)|      FAST  |CLK_BUFGP         |   0.000|
DATA_LCD<5> |        10.335(R)|      SLOW  |         4.391(R)|      FAST  |CLK_BUFGP         |   0.000|
DATA_LCD<6> |        10.463(R)|      SLOW  |         4.420(R)|      FAST  |CLK_BUFGP         |   0.000|
DATA_LCD<7> |        10.049(R)|      SLOW  |         4.178(R)|      FAST  |CLK_BUFGP         |   0.000|
ENA         |        12.929(R)|      SLOW  |         4.050(R)|      FAST  |CLK_BUFGP         |   0.000|
RS          |         9.880(R)|      SLOW  |         4.191(R)|      FAST  |CLK_BUFGP         |   0.000|
------------+-----------------+------------+-----------------+------------+------------------+--------+

Clock to Setup on destination clock CLK
---------------+---------+---------+---------+---------+
               | Src:Rise| Src:Fall| Src:Rise| Src:Fall|
Source Clock   |Dest:Rise|Dest:Rise|Dest:Fall|Dest:Fall|
---------------+---------+---------+---------+---------+
CLK            |    6.466|         |         |         |
---------------+---------+---------+---------+---------+

Pad to Pad
---------------+---------------+---------+
Source Pad     |Destination Pad|  Delay  |
---------------+---------------+---------+
ENABLE         |LEDSW_G<7>     |    7.456|
ENABLE         |LEDSW_R<7>     |    8.388|
SEL<0>         |LEDSW_B<0>     |    7.506|
SEL<0>         |LEDSW_G<0>     |    8.035|
SEL<0>         |LEDSW_R<0>     |    9.418|
SEL<1>         |LEDSW_B<1>     |    7.722|
SEL<1>         |LEDSW_G<1>     |    7.820|
SEL<1>         |LEDSW_R<1>     |    8.483|
---------------+---------------+---------+


Analysis completed Mon Dec 14 22:48:09 2020 
--------------------------------------------------------------------------------

Trace Settings:
-------------------------
Trace Settings 

Peak Memory Usage: 387 MB



