--------------------------------------------------------------------------------
Release 14.7 Trace  (lin64)
Copyright (c) 1995-2013 Xilinx, Inc.  All rights reserved.

/opt/Xilinx/14.7/ISE_DS/ISE/bin/lin64/unwrapped/trce -intstyle ise -v 3 -s 2 -n
3 -fastpaths -xml MULTI_DIV_SHIFT.twx MULTI_DIV_SHIFT.ncd -o
MULTI_DIV_SHIFT.twr MULTI_DIV_SHIFT.pcf -ucf MULTI_DIV_SHIFT.ucf

Design file:              MULTI_DIV_SHIFT.ncd
Physical constraint file: MULTI_DIV_SHIFT.pcf
Device,package,speed:     xc6slx9,csg225,C,-2 (PRODUCTION 1.23 2013-10-13)
Report level:             verbose report

Environment Variable      Effect 
--------------------      ------ 
NONE                      No environment variables were set
--------------------------------------------------------------------------------

INFO:Timing:2698 - No timing constraints found, doing default enumeration.
INFO:Timing:3412 - To improve timing, see the Timing Closure User Guide (UG612).
INFO:Timing:2752 - To get complete path coverage, use the unconstrained paths 
   option. All paths that are not constrained will be reported in the 
   unconstrained paths section(s) of the report.
INFO:Timing:3339 - The clock-to-out numbers in this timing report are based on 
   a 50 Ohm transmission line loading model.  For the details of this model, 
   and for more information on accounting for different loading conditions, 
   please see the device datasheet.



Data Sheet report:
-----------------
All values displayed in nanoseconds (ns)

Setup/Hold to clock CLK
------------+------------+------------+------------+------------+------------------+--------+
            |Max Setup to|  Process   |Max Hold to |  Process   |                  | Clock  |
Source      | clk (edge) |   Corner   | clk (edge) |   Corner   |Internal Clock(s) | Phase  |
------------+------------+------------+------------+------------+------------------+--------+
BOTON<0>    |    5.227(R)|      SLOW  |   -0.775(R)|      FAST  |CLK_BUFGP         |   0.000|
BOTON<1>    |    5.401(R)|      SLOW  |   -0.749(R)|      SLOW  |CLK_BUFGP         |   0.000|
BOTON<2>    |    2.911(R)|      SLOW  |   -0.110(R)|      SLOW  |CLK_BUFGP         |   0.000|
BOTON<3>    |    3.505(R)|      SLOW  |   -0.114(R)|      SLOW  |CLK_BUFGP         |   0.000|
ENCODER<0>  |    4.728(R)|      SLOW  |   -0.362(R)|      SLOW  |CLK_BUFGP         |   0.000|
ENCODER<1>  |    4.849(R)|      SLOW  |   -0.555(R)|      FAST  |CLK_BUFGP         |   0.000|
------------+------------+------------+------------+------------+------------------+--------+

Clock CLK to Pad
------------+-----------------+------------+-----------------+------------+------------------+--------+
            |Max (slowest) clk|  Process   |Min (fastest) clk|  Process   |                  | Clock  |
Destination |  (edge) to PAD  |   Corner   |  (edge) to PAD  |   Corner   |Internal Clock(s) | Phase  |
------------+-----------------+------------+-----------------+------------+------------------+--------+
LEDS_B<0>   |         9.380(R)|      SLOW  |         3.828(R)|      FAST  |CLK_BUFGP         |   0.000|
LEDS_B<1>   |         9.201(R)|      SLOW  |         3.740(R)|      FAST  |CLK_BUFGP         |   0.000|
LEDS_B<2>   |         9.696(R)|      SLOW  |         4.149(R)|      FAST  |CLK_BUFGP         |   0.000|
LEDS_B<3>   |         8.970(R)|      SLOW  |         3.610(R)|      FAST  |CLK_BUFGP         |   0.000|
LEDS_B<4>   |        10.195(R)|      SLOW  |         4.334(R)|      FAST  |CLK_BUFGP         |   0.000|
LEDS_B<5>   |         9.694(R)|      SLOW  |         4.066(R)|      FAST  |CLK_BUFGP         |   0.000|
LEDS_B<6>   |         9.533(R)|      SLOW  |         3.930(R)|      FAST  |CLK_BUFGP         |   0.000|
LEDS_B<7>   |         9.502(R)|      SLOW  |         3.889(R)|      FAST  |CLK_BUFGP         |   0.000|
LEDS_G<0>   |        10.377(R)|      SLOW  |         4.492(R)|      FAST  |CLK_BUFGP         |   0.000|
LEDS_G<1>   |        10.150(R)|      SLOW  |         4.390(R)|      FAST  |CLK_BUFGP         |   0.000|
LEDS_G<2>   |        10.565(R)|      SLOW  |         4.618(R)|      FAST  |CLK_BUFGP         |   0.000|
LEDS_G<3>   |         9.380(R)|      SLOW  |         3.868(R)|      FAST  |CLK_BUFGP         |   0.000|
LEDS_G<4>   |         9.905(R)|      SLOW  |         4.191(R)|      FAST  |CLK_BUFGP         |   0.000|
LEDS_G<5>   |        10.151(R)|      SLOW  |         4.320(R)|      FAST  |CLK_BUFGP         |   0.000|
LEDS_G<6>   |         9.937(R)|      SLOW  |         4.202(R)|      FAST  |CLK_BUFGP         |   0.000|
LEDS_G<7>   |        10.069(R)|      SLOW  |         4.264(R)|      FAST  |CLK_BUFGP         |   0.000|
LEDS_R<0>   |        10.224(R)|      SLOW  |         4.307(R)|      FAST  |CLK_BUFGP         |   0.000|
LEDS_R<1>   |         8.998(R)|      SLOW  |         3.654(R)|      FAST  |CLK_BUFGP         |   0.000|
LEDS_R<2>   |         9.112(R)|      SLOW  |         3.714(R)|      FAST  |CLK_BUFGP         |   0.000|
LEDS_R<3>   |         9.753(R)|      SLOW  |         4.053(R)|      FAST  |CLK_BUFGP         |   0.000|
LEDS_R<4>   |         9.441(R)|      SLOW  |         3.828(R)|      FAST  |CLK_BUFGP         |   0.000|
LEDS_R<5>   |        10.608(R)|      SLOW  |         4.542(R)|      FAST  |CLK_BUFGP         |   0.000|
LEDS_R<6>   |        10.666(R)|      SLOW  |         4.530(R)|      FAST  |CLK_BUFGP         |   0.000|
LEDS_R<7>   |        11.485(R)|      SLOW  |         4.986(R)|      FAST  |CLK_BUFGP         |   0.000|
------------+-----------------+------------+-----------------+------------+------------------+--------+

Clock to Setup on destination clock CLK
---------------+---------+---------+---------+---------+
               | Src:Rise| Src:Fall| Src:Rise| Src:Fall|
Source Clock   |Dest:Rise|Dest:Rise|Dest:Fall|Dest:Fall|
---------------+---------+---------+---------+---------+
CLK            |    8.130|         |         |         |
---------------+---------+---------+---------+---------+


Analysis completed Fri Jan 15 03:15:47 2021 
--------------------------------------------------------------------------------

Trace Settings:
-------------------------
Trace Settings 

Peak Memory Usage: 385 MB



