Release 14.7 - xst P.20131013 (lin64)
Copyright (c) 1995-2013 Xilinx, Inc.  All rights reserved.
--> 
Parameter TMPDIR set to xst/projnav.tmp


Total REAL time to Xst completion: 0.00 secs
Total CPU time to Xst completion: 0.16 secs
 
--> 
Parameter xsthdpdir set to xst


Total REAL time to Xst completion: 0.00 secs
Total CPU time to Xst completion: 0.17 secs
 
--> 
Reading design: P3_1x8DEMUX.prj

TABLE OF CONTENTS
  1) Synthesis Options Summary
  2) HDL Parsing
  3) HDL Elaboration
  4) HDL Synthesis
       4.1) HDL Synthesis Report
  5) Advanced HDL Synthesis
       5.1) Advanced HDL Synthesis Report
  6) Low Level Synthesis
  7) Partition Report
  8) Design Summary
       8.1) Primitive and Black Box Usage
       8.2) Device utilization summary
       8.3) Partition Resource Summary
       8.4) Timing Report
            8.4.1) Clock Information
            8.4.2) Asynchronous Control Signals Information
            8.4.3) Timing Summary
            8.4.4) Timing Details
            8.4.5) Cross Clock Domains Report


=========================================================================
*                      Synthesis Options Summary                        *
=========================================================================
---- Source Parameters
Input File Name                    : "P3_1x8DEMUX.prj"
Ignore Synthesis Constraint File   : NO

---- Target Parameters
Output File Name                   : "P3_1x8DEMUX"
Output Format                      : NGC
Target Device                      : xc6slx9-2-csg225

---- Source Options
Top Module Name                    : P3_1x8DEMUX
Automatic FSM Extraction           : YES
FSM Encoding Algorithm             : Auto
Safe Implementation                : No
FSM Style                          : LUT
RAM Extraction                     : Yes
RAM Style                          : Auto
ROM Extraction                     : Yes
Shift Register Extraction          : YES
ROM Style                          : Auto
Resource Sharing                   : YES
Asynchronous To Synchronous        : NO
Shift Register Minimum Size        : 2
Use DSP Block                      : Auto
Automatic Register Balancing       : No

---- Target Options
LUT Combining                      : Auto
Reduce Control Sets                : Auto
Add IO Buffers                     : YES
Global Maximum Fanout              : 100000
Add Generic Clock Buffer(BUFG)     : 16
Register Duplication               : YES
Optimize Instantiated Primitives   : NO
Use Clock Enable                   : Auto
Use Synchronous Set                : Auto
Use Synchronous Reset              : Auto
Pack IO Registers into IOBs        : Auto
Equivalent register Removal        : YES

---- General Options
Optimization Goal                  : Speed
Optimization Effort                : 1
Power Reduction                    : NO
Keep Hierarchy                     : No
Netlist Hierarchy                  : As_Optimized
RTL Output                         : Yes
Global Optimization                : AllClockNets
Read Cores                         : YES
Write Timing Constraints           : NO
Cross Clock Analysis               : NO
Hierarchy Separator                : /
Bus Delimiter                      : <>
Case Specifier                     : Maintain
Slice Utilization Ratio            : 100
BRAM Utilization Ratio             : 100
DSP48 Utilization Ratio            : 100
Auto BRAM Packing                  : NO
Slice Utilization Ratio Delta      : 5

=========================================================================


=========================================================================
*                          HDL Parsing                                  *
=========================================================================
Analyzing Verilog file "/home/ise/Documents/PRACTICA3_3/P3_1x8DEMUX.v" into library work
Parsing module <P3_1x8DEMUX>.

=========================================================================
*                            HDL Elaboration                            *
=========================================================================

Elaborating module <P3_1x8DEMUX>.

=========================================================================
*                           HDL Synthesis                               *
=========================================================================

Synthesizing Unit <P3_1x8DEMUX>.
    Related source file is "/home/ise/Documents/PRACTICA3_3/P3_1x8DEMUX.v".
    Found 19-bit register for signal <contador>.
    Found 19-bit adder for signal <contador[18]_GND_1_o_add_1_OUT> created at line 23.
    Found 1-bit tristate buffer for signal <salida<7>> created at line 27
    Found 1-bit tristate buffer for signal <salida<6>> created at line 27
    Found 1-bit tristate buffer for signal <salida<5>> created at line 27
    Found 1-bit tristate buffer for signal <salida<4>> created at line 27
    Found 1-bit tristate buffer for signal <salida<3>> created at line 27
    Found 1-bit tristate buffer for signal <salida<2>> created at line 27
    Found 1-bit tristate buffer for signal <salida<1>> created at line 27
    Found 1-bit tristate buffer for signal <salida<0>> created at line 27
    Summary:
	inferred   1 Adder/Subtractor(s).
	inferred  19 D-type flip-flop(s).
	inferred  18 Multiplexer(s).
	inferred   8 Tristate(s).
Unit <P3_1x8DEMUX> synthesized.

=========================================================================
HDL Synthesis Report

Macro Statistics
# Adders/Subtractors                                   : 1
 19-bit adder                                          : 1
# Registers                                            : 1
 19-bit register                                       : 1
# Multiplexers                                         : 18
 1-bit 2-to-1 multiplexer                              : 16
 12-bit 2-to-1 multiplexer                             : 2
# Tristates                                            : 8
 1-bit tristate buffer                                 : 8

=========================================================================

=========================================================================
*                       Advanced HDL Synthesis                          *
=========================================================================


Synthesizing (advanced) Unit <P3_1x8DEMUX>.
The following registers are absorbed into counter <contador>: 1 register on signal <contador>.
Unit <P3_1x8DEMUX> synthesized (advanced).

=========================================================================
Advanced HDL Synthesis Report

Macro Statistics
# Counters                                             : 1
 19-bit up counter                                     : 1
# Multiplexers                                         : 18
 1-bit 2-to-1 multiplexer                              : 16
 12-bit 2-to-1 multiplexer                             : 2

=========================================================================

=========================================================================
*                         Low Level Synthesis                           *
=========================================================================

Optimizing unit <P3_1x8DEMUX> ...

Mapping all equations...
Building and optimizing final netlist ...
Found area constraint ratio of 100 (+ 5) on block P3_1x8DEMUX, actual ratio is 0.

Final Macro Processing ...

=========================================================================
Final Register Report

Macro Statistics
# Registers                                            : 19
 Flip-Flops                                            : 19

=========================================================================

=========================================================================
*                           Partition Report                            *
=========================================================================

Partition Implementation Status
-------------------------------

  No Partitions were found in this design.

-------------------------------

=========================================================================
*                            Design Summary                             *
=========================================================================

Top Level Output File Name         : P3_1x8DEMUX.ngc

Primitive and Black Box Usage:
------------------------------
# BELS                             : 77
#      GND                         : 1
#      INV                         : 2
#      LUT1                        : 18
#      LUT3                        : 2
#      LUT6                        : 16
#      MUXCY                       : 18
#      VCC                         : 1
#      XORCY                       : 19
# FlipFlops/Latches                : 19
#      FDR                         : 19
# Clock Buffers                    : 1
#      BUFGP                       : 1
# IO Buffers                       : 26
#      IBUF                        : 6
#      OBUF                        : 12
#      OBUFT                       : 8

Device utilization summary:
---------------------------

Selected Device : 6slx9csg225-2 


Slice Logic Utilization: 
 Number of Slice Registers:              19  out of  11440     0%  
 Number of Slice LUTs:                   38  out of   5720     0%  
    Number used as Logic:                38  out of   5720     0%  

Slice Logic Distribution: 
 Number of LUT Flip Flop pairs used:     38
   Number with an unused Flip Flop:      19  out of     38    50%  
   Number with an unused LUT:             0  out of     38     0%  
   Number of fully used LUT-FF pairs:    19  out of     38    50%  
   Number of unique control sets:         1

IO Utilization: 
 Number of IOs:                          27
 Number of bonded IOBs:                  27  out of    160    16%  

Specific Feature Utilization:
 Number of BUFG/BUFGCTRLs:                1  out of     16     6%  

---------------------------
Partition Resource Summary:
---------------------------

  No Partitions were found in this design.

---------------------------


=========================================================================
Timing Report

NOTE: THESE TIMING NUMBERS ARE ONLY A SYNTHESIS ESTIMATE.
      FOR ACCURATE TIMING INFORMATION PLEASE REFER TO THE TRACE REPORT
      GENERATED AFTER PLACE-and-ROUTE.

Clock Information:
------------------
-----------------------------------+------------------------+-------+
Clock Signal                       | Clock buffer(FF name)  | Load  |
-----------------------------------+------------------------+-------+
clk                                | BUFGP                  | 19    |
-----------------------------------+------------------------+-------+

Asynchronous Control Signals Information:
----------------------------------------
No asynchronous control signals found in this design

Timing Summary:
---------------
Speed Grade: -2

   Minimum period: 2.535ns (Maximum Frequency: 394.477MHz)
   Minimum input arrival time before clock: 3.983ns
   Maximum output required time after clock: 6.088ns
   Maximum combinational path delay: 6.812ns

Timing Details:
---------------
All values displayed in nanoseconds (ns)

=========================================================================
Timing constraint: Default period analysis for Clock 'clk'
  Clock period: 2.535ns (frequency: 394.477MHz)
  Total number of paths / destination ports: 190 / 19
-------------------------------------------------------------------------
Delay:               2.535ns (Levels of Logic = 3)
  Source:            contador_17 (FF)
  Destination:       contador_18 (FF)
  Source Clock:      clk rising
  Destination Clock: clk rising

  Data Path: contador_17 to contador_18
                                Gate     Net
    Cell:in->out      fanout   Delay   Delay  Logical Name (Net Name)
    ----------------------------------------  ------------
     FDR:C->Q             19   0.525   1.261  contador_17 (contador_17)
     LUT1:I0->O            1   0.254   0.000  Mcount_contador_cy<17>_rt (Mcount_contador_cy<17>_rt)
     MUXCY:S->O            0   0.215   0.000  Mcount_contador_cy<17> (Mcount_contador_cy<17>)
     XORCY:CI->O           1   0.206   0.000  Mcount_contador_xor<18> (Result<18>)
     FDR:D                     0.074          contador_18
    ----------------------------------------
    Total                      2.535ns (1.274ns logic, 1.261ns route)
                                       (50.3% logic, 49.7% route)

=========================================================================
Timing constraint: Default OFFSET IN BEFORE for Clock 'clk'
  Total number of paths / destination ports: 19 / 19
-------------------------------------------------------------------------
Offset:              3.983ns (Levels of Logic = 2)
  Source:            clear (PAD)
  Destination:       contador_0 (FF)
  Destination Clock: clk rising

  Data Path: clear to contador_0
                                Gate     Net
    Cell:in->out      fanout   Delay   Delay  Logical Name (Net Name)
    ----------------------------------------  ------------
     IBUF:I->O             1   1.328   0.681  clear_IBUF (clear_IBUF)
     INV:I->O             19   0.255   1.260  clear_inv1_INV_0 (clear_inv)
     FDR:R                     0.459          contador_0
    ----------------------------------------
    Total                      3.983ns (2.042ns logic, 1.941ns route)
                                       (51.3% logic, 48.7% route)

=========================================================================
Timing constraint: Default OFFSET OUT AFTER for Clock 'clk'
  Total number of paths / destination ports: 50 / 17
-------------------------------------------------------------------------
Offset:              6.088ns (Levels of Logic = 2)
  Source:            contador_17 (FF)
  Destination:       disp<8> (PAD)
  Source Clock:      clk rising

  Data Path: contador_17 to disp<8>
                                Gate     Net
    Cell:in->out      fanout   Delay   Delay  Logical Name (Net Name)
    ----------------------------------------  ------------
     FDR:C->Q             19   0.525   1.716  contador_17 (contador_17)
     LUT6:I0->O            1   0.254   0.681  Mmux_disp111 (disp_8_OBUF)
     OBUF:I->O                 2.912          disp_8_OBUF (disp<8>)
    ----------------------------------------
    Total                      6.088ns (3.691ns logic, 2.397ns route)
                                       (60.6% logic, 39.4% route)

=========================================================================
Timing constraint: Default path analysis
  Total number of paths / destination ports: 73 / 17
-------------------------------------------------------------------------
Delay:               6.812ns (Levels of Logic = 3)
  Source:            sel<1> (PAD)
  Destination:       salida<7> (PAD)

  Data Path: sel<1> to salida<7>
                                Gate     Net
    Cell:in->out      fanout   Delay   Delay  Logical Name (Net Name)
    ----------------------------------------  ------------
     IBUF:I->O            16   1.328   1.637  sel_1_IBUF (sel_1_IBUF)
     LUT6:I0->O            1   0.254   0.681  Mmux_GND_1_o_sel[2]_MUX_48_o11 (salida_7_OBUFT)
     OBUFT:I->O                2.912          salida_7_OBUFT (salida<7>)
    ----------------------------------------
    Total                      6.812ns (4.494ns logic, 2.318ns route)
                                       (66.0% logic, 34.0% route)

=========================================================================

Cross Clock Domains Report:
--------------------------

Clock to Setup on destination clock clk
---------------+---------+---------+---------+---------+
               | Src:Rise| Src:Fall| Src:Rise| Src:Fall|
Source Clock   |Dest:Rise|Dest:Rise|Dest:Fall|Dest:Fall|
---------------+---------+---------+---------+---------+
clk            |    2.535|         |         |         |
---------------+---------+---------+---------+---------+

=========================================================================


Total REAL time to Xst completion: 24.00 secs
Total CPU time to Xst completion: 22.66 secs
 
--> 


Total memory usage is 386568 kilobytes

Number of errors   :    0 (   0 filtered)
Number of warnings :    0 (   0 filtered)
Number of infos    :    0 (   0 filtered)

