--------------------------------------------------------------------------------
Release 14.7 Trace  (lin64)
Copyright (c) 1995-2013 Xilinx, Inc.  All rights reserved.

/opt/Xilinx/14.7/ISE_DS/ISE/bin/lin64/unwrapped/trce -intstyle ise -v 3 -s 2 -n
3 -fastpaths -xml counter.twx counter.ncd -o counter.twr counter.pcf -ucf
AMIIBA2_RevA.ucf

Design file:              counter.ncd
Physical constraint file: counter.pcf
Device,package,speed:     xc6slx9,csg225,C,-2 (PRODUCTION 1.23 2013-10-13)
Report level:             verbose report

Environment Variable      Effect 
--------------------      ------ 
NONE                      No environment variables were set
--------------------------------------------------------------------------------

INFO:Timing:2698 - No timing constraints found, doing default enumeration.
INFO:Timing:3412 - To improve timing, see the Timing Closure User Guide (UG612).
INFO:Timing:2752 - To get complete path coverage, use the unconstrained paths 
   option. All paths that are not constrained will be reported in the 
   unconstrained paths section(s) of the report.
INFO:Timing:3339 - The clock-to-out numbers in this timing report are based on 
   a 50 Ohm transmission line loading model.  For the details of this model, 
   and for more information on accounting for different loading conditions, 
   please see the device datasheet.



Data Sheet report:
-----------------
All values displayed in nanoseconds (ns)

Setup/Hold to clock clk
------------+------------+------------+------------+------------+------------------+--------+
            |Max Setup to|  Process   |Max Hold to |  Process   |                  | Clock  |
Source      | clk (edge) |   Corner   | clk (edge) |   Corner   |Internal Clock(s) | Phase  |
------------+------------+------------+------------+------------+------------------+--------+
hold        |    3.400(R)|      SLOW  |   -0.980(R)|      FAST  |clk_BUFGP         |   0.000|
reset       |    3.418(R)|      SLOW  |   -0.267(R)|      SLOW  |clk_BUFGP         |   0.000|
sensor      |    3.262(R)|      SLOW  |   -1.327(R)|      FAST  |clk_BUFGP         |   0.000|
start       |    3.453(R)|      SLOW  |   -0.299(R)|      SLOW  |clk_BUFGP         |   0.000|
------------+------------+------------+------------+------------+------------------+--------+

Clock clk to Pad
------------+-----------------+------------+-----------------+------------+------------------+--------+
            |Max (slowest) clk|  Process   |Min (fastest) clk|  Process   |                  | Clock  |
Destination |  (edge) to PAD  |   Corner   |  (edge) to PAD  |   Corner   |Internal Clock(s) | Phase  |
------------+-----------------+------------+-----------------+------------+------------------+--------+
buzzer      |        10.192(R)|      SLOW  |         4.297(R)|      FAST  |clk_BUFGP         |   0.000|
p<0>        |        10.632(R)|      SLOW  |         4.594(R)|      FAST  |clk_BUFGP         |   0.000|
p<1>        |        10.230(R)|      SLOW  |         4.362(R)|      FAST  |clk_BUFGP         |   0.000|
p<2>        |         8.866(R)|      SLOW  |         3.598(R)|      FAST  |clk_BUFGP         |   0.000|
p<3>        |        10.570(R)|      SLOW  |         4.567(R)|      FAST  |clk_BUFGP         |   0.000|
p<4>        |        10.380(R)|      SLOW  |         4.464(R)|      FAST  |clk_BUFGP         |   0.000|
stop        |         8.903(R)|      SLOW  |         3.593(R)|      FAST  |clk_BUFGP         |   0.000|
------------+-----------------+------------+-----------------+------------+------------------+--------+

Clock to Setup on destination clock clk
---------------+---------+---------+---------+---------+
               | Src:Rise| Src:Fall| Src:Rise| Src:Fall|
Source Clock   |Dest:Rise|Dest:Rise|Dest:Fall|Dest:Fall|
---------------+---------+---------+---------+---------+
clk            |    5.448|         |         |         |
---------------+---------+---------+---------+---------+


Analysis completed Sat Sep 25 19:07:16 2021 
--------------------------------------------------------------------------------

Trace Settings:
-------------------------
Trace Settings 

Peak Memory Usage: 384 MB



