Release 14.7 - xst P.20131013 (lin64)
Copyright (c) 1995-2013 Xilinx, Inc.  All rights reserved.
--> 
Parameter TMPDIR set to xst/projnav.tmp


Total REAL time to Xst completion: 0.00 secs
Total CPU time to Xst completion: 0.30 secs
 
--> 
Parameter xsthdpdir set to xst


Total REAL time to Xst completion: 0.00 secs
Total CPU time to Xst completion: 0.30 secs
 
--> 
Reading design: Bomba.prj

TABLE OF CONTENTS
  1) Synthesis Options Summary
  2) HDL Parsing
  3) HDL Elaboration
  4) HDL Synthesis
       4.1) HDL Synthesis Report
  5) Advanced HDL Synthesis
       5.1) Advanced HDL Synthesis Report
  6) Low Level Synthesis
  7) Partition Report
  8) Design Summary
       8.1) Primitive and Black Box Usage
       8.2) Device utilization summary
       8.3) Partition Resource Summary
       8.4) Timing Report
            8.4.1) Clock Information
            8.4.2) Asynchronous Control Signals Information
            8.4.3) Timing Summary
            8.4.4) Timing Details
            8.4.5) Cross Clock Domains Report


=========================================================================
*                      Synthesis Options Summary                        *
=========================================================================
---- Source Parameters
Input File Name                    : "Bomba.prj"
Ignore Synthesis Constraint File   : NO

---- Target Parameters
Output File Name                   : "Bomba"
Output Format                      : NGC
Target Device                      : xc6slx9-2-csg225

---- Source Options
Top Module Name                    : Bomba
Automatic FSM Extraction           : YES
FSM Encoding Algorithm             : Auto
Safe Implementation                : No
FSM Style                          : LUT
RAM Extraction                     : Yes
RAM Style                          : Auto
ROM Extraction                     : Yes
Shift Register Extraction          : YES
ROM Style                          : Auto
Resource Sharing                   : YES
Asynchronous To Synchronous        : NO
Shift Register Minimum Size        : 2
Use DSP Block                      : Auto
Automatic Register Balancing       : No

---- Target Options
LUT Combining                      : Auto
Reduce Control Sets                : Auto
Add IO Buffers                     : YES
Global Maximum Fanout              : 100000
Add Generic Clock Buffer(BUFG)     : 16
Register Duplication               : YES
Optimize Instantiated Primitives   : NO
Use Clock Enable                   : Auto
Use Synchronous Set                : Auto
Use Synchronous Reset              : Auto
Pack IO Registers into IOBs        : Auto
Equivalent register Removal        : YES

---- General Options
Optimization Goal                  : Speed
Optimization Effort                : 1
Power Reduction                    : NO
Keep Hierarchy                     : No
Netlist Hierarchy                  : As_Optimized
RTL Output                         : Yes
Global Optimization                : AllClockNets
Read Cores                         : YES
Write Timing Constraints           : NO
Cross Clock Analysis               : NO
Hierarchy Separator                : /
Bus Delimiter                      : <>
Case Specifier                     : Maintain
Slice Utilization Ratio            : 100
BRAM Utilization Ratio             : 100
DSP48 Utilization Ratio            : 100
Auto BRAM Packing                  : NO
Slice Utilization Ratio Delta      : 5

=========================================================================


=========================================================================
*                          HDL Parsing                                  *
=========================================================================
Parsing VHDL file "/home/ise/Documents/Nivel_de_Liquido/Bomba.vhd" into library work
Parsing entity <Bomba>.
Parsing architecture <Behavioral> of entity <bomba>.

=========================================================================
*                            HDL Elaboration                            *
=========================================================================

Elaborating entity <Bomba> (architecture <Behavioral>) from library <work>.

=========================================================================
*                           HDL Synthesis                               *
=========================================================================

Synthesizing Unit <Bomba>.
    Related source file is "/home/ise/Documents/Nivel_de_Liquido/Bomba.vhd".
    Found 1-bit register for signal <PWM>.
    Found 2-bit register for signal <MOTOBOMBA>.
    Found 4-bit register for signal <UP>.
    Found 4-bit register for signal <CONTA>.
    Found 4-bit adder for signal <CONTA[3]_GND_4_o_add_3_OUT> created at line 31.
    Found 4-bit comparator greater for signal <CONTA[3]_UP[3]_LessThan_2_o> created at line 26
    Summary:
	inferred   1 Adder/Subtractor(s).
	inferred  11 D-type flip-flop(s).
	inferred   1 Comparator(s).
Unit <Bomba> synthesized.

=========================================================================
HDL Synthesis Report

Macro Statistics
# Adders/Subtractors                                   : 1
 4-bit adder                                           : 1
# Registers                                            : 4
 1-bit register                                        : 1
 2-bit register                                        : 1
 4-bit register                                        : 2
# Comparators                                          : 1
 4-bit comparator greater                              : 1

=========================================================================

=========================================================================
*                       Advanced HDL Synthesis                          *
=========================================================================

WARNING:Xst:1710 - FF/Latch <MOTOBOMBA_0> (without init value) has a constant value of 0 in block <Bomba>. This FF/Latch will be trimmed during the optimization process.

Synthesizing (advanced) Unit <Bomba>.
The following registers are absorbed into counter <CONTA>: 1 register on signal <CONTA>.
Unit <Bomba> synthesized (advanced).

=========================================================================
Advanced HDL Synthesis Report

Macro Statistics
# Counters                                             : 1
 4-bit up counter                                      : 1
# Registers                                            : 7
 Flip-Flops                                            : 7
# Comparators                                          : 1
 4-bit comparator greater                              : 1

=========================================================================

=========================================================================
*                         Low Level Synthesis                           *
=========================================================================
WARNING:Xst:1710 - FF/Latch <MOTOBOMBA_0> (without init value) has a constant value of 0 in block <Bomba>. This FF/Latch will be trimmed during the optimization process.

Optimizing unit <Bomba> ...
INFO:Xst:3203 - The FF/Latch <UP_0> in Unit <Bomba> is the opposite to the following FF/Latch, which will be removed : <UP_3> 

Mapping all equations...
Building and optimizing final netlist ...
Found area constraint ratio of 100 (+ 5) on block Bomba, actual ratio is 0.

Final Macro Processing ...

=========================================================================
Final Register Report

Macro Statistics
# Registers                                            : 9
 Flip-Flops                                            : 9

=========================================================================

=========================================================================
*                           Partition Report                            *
=========================================================================

Partition Implementation Status
-------------------------------

  No Partitions were found in this design.

-------------------------------

=========================================================================
*                            Design Summary                             *
=========================================================================

Top Level Output File Name         : Bomba.ngc

Primitive and Black Box Usage:
------------------------------
# BELS                             : 15
#      GND                         : 1
#      INV                         : 2
#      LUT2                        : 1
#      LUT3                        : 3
#      LUT4                        : 5
#      LUT5                        : 3
# FlipFlops/Latches                : 9
#      FD                          : 5
#      FDE                         : 1
#      FDR                         : 2
#      FDS                         : 1
# Clock Buffers                    : 1
#      BUFGP                       : 1
# IO Buffers                       : 20
#      IBUF                        : 9
#      OBUF                        : 11

Device utilization summary:
---------------------------

Selected Device : 6slx9csg225-2 


Slice Logic Utilization: 
 Number of Slice Registers:               9  out of  11440     0%  
 Number of Slice LUTs:                   14  out of   5720     0%  
    Number used as Logic:                14  out of   5720     0%  

Slice Logic Distribution: 
 Number of LUT Flip Flop pairs used:     14
   Number with an unused Flip Flop:       5  out of     14    35%  
   Number with an unused LUT:             0  out of     14     0%  
   Number of fully used LUT-FF pairs:     9  out of     14    64%  
   Number of unique control sets:         3

IO Utilization: 
 Number of IOs:                          21
 Number of bonded IOBs:                  21  out of    160    13%  

Specific Feature Utilization:
 Number of BUFG/BUFGCTRLs:                1  out of     16     6%  

---------------------------
Partition Resource Summary:
---------------------------

  No Partitions were found in this design.

---------------------------


=========================================================================
Timing Report

NOTE: THESE TIMING NUMBERS ARE ONLY A SYNTHESIS ESTIMATE.
      FOR ACCURATE TIMING INFORMATION PLEASE REFER TO THE TRACE REPORT
      GENERATED AFTER PLACE-and-ROUTE.

Clock Information:
------------------
-----------------------------------+------------------------+-------+
Clock Signal                       | Clock buffer(FF name)  | Load  |
-----------------------------------+------------------------+-------+
CLK                                | BUFGP                  | 9     |
-----------------------------------+------------------------+-------+

Asynchronous Control Signals Information:
----------------------------------------
No asynchronous control signals found in this design

Timing Summary:
---------------
Speed Grade: -2

   Minimum period: 2.842ns (Maximum Frequency: 351.865MHz)
   Minimum input arrival time before clock: 4.910ns
   Maximum output required time after clock: 4.118ns
   Maximum combinational path delay: 6.023ns

Timing Details:
---------------
All values displayed in nanoseconds (ns)

=========================================================================
Timing constraint: Default period analysis for Clock 'CLK'
  Clock period: 2.842ns (frequency: 351.865MHz)
  Total number of paths / destination ports: 25 / 7
-------------------------------------------------------------------------
Delay:               2.842ns (Levels of Logic = 1)
  Source:            CONTA_3 (FF)
  Destination:       PWM (FF)
  Source Clock:      CLK rising
  Destination Clock: CLK rising

  Data Path: CONTA_3 to PWM
                                Gate     Net
    Cell:in->out      fanout   Delay   Delay  Logical Name (Net Name)
    ----------------------------------------  ------------
     FD:C->Q               4   0.525   1.080  CONTA_3 (CONTA_3)
     LUT4:I0->O            1   0.254   0.681  PWR_4_o_CONTA[3]_equal_1_o_inv1 (PWR_4_o_CONTA[3]_equal_1_o_inv)
     FDE:CE                    0.302          PWM
    ----------------------------------------
    Total                      2.842ns (1.081ns logic, 1.761ns route)
                                       (38.0% logic, 62.0% route)

=========================================================================
Timing constraint: Default OFFSET IN BEFORE for Clock 'CLK'
  Total number of paths / destination ports: 34 / 7
-------------------------------------------------------------------------
Offset:              4.910ns (Levels of Logic = 4)
  Source:            SENSORES<7> (PAD)
  Destination:       MOTOBOMBA_1 (FF)
  Destination Clock: CLK rising

  Data Path: SENSORES<7> to MOTOBOMBA_1
                                Gate     Net
    Cell:in->out      fanout   Delay   Delay  Logical Name (Net Name)
    ----------------------------------------  ------------
     IBUF:I->O             2   1.328   1.156  SENSORES_7_IBUF (VUMMER_7_OBUF)
     LUT5:I0->O            4   0.254   0.804  GND_4_o_SENSORES[7]_equal_12_o<7>11 (GND_4_o_SENSORES[7]_equal_12_o<7>1)
     LUT5:I4->O            1   0.254   0.790  n0014_inv_01 (n0014_inv_0)
     LUT2:I0->O            1   0.250   0.000  MOTOBOMBA_1_rstpot (MOTOBOMBA_1_rstpot)
     FD:D                      0.074          MOTOBOMBA_1
    ----------------------------------------
    Total                      4.910ns (2.160ns logic, 2.750ns route)
                                       (44.0% logic, 56.0% route)

=========================================================================
Timing constraint: Default OFFSET OUT AFTER for Clock 'CLK'
  Total number of paths / destination ports: 1 / 1
-------------------------------------------------------------------------
Offset:              4.118ns (Levels of Logic = 1)
  Source:            MOTOBOMBA_1 (FF)
  Destination:       MOTOBOMBA<1> (PAD)
  Source Clock:      CLK rising

  Data Path: MOTOBOMBA_1 to MOTOBOMBA<1>
                                Gate     Net
    Cell:in->out      fanout   Delay   Delay  Logical Name (Net Name)
    ----------------------------------------  ------------
     FD:C->Q               1   0.525   0.681  MOTOBOMBA_1 (MOTOBOMBA_1)
     OBUF:I->O                 2.912          MOTOBOMBA_1_OBUF (MOTOBOMBA<1>)
    ----------------------------------------
    Total                      4.118ns (3.437ns logic, 0.681ns route)
                                       (83.5% logic, 16.5% route)

=========================================================================
Timing constraint: Default path analysis
  Total number of paths / destination ports: 9 / 9
-------------------------------------------------------------------------
Delay:               6.023ns (Levels of Logic = 3)
  Source:            CONTENEDOR (PAD)
  Destination:       LEDCONTENEDOR (PAD)

  Data Path: CONTENEDOR to LEDCONTENEDOR
                                Gate     Net
    Cell:in->out      fanout   Delay   Delay  Logical Name (Net Name)
    ----------------------------------------  ------------
     IBUF:I->O             2   1.328   0.725  CONTENEDOR_IBUF (CONTENEDOR_IBUF)
     INV:I->O              4   0.255   0.803  CONTENEDOR_inv11_INV_0 (CONTENEDOR_inv1)
     OBUF:I->O                 2.912          LEDCONTENEDOR_OBUF (LEDCONTENEDOR)
    ----------------------------------------
    Total                      6.023ns (4.495ns logic, 1.528ns route)
                                       (74.6% logic, 25.4% route)

=========================================================================

Cross Clock Domains Report:
--------------------------

Clock to Setup on destination clock CLK
---------------+---------+---------+---------+---------+
               | Src:Rise| Src:Fall| Src:Rise| Src:Fall|
Source Clock   |Dest:Rise|Dest:Rise|Dest:Fall|Dest:Fall|
---------------+---------+---------+---------+---------+
CLK            |    2.842|         |         |         |
---------------+---------+---------+---------+---------+

=========================================================================


Total REAL time to Xst completion: 41.00 secs
Total CPU time to Xst completion: 35.09 secs
 
--> 


Total memory usage is 388036 kilobytes

Number of errors   :    0 (   0 filtered)
Number of warnings :    2 (   0 filtered)
Number of infos    :    1 (   0 filtered)

