Running: /opt/Xilinx/14.7/ISE_DS/ISE/bin/lin64/unwrapped/fuse -intstyle ise -incremental -lib secureip -o /home/ise/Documents/Nivel_de_Liquido/Bomba_isim_beh.exe -prj /home/ise/Documents/Nivel_de_Liquido/Bomba_beh.prj work.Bomba 
ISim P.20131013 (signature 0xfbc00daa)
Number of CPUs detected in this system: 1
Turning on mult-threading, number of parallel sub-compilation jobs: 0 
Determining compilation order of HDL files
Parsing VHDL file "/home/ise/Documents/Nivel_de_Liquido/Bomba.vhd" into library work
Starting static elaboration
Completed static elaboration
Fuse Memory Usage: 96404 KB
Fuse CPU Usage: 2880 ms
Compiling package standard
Compiling package std_logic_1164
Compiling package std_logic_arith
Compiling architecture behavioral of entity bomba
Time Resolution for simulation is 1ps.
Compiled 4 VHDL Units
Built simulation executable /home/ise/Documents/Nivel_de_Liquido/Bomba_isim_beh.exe
Fuse Memory Usage: 109616 KB
Fuse CPU Usage: 3310 ms
GCC CPU Usage: 600 ms
