ISim log file
Running: /home/ise/Documents/Nivel_de_Liquido/Bomba_isim_beh.exe -intstyle ise -gui -tclbatch isim.cmd -wdb /home/ise/Documents/Nivel_de_Liquido/Bomba_isim_beh.wdb 
ISim P.20131013 (signature 0xfbc00daa)
----------------------------------------------------------------------
WARNING:Security:42 - Your software subscription period has lapsed. Your current version of Xilinx tools will continue to function, but you no longer qualify for Xilinx software updates or new releases.


----------------------------------------------------------------------
This is a Full version of ISim.
Time resolution is 1 ps
# onerror resume
# wave add /
# run 1000 ns
Simulator is doing circuit initialization process.
Finished circuit initialization process.
# restart
# isim force add /bomba/clk 0 -radix bin -value 1 -radix bin -time 1 ps -repeat 2 ps
# isim force add /bomba/sensores 00000011 -radix bin
# isim force add /bomba/contenedor 1 -radix bin
# run 20ps
Simulator is doing circuit initialization process.
Finished circuit initialization process.
# exit 0
