Release 14.7 - xst P.20131013 (lin64)
Copyright (c) 1995-2013 Xilinx, Inc.  All rights reserved.
--> 
Parameter TMPDIR set to xst/projnav.tmp


Total REAL time to Xst completion: 0.00 secs
Total CPU time to Xst completion: 0.08 secs
 
--> 
Parameter xsthdpdir set to xst


Total REAL time to Xst completion: 0.00 secs
Total CPU time to Xst completion: 0.08 secs
 
--> 
Reading design: Torniquete.prj

TABLE OF CONTENTS
  1) Synthesis Options Summary
  2) HDL Parsing
  3) HDL Elaboration
  4) HDL Synthesis
       4.1) HDL Synthesis Report
  5) Advanced HDL Synthesis
       5.1) Advanced HDL Synthesis Report
  6) Low Level Synthesis
  7) Partition Report
  8) Design Summary
       8.1) Primitive and Black Box Usage
       8.2) Device utilization summary
       8.3) Partition Resource Summary
       8.4) Timing Report
            8.4.1) Clock Information
            8.4.2) Asynchronous Control Signals Information
            8.4.3) Timing Summary
            8.4.4) Timing Details
            8.4.5) Cross Clock Domains Report


=========================================================================
*                      Synthesis Options Summary                        *
=========================================================================
---- Source Parameters
Input File Name                    : "Torniquete.prj"
Ignore Synthesis Constraint File   : NO

---- Target Parameters
Output File Name                   : "Torniquete"
Output Format                      : NGC
Target Device                      : xc6slx9-2-csg225

---- Source Options
Top Module Name                    : Torniquete
Automatic FSM Extraction           : YES
FSM Encoding Algorithm             : Auto
Safe Implementation                : No
FSM Style                          : LUT
RAM Extraction                     : Yes
RAM Style                          : Auto
ROM Extraction                     : Yes
Shift Register Extraction          : YES
ROM Style                          : Auto
Resource Sharing                   : YES
Asynchronous To Synchronous        : NO
Shift Register Minimum Size        : 2
Use DSP Block                      : Auto
Automatic Register Balancing       : No

---- Target Options
LUT Combining                      : Auto
Reduce Control Sets                : Auto
Add IO Buffers                     : YES
Global Maximum Fanout              : 100000
Add Generic Clock Buffer(BUFG)     : 16
Register Duplication               : YES
Optimize Instantiated Primitives   : NO
Use Clock Enable                   : Auto
Use Synchronous Set                : Auto
Use Synchronous Reset              : Auto
Pack IO Registers into IOBs        : Auto
Equivalent register Removal        : YES

---- General Options
Optimization Goal                  : Speed
Optimization Effort                : 1
Power Reduction                    : NO
Keep Hierarchy                     : No
Netlist Hierarchy                  : As_Optimized
RTL Output                         : Yes
Global Optimization                : AllClockNets
Read Cores                         : YES
Write Timing Constraints           : NO
Cross Clock Analysis               : NO
Hierarchy Separator                : /
Bus Delimiter                      : <>
Case Specifier                     : Maintain
Slice Utilization Ratio            : 100
BRAM Utilization Ratio             : 100
DSP48 Utilization Ratio            : 100
Auto BRAM Packing                  : NO
Slice Utilization Ratio Delta      : 5

=========================================================================


=========================================================================
*                          HDL Parsing                                  *
=========================================================================
Analyzing Verilog file "/home/ise/DispLogicosISE/P2/Torniquete/Torniquete.v" into library work
Parsing module <Torniquete>.

=========================================================================
*                            HDL Elaboration                            *
=========================================================================

Elaborating module <Torniquete>.

=========================================================================
*                           HDL Synthesis                               *
=========================================================================

Synthesizing Unit <Torniquete>.
    Related source file is "/home/ise/DispLogicosISE/P2/Torniquete/Torniquete.v".
    Found 1-bit register for signal <F10Hz>.
    Found 16-bit register for signal <CONT528>.
    Found 1-bit register for signal <B>.
    Found 16-bit register for signal <display>.
    Found 23-bit register for signal <CONT10>.
    Found 23-bit adder for signal <CONT10[22]_GND_1_o_add_3_OUT> created at line 35.
    Found 16-bit adder for signal <CONT528[15]_GND_1_o_add_10_OUT> created at line 47.
    Summary:
	inferred   2 Adder/Subtractor(s).
	inferred  57 D-type flip-flop(s).
Unit <Torniquete> synthesized.

=========================================================================
HDL Synthesis Report

Macro Statistics
# Adders/Subtractors                                   : 2
 16-bit adder                                          : 1
 23-bit adder                                          : 1
# Registers                                            : 5
 1-bit register                                        : 2
 16-bit register                                       : 2
 23-bit register                                       : 1

=========================================================================

=========================================================================
*                       Advanced HDL Synthesis                          *
=========================================================================

WARNING:Xst:1710 - FF/Latch <display_0> (without init value) has a constant value of 1 in block <Torniquete>. This FF/Latch will be trimmed during the optimization process.
WARNING:Xst:1895 - Due to other FF/Latch trimming, FF/Latch <display_1> (without init value) has a constant value of 1 in block <Torniquete>. This FF/Latch will be trimmed during the optimization process.
WARNING:Xst:1895 - Due to other FF/Latch trimming, FF/Latch <display_2> (without init value) has a constant value of 1 in block <Torniquete>. This FF/Latch will be trimmed during the optimization process.
WARNING:Xst:1895 - Due to other FF/Latch trimming, FF/Latch <display_3> (without init value) has a constant value of 1 in block <Torniquete>. This FF/Latch will be trimmed during the optimization process.
WARNING:Xst:1895 - Due to other FF/Latch trimming, FF/Latch <display_4> (without init value) has a constant value of 1 in block <Torniquete>. This FF/Latch will be trimmed during the optimization process.
WARNING:Xst:1895 - Due to other FF/Latch trimming, FF/Latch <display_5> (without init value) has a constant value of 1 in block <Torniquete>. This FF/Latch will be trimmed during the optimization process.
WARNING:Xst:1895 - Due to other FF/Latch trimming, FF/Latch <display_6> (without init value) has a constant value of 1 in block <Torniquete>. This FF/Latch will be trimmed during the optimization process.
WARNING:Xst:1895 - Due to other FF/Latch trimming, FF/Latch <display_8> (without init value) has a constant value of 1 in block <Torniquete>. This FF/Latch will be trimmed during the optimization process.
WARNING:Xst:1895 - Due to other FF/Latch trimming, FF/Latch <display_12> (without init value) has a constant value of 1 in block <Torniquete>. This FF/Latch will be trimmed during the optimization process.

Synthesizing (advanced) Unit <Torniquete>.
The following registers are absorbed into counter <CONT10>: 1 register on signal <CONT10>.
The following registers are absorbed into counter <CONT528>: 1 register on signal <CONT528>.
Unit <Torniquete> synthesized (advanced).

=========================================================================
Advanced HDL Synthesis Report

Macro Statistics
# Counters                                             : 2
 16-bit up counter                                     : 1
 23-bit up counter                                     : 1
# Registers                                            : 18
 Flip-Flops                                            : 18

=========================================================================

=========================================================================
*                         Low Level Synthesis                           *
=========================================================================
WARNING:Xst:1710 - FF/Latch <display_0> (without init value) has a constant value of 1 in block <Torniquete>. This FF/Latch will be trimmed during the optimization process.
WARNING:Xst:1895 - Due to other FF/Latch trimming, FF/Latch <display_1> (without init value) has a constant value of 1 in block <Torniquete>. This FF/Latch will be trimmed during the optimization process.
WARNING:Xst:1895 - Due to other FF/Latch trimming, FF/Latch <display_2> (without init value) has a constant value of 1 in block <Torniquete>. This FF/Latch will be trimmed during the optimization process.
WARNING:Xst:1895 - Due to other FF/Latch trimming, FF/Latch <display_3> (without init value) has a constant value of 1 in block <Torniquete>. This FF/Latch will be trimmed during the optimization process.
WARNING:Xst:1895 - Due to other FF/Latch trimming, FF/Latch <display_4> (without init value) has a constant value of 1 in block <Torniquete>. This FF/Latch will be trimmed during the optimization process.
WARNING:Xst:1895 - Due to other FF/Latch trimming, FF/Latch <display_5> (without init value) has a constant value of 1 in block <Torniquete>. This FF/Latch will be trimmed during the optimization process.
WARNING:Xst:1895 - Due to other FF/Latch trimming, FF/Latch <display_6> (without init value) has a constant value of 1 in block <Torniquete>. This FF/Latch will be trimmed during the optimization process.
WARNING:Xst:1895 - Due to other FF/Latch trimming, FF/Latch <display_8> (without init value) has a constant value of 1 in block <Torniquete>. This FF/Latch will be trimmed during the optimization process.
WARNING:Xst:1895 - Due to other FF/Latch trimming, FF/Latch <display_12> (without init value) has a constant value of 1 in block <Torniquete>. This FF/Latch will be trimmed during the optimization process.
INFO:Xst:2261 - The FF/Latch <display_7> in Unit <Torniquete> is equivalent to the following 6 FFs/Latches, which will be removed : <display_9> <display_10> <display_11> <display_13> <display_14> <display_15> 

Optimizing unit <Torniquete> ...

Mapping all equations...
Building and optimizing final netlist ...
Found area constraint ratio of 100 (+ 5) on block Torniquete, actual ratio is 1.
FlipFlop display_7 has been replicated 6 time(s) to handle iob=true attribute.

Final Macro Processing ...

=========================================================================
Final Register Report

Macro Statistics
# Registers                                            : 48
 Flip-Flops                                            : 48

=========================================================================

=========================================================================
*                           Partition Report                            *
=========================================================================

Partition Implementation Status
-------------------------------

  No Partitions were found in this design.

-------------------------------

=========================================================================
*                            Design Summary                             *
=========================================================================

Top Level Output File Name         : Torniquete.ngc

Primitive and Black Box Usage:
------------------------------
# BELS                             : 168
#      GND                         : 1
#      INV                         : 3
#      LUT1                        : 37
#      LUT2                        : 15
#      LUT3                        : 1
#      LUT4                        : 1
#      LUT5                        : 25
#      LUT6                        : 8
#      MUXCY                       : 37
#      VCC                         : 1
#      XORCY                       : 39
# FlipFlops/Latches                : 48
#      FD                          : 48
# Clock Buffers                    : 1
#      BUFGP                       : 1
# IO Buffers                       : 21
#      IBUF                        : 1
#      OBUF                        : 20

Device utilization summary:
---------------------------

Selected Device : 6slx9csg225-2 


Slice Logic Utilization: 
 Number of Slice Registers:              41  out of  11440     0%  
 Number of Slice LUTs:                   90  out of   5720     1%  
    Number used as Logic:                90  out of   5720     1%  

Slice Logic Distribution: 
 Number of LUT Flip Flop pairs used:     90
   Number with an unused Flip Flop:      49  out of     90    54%  
   Number with an unused LUT:             0  out of     90     0%  
   Number of fully used LUT-FF pairs:    41  out of     90    45%  
   Number of unique control sets:         1

IO Utilization: 
 Number of IOs:                          22
 Number of bonded IOBs:                  22  out of    160    13%  
    IOB Flip Flops/Latches:               7

Specific Feature Utilization:
 Number of BUFG/BUFGCTRLs:                1  out of     16     6%  

---------------------------
Partition Resource Summary:
---------------------------

  No Partitions were found in this design.

---------------------------


=========================================================================
Timing Report

NOTE: THESE TIMING NUMBERS ARE ONLY A SYNTHESIS ESTIMATE.
      FOR ACCURATE TIMING INFORMATION PLEASE REFER TO THE TRACE REPORT
      GENERATED AFTER PLACE-and-ROUTE.

Clock Information:
------------------
-----------------------------------+------------------------+-------+
Clock Signal                       | Clock buffer(FF name)  | Load  |
-----------------------------------+------------------------+-------+
CLK                                | BUFGP                  | 48    |
-----------------------------------+------------------------+-------+

Asynchronous Control Signals Information:
----------------------------------------
No asynchronous control signals found in this design

Timing Summary:
---------------
Speed Grade: -2

   Minimum period: 4.567ns (Maximum Frequency: 218.962MHz)
   Minimum input arrival time before clock: 4.430ns
   Maximum output required time after clock: 4.162ns
   Maximum combinational path delay: 5.149ns

Timing Details:
---------------
All values displayed in nanoseconds (ns)

=========================================================================
Timing constraint: Default period analysis for Clock 'CLK'
  Clock period: 4.567ns (frequency: 218.962MHz)
  Total number of paths / destination ports: 1255 / 41
-------------------------------------------------------------------------
Delay:               4.567ns (Levels of Logic = 3)
  Source:            CONT528_0 (FF)
  Destination:       CONT528_1 (FF)
  Source Clock:      CLK rising
  Destination Clock: CLK rising

  Data Path: CONT528_0 to CONT528_1
                                Gate     Net
    Cell:in->out      fanout   Delay   Delay  Logical Name (Net Name)
    ----------------------------------------  ------------
     FD:C->Q               2   0.525   1.181  CONT528_0 (CONT528_0)
     LUT6:I0->O            3   0.254   0.874  CONT528[15]_PWR_1_o_equal_10_o<15>2 (CONT528[15]_PWR_1_o_equal_10_o<15>1)
     LUT6:I4->O           15   0.250   1.155  Mcount_CONT528_val1 (Mcount_CONT528_val)
     LUT2:I1->O            1   0.254   0.000  CONT528_1_rstpot (CONT528_1_rstpot)
     FD:D                      0.074          CONT528_1
    ----------------------------------------
    Total                      4.567ns (1.357ns logic, 3.210ns route)
                                       (29.7% logic, 70.3% route)

=========================================================================
Timing constraint: Default OFFSET IN BEFORE for Clock 'CLK'
  Total number of paths / destination ports: 24 / 24
-------------------------------------------------------------------------
Offset:              4.430ns (Levels of Logic = 3)
  Source:            S (PAD)
  Destination:       CONT528_1 (FF)
  Destination Clock: CLK rising

  Data Path: S to CONT528_1
                                Gate     Net
    Cell:in->out      fanout   Delay   Delay  Logical Name (Net Name)
    ----------------------------------------  ------------
     IBUF:I->O             7   1.328   1.365  S_IBUF (D_OBUF)
     LUT6:I0->O           15   0.254   1.155  Mcount_CONT528_val1 (Mcount_CONT528_val)
     LUT2:I1->O            1   0.254   0.000  CONT528_1_rstpot (CONT528_1_rstpot)
     FD:D                      0.074          CONT528_1
    ----------------------------------------
    Total                      4.430ns (1.910ns logic, 2.520ns route)
                                       (43.1% logic, 56.9% route)

=========================================================================
Timing constraint: Default OFFSET OUT AFTER for Clock 'CLK'
  Total number of paths / destination ports: 8 / 8
-------------------------------------------------------------------------
Offset:              4.162ns (Levels of Logic = 1)
  Source:            B (FF)
  Destination:       B (PAD)
  Source Clock:      CLK rising

  Data Path: B to B
                                Gate     Net
    Cell:in->out      fanout   Delay   Delay  Logical Name (Net Name)
    ----------------------------------------  ------------
     FD:C->Q               2   0.525   0.725  B (B_OBUF)
     OBUF:I->O                 2.912          B_OBUF (B)
    ----------------------------------------
    Total                      4.162ns (3.437ns logic, 0.725ns route)
                                       (82.6% logic, 17.4% route)

=========================================================================
Timing constraint: Default path analysis
  Total number of paths / destination ports: 3 / 3
-------------------------------------------------------------------------
Delay:               5.149ns (Levels of Logic = 2)
  Source:            S (PAD)
  Destination:       F (PAD)

  Data Path: S to F
                                Gate     Net
    Cell:in->out      fanout   Delay   Delay  Logical Name (Net Name)
    ----------------------------------------  ------------
     IBUF:I->O             7   1.328   0.909  S_IBUF (D_OBUF)
     OBUF:I->O                 2.912          F_OBUF (F)
    ----------------------------------------
    Total                      5.149ns (4.240ns logic, 0.909ns route)
                                       (82.3% logic, 17.7% route)

=========================================================================

Cross Clock Domains Report:
--------------------------

Clock to Setup on destination clock CLK
---------------+---------+---------+---------+---------+
               | Src:Rise| Src:Fall| Src:Rise| Src:Fall|
Source Clock   |Dest:Rise|Dest:Rise|Dest:Fall|Dest:Fall|
---------------+---------+---------+---------+---------+
CLK            |    4.567|         |         |         |
---------------+---------+---------+---------+---------+

=========================================================================


Total REAL time to Xst completion: 14.00 secs
Total CPU time to Xst completion: 12.54 secs
 
--> 


Total memory usage is 385776 kilobytes

Number of errors   :    0 (   0 filtered)
Number of warnings :   18 (   0 filtered)
Number of infos    :    1 (   0 filtered)

