ISim log file
Running: /home/ise/Documents/PRACTICAS/Practica7/Punto2/ROM_8x12_isim_beh.exe -intstyle ise -gui -tclbatch isim.cmd -wdb /home/ise/Documents/PRACTICAS/Practica7/Punto2/ROM_8x12_isim_beh.wdb 
ISim P.20131013 (signature 0xfbc00daa)
----------------------------------------------------------------------
WARNING:Security:42 - Your software subscription period has lapsed. Your current version of Xilinx tools will continue to function, but you no longer qualify for Xilinx software updates or new releases.


----------------------------------------------------------------------
This is a Full version of ISim.
Time resolution is 1 ps
# onerror resume
# wave add /
# run 1000 ns
Simulator is doing circuit initialization process.
Finished circuit initialization process.
# restart
# isim force add /ROM_8x12/CS 1 -radix bin -value 0 -radix bin -time 250 ms -repeat 500 ms
# isim force add /ROM_8x12/CS 1 -radix bin -value 0 -radix bin -time 250 ms -repeat 500 ms
# isim force add /ROM_8x12/SENSOR 1 -radix bin -value 0 -radix bin -time 500 ms -repeat 1 s
# isim force add /ROM_8x12/SENSOR 1 -radix bin -value 0 -radix bin -time 500 ms -repeat 1 s
# isim force add /ROM_8x12/CLK 1 -radix bin -value 0 -radix bin -time 125 ms -repeat 250 ms
# isim force add /ROM_8x12/CLK 1 -radix bin -value 0 -radix bin -time 125 ms -repeat 250 ms
# run 2.00s
Simulator is doing circuit initialization process.
Finished circuit initialization process.
# exit 0
