Release 14.7 - xst P.20131013 (lin64)
Copyright (c) 1995-2013 Xilinx, Inc.  All rights reserved.
--> 
Parameter TMPDIR set to xst/projnav.tmp


Total REAL time to Xst completion: 0.00 secs
Total CPU time to Xst completion: 0.08 secs
 
--> 
Parameter xsthdpdir set to xst


Total REAL time to Xst completion: 0.00 secs
Total CPU time to Xst completion: 0.08 secs
 
--> 
Reading design: ROM_8x12.prj

TABLE OF CONTENTS
  1) Synthesis Options Summary
  2) HDL Parsing
  3) HDL Elaboration
  4) HDL Synthesis
       4.1) HDL Synthesis Report
  5) Advanced HDL Synthesis
       5.1) Advanced HDL Synthesis Report
  6) Low Level Synthesis
  7) Partition Report
  8) Design Summary
       8.1) Primitive and Black Box Usage
       8.2) Device utilization summary
       8.3) Partition Resource Summary
       8.4) Timing Report
            8.4.1) Clock Information
            8.4.2) Asynchronous Control Signals Information
            8.4.3) Timing Summary
            8.4.4) Timing Details
            8.4.5) Cross Clock Domains Report


=========================================================================
*                      Synthesis Options Summary                        *
=========================================================================
---- Source Parameters
Input File Name                    : "ROM_8x12.prj"
Ignore Synthesis Constraint File   : NO

---- Target Parameters
Output File Name                   : "ROM_8x12"
Output Format                      : NGC
Target Device                      : xc6slx9-2-csg225

---- Source Options
Top Module Name                    : ROM_8x12
Automatic FSM Extraction           : YES
FSM Encoding Algorithm             : Auto
Safe Implementation                : No
FSM Style                          : LUT
RAM Extraction                     : Yes
RAM Style                          : Auto
ROM Extraction                     : Yes
Shift Register Extraction          : YES
ROM Style                          : Auto
Resource Sharing                   : YES
Asynchronous To Synchronous        : NO
Shift Register Minimum Size        : 2
Use DSP Block                      : Auto
Automatic Register Balancing       : No

---- Target Options
LUT Combining                      : Auto
Reduce Control Sets                : Auto
Add IO Buffers                     : YES
Global Maximum Fanout              : 100000
Add Generic Clock Buffer(BUFG)     : 16
Register Duplication               : YES
Optimize Instantiated Primitives   : NO
Use Clock Enable                   : Auto
Use Synchronous Set                : Auto
Use Synchronous Reset              : Auto
Pack IO Registers into IOBs        : Auto
Equivalent register Removal        : YES

---- General Options
Optimization Goal                  : Speed
Optimization Effort                : 1
Power Reduction                    : NO
Keep Hierarchy                     : No
Netlist Hierarchy                  : As_Optimized
RTL Output                         : Yes
Global Optimization                : AllClockNets
Read Cores                         : YES
Write Timing Constraints           : NO
Cross Clock Analysis               : NO
Hierarchy Separator                : /
Bus Delimiter                      : <>
Case Specifier                     : Maintain
Slice Utilization Ratio            : 100
BRAM Utilization Ratio             : 100
DSP48 Utilization Ratio            : 100
Auto BRAM Packing                  : NO
Slice Utilization Ratio Delta      : 5

=========================================================================


=========================================================================
*                          HDL Parsing                                  *
=========================================================================
Analyzing Verilog file "/home/ise/CircuitosLogicosISE/Practica7/Punto2/Punto2.v" into library work
Parsing module <ROM_8x12>.

=========================================================================
*                            HDL Elaboration                            *
=========================================================================

Elaborating module <ROM_8x12>.
Reading initialization file \"ROM_data.txt\".
WARNING:HDLCompiler:91 - "/home/ise/CircuitosLogicosISE/Practica7/Punto2/Punto2.v" Line 56: Signal <ROM> missing in the sensitivity list is added for synthesis purposes. HDL and post-synthesis simulations may differ as a result.

=========================================================================
*                           HDL Synthesis                               *
=========================================================================

Synthesizing Unit <ROM_8x12>.
    Related source file is "/home/ise/CircuitosLogicosISE/Practica7/Punto2/Punto2.v".
WARNING:Xst:2999 - Signal 'ROM', unconnected in block 'ROM_8x12', is tied to its initial value.
    Found 8x12-bit single-port Read Only RAM <Mram_ROM> for signal <ROM>.
    Found 1-bit register for signal <Reloj>.
    Found 32-bit register for signal <conta>.
    Found 2-bit register for signal <Contador>.
    Found 32-bit register for signal <conta_ulti>.
    Found 32-bit adder for signal <conta[31]_GND_1_o_add_6_OUT> created at line 41.
    Found 2-bit adder for signal <Contador[1]_GND_1_o_add_11_OUT> created at line 49.
    Found 4x32-bit Read Only RAM for signal <SELREL[1]_GND_1_o_wide_mux_2_OUT>
    Found 1-bit tristate buffer for signal <DATAO<11>> created at line 52
    Found 1-bit tristate buffer for signal <DATAO<10>> created at line 52
    Found 1-bit tristate buffer for signal <DATAO<9>> created at line 52
    Found 1-bit tristate buffer for signal <DATAO<8>> created at line 52
    Found 1-bit tristate buffer for signal <DATAO<7>> created at line 52
    Found 1-bit tristate buffer for signal <DATAO<6>> created at line 52
    Found 1-bit tristate buffer for signal <DATAO<5>> created at line 52
    Found 1-bit tristate buffer for signal <DATAO<4>> created at line 52
    Found 1-bit tristate buffer for signal <DATAO<3>> created at line 52
    Found 1-bit tristate buffer for signal <DATAO<2>> created at line 52
    Found 1-bit tristate buffer for signal <DATAO<1>> created at line 52
    Found 1-bit tristate buffer for signal <DATAO<0>> created at line 52
    Found 32-bit comparator equal for signal <conta[31]_conta_ulti[31]_equal_6_o> created at line 36
    Summary:
	inferred   2 RAM(s).
	inferred   2 Adder/Subtractor(s).
	inferred  67 D-type flip-flop(s).
	inferred   1 Comparator(s).
	inferred  12 Tristate(s).
Unit <ROM_8x12> synthesized.

=========================================================================
HDL Synthesis Report

Macro Statistics
# RAMs                                                 : 2
 4x32-bit single-port Read Only RAM                    : 1
 8x12-bit single-port Read Only RAM                    : 1
# Adders/Subtractors                                   : 2
 2-bit adder                                           : 1
 32-bit adder                                          : 1
# Registers                                            : 4
 1-bit register                                        : 1
 2-bit register                                        : 1
 32-bit register                                       : 2
# Comparators                                          : 1
 32-bit comparator equal                               : 1
# Tristates                                            : 12
 1-bit tristate buffer                                 : 12

=========================================================================

=========================================================================
*                       Advanced HDL Synthesis                          *
=========================================================================


Synthesizing (advanced) Unit <ROM_8x12>.
The following registers are absorbed into counter <conta>: 1 register on signal <conta>.
The following registers are absorbed into counter <Contador>: 1 register on signal <Contador>.
INFO:Xst:3231 - The small RAM <Mram_SELREL[1]_GND_1_o_wide_mux_2_OUT> will be implemented on LUTs in order to maximize performance and save block RAM resources. If you want to force its implementation on block, use option/constraint ram_style.
    -----------------------------------------------------------------------
    | ram_type           | Distributed                         |          |
    -----------------------------------------------------------------------
    | Port A                                                              |
    |     aspect ratio   | 4-word x 32-bit                     |          |
    |     weA            | connected to signal <GND>           | high     |
    |     addrA          | connected to signal <SELREL>        |          |
    |     diA            | connected to signal <GND>           |          |
    |     doA            | connected to internal node          |          |
    -----------------------------------------------------------------------
INFO:Xst:3218 - HDL ADVISOR - The RAM <Mram_ROM> will be implemented on LUTs either because you have described an asynchronous read or because of currently unsupported block RAM features. If you have described an asynchronous read, making it synchronous would allow you to take advantage of available block RAM resources, for optimized device usage and improved timings. Please refer to your documentation for coding guidelines.
    -----------------------------------------------------------------------
    | ram_type           | Distributed                         |          |
    -----------------------------------------------------------------------
    | Port A                                                              |
    |     aspect ratio   | 8-word x 12-bit                     |          |
    |     weA            | connected to signal <GND>           | high     |
    |     addrA          | connected to signal <(SENSOR,Contador)> |          |
    |     diA            | connected to signal <GND>           |          |
    |     doA            | connected to internal node          |          |
    -----------------------------------------------------------------------
Unit <ROM_8x12> synthesized (advanced).

=========================================================================
Advanced HDL Synthesis Report

Macro Statistics
# RAMs                                                 : 2
 4x32-bit single-port distributed Read Only RAM        : 1
 8x12-bit single-port distributed Read Only RAM        : 1
# Counters                                             : 2
 2-bit up counter                                      : 1
 32-bit up counter                                     : 1
# Registers                                            : 33
 Flip-Flops                                            : 33
# Comparators                                          : 1
 32-bit comparator equal                               : 1

=========================================================================

=========================================================================
*                         Low Level Synthesis                           *
=========================================================================
WARNING:Xst:1293 - FF/Latch <conta_ulti_0> has a constant value of 0 in block <ROM_8x12>. This FF/Latch will be trimmed during the optimization process.
WARNING:Xst:1896 - Due to other FF/Latch trimming, FF/Latch <conta_ulti_1> has a constant value of 0 in block <ROM_8x12>. This FF/Latch will be trimmed during the optimization process.
WARNING:Xst:1896 - Due to other FF/Latch trimming, FF/Latch <conta_ulti_13> has a constant value of 0 in block <ROM_8x12>. This FF/Latch will be trimmed during the optimization process.
WARNING:Xst:1896 - Due to other FF/Latch trimming, FF/Latch <conta_ulti_21> has a constant value of 0 in block <ROM_8x12>. This FF/Latch will be trimmed during the optimization process.
WARNING:Xst:1896 - Due to other FF/Latch trimming, FF/Latch <conta_ulti_22> has a constant value of 0 in block <ROM_8x12>. This FF/Latch will be trimmed during the optimization process.
WARNING:Xst:1896 - Due to other FF/Latch trimming, FF/Latch <conta_ulti_23> has a constant value of 0 in block <ROM_8x12>. This FF/Latch will be trimmed during the optimization process.
WARNING:Xst:1896 - Due to other FF/Latch trimming, FF/Latch <conta_ulti_24> has a constant value of 0 in block <ROM_8x12>. This FF/Latch will be trimmed during the optimization process.
WARNING:Xst:1896 - Due to other FF/Latch trimming, FF/Latch <conta_ulti_25> has a constant value of 0 in block <ROM_8x12>. This FF/Latch will be trimmed during the optimization process.
WARNING:Xst:1896 - Due to other FF/Latch trimming, FF/Latch <conta_ulti_26> has a constant value of 0 in block <ROM_8x12>. This FF/Latch will be trimmed during the optimization process.
WARNING:Xst:1896 - Due to other FF/Latch trimming, FF/Latch <conta_ulti_27> has a constant value of 0 in block <ROM_8x12>. This FF/Latch will be trimmed during the optimization process.
WARNING:Xst:1896 - Due to other FF/Latch trimming, FF/Latch <conta_ulti_28> has a constant value of 0 in block <ROM_8x12>. This FF/Latch will be trimmed during the optimization process.
WARNING:Xst:1896 - Due to other FF/Latch trimming, FF/Latch <conta_ulti_29> has a constant value of 0 in block <ROM_8x12>. This FF/Latch will be trimmed during the optimization process.
WARNING:Xst:1896 - Due to other FF/Latch trimming, FF/Latch <conta_ulti_30> has a constant value of 0 in block <ROM_8x12>. This FF/Latch will be trimmed during the optimization process.
WARNING:Xst:1896 - Due to other FF/Latch trimming, FF/Latch <conta_ulti_31> has a constant value of 0 in block <ROM_8x12>. This FF/Latch will be trimmed during the optimization process.
INFO:Xst:2261 - The FF/Latch <conta_ulti_2> in Unit <ROM_8x12> is equivalent to the following 2 FFs/Latches, which will be removed : <conta_ulti_10> <conta_ulti_18> 
INFO:Xst:2261 - The FF/Latch <conta_ulti_3> in Unit <ROM_8x12> is equivalent to the following 3 FFs/Latches, which will be removed : <conta_ulti_8> <conta_ulti_11> <conta_ulti_19> 
INFO:Xst:2261 - The FF/Latch <conta_ulti_12> in Unit <ROM_8x12> is equivalent to the following FF/Latch, which will be removed : <conta_ulti_17> 
INFO:Xst:2261 - The FF/Latch <conta_ulti_9> in Unit <ROM_8x12> is equivalent to the following FF/Latch, which will be removed : <conta_ulti_20> 
INFO:Xst:2261 - The FF/Latch <conta_ulti_4> in Unit <ROM_8x12> is equivalent to the following FF/Latch, which will be removed : <conta_ulti_7> 

Optimizing unit <ROM_8x12> ...

Mapping all equations...
Building and optimizing final netlist ...
Found area constraint ratio of 100 (+ 5) on block ROM_8x12, actual ratio is 1.

Final Macro Processing ...

=========================================================================
Final Register Report

Macro Statistics
# Registers                                            : 45
 Flip-Flops                                            : 45

=========================================================================

=========================================================================
*                           Partition Report                            *
=========================================================================

Partition Implementation Status
-------------------------------

  No Partitions were found in this design.

-------------------------------

=========================================================================
*                            Design Summary                             *
=========================================================================

Top Level Output File Name         : ROM_8x12.ngc

Primitive and Black Box Usage:
------------------------------
# BELS                             : 170
#      GND                         : 1
#      INV                         : 6
#      LUT1                        : 31
#      LUT2                        : 44
#      LUT3                        : 6
#      LUT5                        : 1
#      LUT6                        : 7
#      MUXCY                       : 41
#      VCC                         : 1
#      XORCY                       : 32
# FlipFlops/Latches                : 45
#      FD                          : 43
#      FDR                         : 2
# Clock Buffers                    : 1
#      BUFGP                       : 1
# IO Buffers                       : 16
#      IBUF                        : 4
#      OBUFT                       : 12

Device utilization summary:
---------------------------

Selected Device : 6slx9csg225-2 


Slice Logic Utilization: 
 Number of Slice Registers:              45  out of  11440     0%  
 Number of Slice LUTs:                   95  out of   5720     1%  
    Number used as Logic:                95  out of   5720     1%  

Slice Logic Distribution: 
 Number of LUT Flip Flop pairs used:     97
   Number with an unused Flip Flop:      52  out of     97    53%  
   Number with an unused LUT:             2  out of     97     2%  
   Number of fully used LUT-FF pairs:    43  out of     97    44%  
   Number of unique control sets:         2

IO Utilization: 
 Number of IOs:                          17
 Number of bonded IOBs:                  17  out of    160    10%  

Specific Feature Utilization:
 Number of BUFG/BUFGCTRLs:                1  out of     16     6%  

---------------------------
Partition Resource Summary:
---------------------------

  No Partitions were found in this design.

---------------------------


=========================================================================
Timing Report

NOTE: THESE TIMING NUMBERS ARE ONLY A SYNTHESIS ESTIMATE.
      FOR ACCURATE TIMING INFORMATION PLEASE REFER TO THE TRACE REPORT
      GENERATED AFTER PLACE-and-ROUTE.

Clock Information:
------------------
-----------------------------------+------------------------+-------+
Clock Signal                       | Clock buffer(FF name)  | Load  |
-----------------------------------+------------------------+-------+
CLK                                | BUFGP                  | 43    |
Reloj                              | NONE(Contador_0)       | 2     |
-----------------------------------+------------------------+-------+
INFO:Xst:2169 - HDL ADVISOR - Some clock signals were not automatically buffered by XST with BUFG/BUFR resources. Please use the buffer_type constraint in order to insert these buffers to the clock signals to help prevent skew problems.

Asynchronous Control Signals Information:
----------------------------------------
No asynchronous control signals found in this design

Timing Summary:
---------------
Speed Grade: -2

   Minimum period: 4.226ns (Maximum Frequency: 236.644MHz)
   Minimum input arrival time before clock: 3.281ns
   Maximum output required time after clock: 5.694ns
   Maximum combinational path delay: 6.244ns

Timing Details:
---------------
All values displayed in nanoseconds (ns)

=========================================================================
Timing constraint: Default period analysis for Clock 'Reloj'
  Clock period: 3.106ns (frequency: 321.958MHz)
  Total number of paths / destination ports: 7 / 4
-------------------------------------------------------------------------
Delay:               3.106ns (Levels of Logic = 1)
  Source:            Contador_1 (FF)
  Destination:       Contador_0 (FF)
  Source Clock:      Reloj rising
  Destination Clock: Reloj rising

  Data Path: Contador_1 to Contador_0
                                Gate     Net
    Cell:in->out      fanout   Delay   Delay  Logical Name (Net Name)
    ----------------------------------------  ------------
     FDR:C->Q             11   0.525   1.147  Contador_1 (Contador_1)
     LUT2:I0->O            2   0.250   0.725  Contador[1]_PWR_1_o_equal_11_o<1>1 (Contador[1]_PWR_1_o_equal_11_o)
     FDR:R                     0.459          Contador_0
    ----------------------------------------
    Total                      3.106ns (1.234ns logic, 1.872ns route)
                                       (39.7% logic, 60.3% route)

=========================================================================
Timing constraint: Default period analysis for Clock 'CLK'
  Clock period: 4.226ns (frequency: 236.644MHz)
  Total number of paths / destination ports: 2179 / 33
-------------------------------------------------------------------------
Delay:               4.226ns (Levels of Logic = 11)
  Source:            conta_0 (FF)
  Destination:       Reloj (FF)
  Source Clock:      CLK rising
  Destination Clock: CLK rising

  Data Path: conta_0 to Reloj
                                Gate     Net
    Cell:in->out      fanout   Delay   Delay  Logical Name (Net Name)
    ----------------------------------------  ------------
     FD:C->Q               2   0.525   1.181  conta_0 (conta_0)
     LUT6:I0->O            1   0.254   0.000  Mcompar_conta[31]_conta_ulti[31]_equal_6_o_lut<0> (Mcompar_conta[31]_conta_ulti[31]_equal_6_o_lut<0>)
     MUXCY:S->O            1   0.215   0.000  Mcompar_conta[31]_conta_ulti[31]_equal_6_o_cy<0> (Mcompar_conta[31]_conta_ulti[31]_equal_6_o_cy<0>)
     MUXCY:CI->O           1   0.023   0.000  Mcompar_conta[31]_conta_ulti[31]_equal_6_o_cy<1> (Mcompar_conta[31]_conta_ulti[31]_equal_6_o_cy<1>)
     MUXCY:CI->O           1   0.023   0.000  Mcompar_conta[31]_conta_ulti[31]_equal_6_o_cy<2> (Mcompar_conta[31]_conta_ulti[31]_equal_6_o_cy<2>)
     MUXCY:CI->O           1   0.023   0.000  Mcompar_conta[31]_conta_ulti[31]_equal_6_o_cy<3> (Mcompar_conta[31]_conta_ulti[31]_equal_6_o_cy<3>)
     MUXCY:CI->O           1   0.023   0.000  Mcompar_conta[31]_conta_ulti[31]_equal_6_o_cy<4> (Mcompar_conta[31]_conta_ulti[31]_equal_6_o_cy<4>)
     MUXCY:CI->O           1   0.023   0.000  Mcompar_conta[31]_conta_ulti[31]_equal_6_o_cy<5> (Mcompar_conta[31]_conta_ulti[31]_equal_6_o_cy<5>)
     MUXCY:CI->O           1   0.023   0.000  Mcompar_conta[31]_conta_ulti[31]_equal_6_o_cy<6> (Mcompar_conta[31]_conta_ulti[31]_equal_6_o_cy<6>)
     MUXCY:CI->O           1   0.023   0.000  Mcompar_conta[31]_conta_ulti[31]_equal_6_o_cy<7> (Mcompar_conta[31]_conta_ulti[31]_equal_6_o_cy<7>)
     MUXCY:CI->O          33   0.023   1.537  Mcompar_conta[31]_conta_ulti[31]_equal_6_o_cy<8> (conta[31]_conta_ulti[31]_equal_6_o)
     LUT2:I1->O            1   0.254   0.000  conta_1_rstpot (conta_1_rstpot)
     FD:D                      0.074          conta_1
    ----------------------------------------
    Total                      4.226ns (1.508ns logic, 2.718ns route)
                                       (35.7% logic, 64.3% route)

=========================================================================
Timing constraint: Default OFFSET IN BEFORE for Clock 'CLK'
  Total number of paths / destination ports: 16 / 10
-------------------------------------------------------------------------
Offset:              3.281ns (Levels of Logic = 2)
  Source:            SELREL<1> (PAD)
  Destination:       conta_ulti_6 (FF)
  Destination Clock: CLK rising

  Data Path: SELREL<1> to conta_ulti_6
                                Gate     Net
    Cell:in->out      fanout   Delay   Delay  Logical Name (Net Name)
    ----------------------------------------  ------------
     IBUF:I->O             8   1.328   0.943  SELREL_1_IBUF (Mram_SELREL[1]_GND_1_o_wide_mux_2_OUT14)
     INV:I->O              1   0.255   0.681  Mram_SELREL[1]_GND_1_o_wide_mux_2_OUT61_INV_0 (Mram_SELREL[1]_GND_1_o_wide_mux_2_OUT6)
     FD:D                      0.074          conta_ulti_6
    ----------------------------------------
    Total                      3.281ns (1.657ns logic, 1.624ns route)
                                       (50.5% logic, 49.5% route)

=========================================================================
Timing constraint: Default OFFSET OUT AFTER for Clock 'Reloj'
  Total number of paths / destination ports: 22 / 11
-------------------------------------------------------------------------
Offset:              5.694ns (Levels of Logic = 2)
  Source:            Contador_0 (FF)
  Destination:       DATA<6> (PAD)
  Source Clock:      Reloj rising

  Data Path: Contador_0 to DATA<6>
                                Gate     Net
    Cell:in->out      fanout   Delay   Delay  Logical Name (Net Name)
    ----------------------------------------  ------------
     FDR:C->Q             12   0.525   1.297  Contador_0 (Contador_0)
     LUT3:I0->O            2   0.235   0.725  Mram_ROM511 (Mram_ROM5)
     OBUFT:I->O                2.912          DATA_6_OBUFT (DATA<6>)
    ----------------------------------------
    Total                      5.694ns (3.672ns logic, 2.022ns route)
                                       (64.5% logic, 35.5% route)

=========================================================================
Timing constraint: Default path analysis
  Total number of paths / destination ports: 19 / 12
-------------------------------------------------------------------------
Delay:               6.244ns (Levels of Logic = 3)
  Source:            CS (PAD)
  Destination:       DATA<11> (PAD)

  Data Path: CS to DATA<11>
                                Gate     Net
    Cell:in->out      fanout   Delay   Delay  Logical Name (Net Name)
    ----------------------------------------  ------------
     IBUF:I->O             1   1.328   0.681  CS_IBUF (CS_IBUF)
     INV:I->O             12   0.255   1.068  CS_inv1_INV_0 (CS_inv)
     OBUFT:T->O                2.912          DATA_11_OBUFT (DATA<11>)
    ----------------------------------------
    Total                      6.244ns (4.495ns logic, 1.749ns route)
                                       (72.0% logic, 28.0% route)

=========================================================================

Cross Clock Domains Report:
--------------------------

Clock to Setup on destination clock CLK
---------------+---------+---------+---------+---------+
               | Src:Rise| Src:Fall| Src:Rise| Src:Fall|
Source Clock   |Dest:Rise|Dest:Rise|Dest:Fall|Dest:Fall|
---------------+---------+---------+---------+---------+
CLK            |    4.226|         |         |         |
---------------+---------+---------+---------+---------+

Clock to Setup on destination clock Reloj
---------------+---------+---------+---------+---------+
               | Src:Rise| Src:Fall| Src:Rise| Src:Fall|
Source Clock   |Dest:Rise|Dest:Rise|Dest:Fall|Dest:Fall|
---------------+---------+---------+---------+---------+
Reloj          |    3.106|         |         |         |
---------------+---------+---------+---------+---------+

=========================================================================


Total REAL time to Xst completion: 12.00 secs
Total CPU time to Xst completion: 10.93 secs
 
--> 


Total memory usage is 385872 kilobytes

Number of errors   :    0 (   0 filtered)
Number of warnings :   16 (   0 filtered)
Number of infos    :    8 (   0 filtered)

