--------------------------------------------------------------------------------
Release 14.7 Trace  (lin64)
Copyright (c) 1995-2013 Xilinx, Inc.  All rights reserved.

/opt/Xilinx/14.7/ISE_DS/ISE/bin/lin64/unwrapped/trce -intstyle ise -v 3 -s 2 -n
3 -fastpaths -xml SEMAFOROS.twx SEMAFOROS.ncd -o SEMAFOROS.twr SEMAFOROS.pcf
-ucf SEMAFOROS.ucf

Design file:              SEMAFOROS.ncd
Physical constraint file: SEMAFOROS.pcf
Device,package,speed:     xc6slx9,csg225,C,-2 (PRODUCTION 1.23 2013-10-13)
Report level:             verbose report

Environment Variable      Effect 
--------------------      ------ 
NONE                      No environment variables were set
--------------------------------------------------------------------------------

INFO:Timing:2698 - No timing constraints found, doing default enumeration.
INFO:Timing:3412 - To improve timing, see the Timing Closure User Guide (UG612).
INFO:Timing:2752 - To get complete path coverage, use the unconstrained paths 
   option. All paths that are not constrained will be reported in the 
   unconstrained paths section(s) of the report.
INFO:Timing:3339 - The clock-to-out numbers in this timing report are based on 
   a 50 Ohm transmission line loading model.  For the details of this model, 
   and for more information on accounting for different loading conditions, 
   please see the device datasheet.



Data Sheet report:
-----------------
All values displayed in nanoseconds (ns)

Setup/Hold to clock CLK
------------+------------+------------+------------+------------+------------------+--------+
            |Max Setup to|  Process   |Max Hold to |  Process   |                  | Clock  |
Source      | clk (edge) |   Corner   | clk (edge) |   Corner   |Internal Clock(s) | Phase  |
------------+------------+------------+------------+------------+------------------+--------+
FOTORES     |    1.165(R)|      SLOW  |    0.100(R)|      SLOW  |CLK_BUFGP         |   0.000|
------------+------------+------------+------------+------------+------------------+--------+

Clock CLK to Pad
--------------+-----------------+------------+-----------------+------------+------------------+--------+
              |Max (slowest) clk|  Process   |Min (fastest) clk|  Process   |                  | Clock  |
Destination   |  (edge) to PAD  |   Corner   |  (edge) to PAD  |   Corner   |Internal Clock(s) | Phase  |
--------------+-----------------+------------+-----------------+------------+------------------+--------+
BUZZER        |        10.400(R)|      SLOW  |         4.502(R)|      FAST  |CLK_BUFGP         |   0.000|
LED_COLS<0>   |         7.965(R)|      SLOW  |         2.958(R)|      FAST  |CLK_BUFGP         |   0.000|
LED_COLS<1>   |         8.052(R)|      SLOW  |         3.045(R)|      FAST  |CLK_BUFGP         |   0.000|
LED_COLS<2>   |         8.043(R)|      SLOW  |         3.036(R)|      FAST  |CLK_BUFGP         |   0.000|
LED_COLS<3>   |         8.058(R)|      SLOW  |         3.051(R)|      FAST  |CLK_BUFGP         |   0.000|
LED_COLS<4>   |         8.063(R)|      SLOW  |         3.056(R)|      FAST  |CLK_BUFGP         |   0.000|
LED_COLS<5>   |         7.963(R)|      SLOW  |         2.956(R)|      FAST  |CLK_BUFGP         |   0.000|
LED_COLS<6>   |         7.974(R)|      SLOW  |         2.967(R)|      FAST  |CLK_BUFGP         |   0.000|
LED_COLS<7>   |         8.103(R)|      SLOW  |         3.096(R)|      FAST  |CLK_BUFGP         |   0.000|
LED_FILS<0>   |         8.102(R)|      SLOW  |         3.095(R)|      FAST  |CLK_BUFGP         |   0.000|
LED_FILS<1>   |         8.044(R)|      SLOW  |         3.037(R)|      FAST  |CLK_BUFGP         |   0.000|
LED_FILS<2>   |         8.006(R)|      SLOW  |         2.999(R)|      FAST  |CLK_BUFGP         |   0.000|
LED_FILS<3>   |         8.058(R)|      SLOW  |         3.051(R)|      FAST  |CLK_BUFGP         |   0.000|
LED_FILS<4>   |         7.930(R)|      SLOW  |         2.923(R)|      FAST  |CLK_BUFGP         |   0.000|
LED_FILS<5>   |         7.963(R)|      SLOW  |         2.956(R)|      FAST  |CLK_BUFGP         |   0.000|
LED_FILS<6>   |         8.052(R)|      SLOW  |         3.045(R)|      FAST  |CLK_BUFGP         |   0.000|
LED_FILS<7>   |         8.103(R)|      SLOW  |         3.096(R)|      FAST  |CLK_BUFGP         |   0.000|
SEMAFORO_EO<0>|        12.940(R)|      SLOW  |         6.060(R)|      FAST  |CLK_BUFGP         |   0.000|
SEMAFORO_EO<1>|        12.426(R)|      SLOW  |         5.741(R)|      FAST  |CLK_BUFGP         |   0.000|
SEMAFORO_EO<2>|        12.008(R)|      SLOW  |         5.556(R)|      FAST  |CLK_BUFGP         |   0.000|
SEMAFORO_NS<0>|        12.610(R)|      SLOW  |         5.855(R)|      FAST  |CLK_BUFGP         |   0.000|
SEMAFORO_NS<1>|        12.038(R)|      SLOW  |         5.541(R)|      FAST  |CLK_BUFGP         |   0.000|
SEMAFORO_NS<2>|        13.028(R)|      SLOW  |         6.205(R)|      FAST  |CLK_BUFGP         |   0.000|
V_CC          |         9.344(R)|      SLOW  |         3.969(R)|      FAST  |CLK_BUFGP         |   0.000|
--------------+-----------------+------------+-----------------+------------+------------------+--------+

Clock to Setup on destination clock CLK
---------------+---------+---------+---------+---------+
               | Src:Rise| Src:Fall| Src:Rise| Src:Fall|
Source Clock   |Dest:Rise|Dest:Rise|Dest:Fall|Dest:Fall|
---------------+---------+---------+---------+---------+
CLK            |    3.879|         |         |         |
---------------+---------+---------+---------+---------+


Analysis completed Tue Jan 12 08:01:18 2021 
--------------------------------------------------------------------------------

Trace Settings:
-------------------------
Trace Settings 

Peak Memory Usage: 385 MB



