Running: /opt/Xilinx/14.7/ISE_DS/ISE/bin/lin64/unwrapped/fuse -intstyle ise -incremental -lib secureip -o /home/ise/Documents/PRACTICA3_2/P2_8x1MUX_isim_beh.exe -prj /home/ise/Documents/PRACTICA3_2/P2_8x1MUX_beh.prj work.P2_8x1MUX 
ISim P.20131013 (signature 0xfbc00daa)
Number of CPUs detected in this system: 1
Turning on mult-threading, number of parallel sub-compilation jobs: 0 
Determining compilation order of HDL files
Parsing VHDL file "/home/ise/Documents/PRACTICA3_2/P2_8x1MUX.vhd" into library work
Starting static elaboration
Completed static elaboration
Fuse Memory Usage: 98380 KB
Fuse CPU Usage: 1110 ms
Compiling package standard
Compiling package std_logic_1164
Compiling package std_logic_arith
Compiling package std_logic_unsigned
Compiling package numeric_std
Compiling architecture mux of entity p2_8x1mux
Time Resolution for simulation is 1ps.
Compiled 6 VHDL Units
Built simulation executable /home/ise/Documents/PRACTICA3_2/P2_8x1MUX_isim_beh.exe
Fuse Memory Usage: 117056 KB
Fuse CPU Usage: 1330 ms
GCC CPU Usage: 160 ms
