ISim log file
Running: /home/ise/Documents/PRACTICA3_2/P2_8x1MUX_isim_beh.exe -intstyle ise -gui -tclbatch isim.cmd -wdb /home/ise/Documents/PRACTICA3_2/P2_8x1MUX_isim_beh.wdb 
ISim P.20131013 (signature 0xfbc00daa)
----------------------------------------------------------------------
WARNING:Security:42 - Your software subscription period has lapsed. Your current version of Xilinx tools will continue to function, but you no longer qualify for Xilinx software updates or new releases.


----------------------------------------------------------------------
This is a Full version of ISim.
Time resolution is 1 ps
# onerror resume
# wave add /
# run 1000 ns
Simulator is doing circuit initialization process.
Finished circuit initialization process.
# restart
# isim force add /p2_8x1mux/clk 0 -radix bin -value 1 -radix bin -time 1 ps -repeat 2 ps
# run 2ps
Simulator is doing circuit initialization process.
Finished circuit initialization process.
# run 2ps
# run 2ps
# run 2ps
# exit 0
