Release 14.7 - xst P.20131013 (lin64)
Copyright (c) 1995-2013 Xilinx, Inc.  All rights reserved.
--> 
Parameter TMPDIR set to xst/projnav.tmp


Total REAL time to Xst completion: 0.00 secs
Total CPU time to Xst completion: 0.08 secs
 
--> 
Parameter xsthdpdir set to xst


Total REAL time to Xst completion: 0.00 secs
Total CPU time to Xst completion: 0.08 secs
 
--> 
Reading design: P2_8x1MUX.prj

TABLE OF CONTENTS
  1) Synthesis Options Summary
  2) HDL Parsing
  3) HDL Elaboration
  4) HDL Synthesis
       4.1) HDL Synthesis Report
  5) Advanced HDL Synthesis
       5.1) Advanced HDL Synthesis Report
  6) Low Level Synthesis
  7) Partition Report
  8) Design Summary
       8.1) Primitive and Black Box Usage
       8.2) Device utilization summary
       8.3) Partition Resource Summary
       8.4) Timing Report
            8.4.1) Clock Information
            8.4.2) Asynchronous Control Signals Information
            8.4.3) Timing Summary
            8.4.4) Timing Details
            8.4.5) Cross Clock Domains Report


=========================================================================
*                      Synthesis Options Summary                        *
=========================================================================
---- Source Parameters
Input File Name                    : "P2_8x1MUX.prj"
Ignore Synthesis Constraint File   : NO

---- Target Parameters
Output File Name                   : "P2_8x1MUX"
Output Format                      : NGC
Target Device                      : xc6slx9-2-csg225

---- Source Options
Top Module Name                    : P2_8x1MUX
Automatic FSM Extraction           : YES
FSM Encoding Algorithm             : Auto
Safe Implementation                : No
FSM Style                          : LUT
RAM Extraction                     : Yes
RAM Style                          : Auto
ROM Extraction                     : Yes
Shift Register Extraction          : YES
ROM Style                          : Auto
Resource Sharing                   : YES
Asynchronous To Synchronous        : NO
Shift Register Minimum Size        : 2
Use DSP Block                      : Auto
Automatic Register Balancing       : No

---- Target Options
LUT Combining                      : Auto
Reduce Control Sets                : Auto
Add IO Buffers                     : YES
Global Maximum Fanout              : 100000
Add Generic Clock Buffer(BUFG)     : 16
Register Duplication               : YES
Optimize Instantiated Primitives   : NO
Use Clock Enable                   : Auto
Use Synchronous Set                : Auto
Use Synchronous Reset              : Auto
Pack IO Registers into IOBs        : Auto
Equivalent register Removal        : YES

---- General Options
Optimization Goal                  : Speed
Optimization Effort                : 1
Power Reduction                    : NO
Keep Hierarchy                     : No
Netlist Hierarchy                  : As_Optimized
RTL Output                         : Yes
Global Optimization                : AllClockNets
Read Cores                         : YES
Write Timing Constraints           : NO
Cross Clock Analysis               : NO
Hierarchy Separator                : /
Bus Delimiter                      : <>
Case Specifier                     : Maintain
Slice Utilization Ratio            : 100
BRAM Utilization Ratio             : 100
DSP48 Utilization Ratio            : 100
Auto BRAM Packing                  : NO
Slice Utilization Ratio Delta      : 5

=========================================================================


=========================================================================
*                          HDL Parsing                                  *
=========================================================================
Parsing VHDL file "/home/ise/Documents/PRACTICA3_2/P2_8x1MUX.vhd" into library work
Parsing entity <P2_8x1MUX>.
Parsing architecture <Mux> of entity <p2_8x1mux>.

=========================================================================
*                            HDL Elaboration                            *
=========================================================================

Elaborating entity <P2_8x1MUX> (architecture <Mux>) from library <work>.
INFO:HDLCompiler:679 - "/home/ise/Documents/PRACTICA3_2/P2_8x1MUX.vhd" Line 51. Case statement is complete. others clause is never selected

=========================================================================
*                           HDL Synthesis                               *
=========================================================================

Synthesizing Unit <P2_8x1MUX>.
    Related source file is "/home/ise/Documents/PRACTICA3_2/P2_8x1MUX.vhd".
    Found 19-bit register for signal <contador>.
    Found 19-bit adder for signal <contador[18]_GND_6_o_add_0_OUT> created at line 30.
    Found 1-bit 8-to-1 multiplexer for signal <Sel[2]_Entrada[7]_Mux_4_o> created at line 42.
    Found 1-bit tristate buffer for signal <Salida> created at line 36
    Summary:
	inferred   1 Adder/Subtractor(s).
	inferred  19 D-type flip-flop(s).
	inferred   4 Multiplexer(s).
	inferred   1 Tristate(s).
Unit <P2_8x1MUX> synthesized.

=========================================================================
HDL Synthesis Report

Macro Statistics
# Adders/Subtractors                                   : 1
 19-bit adder                                          : 1
# Registers                                            : 1
 19-bit register                                       : 1
# Multiplexers                                         : 4
 1-bit 2-to-1 multiplexer                              : 1
 1-bit 8-to-1 multiplexer                              : 1
 16-bit 2-to-1 multiplexer                             : 2
# Tristates                                            : 1
 1-bit tristate buffer                                 : 1

=========================================================================

=========================================================================
*                       Advanced HDL Synthesis                          *
=========================================================================


Synthesizing (advanced) Unit <P2_8x1MUX>.
The following registers are absorbed into counter <contador>: 1 register on signal <contador>.
Unit <P2_8x1MUX> synthesized (advanced).

=========================================================================
Advanced HDL Synthesis Report

Macro Statistics
# Counters                                             : 1
 19-bit up counter                                     : 1
# Multiplexers                                         : 4
 1-bit 2-to-1 multiplexer                              : 1
 1-bit 8-to-1 multiplexer                              : 1
 16-bit 2-to-1 multiplexer                             : 2

=========================================================================

=========================================================================
*                         Low Level Synthesis                           *
=========================================================================

Optimizing unit <P2_8x1MUX> ...

Mapping all equations...
Building and optimizing final netlist ...
Found area constraint ratio of 100 (+ 5) on block P2_8x1MUX, actual ratio is 0.

Final Macro Processing ...

=========================================================================
Final Register Report

Macro Statistics
# Registers                                            : 19
 Flip-Flops                                            : 19

=========================================================================

=========================================================================
*                           Partition Report                            *
=========================================================================

Partition Implementation Status
-------------------------------

  No Partitions were found in this design.

-------------------------------

=========================================================================
*                            Design Summary                             *
=========================================================================

Top Level Output File Name         : P2_8x1MUX.ngc

Primitive and Black Box Usage:
------------------------------
# BELS                             : 71
#      GND                         : 1
#      INV                         : 1
#      LUT1                        : 18
#      LUT3                        : 2
#      LUT6                        : 10
#      MUXCY                       : 18
#      MUXF7                       : 1
#      VCC                         : 1
#      XORCY                       : 19
# FlipFlops/Latches                : 19
#      FD                          : 19
# Clock Buffers                    : 1
#      BUFGP                       : 1
# IO Buffers                       : 45
#      IBUF                        : 12
#      OBUF                        : 32
#      OBUFT                       : 1

Device utilization summary:
---------------------------

Selected Device : 6slx9csg225-2 


Slice Logic Utilization: 
 Number of Slice Registers:              19  out of  11440     0%  
 Number of Slice LUTs:                   31  out of   5720     0%  
    Number used as Logic:                31  out of   5720     0%  

Slice Logic Distribution: 
 Number of LUT Flip Flop pairs used:     31
   Number with an unused Flip Flop:      12  out of     31    38%  
   Number with an unused LUT:             0  out of     31     0%  
   Number of fully used LUT-FF pairs:    19  out of     31    61%  
   Number of unique control sets:         1

IO Utilization: 
 Number of IOs:                          46
 Number of bonded IOBs:                  46  out of    160    28%  

Specific Feature Utilization:
 Number of BUFG/BUFGCTRLs:                1  out of     16     6%  

---------------------------
Partition Resource Summary:
---------------------------

  No Partitions were found in this design.

---------------------------


=========================================================================
Timing Report

NOTE: THESE TIMING NUMBERS ARE ONLY A SYNTHESIS ESTIMATE.
      FOR ACCURATE TIMING INFORMATION PLEASE REFER TO THE TRACE REPORT
      GENERATED AFTER PLACE-and-ROUTE.

Clock Information:
------------------
-----------------------------------+------------------------+-------+
Clock Signal                       | Clock buffer(FF name)  | Load  |
-----------------------------------+------------------------+-------+
clk                                | BUFGP                  | 19    |
-----------------------------------+------------------------+-------+

Asynchronous Control Signals Information:
----------------------------------------
No asynchronous control signals found in this design

Timing Summary:
---------------
Speed Grade: -2

   Minimum period: 2.351ns (Maximum Frequency: 425.306MHz)
   Minimum input arrival time before clock: No path found
   Maximum output required time after clock: 5.841ns
   Maximum combinational path delay: 7.958ns

Timing Details:
---------------
All values displayed in nanoseconds (ns)

=========================================================================
Timing constraint: Default period analysis for Clock 'clk'
  Clock period: 2.351ns (frequency: 425.306MHz)
  Total number of paths / destination ports: 190 / 19
-------------------------------------------------------------------------
Delay:               2.351ns (Levels of Logic = 20)
  Source:            contador_0 (FF)
  Destination:       contador_18 (FF)
  Source Clock:      clk rising
  Destination Clock: clk rising

  Data Path: contador_0 to contador_18
                                Gate     Net
    Cell:in->out      fanout   Delay   Delay  Logical Name (Net Name)
    ----------------------------------------  ------------
     FD:C->Q               1   0.525   0.681  contador_0 (contador_0)
     INV:I->O              1   0.255   0.000  Mcount_contador_lut<0>_INV_0 (Mcount_contador_lut<0>)
     MUXCY:S->O            1   0.215   0.000  Mcount_contador_cy<0> (Mcount_contador_cy<0>)
     MUXCY:CI->O           1   0.023   0.000  Mcount_contador_cy<1> (Mcount_contador_cy<1>)
     MUXCY:CI->O           1   0.023   0.000  Mcount_contador_cy<2> (Mcount_contador_cy<2>)
     MUXCY:CI->O           1   0.023   0.000  Mcount_contador_cy<3> (Mcount_contador_cy<3>)
     MUXCY:CI->O           1   0.023   0.000  Mcount_contador_cy<4> (Mcount_contador_cy<4>)
     MUXCY:CI->O           1   0.023   0.000  Mcount_contador_cy<5> (Mcount_contador_cy<5>)
     MUXCY:CI->O           1   0.023   0.000  Mcount_contador_cy<6> (Mcount_contador_cy<6>)
     MUXCY:CI->O           1   0.023   0.000  Mcount_contador_cy<7> (Mcount_contador_cy<7>)
     MUXCY:CI->O           1   0.023   0.000  Mcount_contador_cy<8> (Mcount_contador_cy<8>)
     MUXCY:CI->O           1   0.023   0.000  Mcount_contador_cy<9> (Mcount_contador_cy<9>)
     MUXCY:CI->O           1   0.023   0.000  Mcount_contador_cy<10> (Mcount_contador_cy<10>)
     MUXCY:CI->O           1   0.023   0.000  Mcount_contador_cy<11> (Mcount_contador_cy<11>)
     MUXCY:CI->O           1   0.023   0.000  Mcount_contador_cy<12> (Mcount_contador_cy<12>)
     MUXCY:CI->O           1   0.023   0.000  Mcount_contador_cy<13> (Mcount_contador_cy<13>)
     MUXCY:CI->O           1   0.023   0.000  Mcount_contador_cy<14> (Mcount_contador_cy<14>)
     MUXCY:CI->O           1   0.023   0.000  Mcount_contador_cy<15> (Mcount_contador_cy<15>)
     MUXCY:CI->O           1   0.023   0.000  Mcount_contador_cy<16> (Mcount_contador_cy<16>)
     MUXCY:CI->O           0   0.023   0.000  Mcount_contador_cy<17> (Mcount_contador_cy<17>)
     XORCY:CI->O           1   0.206   0.000  Mcount_contador_xor<18> (Result<18>)
     FD:D                      0.074          contador_18
    ----------------------------------------
    Total                      2.351ns (1.670ns logic, 0.681ns route)
                                       (71.0% logic, 29.0% route)

=========================================================================
Timing constraint: Default OFFSET OUT AFTER for Clock 'clk'
  Total number of paths / destination ports: 20 / 10
-------------------------------------------------------------------------
Offset:              5.841ns (Levels of Logic = 2)
  Source:            contador_17 (FF)
  Destination:       disp<12> (PAD)
  Source Clock:      clk rising

  Data Path: contador_17 to disp<12>
                                Gate     Net
    Cell:in->out      fanout   Delay   Delay  Logical Name (Net Name)
    ----------------------------------------  ------------
     FD:C->Q              11   0.525   1.469  contador_17 (contador_17)
     LUT6:I1->O            1   0.254   0.681  Mmux_disp161 (disp_9_OBUF)
     OBUF:I->O                 2.912          disp_9_OBUF (disp<9>)
    ----------------------------------------
    Total                      5.841ns (3.691ns logic, 2.150ns route)
                                       (63.2% logic, 36.8% route)

=========================================================================
Timing constraint: Default path analysis
  Total number of paths / destination ports: 63 / 26
-------------------------------------------------------------------------
Delay:               7.958ns (Levels of Logic = 5)
  Source:            Sel<1> (PAD)
  Destination:       Salida (PAD)

  Data Path: Sel<1> to Salida
                                Gate     Net
    Cell:in->out      fanout   Delay   Delay  Logical Name (Net Name)
    ----------------------------------------  ------------
     IBUF:I->O            10   1.328   1.463  Sel_1_IBUF (Sel_1_IBUF)
     LUT6:I0->O            1   0.254   0.000  Mmux_Sel[2]_Entrada[7]_Mux_4_o_3 (Mmux_Sel[2]_Entrada[7]_Mux_4_o_3)
     MUXF7:I1->O           1   0.175   0.910  Mmux_Sel[2]_Entrada[7]_Mux_4_o_2_f7 (Sel[2]_Entrada[7]_Mux_4_o)
     LUT3:I0->O            1   0.235   0.681  Mmux_GND_6_o_Sel[2]_MUX_8_o11 (Salida_OBUFT)
     OBUFT:I->O                2.912          Salida_OBUFT (Salida)
    ----------------------------------------
    Total                      7.958ns (4.904ns logic, 3.054ns route)
                                       (61.6% logic, 38.4% route)

=========================================================================

Cross Clock Domains Report:
--------------------------

Clock to Setup on destination clock clk
---------------+---------+---------+---------+---------+
               | Src:Rise| Src:Fall| Src:Rise| Src:Fall|
Source Clock   |Dest:Rise|Dest:Rise|Dest:Fall|Dest:Fall|
---------------+---------+---------+---------+---------+
clk            |    2.351|         |         |         |
---------------+---------+---------+---------+---------+

=========================================================================


Total REAL time to Xst completion: 10.00 secs
Total CPU time to Xst completion: 10.04 secs
 
--> 


Total memory usage is 389680 kilobytes

Number of errors   :    0 (   0 filtered)
Number of warnings :    0 (   0 filtered)
Number of infos    :    0 (   0 filtered)

