Command line:
   ADS1115_isim_beh.exe
     -simmode  gui
     -simrunnum  0
     -socket  58351

Sun Oct 31 13:35:13 2021


 Elaboration Time: 0.328125 sec

 Current Memory Usage: 5805.34 Meg

 Total Signals          : 20
 Total Nets             : 48
 Total Signal Drivers   : 9
 Total Blocks           : 3
 Total Primitive Blocks : 2
 Total Processes        : 17
 Total Traceable Variables  : 62
 Total Scalar Nets and Variables : 368
Total Line Count : 337

 Total Simulation Time: 1.6875 sec

 Current Memory Usage: 5333.48 Meg

Sun Oct 31 13:36:32 2021

