Command line:
   MCP4725_isim_beh.exe
     -simmode  gui
     -simrunnum  0
     -socket  52679

Thu Oct 28 23:19:16 2021


 Elaboration Time: 0.34375 sec

 Current Memory Usage: 5805.28 Meg

 Total Signals          : 15
 Total Nets             : 31
 Total Signal Drivers   : 10
 Total Blocks           : 2
 Total Primitive Blocks : 2
 Total Processes        : 14
 Total Traceable Variables  : 49
 Total Scalar Nets and Variables : 240
Total Line Count : 79
Total Line Count : 79
Total Line Count : 79
Total Line Count : 79

 Total Simulation Time: 2.45313 sec

 Current Memory Usage: 4861.56 Meg

Thu Oct 28 23:24:24 2021

