--------------------------------------------------------------------------------
Release 14.7 Trace  (lin64)
Copyright (c) 1995-2013 Xilinx, Inc.  All rights reserved.

/opt/Xilinx/14.7/ISE_DS/ISE/bin/lin64/unwrapped/trce -intstyle ise -v 3 -s 2 -n
3 -fastpaths -xml MOTOR_top.twx MOTOR_top.ncd -o MOTOR_top.twr MOTOR_top.pcf
-ucf MOTOR.ucf

Design file:              MOTOR_top.ncd
Physical constraint file: MOTOR_top.pcf
Device,package,speed:     xc6slx9,csg225,C,-2 (PRODUCTION 1.23 2013-10-13)
Report level:             verbose report

Environment Variable      Effect 
--------------------      ------ 
NONE                      No environment variables were set
--------------------------------------------------------------------------------

INFO:Timing:2698 - No timing constraints found, doing default enumeration.
INFO:Timing:3412 - To improve timing, see the Timing Closure User Guide (UG612).
INFO:Timing:2752 - To get complete path coverage, use the unconstrained paths 
   option. All paths that are not constrained will be reported in the 
   unconstrained paths section(s) of the report.
INFO:Timing:3339 - The clock-to-out numbers in this timing report are based on 
   a 50 Ohm transmission line loading model.  For the details of this model, 
   and for more information on accounting for different loading conditions, 
   please see the device datasheet.



Data Sheet report:
-----------------
All values displayed in nanoseconds (ns)

Setup/Hold to clock CLK
------------+------------+------------+------------+------------+------------------+--------+
            |Max Setup to|  Process   |Max Hold to |  Process   |                  | Clock  |
Source      | clk (edge) |   Corner   | clk (edge) |   Corner   |Internal Clock(s) | Phase  |
------------+------------+------------+------------+------------+------------------+--------+
ENABLE      |    3.227(R)|      SLOW  |   -1.408(R)|      FAST  |CLK_BUFGP         |   0.000|
SEL<0>      |    9.613(R)|      SLOW  |   -0.741(R)|      FAST  |CLK_BUFGP         |   0.000|
SEL<1>      |    9.196(R)|      SLOW  |   -0.987(R)|      FAST  |CLK_BUFGP         |   0.000|
SENSD       |    2.569(R)|      SLOW  |   -0.991(R)|      FAST  |CLK_BUFGP         |   0.000|
SENSI       |    1.958(R)|      SLOW  |   -0.655(R)|      FAST  |CLK_BUFGP         |   0.000|
------------+------------+------------+------------+------------+------------------+--------+

Clock CLK to Pad
------------+-----------------+------------+-----------------+------------+------------------+--------+
            |Max (slowest) clk|  Process   |Min (fastest) clk|  Process   |                  | Clock  |
Destination |  (edge) to PAD  |   Corner   |  (edge) to PAD  |   Corner   |Internal Clock(s) | Phase  |
------------+-----------------+------------+-----------------+------------+------------------+--------+
DATA_LCD<0> |         9.803(R)|      SLOW  |         4.152(R)|      FAST  |CLK_BUFGP         |   0.000|
DATA_LCD<1> |         9.600(R)|      SLOW  |         3.994(R)|      FAST  |CLK_BUFGP         |   0.000|
DATA_LCD<2> |         9.129(R)|      SLOW  |         3.710(R)|      FAST  |CLK_BUFGP         |   0.000|
DATA_LCD<3> |         9.296(R)|      SLOW  |         3.769(R)|      FAST  |CLK_BUFGP         |   0.000|
DATA_LCD<4> |         9.360(R)|      SLOW  |         3.833(R)|      FAST  |CLK_BUFGP         |   0.000|
DATA_LCD<5> |        10.412(R)|      SLOW  |         4.577(R)|      FAST  |CLK_BUFGP         |   0.000|
DATA_LCD<6> |         9.707(R)|      SLOW  |         4.047(R)|      FAST  |CLK_BUFGP         |   0.000|
DATA_LCD<7> |         9.293(R)|      SLOW  |         3.805(R)|      FAST  |CLK_BUFGP         |   0.000|
ENA         |        13.883(R)|      SLOW  |         4.518(R)|      FAST  |CLK_BUFGP         |   0.000|
RS          |         9.572(R)|      SLOW  |         4.032(R)|      FAST  |CLK_BUFGP         |   0.000|
------------+-----------------+------------+-----------------+------------+------------------+--------+

Clock to Setup on destination clock CLK
---------------+---------+---------+---------+---------+
               | Src:Rise| Src:Fall| Src:Rise| Src:Fall|
Source Clock   |Dest:Rise|Dest:Rise|Dest:Fall|Dest:Fall|
---------------+---------+---------+---------+---------+
CLK            |    7.571|         |         |         |
---------------+---------+---------+---------+---------+

Pad to Pad
---------------+---------------+---------+
Source Pad     |Destination Pad|  Delay  |
---------------+---------------+---------+
ENABLE         |LEDSW_G<7>     |    7.456|
ENABLE         |LEDSW_R<7>     |    8.388|
SEL<0>         |LEDSW_B<0>     |    7.506|
SEL<0>         |LEDSW_G<0>     |    8.035|
SEL<0>         |LEDSW_R<0>     |    9.418|
SEL<1>         |LEDSW_B<1>     |    7.722|
SEL<1>         |LEDSW_G<1>     |    7.820|
SEL<1>         |LEDSW_R<1>     |    8.477|
---------------+---------------+---------+


Analysis completed Wed Dec 16 00:57:16 2020 
--------------------------------------------------------------------------------

Trace Settings:
-------------------------
Trace Settings 

Peak Memory Usage: 387 MB



