--------------------------------------------------------------------------------
Release 14.7 Trace  (lin64)
Copyright (c) 1995-2013 Xilinx, Inc.  All rights reserved.

/opt/Xilinx/14.7/ISE_DS/ISE/bin/lin64/unwrapped/trce -intstyle ise -v 3 -s 2 -n
3 -fastpaths -xml MOTOR_top.twx MOTOR_top.ncd -o MOTOR_top.twr MOTOR_top.pcf
-ucf MOTOR.ucf

Design file:              MOTOR_top.ncd
Physical constraint file: MOTOR_top.pcf
Device,package,speed:     xc6slx9,csg225,C,-2 (PRODUCTION 1.23 2013-10-13)
Report level:             verbose report

Environment Variable      Effect 
--------------------      ------ 
NONE                      No environment variables were set
--------------------------------------------------------------------------------

INFO:Timing:2698 - No timing constraints found, doing default enumeration.
INFO:Timing:3412 - To improve timing, see the Timing Closure User Guide (UG612).
INFO:Timing:2752 - To get complete path coverage, use the unconstrained paths 
   option. All paths that are not constrained will be reported in the 
   unconstrained paths section(s) of the report.
INFO:Timing:3339 - The clock-to-out numbers in this timing report are based on 
   a 50 Ohm transmission line loading model.  For the details of this model, 
   and for more information on accounting for different loading conditions, 
   please see the device datasheet.



Data Sheet report:
-----------------
All values displayed in nanoseconds (ns)

Setup/Hold to clock CLK
------------+------------+------------+------------+------------+------------------+--------+
            |Max Setup to|  Process   |Max Hold to |  Process   |                  | Clock  |
Source      | clk (edge) |   Corner   | clk (edge) |   Corner   |Internal Clock(s) | Phase  |
------------+------------+------------+------------+------------+------------------+--------+
ENABLE      |    3.864(R)|      SLOW  |   -1.831(R)|      FAST  |CLK_BUFGP         |   0.000|
SEL<0>      |    7.217(R)|      SLOW  |   -0.960(R)|      FAST  |CLK_BUFGP         |   0.000|
SEL<1>      |    8.169(R)|      SLOW  |   -0.987(R)|      FAST  |CLK_BUFGP         |   0.000|
SENSD       |    2.774(R)|      SLOW  |   -1.165(R)|      FAST  |CLK_BUFGP         |   0.000|
SENSI       |    1.891(R)|      SLOW  |   -0.559(R)|      FAST  |CLK_BUFGP         |   0.000|
------------+------------+------------+------------+------------+------------------+--------+

Clock to Setup on destination clock CLK
---------------+---------+---------+---------+---------+
               | Src:Rise| Src:Fall| Src:Rise| Src:Fall|
Source Clock   |Dest:Rise|Dest:Rise|Dest:Fall|Dest:Fall|
---------------+---------+---------+---------+---------+
CLK            |    6.355|         |         |         |
---------------+---------+---------+---------+---------+

Pad to Pad
---------------+---------------+---------+
Source Pad     |Destination Pad|  Delay  |
---------------+---------------+---------+
ENABLE         |LEDSW_G<7>     |    7.444|
ENABLE         |LEDSW_R<7>     |    8.387|
SEL<0>         |LEDSW_B<0>     |    7.506|
SEL<0>         |LEDSW_G<0>     |    8.035|
SEL<0>         |LEDSW_R<0>     |    9.410|
SEL<1>         |LEDSW_B<1>     |    7.722|
SEL<1>         |LEDSW_G<1>     |    7.820|
SEL<1>         |LEDSW_R<1>     |    8.477|
---------------+---------------+---------+


Analysis completed Tue Dec 15 22:42:19 2020 
--------------------------------------------------------------------------------

Trace Settings:
-------------------------
Trace Settings 

Peak Memory Usage: 384 MB



