--------------------------------------------------------------------------------
Release 14.7 Trace  (lin64)
Copyright (c) 1995-2013 Xilinx, Inc.  All rights reserved.

/opt/Xilinx/14.7/ISE_DS/ISE/bin/lin64/unwrapped/trce -intstyle ise -v 3 -s 2 -n
3 -fastpaths -xml ROM_8x12.twx ROM_8x12.ncd -o ROM_8x12.twr ROM_8x12.pcf -ucf
Conections.ucf

Design file:              ROM_8x12.ncd
Physical constraint file: ROM_8x12.pcf
Device,package,speed:     xc6slx9,csg225,C,-2 (PRODUCTION 1.23 2013-10-13)
Report level:             verbose report

Environment Variable      Effect 
--------------------      ------ 
NONE                      No environment variables were set
--------------------------------------------------------------------------------

INFO:Timing:2698 - No timing constraints found, doing default enumeration.
INFO:Timing:3412 - To improve timing, see the Timing Closure User Guide (UG612).
INFO:Timing:2752 - To get complete path coverage, use the unconstrained paths 
   option. All paths that are not constrained will be reported in the 
   unconstrained paths section(s) of the report.
INFO:Timing:3339 - The clock-to-out numbers in this timing report are based on 
   a 50 Ohm transmission line loading model.  For the details of this model, 
   and for more information on accounting for different loading conditions, 
   please see the device datasheet.



Data Sheet report:
-----------------
All values displayed in nanoseconds (ns)

Clock CLK to Pad
------------+-----------------+------------+-----------------+------------+------------------+--------+
            |Max (slowest) clk|  Process   |Min (fastest) clk|  Process   |                  | Clock  |
Destination |  (edge) to PAD  |   Corner   |  (edge) to PAD  |   Corner   |Internal Clock(s) | Phase  |
------------+-----------------+------------+-----------------+------------+------------------+--------+
DATA<1>     |        10.457(R)|      SLOW  |         4.060(R)|      FAST  |CLK_BUFGP         |   0.000|
DATA<4>     |        11.529(R)|      SLOW  |         4.800(R)|      FAST  |CLK_BUFGP         |   0.000|
DATA<5>     |         9.863(R)|      SLOW  |         4.142(R)|      FAST  |CLK_BUFGP         |   0.000|
DATA<6>     |         9.358(R)|      SLOW  |         3.778(R)|      FAST  |CLK_BUFGP         |   0.000|
DATA<7>     |         9.803(R)|      SLOW  |         3.883(R)|      FAST  |CLK_BUFGP         |   0.000|
DATA<9>     |         8.997(R)|      SLOW  |         3.508(R)|      FAST  |CLK_BUFGP         |   0.000|
DATA<10>    |        11.507(R)|      SLOW  |         4.845(R)|      FAST  |CLK_BUFGP         |   0.000|
DATA<11>    |        10.687(R)|      SLOW  |         4.143(R)|      FAST  |CLK_BUFGP         |   0.000|
------------+-----------------+------------+-----------------+------------+------------------+--------+

Clock to Setup on destination clock CLK
---------------+---------+---------+---------+---------+
               | Src:Rise| Src:Fall| Src:Rise| Src:Fall|
Source Clock   |Dest:Rise|Dest:Rise|Dest:Fall|Dest:Fall|
---------------+---------+---------+---------+---------+
CLK            |    1.430|         |         |         |
---------------+---------+---------+---------+---------+

Pad to Pad
---------------+---------------+---------+
Source Pad     |Destination Pad|  Delay  |
---------------+---------------+---------+
CS             |DATA<0>        |    9.387|
CS             |DATA<1>        |    8.532|
CS             |DATA<2>        |    8.979|
CS             |DATA<3>        |   10.750|
CS             |DATA<4>        |   10.750|
CS             |DATA<5>        |    8.983|
CS             |DATA<6>        |    8.532|
CS             |DATA<7>        |    8.979|
CS             |DATA<8>        |   11.252|
CS             |DATA<9>        |    9.655|
CS             |DATA<10>       |   10.996|
CS             |DATA<11>       |   10.996|
---------------+---------------+---------+


Analysis completed Fri Dec 18 19:17:53 2020 
--------------------------------------------------------------------------------

Trace Settings:
-------------------------
Trace Settings 

Peak Memory Usage: 381 MB



