Release 14.7 - xst P.20131013 (lin64)
Copyright (c) 1995-2013 Xilinx, Inc.  All rights reserved.
--> 
Parameter TMPDIR set to xst/projnav.tmp


Total REAL time to Xst completion: 0.00 secs
Total CPU time to Xst completion: 0.04 secs
 
--> 
Parameter xsthdpdir set to xst


Total REAL time to Xst completion: 0.00 secs
Total CPU time to Xst completion: 0.04 secs
 
--> 
Reading design: ROM_8x12.prj

TABLE OF CONTENTS
  1) Synthesis Options Summary
  2) HDL Parsing
  3) HDL Elaboration
  4) HDL Synthesis
       4.1) HDL Synthesis Report
  5) Advanced HDL Synthesis
       5.1) Advanced HDL Synthesis Report
  6) Low Level Synthesis
  7) Partition Report
  8) Design Summary
       8.1) Primitive and Black Box Usage
       8.2) Device utilization summary
       8.3) Partition Resource Summary
       8.4) Timing Report
            8.4.1) Clock Information
            8.4.2) Asynchronous Control Signals Information
            8.4.3) Timing Summary
            8.4.4) Timing Details
            8.4.5) Cross Clock Domains Report


=========================================================================
*                      Synthesis Options Summary                        *
=========================================================================
---- Source Parameters
Input File Name                    : "ROM_8x12.prj"
Ignore Synthesis Constraint File   : NO

---- Target Parameters
Output File Name                   : "ROM_8x12"
Output Format                      : NGC
Target Device                      : xc6slx9-2-csg225

---- Source Options
Top Module Name                    : ROM_8x12
Automatic FSM Extraction           : YES
FSM Encoding Algorithm             : Auto
Safe Implementation                : No
FSM Style                          : LUT
RAM Extraction                     : Yes
RAM Style                          : Auto
ROM Extraction                     : Yes
Shift Register Extraction          : YES
ROM Style                          : Auto
Resource Sharing                   : YES
Asynchronous To Synchronous        : NO
Shift Register Minimum Size        : 2
Use DSP Block                      : Auto
Automatic Register Balancing       : No

---- Target Options
LUT Combining                      : Auto
Reduce Control Sets                : Auto
Add IO Buffers                     : YES
Global Maximum Fanout              : 100000
Add Generic Clock Buffer(BUFG)     : 16
Register Duplication               : YES
Optimize Instantiated Primitives   : NO
Use Clock Enable                   : Auto
Use Synchronous Set                : Auto
Use Synchronous Reset              : Auto
Pack IO Registers into IOBs        : Auto
Equivalent register Removal        : YES

---- General Options
Optimization Goal                  : Speed
Optimization Effort                : 1
Power Reduction                    : NO
Keep Hierarchy                     : No
Netlist Hierarchy                  : As_Optimized
RTL Output                         : Yes
Global Optimization                : AllClockNets
Read Cores                         : YES
Write Timing Constraints           : NO
Cross Clock Analysis               : NO
Hierarchy Separator                : /
Bus Delimiter                      : <>
Case Specifier                     : Maintain
Slice Utilization Ratio            : 100
BRAM Utilization Ratio             : 100
DSP48 Utilization Ratio            : 100
Auto BRAM Packing                  : NO
Slice Utilization Ratio Delta      : 5

=========================================================================


=========================================================================
*                          HDL Parsing                                  *
=========================================================================
Analyzing Verilog file "/home/ise/Documents/PRACTICAS/Practica7/Punto2/Punto2.v" into library work
Parsing module <ROM_8x12>.

=========================================================================
*                            HDL Elaboration                            *
=========================================================================

Elaborating module <ROM_8x12>.
Reading initialization file \"ROM_data.txt\".
WARNING:HDLCompiler:91 - "/home/ise/Documents/PRACTICAS/Practica7/Punto2/Punto2.v" Line 30: Signal <ROM> missing in the sensitivity list is added for synthesis purposes. HDL and post-synthesis simulations may differ as a result.

=========================================================================
*                           HDL Synthesis                               *
=========================================================================

Synthesizing Unit <ROM_8x12>.
    Related source file is "/home/ise/Documents/PRACTICAS/Practica7/Punto2/Punto2.v".
WARNING:Xst:647 - Input <SENSOR> is never used. This port will be preserved and left unconnected if it belongs to a top-level block or it belongs to a sub-block and the hierarchy of this sub-block is preserved.
WARNING:Xst:2999 - Signal 'ROM', unconnected in block 'ROM_8x12', is tied to its initial value.
    Found 2-bit register for signal <Contador>.
    Found 2-bit adder for signal <Contador[1]_GND_1_o_add_3_OUT> created at line 23.
    Found 4x12-bit Read Only RAM for signal <Contador[1]_read_port_7_OUT>
    Found 1-bit tristate buffer for signal <DATAO<11>> created at line 26
    Found 1-bit tristate buffer for signal <DATAO<10>> created at line 26
    Found 1-bit tristate buffer for signal <DATAO<9>> created at line 26
    Found 1-bit tristate buffer for signal <DATAO<8>> created at line 26
    Found 1-bit tristate buffer for signal <DATAO<7>> created at line 26
    Found 1-bit tristate buffer for signal <DATAO<6>> created at line 26
    Found 1-bit tristate buffer for signal <DATAO<5>> created at line 26
    Found 1-bit tristate buffer for signal <DATAO<4>> created at line 26
    Found 1-bit tristate buffer for signal <DATAO<3>> created at line 26
    Found 1-bit tristate buffer for signal <DATAO<2>> created at line 26
    Found 1-bit tristate buffer for signal <DATAO<1>> created at line 26
    Found 1-bit tristate buffer for signal <DATAO<0>> created at line 26
    Summary:
	inferred   1 RAM(s).
	inferred   1 Adder/Subtractor(s).
	inferred   2 D-type flip-flop(s).
	inferred  12 Tristate(s).
Unit <ROM_8x12> synthesized.

=========================================================================
HDL Synthesis Report

Macro Statistics
# RAMs                                                 : 1
 4x12-bit single-port Read Only RAM                    : 1
# Adders/Subtractors                                   : 1
 2-bit adder                                           : 1
# Registers                                            : 1
 2-bit register                                        : 1
# Tristates                                            : 12
 1-bit tristate buffer                                 : 12

=========================================================================

=========================================================================
*                       Advanced HDL Synthesis                          *
=========================================================================


Synthesizing (advanced) Unit <ROM_8x12>.
The following registers are absorbed into counter <Contador>: 1 register on signal <Contador>.
INFO:Xst:3218 - HDL ADVISOR - The RAM <Mram_Contador[1]_read_port_7_OUT> will be implemented on LUTs either because you have described an asynchronous read or because of currently unsupported block RAM features. If you have described an asynchronous read, making it synchronous would allow you to take advantage of available block RAM resources, for optimized device usage and improved timings. Please refer to your documentation for coding guidelines.
    -----------------------------------------------------------------------
    | ram_type           | Distributed                         |          |
    -----------------------------------------------------------------------
    | Port A                                                              |
    |     aspect ratio   | 4-word x 12-bit                     |          |
    |     weA            | connected to signal <GND>           | high     |
    |     addrA          | connected to signal <Contador>      |          |
    |     diA            | connected to signal <GND>           |          |
    |     doA            | connected to internal node          |          |
    -----------------------------------------------------------------------
Unit <ROM_8x12> synthesized (advanced).

=========================================================================
Advanced HDL Synthesis Report

Macro Statistics
# RAMs                                                 : 1
 4x12-bit single-port distributed Read Only RAM        : 1
# Counters                                             : 1
 2-bit up counter                                      : 1

=========================================================================

=========================================================================
*                         Low Level Synthesis                           *
=========================================================================

Optimizing unit <ROM_8x12> ...

Mapping all equations...
Building and optimizing final netlist ...
Found area constraint ratio of 100 (+ 5) on block ROM_8x12, actual ratio is 0.

Final Macro Processing ...

=========================================================================
Final Register Report

Macro Statistics
# Registers                                            : 2
 Flip-Flops                                            : 2

=========================================================================

=========================================================================
*                           Partition Report                            *
=========================================================================

Partition Implementation Status
-------------------------------

  No Partitions were found in this design.

-------------------------------

=========================================================================
*                            Design Summary                             *
=========================================================================

Top Level Output File Name         : ROM_8x12.ngc

Primitive and Black Box Usage:
------------------------------
# BELS                             : 9
#      GND                         : 1
#      INV                         : 3
#      LUT2                        : 4
#      VCC                         : 1
# FlipFlops/Latches                : 2
#      FD                          : 2
# Clock Buffers                    : 1
#      BUFGP                       : 1
# IO Buffers                       : 13
#      IBUF                        : 1
#      OBUFT                       : 12

Device utilization summary:
---------------------------

Selected Device : 6slx9csg225-2 


Slice Logic Utilization: 
 Number of Slice Registers:               2  out of  11440     0%  
 Number of Slice LUTs:                    7  out of   5720     0%  
    Number used as Logic:                 7  out of   5720     0%  

Slice Logic Distribution: 
 Number of LUT Flip Flop pairs used:      9
   Number with an unused Flip Flop:       7  out of      9    77%  
   Number with an unused LUT:             2  out of      9    22%  
   Number of fully used LUT-FF pairs:     0  out of      9     0%  
   Number of unique control sets:         1

IO Utilization: 
 Number of IOs:                          15
 Number of bonded IOBs:                  14  out of    160     8%  

Specific Feature Utilization:
 Number of BUFG/BUFGCTRLs:                1  out of     16     6%  

---------------------------
Partition Resource Summary:
---------------------------

  No Partitions were found in this design.

---------------------------


=========================================================================
Timing Report

NOTE: THESE TIMING NUMBERS ARE ONLY A SYNTHESIS ESTIMATE.
      FOR ACCURATE TIMING INFORMATION PLEASE REFER TO THE TRACE REPORT
      GENERATED AFTER PLACE-and-ROUTE.

Clock Information:
------------------
-----------------------------------+------------------------+-------+
Clock Signal                       | Clock buffer(FF name)  | Load  |
-----------------------------------+------------------------+-------+
CLK                                | BUFGP                  | 2     |
-----------------------------------+------------------------+-------+

Asynchronous Control Signals Information:
----------------------------------------
No asynchronous control signals found in this design

Timing Summary:
---------------
Speed Grade: -2

   Minimum period: 2.375ns (Maximum Frequency: 421.053MHz)
   Minimum input arrival time before clock: No path found
   Maximum output required time after clock: 5.430ns
   Maximum combinational path delay: 6.244ns

Timing Details:
---------------
All values displayed in nanoseconds (ns)

=========================================================================
Timing constraint: Default period analysis for Clock 'CLK'
  Clock period: 2.375ns (frequency: 421.053MHz)
  Total number of paths / destination ports: 3 / 2
-------------------------------------------------------------------------
Delay:               2.375ns (Levels of Logic = 1)
  Source:            Contador_0 (FF)
  Destination:       Contador_0 (FF)
  Source Clock:      CLK rising
  Destination Clock: CLK rising

  Data Path: Contador_0 to Contador_0
                                Gate     Net
    Cell:in->out      fanout   Delay   Delay  Logical Name (Net Name)
    ----------------------------------------  ------------
     FD:C->Q               5   0.525   0.840  Contador_0 (Contador_0)
     INV:I->O              1   0.255   0.681  Contador_0_rstpot_INV_0 (Contador_0_rstpot)
     FD:D                      0.074          Contador_0
    ----------------------------------------
    Total                      2.375ns (0.854ns logic, 1.521ns route)
                                       (36.0% logic, 64.0% route)

=========================================================================
Timing constraint: Default OFFSET OUT AFTER for Clock 'CLK'
  Total number of paths / destination ports: 13 / 8
-------------------------------------------------------------------------
Offset:              5.430ns (Levels of Logic = 2)
  Source:            Contador_1 (FF)
  Destination:       DATA<11> (PAD)
  Source Clock:      CLK rising

  Data Path: Contador_1 to DATA<11>
                                Gate     Net
    Cell:in->out      fanout   Delay   Delay  Logical Name (Net Name)
    ----------------------------------------  ------------
     FD:C->Q               7   0.525   1.018  Contador_1 (Contador_1)
     LUT2:I0->O            2   0.250   0.725  Mram_Contador[1]_read_port_7_OUT11 (Mram_Contador[1]_read_port_7_OUT1)
     OBUFT:I->O                2.912          DATA_11_OBUFT (DATA<11>)
    ----------------------------------------
    Total                      5.430ns (3.687ns logic, 1.743ns route)
                                       (67.9% logic, 32.1% route)

=========================================================================
Timing constraint: Default path analysis
  Total number of paths / destination ports: 12 / 12
-------------------------------------------------------------------------
Delay:               6.244ns (Levels of Logic = 3)
  Source:            CS (PAD)
  Destination:       DATA<11> (PAD)

  Data Path: CS to DATA<11>
                                Gate     Net
    Cell:in->out      fanout   Delay   Delay  Logical Name (Net Name)
    ----------------------------------------  ------------
     IBUF:I->O             1   1.328   0.681  CS_IBUF (CS_IBUF)
     INV:I->O             12   0.255   1.068  CS_inv1_INV_0 (CS_inv)
     OBUFT:T->O                2.912          DATA_11_OBUFT (DATA<11>)
    ----------------------------------------
    Total                      6.244ns (4.495ns logic, 1.749ns route)
                                       (72.0% logic, 28.0% route)

=========================================================================

Cross Clock Domains Report:
--------------------------

Clock to Setup on destination clock CLK
---------------+---------+---------+---------+---------+
               | Src:Rise| Src:Fall| Src:Rise| Src:Fall|
Source Clock   |Dest:Rise|Dest:Rise|Dest:Fall|Dest:Fall|
---------------+---------+---------+---------+---------+
CLK            |    2.375|         |         |         |
---------------+---------+---------+---------+---------+

=========================================================================


Total REAL time to Xst completion: 3.00 secs
Total CPU time to Xst completion: 3.31 secs
 
--> 


Total memory usage is 385604 kilobytes

Number of errors   :    0 (   0 filtered)
Number of warnings :    3 (   0 filtered)
Number of infos    :    1 (   0 filtered)

