Running: /opt/Xilinx/14.7/ISE_DS/ISE/bin/lin64/unwrapped/fuse -intstyle ise -incremental -lib secureip -o /home/ise/Documents/ALU_4BIT/SRM_isim_beh.exe -prj /home/ise/Documents/ALU_4BIT/SRM_beh.prj work.SRM 
ISim P.20131013 (signature 0xfbc00daa)
Number of CPUs detected in this system: 1
Turning on mult-threading, number of parallel sub-compilation jobs: 0 
Determining compilation order of HDL files
Parsing VHDL file "/home/ise/Documents/ALU_4BIT/SRM.vhd" into library work
Starting static elaboration
Completed static elaboration
Fuse Memory Usage: 96596 KB
Fuse CPU Usage: 1020 ms
Compiling package standard
Compiling package std_logic_1164
Compiling package std_logic_arith
Compiling package std_logic_unsigned
Compiling architecture a_srm of entity srm
Time Resolution for simulation is 1ps.
Compiled 5 VHDL Units
Built simulation executable /home/ise/Documents/ALU_4BIT/SRM_isim_beh.exe
Fuse Memory Usage: 111968 KB
Fuse CPU Usage: 1140 ms
GCC CPU Usage: 140 ms
