ISim log file
Running: /home/ise/Documents/ALU_4BIT/SRM_isim_beh.exe -intstyle ise -gui -tclbatch isim.cmd -wdb /home/ise/Documents/ALU_4BIT/SRM_isim_beh.wdb 
ISim P.20131013 (signature 0xfbc00daa)
----------------------------------------------------------------------
WARNING:Security:42 - Your software subscription period has lapsed. Your current version of Xilinx tools will continue to function, but you no longer qualify for Xilinx software updates or new releases.


----------------------------------------------------------------------
This is a Full version of ISim.
Time resolution is 1 ps
# onerror resume
# wave add /
# run 1000 ns
Simulator is doing circuit initialization process.
at 0 ps, Instance /srm/ : Warning: There is an 'U'|'X'|'W'|'Z'|'-' in an arithmetic operand, the result will be 'X'(es).
Finished circuit initialization process.
# restart
# isim force add /srm/a 1010 -radix bin
# isim force add /srm/b 0101 -radix bin
# isim force add /srm/sel 00 -radix bin
# run 1.00us
Simulator is doing circuit initialization process.
Finished circuit initialization process.
# isim force add /srm/sel 01 -radix bin
# run 1.00us
# isim force add /srm/sel 11 -radix bin
# run 1.00us
# isim force add /srm/sel 10 -radix bin
# run 1.00us
# isim force add /srm/sel 01 -radix bin
# isim force add /srm/b 1111 -radix bin
# run 1.00us
# exit 0
