Release 14.7 - xst P.20131013 (lin64)
Copyright (c) 1995-2013 Xilinx, Inc.  All rights reserved.
--> 
Parameter TMPDIR set to xst/projnav.tmp


Total REAL time to Xst completion: 0.00 secs
Total CPU time to Xst completion: 0.07 secs
 
--> 
Parameter xsthdpdir set to xst


Total REAL time to Xst completion: 0.00 secs
Total CPU time to Xst completion: 0.07 secs
 
--> 
Reading design: SRM.prj

TABLE OF CONTENTS
  1) Synthesis Options Summary
  2) HDL Parsing
  3) HDL Elaboration
  4) HDL Synthesis
       4.1) HDL Synthesis Report
  5) Advanced HDL Synthesis
       5.1) Advanced HDL Synthesis Report
  6) Low Level Synthesis
  7) Partition Report
  8) Design Summary
       8.1) Primitive and Black Box Usage
       8.2) Device utilization summary
       8.3) Partition Resource Summary
       8.4) Timing Report
            8.4.1) Clock Information
            8.4.2) Asynchronous Control Signals Information
            8.4.3) Timing Summary
            8.4.4) Timing Details
            8.4.5) Cross Clock Domains Report


=========================================================================
*                      Synthesis Options Summary                        *
=========================================================================
---- Source Parameters
Input File Name                    : "SRM.prj"
Ignore Synthesis Constraint File   : NO

---- Target Parameters
Output File Name                   : "SRM"
Output Format                      : NGC
Target Device                      : xc6slx9-2-csg225

---- Source Options
Top Module Name                    : SRM
Automatic FSM Extraction           : YES
FSM Encoding Algorithm             : Auto
Safe Implementation                : No
FSM Style                          : LUT
RAM Extraction                     : Yes
RAM Style                          : Auto
ROM Extraction                     : Yes
Shift Register Extraction          : YES
ROM Style                          : Auto
Resource Sharing                   : YES
Asynchronous To Synchronous        : NO
Shift Register Minimum Size        : 2
Use DSP Block                      : Auto
Automatic Register Balancing       : No

---- Target Options
LUT Combining                      : Auto
Reduce Control Sets                : Auto
Add IO Buffers                     : YES
Global Maximum Fanout              : 100000
Add Generic Clock Buffer(BUFG)     : 16
Register Duplication               : YES
Optimize Instantiated Primitives   : NO
Use Clock Enable                   : Auto
Use Synchronous Set                : Auto
Use Synchronous Reset              : Auto
Pack IO Registers into IOBs        : Auto
Equivalent register Removal        : YES

---- General Options
Optimization Goal                  : Speed
Optimization Effort                : 1
Power Reduction                    : NO
Keep Hierarchy                     : No
Netlist Hierarchy                  : As_Optimized
RTL Output                         : Yes
Global Optimization                : AllClockNets
Read Cores                         : YES
Write Timing Constraints           : NO
Cross Clock Analysis               : NO
Hierarchy Separator                : /
Bus Delimiter                      : <>
Case Specifier                     : Maintain
Slice Utilization Ratio            : 100
BRAM Utilization Ratio             : 100
DSP48 Utilization Ratio            : 100
Auto BRAM Packing                  : NO
Slice Utilization Ratio Delta      : 5

=========================================================================


=========================================================================
*                          HDL Parsing                                  *
=========================================================================
Parsing VHDL file "/home/ise/Documents/ALU_4BIT/SRM.vhd" into library work
Parsing entity <SRM>.
Parsing architecture <A_SRM> of entity <srm>.

=========================================================================
*                            HDL Elaboration                            *
=========================================================================

Elaborating entity <SRM> (architecture <A_SRM>) from library <work>.
INFO:HDLCompiler:679 - "/home/ise/Documents/ALU_4BIT/SRM.vhd" Line 50. Case statement is complete. others clause is never selected

=========================================================================
*                           HDL Synthesis                               *
=========================================================================

Synthesizing Unit <SRM>.
    Related source file is "/home/ise/Documents/ALU_4BIT/SRM.vhd".
    Found 8-bit adder for signal <GND_5_o_GND_5_o_add_1_OUT> created at line 30.
    Found 8-bit adder for signal <GND_5_o_GND_5_o_add_15_OUT> created at line 44.
    Found 8-bit adder for signal <GND_5_o_GND_5_o_add_21_OUT> created at line 44.
    Found 8-bit adder for signal <GND_5_o_GND_5_o_add_27_OUT> created at line 44.
    Found 8-bit adder for signal <GND_5_o_GND_5_o_add_33_OUT> created at line 44.
    Found 8-bit adder for signal <GND_5_o_GND_5_o_add_39_OUT> created at line 44.
    Found 8-bit adder for signal <GND_5_o_GND_5_o_add_45_OUT> created at line 44.
    Found 8-bit adder for signal <GND_5_o_GND_5_o_add_51_OUT> created at line 44.
    Found 8-bit adder for signal <GND_5_o_GND_5_o_add_57_OUT> created at line 44.
    Found 8-bit adder for signal <GND_5_o_GND_5_o_add_63_OUT> created at line 44.
    Found 8-bit adder for signal <GND_5_o_GND_5_o_add_69_OUT> created at line 44.
    Found 8-bit adder for signal <GND_5_o_GND_5_o_add_75_OUT> created at line 44.
    Found 8-bit adder for signal <GND_5_o_GND_5_o_add_81_OUT> created at line 44.
    Found 8-bit adder for signal <GND_5_o_GND_5_o_add_87_OUT> created at line 44.
    Found 4-bit subtractor for signal <GND_5_o_GND_5_o_sub_1_OUT<3:0>> created at line 27.
    Found 8-bit subtractor for signal <GND_5_o_GND_5_o_sub_4_OUT<7:0>> created at line 32.
    Found 8-bit subtractor for signal <GND_5_o_GND_5_o_sub_5_OUT<7:0>> created at line 33.
    Found 4-bit subtractor for signal <GND_5_o_GND_5_o_sub_10_OUT<3:0>> created at line 43.
    Found 4-bit subtractor for signal <GND_5_o_GND_5_o_sub_15_OUT<3:0>> created at line 43.
    Found 4-bit subtractor for signal <GND_5_o_GND_5_o_sub_21_OUT<3:0>> created at line 43.
    Found 4-bit subtractor for signal <GND_5_o_GND_5_o_sub_27_OUT<3:0>> created at line 43.
    Found 4-bit subtractor for signal <GND_5_o_GND_5_o_sub_33_OUT<3:0>> created at line 43.
    Found 4-bit subtractor for signal <GND_5_o_GND_5_o_sub_39_OUT<3:0>> created at line 43.
    Found 4-bit subtractor for signal <GND_5_o_GND_5_o_sub_45_OUT<3:0>> created at line 43.
    Found 4-bit subtractor for signal <GND_5_o_GND_5_o_sub_51_OUT<3:0>> created at line 43.
    Found 4-bit subtractor for signal <GND_5_o_GND_5_o_sub_57_OUT<3:0>> created at line 43.
    Found 4-bit subtractor for signal <GND_5_o_GND_5_o_sub_63_OUT<3:0>> created at line 43.
    Found 4-bit subtractor for signal <GND_5_o_GND_5_o_sub_69_OUT<3:0>> created at line 43.
    Found 4-bit subtractor for signal <GND_5_o_GND_5_o_sub_75_OUT<3:0>> created at line 43.
    Found 4-bit subtractor for signal <GND_5_o_GND_5_o_sub_81_OUT<3:0>> created at line 43.
    Found 4-bit subtractor for signal <GND_5_o_GND_5_o_sub_87_OUT<3:0>> created at line 43.
    Found 4x4-bit multiplier for signal <A[3]_B[3]_MuLt_6_OUT> created at line 35.
    Found 8-bit 4-to-1 multiplexer for signal <C> created at line 29.
    Found 4-bit comparator greater for signal <B[3]_INV_15_o> created at line 32
    Found 4-bit comparator lessequal for signal <n0009> created at line 42
    Found 4-bit comparator lessequal for signal <n0015> created at line 42
    Found 4-bit comparator lessequal for signal <n0022> created at line 42
    Found 4-bit comparator lessequal for signal <n0029> created at line 42
    Found 4-bit comparator lessequal for signal <n0036> created at line 42
    Found 4-bit comparator lessequal for signal <n0043> created at line 42
    Found 4-bit comparator lessequal for signal <n0050> created at line 42
    Found 4-bit comparator lessequal for signal <n0057> created at line 42
    Found 4-bit comparator lessequal for signal <n0064> created at line 42
    Found 4-bit comparator lessequal for signal <n0071> created at line 42
    Found 4-bit comparator lessequal for signal <n0078> created at line 42
    Found 4-bit comparator lessequal for signal <n0085> created at line 42
    Found 4-bit comparator lessequal for signal <n0092> created at line 42
    Found 4-bit comparator lessequal for signal <n0099> created at line 42
    Found 4-bit comparator lessequal for signal <n0106> created at line 42
    Summary:
	inferred   1 Multiplier(s).
	inferred  31 Adder/Subtractor(s).
	inferred  16 Comparator(s).
	inferred  45 Multiplexer(s).
Unit <SRM> synthesized.

=========================================================================
HDL Synthesis Report

Macro Statistics
# Multipliers                                          : 1
 4x4-bit multiplier                                    : 1
# Adders/Subtractors                                   : 31
 4-bit subtractor                                      : 15
 8-bit adder                                           : 14
 8-bit subtractor                                      : 2
# Comparators                                          : 16
 4-bit comparator greater                              : 1
 4-bit comparator lessequal                            : 15
# Multiplexers                                         : 45
 1-bit 2-to-1 multiplexer                              : 1
 4-bit 2-to-1 multiplexer                              : 14
 8-bit 2-to-1 multiplexer                              : 29
 8-bit 4-to-1 multiplexer                              : 1

=========================================================================

=========================================================================
*                       Advanced HDL Synthesis                          *
=========================================================================


=========================================================================
Advanced HDL Synthesis Report

Macro Statistics
# Multipliers                                          : 1
 4x4-bit multiplier                                    : 1
# Adders/Subtractors                                   : 31
 4-bit subtractor                                      : 15
 8-bit adder                                           : 14
 8-bit subtractor                                      : 2
# Comparators                                          : 16
 4-bit comparator greater                              : 1
 4-bit comparator lessequal                            : 15
# Multiplexers                                         : 45
 1-bit 2-to-1 multiplexer                              : 1
 4-bit 2-to-1 multiplexer                              : 14
 8-bit 2-to-1 multiplexer                              : 29
 8-bit 4-to-1 multiplexer                              : 1

=========================================================================

=========================================================================
*                         Low Level Synthesis                           *
=========================================================================

Optimizing unit <SRM> ...

Mapping all equations...
Building and optimizing final netlist ...
Found area constraint ratio of 100 (+ 5) on block SRM, actual ratio is 1.

Final Macro Processing ...

=========================================================================
Final Register Report

Found no macro
=========================================================================

=========================================================================
*                           Partition Report                            *
=========================================================================

Partition Implementation Status
-------------------------------

  No Partitions were found in this design.

-------------------------------

=========================================================================
*                            Design Summary                             *
=========================================================================

Top Level Output File Name         : SRM.ngc

Primitive and Black Box Usage:
------------------------------
# BELS                             : 76
#      GND                         : 1
#      LUT2                        : 4
#      LUT3                        : 6
#      LUT4                        : 6
#      LUT5                        : 19
#      LUT6                        : 25
#      MUXCY                       : 6
#      MUXF7                       : 2
#      XORCY                       : 7
# IO Buffers                       : 19
#      IBUF                        : 10
#      OBUF                        : 9

Device utilization summary:
---------------------------

Selected Device : 6slx9csg225-2 


Slice Logic Utilization: 
 Number of Slice LUTs:                   60  out of   5720     1%  
    Number used as Logic:                60  out of   5720     1%  

Slice Logic Distribution: 
 Number of LUT Flip Flop pairs used:     60
   Number with an unused Flip Flop:      60  out of     60   100%  
   Number with an unused LUT:             0  out of     60     0%  
   Number of fully used LUT-FF pairs:     0  out of     60     0%  
   Number of unique control sets:         0

IO Utilization: 
 Number of IOs:                          19
 Number of bonded IOBs:                  19  out of    160    11%  

Specific Feature Utilization:

---------------------------
Partition Resource Summary:
---------------------------

  No Partitions were found in this design.

---------------------------


=========================================================================
Timing Report

NOTE: THESE TIMING NUMBERS ARE ONLY A SYNTHESIS ESTIMATE.
      FOR ACCURATE TIMING INFORMATION PLEASE REFER TO THE TRACE REPORT
      GENERATED AFTER PLACE-and-ROUTE.

Clock Information:
------------------
No clock signals found in this design

Asynchronous Control Signals Information:
----------------------------------------
No asynchronous control signals found in this design

Timing Summary:
---------------
Speed Grade: -2

   Minimum period: No path found
   Minimum input arrival time before clock: No path found
   Maximum output required time after clock: No path found
   Maximum combinational path delay: 11.066ns

Timing Details:
---------------
All values displayed in nanoseconds (ns)

=========================================================================
Timing constraint: Default path analysis
  Total number of paths / destination ports: 529 / 9
-------------------------------------------------------------------------
Delay:               11.066ns (Levels of Logic = 7)
  Source:            A<2> (PAD)
  Destination:       C<2> (PAD)

  Data Path: A<2> to C<2>
                                Gate     Net
    Cell:in->out      fanout   Delay   Delay  Logical Name (Net Name)
    ----------------------------------------  ------------
     IBUF:I->O            27   1.328   1.866  A_2_IBUF (A_2_IBUF)
     LUT5:I0->O            6   0.254   1.306  C<0>21 (C<0>_bdd3)
     LUT6:I1->O            1   0.254   0.000  C<2>11_F (N16)
     MUXF7:I0->O           1   0.163   0.682  C<2>11 (C<2>11)
     LUT3:I2->O            1   0.254   1.112  C<2>12_SW0 (N12)
     LUT6:I1->O            1   0.254   0.681  C<2>12 (C_2_OBUF)
     OBUF:I->O                 2.912          C_2_OBUF (C<2>)
    ----------------------------------------
    Total                     11.066ns (5.419ns logic, 5.647ns route)
                                       (49.0% logic, 51.0% route)

=========================================================================

Cross Clock Domains Report:
--------------------------

=========================================================================


Total REAL time to Xst completion: 15.00 secs
Total CPU time to Xst completion: 14.17 secs
 
--> 


Total memory usage is 477032 kilobytes

Number of errors   :    0 (   0 filtered)
Number of warnings :    0 (   0 filtered)
Number of infos    :    0 (   0 filtered)

